  **** HLS Build v2025.1 6135595
INFO: [HLS 200-2005] Using work_dir /home/tkgong/Research/VOLE-ocity/VOLEitH-FPGA/hls_component/hls_component 
INFO: [HLS 200-2176] Writing Vitis IDE component file /home/tkgong/Research/VOLE-ocity/VOLEitH-FPGA/hls_component/hls_component/vitis-comp.json
INFO: [HLS 200-10] Creating and opening component '/home/tkgong/Research/VOLE-ocity/VOLEitH-FPGA/hls_component/hls_component'.
INFO: [HLS 200-1505] Using default flow_target 'vivado'
Resolution: For help on HLS 200-1505 see docs.xilinx.com/access/sources/dita/topic?Doc_Version=2025.1%20English&url=ug1448-hls-guidance&resourceid=200-1505.html
INFO: [HLS 200-2174] Applying component config ini file /home/tkgong/Research/VOLE-ocity/VOLEitH-FPGA/hls_component/hls_config.cfg
WARNING: [HLS 200-1921] Skipping unknown config ini [hls] entry 'ldflags=-lstdc++' from /home/tkgong/Research/VOLE-ocity/VOLEitH-FPGA/hls_component/hls_config.cfg(11)
INFO: [HLS 200-1465] Applying config ini 'syn.file=defs.h' from /home/tkgong/Research/VOLE-ocity/VOLEitH-FPGA/hls_component/hls_config.cfg(13)
INFO: [HLS 200-10] Adding design file '/home/tkgong/Research/VOLE-ocity/VOLEitH-FPGA/hls_component/defs.h' to the project
INFO: [HLS 200-1465] Applying config ini 'syn.file=aes.hpp' from /home/tkgong/Research/VOLE-ocity/VOLEitH-FPGA/hls_component/hls_config.cfg(14)
INFO: [HLS 200-10] Adding design file '/home/tkgong/Research/VOLE-ocity/VOLEitH-FPGA/hls_component/aes.hpp' to the project
INFO: [HLS 200-1465] Applying config ini 'syn.file=encrypt.h' from /home/tkgong/Research/VOLE-ocity/VOLEitH-FPGA/hls_component/hls_config.cfg(15)
INFO: [HLS 200-10] Adding design file '/home/tkgong/Research/VOLE-ocity/VOLEitH-FPGA/hls_component/encrypt.h' to the project
INFO: [HLS 200-1465] Applying config ini 'syn.file=encrypt.cpp' from /home/tkgong/Research/VOLE-ocity/VOLEitH-FPGA/hls_component/hls_config.cfg(16)
INFO: [HLS 200-10] Adding design file '/home/tkgong/Research/VOLE-ocity/VOLEitH-FPGA/hls_component/encrypt.cpp' to the project
INFO: [HLS 200-1465] Applying config ini 'syn.file=PRG.h' from /home/tkgong/Research/VOLE-ocity/VOLEitH-FPGA/hls_component/hls_config.cfg(17)
INFO: [HLS 200-10] Adding design file '/home/tkgong/Research/VOLE-ocity/VOLEitH-FPGA/hls_component/PRG.h' to the project
INFO: [HLS 200-1465] Applying config ini 'syn.file=PRG.cpp' from /home/tkgong/Research/VOLE-ocity/VOLEitH-FPGA/hls_component/hls_config.cfg(18)
INFO: [HLS 200-10] Adding design file '/home/tkgong/Research/VOLE-ocity/VOLEitH-FPGA/hls_component/PRG.cpp' to the project
INFO: [HLS 200-1465] Applying config ini 'syn.file=ggm_tree.h' from /home/tkgong/Research/VOLE-ocity/VOLEitH-FPGA/hls_component/hls_config.cfg(19)
INFO: [HLS 200-10] Adding design file '/home/tkgong/Research/VOLE-ocity/VOLEitH-FPGA/hls_component/ggm_tree.h' to the project
INFO: [HLS 200-1465] Applying config ini 'syn.file=ggm_tree.cpp' from /home/tkgong/Research/VOLE-ocity/VOLEitH-FPGA/hls_component/hls_config.cfg(20)
INFO: [HLS 200-10] Adding design file '/home/tkgong/Research/VOLE-ocity/VOLEitH-FPGA/hls_component/ggm_tree.cpp' to the project
INFO: [HLS 200-1465] Applying config ini 'syn.file=sha3.hpp' from /home/tkgong/Research/VOLE-ocity/VOLEitH-FPGA/hls_component/hls_config.cfg(21)
INFO: [HLS 200-10] Adding design file '/home/tkgong/Research/VOLE-ocity/VOLEitH-FPGA/hls_component/sha3.hpp' to the project
INFO: [HLS 200-1465] Applying config ini 'syn.file=./shake.h' from /home/tkgong/Research/VOLE-ocity/VOLEitH-FPGA/hls_component/hls_config.cfg(22)
INFO: [HLS 200-10] Adding design file '/home/tkgong/Research/VOLE-ocity/VOLEitH-FPGA/hls_component/shake.h' to the project
INFO: [HLS 200-1465] Applying config ini 'syn.file=./shake.cpp' from /home/tkgong/Research/VOLE-ocity/VOLEitH-FPGA/hls_component/hls_config.cfg(23)
INFO: [HLS 200-10] Adding design file '/home/tkgong/Research/VOLE-ocity/VOLEitH-FPGA/hls_component/shake.cpp' to the project
INFO: [HLS 200-1465] Applying config ini 'syn.file=vole.h' from /home/tkgong/Research/VOLE-ocity/VOLEitH-FPGA/hls_component/hls_config.cfg(24)
INFO: [HLS 200-10] Adding design file '/home/tkgong/Research/VOLE-ocity/VOLEitH-FPGA/hls_component/vole.h' to the project
INFO: [HLS 200-1465] Applying config ini 'syn.file=vole.cpp' from /home/tkgong/Research/VOLE-ocity/VOLEitH-FPGA/hls_component/hls_config.cfg(25)
INFO: [HLS 200-10] Adding design file '/home/tkgong/Research/VOLE-ocity/VOLEitH-FPGA/hls_component/vole.cpp' to the project
INFO: [HLS 200-1465] Applying config ini 'tb.file=tb_vole.cpp' from /home/tkgong/Research/VOLE-ocity/VOLEitH-FPGA/hls_component/hls_config.cfg(26)
INFO: [HLS 200-10] Adding test bench file '/home/tkgong/Research/VOLE-ocity/VOLEitH-FPGA/hls_component/tb_vole.cpp' to the project
INFO: [HLS 200-1465] Applying config ini 'syn.top=ConvertToVOLE' from /home/tkgong/Research/VOLE-ocity/VOLEitH-FPGA/hls_component/hls_config.cfg(8)
INFO: [HLS 200-1465] Applying config ini 'flow_target=vivado' from /home/tkgong/Research/VOLE-ocity/VOLEitH-FPGA/hls_component/hls_config.cfg(4)
INFO: [HLS 200-1505] Using flow_target 'vivado'
Resolution: For help on HLS 200-1505 see docs.xilinx.com/access/sources/dita/topic?Doc_Version=2025.1%20English&url=ug1448-hls-guidance&resourceid=200-1505.html
INFO: [HLS 200-1465] Applying config ini 'part=xcu250-figd2104-2-e' from /home/tkgong/Research/VOLE-ocity/VOLEitH-FPGA/hls_component/hls_config.cfg(1)
INFO: [HLS 200-1611] Setting target device to 'xcu250-figd2104-2-e'
INFO: [HLS 200-1465] Applying config ini 'clock=7ns' from /home/tkgong/Research/VOLE-ocity/VOLEitH-FPGA/hls_component/hls_config.cfg(7)
INFO: [SYN 201-201] Setting up clock 'default' with a period of 7ns.
INFO: [HLS 200-1465] Applying config ini 'csim.clean=1' from /home/tkgong/Research/VOLE-ocity/VOLEitH-FPGA/hls_component/hls_config.cfg(10)
INFO: [HLS 200-1465] Applying config ini 'csim.code_analyzer=0' from /home/tkgong/Research/VOLE-ocity/VOLEitH-FPGA/hls_component/hls_config.cfg(12)
INFO: [HLS 200-1465] Applying config ini 'package.output.format=ip_catalog' from /home/tkgong/Research/VOLE-ocity/VOLEitH-FPGA/hls_component/hls_config.cfg(5)
INFO: [HLS 200-1465] Applying config ini 'sim.O=1' from /home/tkgong/Research/VOLE-ocity/VOLEitH-FPGA/hls_component/hls_config.cfg(9)
INFO: [HLS 200-2176] Writing Vitis IDE component file /home/tkgong/Research/VOLE-ocity/VOLEitH-FPGA/hls_component/hls_component/vitis-comp.json
INFO: [HLS 200-111] Finished File checks and directory preparation: CPU user time: 2.69 seconds. CPU system time: 0.34 seconds. Elapsed time: 3.14 seconds; current allocated memory: 481.898 MB.
INFO: [HLS 200-10] Analyzing design file 'vole.cpp' ... 
INFO: [HLS 200-10] Analyzing design file 'shake.cpp' ... 
WARNING: [HLS 207-5539] 'Resource pragma' is deprecated, use 'bind_op/bind_storage pragma' instead (./sha3.hpp:101:9)
WARNING: [HLS 207-5539] 'Resource pragma' is deprecated, use 'bind_op/bind_storage pragma' instead (./sha3.hpp:251:9)
WARNING: [HLS 207-5539] 'Resource pragma' is deprecated, use 'bind_op/bind_storage pragma' instead (./sha3.hpp:426:9)
INFO: [HLS 200-10] Analyzing design file 'ggm_tree.cpp' ... 
WARNING: [HLS 207-5539] 'Resource pragma' is deprecated, use 'bind_op/bind_storage pragma' instead (./sha3.hpp:101:9)
WARNING: [HLS 207-5539] 'Resource pragma' is deprecated, use 'bind_op/bind_storage pragma' instead (./sha3.hpp:251:9)
WARNING: [HLS 207-5539] 'Resource pragma' is deprecated, use 'bind_op/bind_storage pragma' instead (./sha3.hpp:426:9)
INFO: [HLS 200-10] Analyzing design file 'PRG.cpp' ... 
INFO: [HLS 200-10] Analyzing design file 'encrypt.cpp' ... 
WARNING: [HLS 207-5539] 'Resource pragma' is deprecated, use 'bind_op/bind_storage pragma' instead (./aes.hpp:16:9)
WARNING: [HLS 207-5539] 'Resource pragma' is deprecated, use 'bind_op/bind_storage pragma' instead (./aes.hpp:17:9)
WARNING: [HLS 207-5292] unused parameter 'cipherkey' (./aes.hpp:57:31)
WARNING: [HLS 207-5292] unused parameter 'plaintext' (./aes.hpp:58:31)
WARNING: [HLS 207-5292] unused parameter 'cipherkey' (./aes.hpp:58:53)
WARNING: [HLS 207-5292] unused parameter 'ciphertext' (./aes.hpp:58:78)
WARNING: [HLS 207-5292] unused parameter 'cipherkey' (./aes.hpp:126:55)
WARNING: [HLS 207-5292] unused parameter 'cipherkey' (./aes.hpp:303:55)
WARNING: [HLS 207-5292] unused parameter 'cipherkey' (./aes.hpp:429:55)
WARNING: [HLS 207-5292] unused parameter 'cipherkey' (./aes.hpp:523:31)
WARNING: [HLS 207-5292] unused parameter 'ciphertext' (./aes.hpp:531:31)
WARNING: [HLS 207-5292] unused parameter 'cipherkey' (./aes.hpp:531:54)
WARNING: [HLS 207-5292] unused parameter 'plaintext' (./aes.hpp:531:79)
WARNING: [HLS 207-5292] unused parameter 'cipherkey' (./aes.hpp:624:56)
WARNING: [HLS 207-5292] unused parameter 'cipherkey' (./aes.hpp:786:56)
WARNING: [HLS 207-5292] unused parameter 'cipherkey' (./aes.hpp:935:56)
INFO: [HLS 200-111] Finished Source Code Analysis and Preprocessing: CPU user time: 8.97 seconds. CPU system time: 1.4 seconds. Elapsed time: 10.51 seconds; current allocated memory: 486.906 MB.
INFO: [HLS 200-777] Using interface defaults for 'Vivado' flow target.
INFO: [HLS 200-1995] There were 38,285 instructions in the design after the 'Compile/Link' phase of compilation. See the Design Size Report for more details (/home/tkgong/Research/VOLE-ocity/VOLEitH-FPGA/hls_component/hls_component/hls/syn/report/csynth_design_size.rpt:2)
WARNING: [HLS 200-1995] There were 143,752 instructions in the design after the 'Unroll/Inline (step 1)' phase of compilation. See the Design Size Report for more details (/home/tkgong/Research/VOLE-ocity/VOLEitH-FPGA/hls_component/hls_component/hls/syn/report/csynth_design_size.rpt:2)
INFO: [HLS 200-1995] There were 91,367 instructions in the design after the 'Unroll/Inline (step 2)' phase of compilation. See the Design Size Report for more details (/home/tkgong/Research/VOLE-ocity/VOLEitH-FPGA/hls_component/hls_component/hls/syn/report/csynth_design_size.rpt:2)
INFO: [HLS 200-1995] There were 84,178 instructions in the design after the 'Unroll/Inline (step 3)' phase of compilation. See the Design Size Report for more details (/home/tkgong/Research/VOLE-ocity/VOLEitH-FPGA/hls_component/hls_component/hls/syn/report/csynth_design_size.rpt:2)
INFO: [HLS 200-1995] There were 84,178 instructions in the design after the 'Unroll/Inline (step 4)' phase of compilation. See the Design Size Report for more details (/home/tkgong/Research/VOLE-ocity/VOLEitH-FPGA/hls_component/hls_component/hls/syn/report/csynth_design_size.rpt:2)
INFO: [HLS 200-1995] There were 84,450 instructions in the design after the 'Array/Struct (step 1)' phase of compilation. See the Design Size Report for more details (/home/tkgong/Research/VOLE-ocity/VOLEitH-FPGA/hls_component/hls_component/hls/syn/report/csynth_design_size.rpt:2)
INFO: [HLS 200-1995] There were 84,312 instructions in the design after the 'Array/Struct (step 2)' phase of compilation. See the Design Size Report for more details (/home/tkgong/Research/VOLE-ocity/VOLEitH-FPGA/hls_component/hls_component/hls/syn/report/csynth_design_size.rpt:2)
INFO: [HLS 200-1995] There were 84,312 instructions in the design after the 'Array/Struct (step 3)' phase of compilation. See the Design Size Report for more details (/home/tkgong/Research/VOLE-ocity/VOLEitH-FPGA/hls_component/hls_component/hls/syn/report/csynth_design_size.rpt:2)
INFO: [HLS 200-1995] There were 84,312 instructions in the design after the 'Array/Struct (step 4)' phase of compilation. See the Design Size Report for more details (/home/tkgong/Research/VOLE-ocity/VOLEitH-FPGA/hls_component/hls_component/hls/syn/report/csynth_design_size.rpt:2)
INFO: [HLS 200-1995] There were 84,312 instructions in the design after the 'Array/Struct (step 5)' phase of compilation. See the Design Size Report for more details (/home/tkgong/Research/VOLE-ocity/VOLEitH-FPGA/hls_component/hls_component/hls/syn/report/csynth_design_size.rpt:2)
INFO: [HLS 200-1995] There were 84,312 instructions in the design after the 'Performance' phase of compilation. See the Design Size Report for more details (/home/tkgong/Research/VOLE-ocity/VOLEitH-FPGA/hls_component/hls_component/hls/syn/report/csynth_design_size.rpt:2)
INFO: [HLS 200-1995] There were 60,576 instructions in the design after the 'Performance (step 2)' phase of compilation. See the Design Size Report for more details (/home/tkgong/Research/VOLE-ocity/VOLEitH-FPGA/hls_component/hls_component/hls/syn/report/csynth_design_size.rpt:2)
INFO: [HLS 200-1995] There were 46,614 instructions in the design after the 'Performance (step 3)' phase of compilation. See the Design Size Report for more details (/home/tkgong/Research/VOLE-ocity/VOLEitH-FPGA/hls_component/hls_component/hls/syn/report/csynth_design_size.rpt:2)
INFO: [HLS 200-1995] There were 46,526 instructions in the design after the 'Performance (step 4)' phase of compilation. See the Design Size Report for more details (/home/tkgong/Research/VOLE-ocity/VOLEitH-FPGA/hls_component/hls_component/hls/syn/report/csynth_design_size.rpt:2)
INFO: [HLS 200-1995] There were 46,679 instructions in the design after the 'HW Transforms' phase of compilation. See the Design Size Report for more details (/home/tkgong/Research/VOLE-ocity/VOLEitH-FPGA/hls_component/hls_component/hls/syn/report/csynth_design_size.rpt:2)
INFO: [HLS 200-1995] There were 46,371 instructions in the design after the 'HW Transforms (step 2)' phase of compilation. See the Design Size Report for more details (/home/tkgong/Research/VOLE-ocity/VOLEitH-FPGA/hls_component/hls_component/hls/syn/report/csynth_design_size.rpt:2)
INFO: [HLS 214-131] Inlining function 'xf::security::aesTable::aesTable()' into 'xf::security::aesEnc<128>::aesEnc()' (./aes.hpp:386:5)
INFO: [HLS 214-131] Inlining function 'xf::security::aesEnc<128>::aesEnc()' into 'encrypt(ap_uint<128>, ap_uint<128>, ap_uint<128>&)' (encrypt.cpp:4:31)
INFO: [HLS 214-131] Inlining function 'PRG(ap_uint<128>&, ap_uint<128>, ap_uint<128>&, ap_uint<128>&)' into 'expand_seed(ap_uint<128>&, hls::stream<ap_uint<128>, 0>*, hls::stream<ap_uint<256>, 0> (*) [4])' (vole.cpp:28:21)
WARNING: [HLS 214-340] The resource pragma (bind_storage) on top-level function argument, in 'call' is unsupported, please use INTERFACE pragma instead (vole.cpp:168:5)
WARNING: [HLS 214-340] The resource pragma (bind_storage) on top-level function argument, in 'call' is unsupported, please use INTERFACE pragma instead (vole.cpp:159:9)
WARNING: [HLS 214-340] The resource pragma (bind_storage) on top-level function argument, in 'call' is unsupported, please use INTERFACE pragma instead (vole.cpp:160:9)
INFO: [HLS 214-377] Adding 'cipher' into disaggregation list because there's array-partition pragma applied on the struct field (./aes.hpp:388:9)
INFO: [HLS 214-210] Disaggregating variable 'cipher' (encrypt.cpp:4:31)
Resolution: For help on HLS 214-210 see docs.xilinx.com/access/sources/dita/topic?Doc_Version=2025.1%20English&url=ug1448-hls-guidance&resourceid=214-210.html
INFO: [HLS 214-291] Loop 'INIT_V' is marked as complete unroll implied by the pipeline pragma (vole.cpp:57:10)
INFO: [HLS 214-291] Loop 'VITIS_LOOP_59_1' is marked as complete unroll implied by the pipeline pragma (vole.cpp:59:19)
INFO: [HLS 214-291] Loop 'READ_LEAVES' is marked as complete unroll implied by the pipeline pragma (vole.cpp:65:26)
INFO: [HLS 214-291] Loop 'VITIS_LOOP_67_2' is marked as complete unroll implied by the pipeline pragma (vole.cpp:67:19)
INFO: [HLS 214-291] Loop 'BUILD_LEVELS' is marked as complete unroll implied by the pipeline pragma (vole.cpp:74:27)
INFO: [HLS 214-291] Loop 'PROCESS_NODES' is marked as complete unroll implied by the pipeline pragma (vole.cpp:79:32)
INFO: [HLS 214-291] Loop 'VITIS_LOOP_81_3' is marked as complete unroll implied by the pipeline pragma (vole.cpp:81:19)
INFO: [HLS 214-291] Loop 'WRITE_V' is marked as complete unroll implied by the pipeline pragma (vole.cpp:89:22)
INFO: [HLS 214-291] Loop 'VITIS_LOOP_91_4' is marked as complete unroll implied by the pipeline pragma (vole.cpp:91:19)
INFO: [HLS 214-291] Loop 'VITIS_LOOP_20_3' is marked as complete unroll implied by the pipeline pragma (vole.cpp:20:19)
INFO: [HLS 214-291] Loop 'VITIS_LOOP_21_4' is marked as complete unroll implied by the pipeline pragma (vole.cpp:21:34)
INFO: [HLS 214-291] Loop 'VITIS_LOOP_439_1' is marked as complete unroll implied by the pipeline pragma (./aes.hpp:439:27)
INFO: [HLS 214-291] Loop 'VITIS_LOOP_441_2' is marked as complete unroll implied by the pipeline pragma (./aes.hpp:441:31)
INFO: [HLS 214-291] Loop 'VITIS_LOOP_469_3' is marked as complete unroll implied by the pipeline pragma (./aes.hpp:469:31)
INFO: [HLS 214-291] Loop 'VITIS_LOOP_476_4' is marked as complete unroll implied by the pipeline pragma (./aes.hpp:476:35)
INFO: [HLS 214-291] Loop 'VITIS_LOOP_396_1' is marked as complete unroll implied by the pipeline pragma (./aes.hpp:396:27)
INFO: [HLS 214-188] Unrolling loop 'UNPACK_U' (vole.cpp:118:12) in function 'mem_transfer' partially with a factor of 2 (vole.cpp:110:0)
INFO: [HLS 214-186] Unrolling loop 'READ_V' (vole.cpp:127:9) in function 'mem_transfer' completely with a factor of 64 (vole.cpp:110:0)
INFO: [HLS 214-186] Unrolling loop 'VITIS_LOOP_129_2' (vole.cpp:129:20) in function 'mem_transfer' completely with a factor of 2 (vole.cpp:110:0)
INFO: [HLS 214-188] Unrolling loop 'WRITE_V' (vole.cpp:134:18) in function 'mem_transfer' partially with a factor of 2 (vole.cpp:110:0)
INFO: [HLS 214-186] Unrolling loop 'VITIS_LOOP_137_3' (vole.cpp:137:31) in function 'mem_transfer' completely with a factor of 64 (vole.cpp:110:0)
INFO: [HLS 214-186] Unrolling loop 'VITIS_LOOP_139_4' (vole.cpp:139:20) in function 'mem_transfer' completely with a factor of 2 (vole.cpp:110:0)
INFO: [HLS 214-186] Unrolling loop 'INIT_V' (vole.cpp:57:10) in function 'build_VOLE' completely with a factor of 2 (vole.cpp:44:0)
INFO: [HLS 214-186] Unrolling loop 'VITIS_LOOP_59_1' (vole.cpp:59:19) in function 'build_VOLE' completely with a factor of 2 (vole.cpp:44:0)
INFO: [HLS 214-186] Unrolling loop 'READ_LEAVES' (vole.cpp:65:26) in function 'build_VOLE' completely with a factor of 4 (vole.cpp:44:0)
INFO: [HLS 214-186] Unrolling loop 'VITIS_LOOP_67_2' (vole.cpp:67:19) in function 'build_VOLE' completely with a factor of 2 (vole.cpp:44:0)
INFO: [HLS 214-186] Unrolling loop 'BUILD_LEVELS' (vole.cpp:74:27) in function 'build_VOLE' completely with a factor of 2 (vole.cpp:44:0)
INFO: [HLS 214-186] Unrolling loop 'PROCESS_NODES' (vole.cpp:79:32) in function 'build_VOLE' completely with a factor of 1 (vole.cpp:44:0)
INFO: [HLS 214-186] Unrolling loop 'VITIS_LOOP_81_3' (vole.cpp:81:19) in function 'build_VOLE' completely with a factor of 2 (vole.cpp:44:0)
INFO: [HLS 214-186] Unrolling loop 'PROCESS_NODES' (vole.cpp:79:32) in function 'build_VOLE' completely with a factor of 2 (vole.cpp:44:0)
INFO: [HLS 214-186] Unrolling loop 'WRITE_V' (vole.cpp:89:22) in function 'build_VOLE' completely with a factor of 2 (vole.cpp:44:0)
INFO: [HLS 214-186] Unrolling loop 'VITIS_LOOP_91_4' (vole.cpp:91:19) in function 'build_VOLE' completely with a factor of 2 (vole.cpp:44:0)
INFO: [HLS 214-186] Unrolling loop 'VITIS_LOOP_20_3' (vole.cpp:20:19) in function 'expand_seed' completely with a factor of 4 (vole.cpp:10:0)
INFO: [HLS 214-186] Unrolling loop 'VITIS_LOOP_21_4' (vole.cpp:21:34) in function 'expand_seed' completely with a factor of 2 (vole.cpp:10:0)
INFO: [HLS 214-186] Unrolling loop 'VITIS_LOOP_439_1' (./aes.hpp:439:27) in function 'xf::security::aesEnc<128>::process' completely with a factor of 10 (./aes.hpp:429:0)
INFO: [HLS 214-186] Unrolling loop 'VITIS_LOOP_476_4' (./aes.hpp:476:35) in function 'xf::security::aesEnc<128>::process' completely with a factor of 4 (./aes.hpp:429:0)
INFO: [HLS 214-186] Unrolling loop 'VITIS_LOOP_469_3' (./aes.hpp:469:31) in function 'xf::security::aesEnc<128>::process' completely with a factor of 16 (./aes.hpp:429:0)
INFO: [HLS 214-186] Unrolling loop 'VITIS_LOOP_441_2' (./aes.hpp:441:31) in function 'xf::security::aesEnc<128>::process' completely with a factor of 16 (./aes.hpp:429:0)
INFO: [HLS 214-186] Unrolling loop 'VITIS_LOOP_396_1' (./aes.hpp:396:27) in function 'xf::security::aesEnc<128>::updateKey' completely with a factor of 10 (./aes.hpp:391:0)
WARNING: [HLS 214-189] Pipeline directive for loop 'VITIS_LOOP_396_1' (./aes.hpp:396:27) in function 'xf::security::aesEnc<128>::updateKey' has been removed because the loop is unrolled completely (./aes.hpp:391:0)
INFO: [HLS 214-248] Applying array_partition to 'cipher.1': Complete partitioning on dimension 1. (encrypt.cpp:4:31)
INFO: [HLS 214-248] Applying array_partition to 'sd': Complete partitioning on dimension 2. (vole.cpp:15:22)
INFO: [HLS 214-248] Applying array_partition to 'r_strm': Complete partitioning on dimension 1. Complete partitioning on dimension 2. (vole.cpp:163:31)
INFO: [HLS 214-248] Applying array_partition to 'v_strm': Complete partitioning on dimension 1. Complete partitioning on dimension 2. (vole.cpp:166:31)
INFO: [HLS 214-248] Applying array_partition to 'seed_strm': Complete partitioning on dimension 1. (vole.cpp:158:0)
INFO: [HLS 214-248] Applying array_partition to 'u': Cyclic partitioning with factor 2 on dimension 1. (vole.cpp:158:0)
INFO: [HLS 214-376] automatically set the pipeline for Loop< WRITE_V> at vole.cpp:134:18 
INFO: [HLS 214-376] automatically set the pipeline for Loop< UNPACK_U> at vole.cpp:118:12 
INFO: [HLS 214-364] Automatically inlining function 'encrypt(ap_uint<128>, ap_uint<128>, ap_uint<128>&)' to improve effectiveness of pipeline pragma in function 'expand_seed(ap_uint<128>&, hls::stream<ap_uint<128>, 0>*, hls::stream<ap_uint<256>, 0> (*) [4]) (.124.125)' (PRG.cpp:8:2)
INFO: [HLS 214-364] Automatically inlining function 'encrypt(ap_uint<128>, ap_uint<128>, ap_uint<128>&)' to improve effectiveness of pipeline pragma in function 'expand_seed(ap_uint<128>&, hls::stream<ap_uint<128>, 0>*, hls::stream<ap_uint<256>, 0> (*) [4]) (.124.125)' (PRG.cpp:9:3)
INFO: [HLS 214-364] Automatically inlining function 'xf::security::aesEnc<128>::process(ap_uint<128>, ap_uint<128>, ap_uint<128>&) (.34)' to improve effectiveness of pipeline pragma in function 'expand_seed(ap_uint<128>&, hls::stream<ap_uint<128>, 0>*, hls::stream<ap_uint<256>, 0> (*) [4]) (.124.125)' (encrypt.cpp:6:12)
INFO: [HLS 214-364] Automatically inlining function 'xf::security::aesEnc<128>::GFMul2(ap_uint<8>)' to improve effectiveness of pipeline pragma in function 'expand_seed(ap_uint<128>&, hls::stream<ap_uint<128>, 0>*, hls::stream<ap_uint<256>, 0> (*) [4]) (.124.125)' (./aes.hpp:479:29)
INFO: [HLS 214-364] Automatically inlining function 'xf::security::aesEnc<128>::GFMul2(ap_uint<8>)' to improve effectiveness of pipeline pragma in function 'expand_seed(ap_uint<128>&, hls::stream<ap_uint<128>, 0>*, hls::stream<ap_uint<256>, 0> (*) [4]) (.124.125)' (./aes.hpp:480:48)
INFO: [HLS 214-364] Automatically inlining function 'xf::security::aesEnc<128>::GFMul2(ap_uint<8>)' to improve effectiveness of pipeline pragma in function 'expand_seed(ap_uint<128>&, hls::stream<ap_uint<128>, 0>*, hls::stream<ap_uint<256>, 0> (*) [4]) (.124.125)' (./aes.hpp:485:54)
INFO: [HLS 214-364] Automatically inlining function 'xf::security::aesEnc<128>::GFMul2(ap_uint<8>)' to improve effectiveness of pipeline pragma in function 'expand_seed(ap_uint<128>&, hls::stream<ap_uint<128>, 0>*, hls::stream<ap_uint<256>, 0> (*) [4]) (.124.125)' (./aes.hpp:486:54)
INFO: [HLS 214-364] Automatically inlining function 'xf::security::aesEnc<128>::GFMul2(ap_uint<8>)' to improve effectiveness of pipeline pragma in function 'expand_seed(ap_uint<128>&, hls::stream<ap_uint<128>, 0>*, hls::stream<ap_uint<256>, 0> (*) [4]) (.124.125)' (./aes.hpp:491:55)
INFO: [HLS 214-364] Automatically inlining function 'xf::security::aesEnc<128>::GFMul2(ap_uint<8>)' to improve effectiveness of pipeline pragma in function 'expand_seed(ap_uint<128>&, hls::stream<ap_uint<128>, 0>*, hls::stream<ap_uint<256>, 0> (*) [4]) (.124.125)' (./aes.hpp:492:55)
INFO: [HLS 214-364] Automatically inlining function 'xf::security::aesEnc<128>::GFMul2(ap_uint<8>)' to improve effectiveness of pipeline pragma in function 'expand_seed(ap_uint<128>&, hls::stream<ap_uint<128>, 0>*, hls::stream<ap_uint<256>, 0> (*) [4]) (.124.125)' (./aes.hpp:494:55)
INFO: [HLS 214-364] Automatically inlining function 'xf::security::aesEnc<128>::GFMul2(ap_uint<8>)' to improve effectiveness of pipeline pragma in function 'expand_seed(ap_uint<128>&, hls::stream<ap_uint<128>, 0>*, hls::stream<ap_uint<256>, 0> (*) [4]) (.124.125)' (./aes.hpp:498:55)
INFO: [HLS 214-449] Automatically partitioning array 'sd' dimension 1 completely based on constant index. (vole.cpp:15:22)
INFO: [HLS 214-270] Inferring pragma 'array_partition type=complete dim=1' for array 'sd_0' due to pipeline pragma (vole.cpp:15:22)
INFO: [HLS 214-270] Inferring pragma 'array_partition type=complete dim=1' for array 'sd_1' due to pipeline pragma (vole.cpp:15:22)
INFO: [HLS 214-248] Applying array_partition to 'sd_0': Complete partitioning on dimension 1. (vole.cpp:15:22)
INFO: [HLS 214-248] Applying array_partition to 'sd_1': Complete partitioning on dimension 1. (vole.cpp:15:22)
INFO: [HLS 200-111] Finished Compiling Optimization and Transform: CPU user time: 66.24 seconds. CPU system time: 0.56 seconds. Elapsed time: 66.11 seconds; current allocated memory: 570.773 MB.
INFO: [HLS 200-111] Finished Checking Pragmas: CPU user time: 0 seconds. CPU system time: 0 seconds. Elapsed time: 0 seconds; current allocated memory: 570.773 MB.
INFO: [HLS 200-10] Starting code transformations ...
INFO: [HLS 200-111] Finished Standard Transforms: CPU user time: 3.36 seconds. CPU system time: 0.03 seconds. Elapsed time: 3.41 seconds; current allocated memory: 648.738 MB.
INFO: [HLS 200-10] Checking synthesizability ...
WARNING: [SYNCHK 200-23] vole.cpp:122: variable-indexed range selection may cause suboptimal QoR.
INFO: [SYNCHK 200-10] 0 error(s), 1 warning(s).
INFO: [HLS 200-111] Finished Checking Synthesizability: CPU user time: 3.73 seconds. CPU system time: 0 seconds. Elapsed time: 3.76 seconds; current allocated memory: 638.496 MB.
WARNING: [HLS 200-805] An internal stream 'r_strm' (vole.cpp:163) with default size can result in deadlock. Please consider resizing the stream using the directive 'set_directive_stream' or the 'HLS stream' pragma.
WARNING: [HLS 200-805] An internal stream 'r_strm.1' (vole.cpp:163) with default size can result in deadlock. Please consider resizing the stream using the directive 'set_directive_stream' or the 'HLS stream' pragma.
WARNING: [HLS 200-805] An internal stream 'r_strm.2' (vole.cpp:163) with default size can result in deadlock. Please consider resizing the stream using the directive 'set_directive_stream' or the 'HLS stream' pragma.
WARNING: [HLS 200-805] An internal stream 'r_strm.3' (vole.cpp:163) with default size can result in deadlock. Please consider resizing the stream using the directive 'set_directive_stream' or the 'HLS stream' pragma.
WARNING: [HLS 200-805] An internal stream 'r_strm.4' (vole.cpp:163) with default size can result in deadlock. Please consider resizing the stream using the directive 'set_directive_stream' or the 'HLS stream' pragma.
WARNING: [HLS 200-805] An internal stream 'r_strm.5' (vole.cpp:163) with default size can result in deadlock. Please consider resizing the stream using the directive 'set_directive_stream' or the 'HLS stream' pragma.
WARNING: [HLS 200-805] An internal stream 'r_strm.6' (vole.cpp:163) with default size can result in deadlock. Please consider resizing the stream using the directive 'set_directive_stream' or the 'HLS stream' pragma.
WARNING: [HLS 200-805] An internal stream 'r_strm.7' (vole.cpp:163) with default size can result in deadlock. Please consider resizing the stream using the directive 'set_directive_stream' or the 'HLS stream' pragma.
WARNING: [HLS 200-805] An internal stream 'u_strm' (vole.cpp:165) with default size can result in deadlock. Please consider resizing the stream using the directive 'set_directive_stream' or the 'HLS stream' pragma.
WARNING: [HLS 200-805] An internal stream 'v_strm' (vole.cpp:166) with default size can result in deadlock. Please consider resizing the stream using the directive 'set_directive_stream' or the 'HLS stream' pragma.
WARNING: [HLS 200-805] An internal stream 'v_strm.1' (vole.cpp:166) with default size can result in deadlock. Please consider resizing the stream using the directive 'set_directive_stream' or the 'HLS stream' pragma.
WARNING: [HLS 200-805] An internal stream 'v_strm.2' (vole.cpp:166) with default size can result in deadlock. Please consider resizing the stream using the directive 'set_directive_stream' or the 'HLS stream' pragma.
WARNING: [HLS 200-805] An internal stream 'v_strm.3' (vole.cpp:166) with default size can result in deadlock. Please consider resizing the stream using the directive 'set_directive_stream' or the 'HLS stream' pragma.
WARNING: [HLS 200-805] An internal stream 'v_strm.4' (vole.cpp:166) with default size can result in deadlock. Please consider resizing the stream using the directive 'set_directive_stream' or the 'HLS stream' pragma.
WARNING: [HLS 200-805] An internal stream 'v_strm.5' (vole.cpp:166) with default size can result in deadlock. Please consider resizing the stream using the directive 'set_directive_stream' or the 'HLS stream' pragma.
WARNING: [HLS 200-805] An internal stream 'v_strm.6' (vole.cpp:166) with default size can result in deadlock. Please consider resizing the stream using the directive 'set_directive_stream' or the 'HLS stream' pragma.
WARNING: [HLS 200-805] An internal stream 'v_strm.7' (vole.cpp:166) with default size can result in deadlock. Please consider resizing the stream using the directive 'set_directive_stream' or the 'HLS stream' pragma.
WARNING: [HLS 200-805] An internal stream 'v_strm.8' (vole.cpp:166) with default size can result in deadlock. Please consider resizing the stream using the directive 'set_directive_stream' or the 'HLS stream' pragma.
WARNING: [HLS 200-805] An internal stream 'v_strm.9' (vole.cpp:166) with default size can result in deadlock. Please consider resizing the stream using the directive 'set_directive_stream' or the 'HLS stream' pragma.
WARNING: [HLS 200-805] An internal stream 'v_strm.10' (vole.cpp:166) with default size can result in deadlock. Please consider resizing the stream using the directive 'set_directive_stream' or the 'HLS stream' pragma.
WARNING: [HLS 200-805] An internal stream 'v_strm.11' (vole.cpp:166) with default size can result in deadlock. Please consider resizing the stream using the directive 'set_directive_stream' or the 'HLS stream' pragma.
WARNING: [HLS 200-805] An internal stream 'v_strm.12' (vole.cpp:166) with default size can result in deadlock. Please consider resizing the stream using the directive 'set_directive_stream' or the 'HLS stream' pragma.
WARNING: [HLS 200-805] An internal stream 'v_strm.13' (vole.cpp:166) with default size can result in deadlock. Please consider resizing the stream using the directive 'set_directive_stream' or the 'HLS stream' pragma.
WARNING: [HLS 200-805] An internal stream 'v_strm.14' (vole.cpp:166) with default size can result in deadlock. Please consider resizing the stream using the directive 'set_directive_stream' or the 'HLS stream' pragma.
WARNING: [HLS 200-805] An internal stream 'v_strm.15' (vole.cpp:166) with default size can result in deadlock. Please consider resizing the stream using the directive 'set_directive_stream' or the 'HLS stream' pragma.
WARNING: [HLS 200-805] An internal stream 'v_strm.16' (vole.cpp:166) with default size can result in deadlock. Please consider resizing the stream using the directive 'set_directive_stream' or the 'HLS stream' pragma.
WARNING: [HLS 200-805] An internal stream 'v_strm.17' (vole.cpp:166) with default size can result in deadlock. Please consider resizing the stream using the directive 'set_directive_stream' or the 'HLS stream' pragma.
WARNING: [HLS 200-805] An internal stream 'v_strm.18' (vole.cpp:166) with default size can result in deadlock. Please consider resizing the stream using the directive 'set_directive_stream' or the 'HLS stream' pragma.
WARNING: [HLS 200-805] An internal stream 'v_strm.19' (vole.cpp:166) with default size can result in deadlock. Please consider resizing the stream using the directive 'set_directive_stream' or the 'HLS stream' pragma.
WARNING: [HLS 200-805] An internal stream 'v_strm.20' (vole.cpp:166) with default size can result in deadlock. Please consider resizing the stream using the directive 'set_directive_stream' or the 'HLS stream' pragma.
WARNING: [HLS 200-805] An internal stream 'v_strm.21' (vole.cpp:166) with default size can result in deadlock. Please consider resizing the stream using the directive 'set_directive_stream' or the 'HLS stream' pragma.
WARNING: [HLS 200-805] An internal stream 'v_strm.22' (vole.cpp:166) with default size can result in deadlock. Please consider resizing the stream using the directive 'set_directive_stream' or the 'HLS stream' pragma.
WARNING: [HLS 200-805] An internal stream 'v_strm.23' (vole.cpp:166) with default size can result in deadlock. Please consider resizing the stream using the directive 'set_directive_stream' or the 'HLS stream' pragma.
WARNING: [HLS 200-805] An internal stream 'v_strm.24' (vole.cpp:166) with default size can result in deadlock. Please consider resizing the stream using the directive 'set_directive_stream' or the 'HLS stream' pragma.
WARNING: [HLS 200-805] An internal stream 'v_strm.25' (vole.cpp:166) with default size can result in deadlock. Please consider resizing the stream using the directive 'set_directive_stream' or the 'HLS stream' pragma.
WARNING: [HLS 200-805] An internal stream 'v_strm.26' (vole.cpp:166) with default size can result in deadlock. Please consider resizing the stream using the directive 'set_directive_stream' or the 'HLS stream' pragma.
WARNING: [HLS 200-805] An internal stream 'v_strm.27' (vole.cpp:166) with default size can result in deadlock. Please consider resizing the stream using the directive 'set_directive_stream' or the 'HLS stream' pragma.
WARNING: [HLS 200-805] An internal stream 'v_strm.28' (vole.cpp:166) with default size can result in deadlock. Please consider resizing the stream using the directive 'set_directive_stream' or the 'HLS stream' pragma.
WARNING: [HLS 200-805] An internal stream 'v_strm.29' (vole.cpp:166) with default size can result in deadlock. Please consider resizing the stream using the directive 'set_directive_stream' or the 'HLS stream' pragma.
WARNING: [HLS 200-805] An internal stream 'v_strm.30' (vole.cpp:166) with default size can result in deadlock. Please consider resizing the stream using the directive 'set_directive_stream' or the 'HLS stream' pragma.
WARNING: [HLS 200-805] An internal stream 'v_strm.31' (vole.cpp:166) with default size can result in deadlock. Please consider resizing the stream using the directive 'set_directive_stream' or the 'HLS stream' pragma.
WARNING: [HLS 200-805] An internal stream 'v_strm.32' (vole.cpp:166) with default size can result in deadlock. Please consider resizing the stream using the directive 'set_directive_stream' or the 'HLS stream' pragma.
WARNING: [HLS 200-805] An internal stream 'v_strm.33' (vole.cpp:166) with default size can result in deadlock. Please consider resizing the stream using the directive 'set_directive_stream' or the 'HLS stream' pragma.
WARNING: [HLS 200-805] An internal stream 'v_strm.34' (vole.cpp:166) with default size can result in deadlock. Please consider resizing the stream using the directive 'set_directive_stream' or the 'HLS stream' pragma.
WARNING: [HLS 200-805] An internal stream 'v_strm.35' (vole.cpp:166) with default size can result in deadlock. Please consider resizing the stream using the directive 'set_directive_stream' or the 'HLS stream' pragma.
WARNING: [HLS 200-805] An internal stream 'v_strm.36' (vole.cpp:166) with default size can result in deadlock. Please consider resizing the stream using the directive 'set_directive_stream' or the 'HLS stream' pragma.
WARNING: [HLS 200-805] An internal stream 'v_strm.37' (vole.cpp:166) with default size can result in deadlock. Please consider resizing the stream using the directive 'set_directive_stream' or the 'HLS stream' pragma.
WARNING: [HLS 200-805] An internal stream 'v_strm.38' (vole.cpp:166) with default size can result in deadlock. Please consider resizing the stream using the directive 'set_directive_stream' or the 'HLS stream' pragma.
WARNING: [HLS 200-805] An internal stream 'v_strm.39' (vole.cpp:166) with default size can result in deadlock. Please consider resizing the stream using the directive 'set_directive_stream' or the 'HLS stream' pragma.
WARNING: [HLS 200-805] An internal stream 'v_strm.40' (vole.cpp:166) with default size can result in deadlock. Please consider resizing the stream using the directive 'set_directive_stream' or the 'HLS stream' pragma.
WARNING: [HLS 200-805] An internal stream 'v_strm.41' (vole.cpp:166) with default size can result in deadlock. Please consider resizing the stream using the directive 'set_directive_stream' or the 'HLS stream' pragma.
WARNING: [HLS 200-805] An internal stream 'v_strm.42' (vole.cpp:166) with default size can result in deadlock. Please consider resizing the stream using the directive 'set_directive_stream' or the 'HLS stream' pragma.
WARNING: [HLS 200-805] An internal stream 'v_strm.43' (vole.cpp:166) with default size can result in deadlock. Please consider resizing the stream using the directive 'set_directive_stream' or the 'HLS stream' pragma.
WARNING: [HLS 200-805] An internal stream 'v_strm.44' (vole.cpp:166) with default size can result in deadlock. Please consider resizing the stream using the directive 'set_directive_stream' or the 'HLS stream' pragma.
WARNING: [HLS 200-805] An internal stream 'v_strm.45' (vole.cpp:166) with default size can result in deadlock. Please consider resizing the stream using the directive 'set_directive_stream' or the 'HLS stream' pragma.
WARNING: [HLS 200-805] An internal stream 'v_strm.46' (vole.cpp:166) with default size can result in deadlock. Please consider resizing the stream using the directive 'set_directive_stream' or the 'HLS stream' pragma.
WARNING: [HLS 200-805] An internal stream 'v_strm.47' (vole.cpp:166) with default size can result in deadlock. Please consider resizing the stream using the directive 'set_directive_stream' or the 'HLS stream' pragma.
WARNING: [HLS 200-805] An internal stream 'v_strm.48' (vole.cpp:166) with default size can result in deadlock. Please consider resizing the stream using the directive 'set_directive_stream' or the 'HLS stream' pragma.
WARNING: [HLS 200-805] An internal stream 'v_strm.49' (vole.cpp:166) with default size can result in deadlock. Please consider resizing the stream using the directive 'set_directive_stream' or the 'HLS stream' pragma.
WARNING: [HLS 200-805] An internal stream 'v_strm.50' (vole.cpp:166) with default size can result in deadlock. Please consider resizing the stream using the directive 'set_directive_stream' or the 'HLS stream' pragma.
WARNING: [HLS 200-805] An internal stream 'v_strm.51' (vole.cpp:166) with default size can result in deadlock. Please consider resizing the stream using the directive 'set_directive_stream' or the 'HLS stream' pragma.
WARNING: [HLS 200-805] An internal stream 'v_strm.52' (vole.cpp:166) with default size can result in deadlock. Please consider resizing the stream using the directive 'set_directive_stream' or the 'HLS stream' pragma.
WARNING: [HLS 200-805] An internal stream 'v_strm.53' (vole.cpp:166) with default size can result in deadlock. Please consider resizing the stream using the directive 'set_directive_stream' or the 'HLS stream' pragma.
WARNING: [HLS 200-805] An internal stream 'v_strm.54' (vole.cpp:166) with default size can result in deadlock. Please consider resizing the stream using the directive 'set_directive_stream' or the 'HLS stream' pragma.
WARNING: [HLS 200-805] An internal stream 'v_strm.55' (vole.cpp:166) with default size can result in deadlock. Please consider resizing the stream using the directive 'set_directive_stream' or the 'HLS stream' pragma.
WARNING: [HLS 200-805] An internal stream 'v_strm.56' (vole.cpp:166) with default size can result in deadlock. Please consider resizing the stream using the directive 'set_directive_stream' or the 'HLS stream' pragma.
WARNING: [HLS 200-805] An internal stream 'v_strm.57' (vole.cpp:166) with default size can result in deadlock. Please consider resizing the stream using the directive 'set_directive_stream' or the 'HLS stream' pragma.
WARNING: [HLS 200-805] An internal stream 'v_strm.58' (vole.cpp:166) with default size can result in deadlock. Please consider resizing the stream using the directive 'set_directive_stream' or the 'HLS stream' pragma.
WARNING: [HLS 200-805] An internal stream 'v_strm.59' (vole.cpp:166) with default size can result in deadlock. Please consider resizing the stream using the directive 'set_directive_stream' or the 'HLS stream' pragma.
WARNING: [HLS 200-805] An internal stream 'v_strm.60' (vole.cpp:166) with default size can result in deadlock. Please consider resizing the stream using the directive 'set_directive_stream' or the 'HLS stream' pragma.
WARNING: [HLS 200-805] An internal stream 'v_strm.61' (vole.cpp:166) with default size can result in deadlock. Please consider resizing the stream using the directive 'set_directive_stream' or the 'HLS stream' pragma.
WARNING: [HLS 200-805] An internal stream 'v_strm.62' (vole.cpp:166) with default size can result in deadlock. Please consider resizing the stream using the directive 'set_directive_stream' or the 'HLS stream' pragma.
WARNING: [HLS 200-805] An internal stream 'v_strm.63' (vole.cpp:166) with default size can result in deadlock. Please consider resizing the stream using the directive 'set_directive_stream' or the 'HLS stream' pragma.
WARNING: [HLS 200-805] An internal stream 'v_strm.64' (vole.cpp:166) with default size can result in deadlock. Please consider resizing the stream using the directive 'set_directive_stream' or the 'HLS stream' pragma.
WARNING: [HLS 200-805] An internal stream 'v_strm.65' (vole.cpp:166) with default size can result in deadlock. Please consider resizing the stream using the directive 'set_directive_stream' or the 'HLS stream' pragma.
WARNING: [HLS 200-805] An internal stream 'v_strm.66' (vole.cpp:166) with default size can result in deadlock. Please consider resizing the stream using the directive 'set_directive_stream' or the 'HLS stream' pragma.
WARNING: [HLS 200-805] An internal stream 'v_strm.67' (vole.cpp:166) with default size can result in deadlock. Please consider resizing the stream using the directive 'set_directive_stream' or the 'HLS stream' pragma.
WARNING: [HLS 200-805] An internal stream 'v_strm.68' (vole.cpp:166) with default size can result in deadlock. Please consider resizing the stream using the directive 'set_directive_stream' or the 'HLS stream' pragma.
WARNING: [HLS 200-805] An internal stream 'v_strm.69' (vole.cpp:166) with default size can result in deadlock. Please consider resizing the stream using the directive 'set_directive_stream' or the 'HLS stream' pragma.
WARNING: [HLS 200-805] An internal stream 'v_strm.70' (vole.cpp:166) with default size can result in deadlock. Please consider resizing the stream using the directive 'set_directive_stream' or the 'HLS stream' pragma.
WARNING: [HLS 200-805] An internal stream 'v_strm.71' (vole.cpp:166) with default size can result in deadlock. Please consider resizing the stream using the directive 'set_directive_stream' or the 'HLS stream' pragma.
WARNING: [HLS 200-805] An internal stream 'v_strm.72' (vole.cpp:166) with default size can result in deadlock. Please consider resizing the stream using the directive 'set_directive_stream' or the 'HLS stream' pragma.
WARNING: [HLS 200-805] An internal stream 'v_strm.73' (vole.cpp:166) with default size can result in deadlock. Please consider resizing the stream using the directive 'set_directive_stream' or the 'HLS stream' pragma.
WARNING: [HLS 200-805] An internal stream 'v_strm.74' (vole.cpp:166) with default size can result in deadlock. Please consider resizing the stream using the directive 'set_directive_stream' or the 'HLS stream' pragma.
WARNING: [HLS 200-805] An internal stream 'v_strm.75' (vole.cpp:166) with default size can result in deadlock. Please consider resizing the stream using the directive 'set_directive_stream' or the 'HLS stream' pragma.
WARNING: [HLS 200-805] An internal stream 'v_strm.76' (vole.cpp:166) with default size can result in deadlock. Please consider resizing the stream using the directive 'set_directive_stream' or the 'HLS stream' pragma.
WARNING: [HLS 200-805] An internal stream 'v_strm.77' (vole.cpp:166) with default size can result in deadlock. Please consider resizing the stream using the directive 'set_directive_stream' or the 'HLS stream' pragma.
WARNING: [HLS 200-805] An internal stream 'v_strm.78' (vole.cpp:166) with default size can result in deadlock. Please consider resizing the stream using the directive 'set_directive_stream' or the 'HLS stream' pragma.
WARNING: [HLS 200-805] An internal stream 'v_strm.79' (vole.cpp:166) with default size can result in deadlock. Please consider resizing the stream using the directive 'set_directive_stream' or the 'HLS stream' pragma.
WARNING: [HLS 200-805] An internal stream 'v_strm.80' (vole.cpp:166) with default size can result in deadlock. Please consider resizing the stream using the directive 'set_directive_stream' or the 'HLS stream' pragma.
WARNING: [HLS 200-805] An internal stream 'v_strm.81' (vole.cpp:166) with default size can result in deadlock. Please consider resizing the stream using the directive 'set_directive_stream' or the 'HLS stream' pragma.
WARNING: [HLS 200-805] An internal stream 'v_strm.82' (vole.cpp:166) with default size can result in deadlock. Please consider resizing the stream using the directive 'set_directive_stream' or the 'HLS stream' pragma.
WARNING: [HLS 200-805] An internal stream 'v_strm.83' (vole.cpp:166) with default size can result in deadlock. Please consider resizing the stream using the directive 'set_directive_stream' or the 'HLS stream' pragma.
WARNING: [HLS 200-805] An internal stream 'v_strm.84' (vole.cpp:166) with default size can result in deadlock. Please consider resizing the stream using the directive 'set_directive_stream' or the 'HLS stream' pragma.
WARNING: [HLS 200-805] An internal stream 'v_strm.85' (vole.cpp:166) with default size can result in deadlock. Please consider resizing the stream using the directive 'set_directive_stream' or the 'HLS stream' pragma.
WARNING: [HLS 200-805] An internal stream 'v_strm.86' (vole.cpp:166) with default size can result in deadlock. Please consider resizing the stream using the directive 'set_directive_stream' or the 'HLS stream' pragma.
WARNING: [HLS 200-805] An internal stream 'v_strm.87' (vole.cpp:166) with default size can result in deadlock. Please consider resizing the stream using the directive 'set_directive_stream' or the 'HLS stream' pragma.
WARNING: [HLS 200-805] An internal stream 'v_strm.88' (vole.cpp:166) with default size can result in deadlock. Please consider resizing the stream using the directive 'set_directive_stream' or the 'HLS stream' pragma.
WARNING: [HLS 200-805] An internal stream 'v_strm.89' (vole.cpp:166) with default size can result in deadlock. Please consider resizing the stream using the directive 'set_directive_stream' or the 'HLS stream' pragma.
WARNING: [HLS 200-805] An internal stream 'v_strm.90' (vole.cpp:166) with default size can result in deadlock. Please consider resizing the stream using the directive 'set_directive_stream' or the 'HLS stream' pragma.
WARNING: [HLS 200-805] An internal stream 'v_strm.91' (vole.cpp:166) with default size can result in deadlock. Please consider resizing the stream using the directive 'set_directive_stream' or the 'HLS stream' pragma.
WARNING: [HLS 200-805] An internal stream 'v_strm.92' (vole.cpp:166) with default size can result in deadlock. Please consider resizing the stream using the directive 'set_directive_stream' or the 'HLS stream' pragma.
WARNING: [HLS 200-805] An internal stream 'v_strm.93' (vole.cpp:166) with default size can result in deadlock. Please consider resizing the stream using the directive 'set_directive_stream' or the 'HLS stream' pragma.
WARNING: [HLS 200-805] An internal stream 'v_strm.94' (vole.cpp:166) with default size can result in deadlock. Please consider resizing the stream using the directive 'set_directive_stream' or the 'HLS stream' pragma.
WARNING: [HLS 200-805] An internal stream 'v_strm.95' (vole.cpp:166) with default size can result in deadlock. Please consider resizing the stream using the directive 'set_directive_stream' or the 'HLS stream' pragma.
WARNING: [HLS 200-805] An internal stream 'v_strm.96' (vole.cpp:166) with default size can result in deadlock. Please consider resizing the stream using the directive 'set_directive_stream' or the 'HLS stream' pragma.
WARNING: [HLS 200-805] An internal stream 'v_strm.97' (vole.cpp:166) with default size can result in deadlock. Please consider resizing the stream using the directive 'set_directive_stream' or the 'HLS stream' pragma.
WARNING: [HLS 200-805] An internal stream 'v_strm.98' (vole.cpp:166) with default size can result in deadlock. Please consider resizing the stream using the directive 'set_directive_stream' or the 'HLS stream' pragma.
WARNING: [HLS 200-805] An internal stream 'v_strm.99' (vole.cpp:166) with default size can result in deadlock. Please consider resizing the stream using the directive 'set_directive_stream' or the 'HLS stream' pragma.
WARNING: [HLS 200-805] An internal stream 'v_strm.100' (vole.cpp:166) with default size can result in deadlock. Please consider resizing the stream using the directive 'set_directive_stream' or the 'HLS stream' pragma.
WARNING: [HLS 200-805] An internal stream 'v_strm.101' (vole.cpp:166) with default size can result in deadlock. Please consider resizing the stream using the directive 'set_directive_stream' or the 'HLS stream' pragma.
WARNING: [HLS 200-805] An internal stream 'v_strm.102' (vole.cpp:166) with default size can result in deadlock. Please consider resizing the stream using the directive 'set_directive_stream' or the 'HLS stream' pragma.
WARNING: [HLS 200-805] An internal stream 'v_strm.103' (vole.cpp:166) with default size can result in deadlock. Please consider resizing the stream using the directive 'set_directive_stream' or the 'HLS stream' pragma.
WARNING: [HLS 200-805] An internal stream 'v_strm.104' (vole.cpp:166) with default size can result in deadlock. Please consider resizing the stream using the directive 'set_directive_stream' or the 'HLS stream' pragma.
WARNING: [HLS 200-805] An internal stream 'v_strm.105' (vole.cpp:166) with default size can result in deadlock. Please consider resizing the stream using the directive 'set_directive_stream' or the 'HLS stream' pragma.
WARNING: [HLS 200-805] An internal stream 'v_strm.106' (vole.cpp:166) with default size can result in deadlock. Please consider resizing the stream using the directive 'set_directive_stream' or the 'HLS stream' pragma.
WARNING: [HLS 200-805] An internal stream 'v_strm.107' (vole.cpp:166) with default size can result in deadlock. Please consider resizing the stream using the directive 'set_directive_stream' or the 'HLS stream' pragma.
WARNING: [HLS 200-805] An internal stream 'v_strm.108' (vole.cpp:166) with default size can result in deadlock. Please consider resizing the stream using the directive 'set_directive_stream' or the 'HLS stream' pragma.
WARNING: [HLS 200-805] An internal stream 'v_strm.109' (vole.cpp:166) with default size can result in deadlock. Please consider resizing the stream using the directive 'set_directive_stream' or the 'HLS stream' pragma.
WARNING: [HLS 200-805] An internal stream 'v_strm.110' (vole.cpp:166) with default size can result in deadlock. Please consider resizing the stream using the directive 'set_directive_stream' or the 'HLS stream' pragma.
WARNING: [HLS 200-805] An internal stream 'v_strm.111' (vole.cpp:166) with default size can result in deadlock. Please consider resizing the stream using the directive 'set_directive_stream' or the 'HLS stream' pragma.
WARNING: [HLS 200-805] An internal stream 'v_strm.112' (vole.cpp:166) with default size can result in deadlock. Please consider resizing the stream using the directive 'set_directive_stream' or the 'HLS stream' pragma.
WARNING: [HLS 200-805] An internal stream 'v_strm.113' (vole.cpp:166) with default size can result in deadlock. Please consider resizing the stream using the directive 'set_directive_stream' or the 'HLS stream' pragma.
WARNING: [HLS 200-805] An internal stream 'v_strm.114' (vole.cpp:166) with default size can result in deadlock. Please consider resizing the stream using the directive 'set_directive_stream' or the 'HLS stream' pragma.
WARNING: [HLS 200-805] An internal stream 'v_strm.115' (vole.cpp:166) with default size can result in deadlock. Please consider resizing the stream using the directive 'set_directive_stream' or the 'HLS stream' pragma.
WARNING: [HLS 200-805] An internal stream 'v_strm.116' (vole.cpp:166) with default size can result in deadlock. Please consider resizing the stream using the directive 'set_directive_stream' or the 'HLS stream' pragma.
WARNING: [HLS 200-805] An internal stream 'v_strm.117' (vole.cpp:166) with default size can result in deadlock. Please consider resizing the stream using the directive 'set_directive_stream' or the 'HLS stream' pragma.
WARNING: [HLS 200-805] An internal stream 'v_strm.118' (vole.cpp:166) with default size can result in deadlock. Please consider resizing the stream using the directive 'set_directive_stream' or the 'HLS stream' pragma.
WARNING: [HLS 200-805] An internal stream 'v_strm.119' (vole.cpp:166) with default size can result in deadlock. Please consider resizing the stream using the directive 'set_directive_stream' or the 'HLS stream' pragma.
WARNING: [HLS 200-805] An internal stream 'v_strm.120' (vole.cpp:166) with default size can result in deadlock. Please consider resizing the stream using the directive 'set_directive_stream' or the 'HLS stream' pragma.
WARNING: [HLS 200-805] An internal stream 'v_strm.121' (vole.cpp:166) with default size can result in deadlock. Please consider resizing the stream using the directive 'set_directive_stream' or the 'HLS stream' pragma.
WARNING: [HLS 200-805] An internal stream 'v_strm.122' (vole.cpp:166) with default size can result in deadlock. Please consider resizing the stream using the directive 'set_directive_stream' or the 'HLS stream' pragma.
WARNING: [HLS 200-805] An internal stream 'v_strm.123' (vole.cpp:166) with default size can result in deadlock. Please consider resizing the stream using the directive 'set_directive_stream' or the 'HLS stream' pragma.
WARNING: [HLS 200-805] An internal stream 'v_strm.124' (vole.cpp:166) with default size can result in deadlock. Please consider resizing the stream using the directive 'set_directive_stream' or the 'HLS stream' pragma.
WARNING: [HLS 200-805] An internal stream 'v_strm.125' (vole.cpp:166) with default size can result in deadlock. Please consider resizing the stream using the directive 'set_directive_stream' or the 'HLS stream' pragma.
WARNING: [HLS 200-805] An internal stream 'v_strm.126' (vole.cpp:166) with default size can result in deadlock. Please consider resizing the stream using the directive 'set_directive_stream' or the 'HLS stream' pragma.
WARNING: [HLS 200-805] An internal stream 'v_strm.127' (vole.cpp:166) with default size can result in deadlock. Please consider resizing the stream using the directive 'set_directive_stream' or the 'HLS stream' pragma.
INFO: [XFORM 203-712] Applying dataflow to function 'ConvertToVOLE' (vole.cpp:153:1), detected/extracted 3 process function(s): 
	 'expand_seed'
	 'build_VOLE'
	 'mem_transfer'.
INFO: [XFORM 203-11] Balancing expressions in function 'expand_seed' (./aes.hpp:5:82)...3744 expression(s) balanced.
INFO: [HLS 200-111] Finished Loop, function and other optimizations: CPU user time: 14.42 seconds. CPU system time: 0.05 seconds. Elapsed time: 14.5 seconds; current allocated memory: 683.316 MB.
INFO: [HLS 200-2061] Successfully converted nested loops 'PROCESS_BATCHES'(vole.cpp:48:22) and 'PROCESS_CHUNKS'(vole.cpp:49:25) in function 'build_VOLE' into perfectly nested loops.
INFO: [XFORM 203-541] Flattening a loop nest 'VITIS_LOOP_14_1' (vole.cpp:14:22) in function 'expand_seed'.
INFO: [XFORM 203-541] Flattening a loop nest 'PROCESS_BATCHES' (vole.cpp:48:22) in function 'build_VOLE'.
INFO: [HLS 200-111] Finished Architecture Synthesis: CPU user time: 47.96 seconds. CPU system time: 0.06 seconds. Elapsed time: 48.03 seconds; current allocated memory: 855.742 MB.
INFO: [HLS 200-10] Starting hardware synthesis ...
INFO: [HLS 200-10] Synthesizing 'ConvertToVOLE' ...
WARNING: [SYN 201-303] Cannot apply memory assignment of 'ROM_nP_LUTRAM': 'cipher_0_ssbox' does not exist or is optimized away.
INFO: [HLS 200-10] ----------------------------------------------------------------
INFO: [HLS 200-42] -- Implementing module 'updateKey' 
INFO: [HLS 200-10] ----------------------------------------------------------------
INFO: [SCHED 204-11] Starting scheduling ...
INFO: [SCHED 204-61] Pipelining function 'updateKey'.
INFO: [HLS 200-1470] Pipelining result : Target II = 1, Final II = 1, Depth = 11, function 'updateKey'
INFO: [SCHED 204-11] Finished scheduling.
INFO: [HLS 200-111] Finished Scheduling: CPU user time: 1.15 seconds. CPU system time: 0.04 seconds. Elapsed time: 1.19 seconds; current allocated memory: 861.312 MB.
INFO: [BIND 205-100] Starting micro-architecture generation ...
INFO: [BIND 205-101] Performing variable lifetime analysis.
INFO: [BIND 205-101] Exploring resource sharing.
INFO: [BIND 205-101] Binding ...
INFO: [BIND 205-100] Finished micro-architecture generation.
INFO: [HLS 200-111] Finished Binding: CPU user time: 0.02 seconds. CPU system time: 0 seconds. Elapsed time: 0.02 seconds; current allocated memory: 861.312 MB.
INFO: [HLS 200-10] ----------------------------------------------------------------
INFO: [HLS 200-42] -- Implementing module 'expand_seed' 
INFO: [HLS 200-10] ----------------------------------------------------------------
INFO: [SCHED 204-11] Starting scheduling ...
INFO: [SCHED 204-61] Pipelining loop 'VITIS_LOOP_14_1_VITIS_LOOP_18_2'.
WARNING: [HLS 200-880] The II Violation in module 'expand_seed' (loop 'VITIS_LOOP_14_1_VITIS_LOOP_18_2'): Unable to enforce a carried dependence constraint (II = 1, distance = 1, offset = 1) between fifo read operation ('seed_strm_0_read_1', vole.cpp:24->vole.cpp:164) on port 'seed_strm_0' (vole.cpp:24->vole.cpp:164) and fifo read operation ('seed_strm_0_read', vole.cpp:24->vole.cpp:164) on port 'seed_strm_0' (vole.cpp:24->vole.cpp:164).
Resolution: For help on HLS 200-880 see docs.xilinx.com/access/sources/dita/topic?Doc_Version=2025.1%20English&url=ug1448-hls-guidance&resourceid=200-880.html
WARNING: [HLS 200-880] The II Violation in module 'expand_seed' (loop 'VITIS_LOOP_14_1_VITIS_LOOP_18_2'): Unable to enforce a carried dependence constraint (II = 2, distance = 1, offset = 1) between fifo read operation ('seed_strm_0_read_2', vole.cpp:24->vole.cpp:164) on port 'seed_strm_0' (vole.cpp:24->vole.cpp:164) and fifo read operation ('seed_strm_0_read', vole.cpp:24->vole.cpp:164) on port 'seed_strm_0' (vole.cpp:24->vole.cpp:164).
Resolution: For help on HLS 200-880 see docs.xilinx.com/access/sources/dita/topic?Doc_Version=2025.1%20English&url=ug1448-hls-guidance&resourceid=200-880.html
