  **** HLS Build v2025.1 6135595
INFO: [HLS 200-2005] Using work_dir /home/tkgong/Research/VOLE-ocity/VOLEitH-FPGA/hls_component/hls_component 
INFO: [HLS 200-2176] Writing Vitis IDE component file /home/tkgong/Research/VOLE-ocity/VOLEitH-FPGA/hls_component/hls_component/vitis-comp.json
INFO: [HLS 200-10] Creating and opening component '/home/tkgong/Research/VOLE-ocity/VOLEitH-FPGA/hls_component/hls_component'.
INFO: [HLS 200-1505] Using default flow_target 'vivado'
Resolution: For help on HLS 200-1505 see docs.xilinx.com/access/sources/dita/topic?Doc_Version=2025.1%20English&url=ug1448-hls-guidance&resourceid=200-1505.html
INFO: [HLS 200-2174] Applying component config ini file /home/tkgong/Research/VOLE-ocity/VOLEitH-FPGA/hls_component/hls_config.cfg
WARNING: [HLS 200-1921] Skipping unknown config ini [hls] entry 'ldflags=-lstdc++' from /home/tkgong/Research/VOLE-ocity/VOLEitH-FPGA/hls_component/hls_config.cfg(10)
INFO: [HLS 200-1465] Applying config ini 'syn.file=defs.h' from /home/tkgong/Research/VOLE-ocity/VOLEitH-FPGA/hls_component/hls_config.cfg(14)
INFO: [HLS 200-10] Adding design file '/home/tkgong/Research/VOLE-ocity/VOLEitH-FPGA/hls_component/defs.h' to the project
INFO: [HLS 200-1465] Applying config ini 'syn.file=aes.hpp' from /home/tkgong/Research/VOLE-ocity/VOLEitH-FPGA/hls_component/hls_config.cfg(15)
INFO: [HLS 200-10] Adding design file '/home/tkgong/Research/VOLE-ocity/VOLEitH-FPGA/hls_component/aes.hpp' to the project
INFO: [HLS 200-1465] Applying config ini 'syn.file=encrypt.h' from /home/tkgong/Research/VOLE-ocity/VOLEitH-FPGA/hls_component/hls_config.cfg(16)
INFO: [HLS 200-10] Adding design file '/home/tkgong/Research/VOLE-ocity/VOLEitH-FPGA/hls_component/encrypt.h' to the project
INFO: [HLS 200-1465] Applying config ini 'syn.file=encrypt.cpp' from /home/tkgong/Research/VOLE-ocity/VOLEitH-FPGA/hls_component/hls_config.cfg(17)
INFO: [HLS 200-10] Adding design file '/home/tkgong/Research/VOLE-ocity/VOLEitH-FPGA/hls_component/encrypt.cpp' to the project
INFO: [HLS 200-1465] Applying config ini 'syn.file=PRG.h' from /home/tkgong/Research/VOLE-ocity/VOLEitH-FPGA/hls_component/hls_config.cfg(18)
INFO: [HLS 200-10] Adding design file '/home/tkgong/Research/VOLE-ocity/VOLEitH-FPGA/hls_component/PRG.h' to the project
INFO: [HLS 200-1465] Applying config ini 'syn.file=PRG.cpp' from /home/tkgong/Research/VOLE-ocity/VOLEitH-FPGA/hls_component/hls_config.cfg(19)
INFO: [HLS 200-10] Adding design file '/home/tkgong/Research/VOLE-ocity/VOLEitH-FPGA/hls_component/PRG.cpp' to the project
INFO: [HLS 200-1465] Applying config ini 'syn.file=ggm_tree.h' from /home/tkgong/Research/VOLE-ocity/VOLEitH-FPGA/hls_component/hls_config.cfg(20)
INFO: [HLS 200-10] Adding design file '/home/tkgong/Research/VOLE-ocity/VOLEitH-FPGA/hls_component/ggm_tree.h' to the project
INFO: [HLS 200-1465] Applying config ini 'syn.file=ggm_tree.cpp' from /home/tkgong/Research/VOLE-ocity/VOLEitH-FPGA/hls_component/hls_config.cfg(21)
INFO: [HLS 200-10] Adding design file '/home/tkgong/Research/VOLE-ocity/VOLEitH-FPGA/hls_component/ggm_tree.cpp' to the project
INFO: [HLS 200-1465] Applying config ini 'syn.file=sha3.hpp' from /home/tkgong/Research/VOLE-ocity/VOLEitH-FPGA/hls_component/hls_config.cfg(22)
INFO: [HLS 200-10] Adding design file '/home/tkgong/Research/VOLE-ocity/VOLEitH-FPGA/hls_component/sha3.hpp' to the project
INFO: [HLS 200-1465] Applying config ini 'syn.file=./shake.h' from /home/tkgong/Research/VOLE-ocity/VOLEitH-FPGA/hls_component/hls_config.cfg(23)
INFO: [HLS 200-10] Adding design file '/home/tkgong/Research/VOLE-ocity/VOLEitH-FPGA/hls_component/shake.h' to the project
INFO: [HLS 200-1465] Applying config ini 'syn.file=./shake.cpp' from /home/tkgong/Research/VOLE-ocity/VOLEitH-FPGA/hls_component/hls_config.cfg(24)
INFO: [HLS 200-10] Adding design file '/home/tkgong/Research/VOLE-ocity/VOLEitH-FPGA/hls_component/shake.cpp' to the project
INFO: [HLS 200-1465] Applying config ini 'syn.file=vole.h' from /home/tkgong/Research/VOLE-ocity/VOLEitH-FPGA/hls_component/hls_config.cfg(25)
INFO: [HLS 200-10] Adding design file '/home/tkgong/Research/VOLE-ocity/VOLEitH-FPGA/hls_component/vole.h' to the project
INFO: [HLS 200-1465] Applying config ini 'syn.file=vole.cpp' from /home/tkgong/Research/VOLE-ocity/VOLEitH-FPGA/hls_component/hls_config.cfg(26)
INFO: [HLS 200-10] Adding design file '/home/tkgong/Research/VOLE-ocity/VOLEitH-FPGA/hls_component/vole.cpp' to the project
INFO: [HLS 200-1465] Applying config ini 'syn.file=commit.h' from /home/tkgong/Research/VOLE-ocity/VOLEitH-FPGA/hls_component/hls_config.cfg(27)
INFO: [HLS 200-10] Adding design file '/home/tkgong/Research/VOLE-ocity/VOLEitH-FPGA/hls_component/commit.h' to the project
INFO: [HLS 200-1465] Applying config ini 'syn.file=commit.cpp' from /home/tkgong/Research/VOLE-ocity/VOLEitH-FPGA/hls_component/hls_config.cfg(28)
INFO: [HLS 200-10] Adding design file '/home/tkgong/Research/VOLE-ocity/VOLEitH-FPGA/hls_component/commit.cpp' to the project
INFO: [HLS 200-1465] Applying config ini 'syn.file=gatebygate.h' from /home/tkgong/Research/VOLE-ocity/VOLEitH-FPGA/hls_component/hls_config.cfg(29)
INFO: [HLS 200-10] Adding design file '/home/tkgong/Research/VOLE-ocity/VOLEitH-FPGA/hls_component/gatebygate.h' to the project
INFO: [HLS 200-1465] Applying config ini 'syn.file=gatebygate.cpp' from /home/tkgong/Research/VOLE-ocity/VOLEitH-FPGA/hls_component/hls_config.cfg(30)
INFO: [HLS 200-10] Adding design file '/home/tkgong/Research/VOLE-ocity/VOLEitH-FPGA/hls_component/gatebygate.cpp' to the project
INFO: [HLS 200-1465] Applying config ini 'syn.file=fiat_shamir.h' from /home/tkgong/Research/VOLE-ocity/VOLEitH-FPGA/hls_component/hls_config.cfg(31)
INFO: [HLS 200-10] Adding design file '/home/tkgong/Research/VOLE-ocity/VOLEitH-FPGA/hls_component/fiat_shamir.h' to the project
INFO: [HLS 200-1465] Applying config ini 'syn.file=fiat_shamir.cpp' from /home/tkgong/Research/VOLE-ocity/VOLEitH-FPGA/hls_component/hls_config.cfg(32)
INFO: [HLS 200-10] Adding design file '/home/tkgong/Research/VOLE-ocity/VOLEitH-FPGA/hls_component/fiat_shamir.cpp' to the project
INFO: [HLS 200-1465] Applying config ini 'syn.file=endtoend.h' from /home/tkgong/Research/VOLE-ocity/VOLEitH-FPGA/hls_component/hls_config.cfg(33)
INFO: [HLS 200-10] Adding design file '/home/tkgong/Research/VOLE-ocity/VOLEitH-FPGA/hls_component/endtoend.h' to the project
INFO: [HLS 200-1465] Applying config ini 'syn.file=endtoend.cpp' from /home/tkgong/Research/VOLE-ocity/VOLEitH-FPGA/hls_component/hls_config.cfg(34)
INFO: [HLS 200-10] Adding design file '/home/tkgong/Research/VOLE-ocity/VOLEitH-FPGA/hls_component/endtoend.cpp' to the project
INFO: [HLS 200-1465] Applying config ini 'tb.file=./tb_vole.cpp' from /home/tkgong/Research/VOLE-ocity/VOLEitH-FPGA/hls_component/hls_config.cfg(35)
INFO: [HLS 200-10] Adding test bench file '/home/tkgong/Research/VOLE-ocity/VOLEitH-FPGA/hls_component/tb_vole.cpp' to the project
INFO: [HLS 200-1465] Applying config ini 'syn.top=GenerateProof' from /home/tkgong/Research/VOLE-ocity/VOLEitH-FPGA/hls_component/hls_config.cfg(13)
INFO: [HLS 200-1465] Applying config ini 'flow_target=vivado' from /home/tkgong/Research/VOLE-ocity/VOLEitH-FPGA/hls_component/hls_config.cfg(4)
INFO: [HLS 200-1505] Using flow_target 'vivado'
Resolution: For help on HLS 200-1505 see docs.xilinx.com/access/sources/dita/topic?Doc_Version=2025.1%20English&url=ug1448-hls-guidance&resourceid=200-1505.html
INFO: [HLS 200-1465] Applying config ini 'part=xcu250-figd2104-2-e' from /home/tkgong/Research/VOLE-ocity/VOLEitH-FPGA/hls_component/hls_config.cfg(1)
INFO: [HLS 200-1611] Setting target device to 'xcu250-figd2104-2-e'
INFO: [HLS 200-1465] Applying config ini 'clock=7ns' from /home/tkgong/Research/VOLE-ocity/VOLEitH-FPGA/hls_component/hls_config.cfg(7)
INFO: [SYN 201-201] Setting up clock 'default' with a period of 7ns.
INFO: [HLS 200-1465] Applying config ini 'clock_uncertainty=0ns' from /home/tkgong/Research/VOLE-ocity/VOLEitH-FPGA/hls_component/hls_config.cfg(12)
INFO: [SYN 201-201] Setting up clock 'default' with an uncertainty of 0ns.
INFO: [HLS 200-1465] Applying config ini 'csim.clean=1' from /home/tkgong/Research/VOLE-ocity/VOLEitH-FPGA/hls_component/hls_config.cfg(9)
INFO: [HLS 200-1465] Applying config ini 'csim.code_analyzer=0' from /home/tkgong/Research/VOLE-ocity/VOLEitH-FPGA/hls_component/hls_config.cfg(11)
INFO: [HLS 200-1465] Applying config ini 'package.output.format=ip_catalog' from /home/tkgong/Research/VOLE-ocity/VOLEitH-FPGA/hls_component/hls_config.cfg(5)
INFO: [HLS 200-1465] Applying config ini 'sim.O=1' from /home/tkgong/Research/VOLE-ocity/VOLEitH-FPGA/hls_component/hls_config.cfg(8)
INFO: [HLS 200-2176] Writing Vitis IDE component file /home/tkgong/Research/VOLE-ocity/VOLEitH-FPGA/hls_component/hls_component/vitis-comp.json
INFO: [HLS 200-111] Finished File checks and directory preparation: CPU user time: 3.53 seconds. CPU system time: 0.45 seconds. Elapsed time: 3.99 seconds; current allocated memory: 482.031 MB.
INFO: [HLS 200-10] Analyzing design file 'endtoend.cpp' ... 
INFO: [HLS 200-10] Analyzing design file 'fiat_shamir.cpp' ... 
WARNING: [HLS 207-5539] 'Resource pragma' is deprecated, use 'bind_op/bind_storage pragma' instead (./sha3.hpp:101:9)
WARNING: [HLS 207-5539] 'Resource pragma' is deprecated, use 'bind_op/bind_storage pragma' instead (./sha3.hpp:251:9)
WARNING: [HLS 207-5539] 'Resource pragma' is deprecated, use 'bind_op/bind_storage pragma' instead (./sha3.hpp:426:9)
WARNING: [HLS 207-5539] 'Resource pragma' is deprecated, use 'bind_op/bind_storage pragma' instead (./sha3.hpp:756:9)
INFO: [HLS 200-10] Analyzing design file 'gatebygate.cpp' ... 
INFO: [HLS 200-10] Analyzing design file 'commit.cpp' ... 
WARNING: [HLS 207-5539] 'Resource pragma' is deprecated, use 'bind_op/bind_storage pragma' instead (./sha3.hpp:101:9)
WARNING: [HLS 207-5539] 'Resource pragma' is deprecated, use 'bind_op/bind_storage pragma' instead (./sha3.hpp:251:9)
WARNING: [HLS 207-5539] 'Resource pragma' is deprecated, use 'bind_op/bind_storage pragma' instead (./sha3.hpp:426:9)
WARNING: [HLS 207-5539] 'Resource pragma' is deprecated, use 'bind_op/bind_storage pragma' instead (./sha3.hpp:756:9)
INFO: [HLS 200-10] Analyzing design file 'vole.cpp' ... 
INFO: [HLS 200-10] Analyzing design file 'shake.cpp' ... 
WARNING: [HLS 207-5539] 'Resource pragma' is deprecated, use 'bind_op/bind_storage pragma' instead (./sha3.hpp:101:9)
WARNING: [HLS 207-5539] 'Resource pragma' is deprecated, use 'bind_op/bind_storage pragma' instead (./sha3.hpp:251:9)
WARNING: [HLS 207-5539] 'Resource pragma' is deprecated, use 'bind_op/bind_storage pragma' instead (./sha3.hpp:426:9)
WARNING: [HLS 207-5539] 'Resource pragma' is deprecated, use 'bind_op/bind_storage pragma' instead (./sha3.hpp:756:9)
INFO: [HLS 200-10] Analyzing design file 'ggm_tree.cpp' ... 
WARNING: [HLS 207-5539] 'Resource pragma' is deprecated, use 'bind_op/bind_storage pragma' instead (./sha3.hpp:101:9)
WARNING: [HLS 207-5539] 'Resource pragma' is deprecated, use 'bind_op/bind_storage pragma' instead (./sha3.hpp:251:9)
WARNING: [HLS 207-5539] 'Resource pragma' is deprecated, use 'bind_op/bind_storage pragma' instead (./sha3.hpp:426:9)
WARNING: [HLS 207-5539] 'Resource pragma' is deprecated, use 'bind_op/bind_storage pragma' instead (./sha3.hpp:756:9)
ERROR: [HLS 207-5508] Invalid Directive: for current device, ram_2p + bra is invalid combination for BIND_STORAGE's option 'type + impl' (ggm_tree.cpp:124:46)
ERROR:  
INFO: [HLS 200-112] Total CPU user time: 13.54 seconds. Total CPU system time: 2.42 seconds. Total elapsed time: 15.99 seconds; peak allocated memory: 487.461 MB.
