  **** HLS Build v2025.1 6135595
INFO: [HLS 200-2005] Using work_dir /home/tkgong/Research/VOLE-ocity/VOLEitH-FPGA/hls_component/hls_component 
INFO: [HLS 200-2176] Writing Vitis IDE component file /home/tkgong/Research/VOLE-ocity/VOLEitH-FPGA/hls_component/hls_component/vitis-comp.json
INFO: [HLS 200-10] Creating and opening component '/home/tkgong/Research/VOLE-ocity/VOLEitH-FPGA/hls_component/hls_component'.
INFO: [HLS 200-1505] Using default flow_target 'vivado'
Resolution: For help on HLS 200-1505 see docs.xilinx.com/access/sources/dita/topic?Doc_Version=2025.1%20English&url=ug1448-hls-guidance&resourceid=200-1505.html
INFO: [HLS 200-2174] Applying component config ini file /home/tkgong/Research/VOLE-ocity/VOLEitH-FPGA/hls_component/hls_config.cfg
WARNING: [HLS 200-1921] Skipping unknown config ini [hls] entry 'ldflags=-lstdc++' from /home/tkgong/Research/VOLE-ocity/VOLEitH-FPGA/hls_component/hls_config.cfg(22)
INFO: [HLS 200-1465] Applying config ini 'syn.file=defs.h' from /home/tkgong/Research/VOLE-ocity/VOLEitH-FPGA/hls_component/hls_config.cfg(9)
INFO: [HLS 200-10] Adding design file '/home/tkgong/Research/VOLE-ocity/VOLEitH-FPGA/hls_component/defs.h' to the project
INFO: [HLS 200-1465] Applying config ini 'syn.file=aes.hpp' from /home/tkgong/Research/VOLE-ocity/VOLEitH-FPGA/hls_component/hls_config.cfg(10)
INFO: [HLS 200-10] Adding design file '/home/tkgong/Research/VOLE-ocity/VOLEitH-FPGA/hls_component/aes.hpp' to the project
INFO: [HLS 200-1465] Applying config ini 'syn.file=encrypt.h' from /home/tkgong/Research/VOLE-ocity/VOLEitH-FPGA/hls_component/hls_config.cfg(11)
INFO: [HLS 200-10] Adding design file '/home/tkgong/Research/VOLE-ocity/VOLEitH-FPGA/hls_component/encrypt.h' to the project
INFO: [HLS 200-1465] Applying config ini 'syn.file=encrypt.cpp' from /home/tkgong/Research/VOLE-ocity/VOLEitH-FPGA/hls_component/hls_config.cfg(12)
INFO: [HLS 200-10] Adding design file '/home/tkgong/Research/VOLE-ocity/VOLEitH-FPGA/hls_component/encrypt.cpp' to the project
INFO: [HLS 200-1465] Applying config ini 'syn.file=PRG.h' from /home/tkgong/Research/VOLE-ocity/VOLEitH-FPGA/hls_component/hls_config.cfg(13)
INFO: [HLS 200-10] Adding design file '/home/tkgong/Research/VOLE-ocity/VOLEitH-FPGA/hls_component/PRG.h' to the project
INFO: [HLS 200-1465] Applying config ini 'syn.file=PRG.cpp' from /home/tkgong/Research/VOLE-ocity/VOLEitH-FPGA/hls_component/hls_config.cfg(14)
INFO: [HLS 200-10] Adding design file '/home/tkgong/Research/VOLE-ocity/VOLEitH-FPGA/hls_component/PRG.cpp' to the project
INFO: [HLS 200-1465] Applying config ini 'syn.file=ggm_tree.h' from /home/tkgong/Research/VOLE-ocity/VOLEitH-FPGA/hls_component/hls_config.cfg(15)
INFO: [HLS 200-10] Adding design file '/home/tkgong/Research/VOLE-ocity/VOLEitH-FPGA/hls_component/ggm_tree.h' to the project
INFO: [HLS 200-1465] Applying config ini 'syn.file=ggm_tree.cpp' from /home/tkgong/Research/VOLE-ocity/VOLEitH-FPGA/hls_component/hls_config.cfg(16)
INFO: [HLS 200-10] Adding design file '/home/tkgong/Research/VOLE-ocity/VOLEitH-FPGA/hls_component/ggm_tree.cpp' to the project
INFO: [HLS 200-1465] Applying config ini 'syn.file=sha3.hpp' from /home/tkgong/Research/VOLE-ocity/VOLEitH-FPGA/hls_component/hls_config.cfg(17)
INFO: [HLS 200-10] Adding design file '/home/tkgong/Research/VOLE-ocity/VOLEitH-FPGA/hls_component/sha3.hpp' to the project
INFO: [HLS 200-1465] Applying config ini 'syn.file=./shake.h' from /home/tkgong/Research/VOLE-ocity/VOLEitH-FPGA/hls_component/hls_config.cfg(18)
INFO: [HLS 200-10] Adding design file '/home/tkgong/Research/VOLE-ocity/VOLEitH-FPGA/hls_component/shake.h' to the project
INFO: [HLS 200-1465] Applying config ini 'syn.file=./shake.cpp' from /home/tkgong/Research/VOLE-ocity/VOLEitH-FPGA/hls_component/hls_config.cfg(19)
INFO: [HLS 200-10] Adding design file '/home/tkgong/Research/VOLE-ocity/VOLEitH-FPGA/hls_component/shake.cpp' to the project
INFO: [HLS 200-1465] Applying config ini 'tb.file=tb_ggm.cpp' from /home/tkgong/Research/VOLE-ocity/VOLEitH-FPGA/hls_component/hls_config.cfg(23)
INFO: [HLS 200-10] Adding test bench file '/home/tkgong/Research/VOLE-ocity/VOLEitH-FPGA/hls_component/tb_ggm.cpp' to the project
INFO: [HLS 200-1465] Applying config ini 'syn.top=ggm_small' from /home/tkgong/Research/VOLE-ocity/VOLEitH-FPGA/hls_component/hls_config.cfg(8)
INFO: [HLS 200-1465] Applying config ini 'flow_target=vivado' from /home/tkgong/Research/VOLE-ocity/VOLEitH-FPGA/hls_component/hls_config.cfg(4)
INFO: [HLS 200-1505] Using flow_target 'vivado'
Resolution: For help on HLS 200-1505 see docs.xilinx.com/access/sources/dita/topic?Doc_Version=2025.1%20English&url=ug1448-hls-guidance&resourceid=200-1505.html
INFO: [HLS 200-1465] Applying config ini 'part=xcu250-figd2104-2-e' from /home/tkgong/Research/VOLE-ocity/VOLEitH-FPGA/hls_component/hls_config.cfg(1)
INFO: [HLS 200-1611] Setting target device to 'xcu250-figd2104-2-e'
INFO: [HLS 200-1465] Applying config ini 'clock=7ns' from /home/tkgong/Research/VOLE-ocity/VOLEitH-FPGA/hls_component/hls_config.cfg(7)
INFO: [SYN 201-201] Setting up clock 'default' with a period of 7ns.
INFO: [HLS 200-1465] Applying config ini 'csim.clean=1' from /home/tkgong/Research/VOLE-ocity/VOLEitH-FPGA/hls_component/hls_config.cfg(21)
INFO: [HLS 200-1465] Applying config ini 'csim.code_analyzer=0' from /home/tkgong/Research/VOLE-ocity/VOLEitH-FPGA/hls_component/hls_config.cfg(24)
INFO: [HLS 200-1465] Applying config ini 'package.output.format=ip_catalog' from /home/tkgong/Research/VOLE-ocity/VOLEitH-FPGA/hls_component/hls_config.cfg(5)
INFO: [HLS 200-1465] Applying config ini 'sim.O=1' from /home/tkgong/Research/VOLE-ocity/VOLEitH-FPGA/hls_component/hls_config.cfg(20)
INFO: [HLS 200-2176] Writing Vitis IDE component file /home/tkgong/Research/VOLE-ocity/VOLEitH-FPGA/hls_component/hls_component/vitis-comp.json
INFO: [HLS 200-111] Finished File checks and directory preparation: CPU user time: 2.53 seconds. CPU system time: 0.33 seconds. Elapsed time: 2.88 seconds; current allocated memory: 481.938 MB.
INFO: [HLS 200-10] Analyzing design file 'shake.cpp' ... 
WARNING: [HLS 207-5539] 'Resource pragma' is deprecated, use 'bind_op/bind_storage pragma' instead (./sha3.hpp:101:9)
WARNING: [HLS 207-5539] 'Resource pragma' is deprecated, use 'bind_op/bind_storage pragma' instead (./sha3.hpp:251:9)
WARNING: [HLS 207-5539] 'Resource pragma' is deprecated, use 'bind_op/bind_storage pragma' instead (./sha3.hpp:426:9)
INFO: [HLS 200-10] Analyzing design file 'ggm_tree.cpp' ... 
WARNING: [HLS 207-5539] 'Resource pragma' is deprecated, use 'bind_op/bind_storage pragma' instead (./sha3.hpp:101:9)
WARNING: [HLS 207-5539] 'Resource pragma' is deprecated, use 'bind_op/bind_storage pragma' instead (./sha3.hpp:251:9)
WARNING: [HLS 207-5539] 'Resource pragma' is deprecated, use 'bind_op/bind_storage pragma' instead (./sha3.hpp:426:9)
INFO: [HLS 200-10] Analyzing design file 'PRG.cpp' ... 
INFO: [HLS 200-10] Analyzing design file 'encrypt.cpp' ... 
WARNING: [HLS 207-5539] 'Resource pragma' is deprecated, use 'bind_op/bind_storage pragma' instead (./aes.hpp:16:9)
WARNING: [HLS 207-5539] 'Resource pragma' is deprecated, use 'bind_op/bind_storage pragma' instead (./aes.hpp:17:9)
WARNING: [HLS 207-5292] unused parameter 'cipherkey' (./aes.hpp:57:31)
WARNING: [HLS 207-5292] unused parameter 'plaintext' (./aes.hpp:58:31)
WARNING: [HLS 207-5292] unused parameter 'cipherkey' (./aes.hpp:58:53)
WARNING: [HLS 207-5292] unused parameter 'ciphertext' (./aes.hpp:58:78)
WARNING: [HLS 207-5292] unused parameter 'cipherkey' (./aes.hpp:126:55)
WARNING: [HLS 207-5292] unused parameter 'cipherkey' (./aes.hpp:303:55)
WARNING: [HLS 207-5292] unused parameter 'cipherkey' (./aes.hpp:429:55)
WARNING: [HLS 207-5292] unused parameter 'cipherkey' (./aes.hpp:523:31)
WARNING: [HLS 207-5292] unused parameter 'ciphertext' (./aes.hpp:531:31)
WARNING: [HLS 207-5292] unused parameter 'cipherkey' (./aes.hpp:531:54)
WARNING: [HLS 207-5292] unused parameter 'plaintext' (./aes.hpp:531:79)
WARNING: [HLS 207-5292] unused parameter 'cipherkey' (./aes.hpp:624:56)
WARNING: [HLS 207-5292] unused parameter 'cipherkey' (./aes.hpp:786:56)
WARNING: [HLS 207-5292] unused parameter 'cipherkey' (./aes.hpp:935:56)
INFO: [HLS 200-111] Finished Source Code Analysis and Preprocessing: CPU user time: 6.98 seconds. CPU system time: 1.12 seconds. Elapsed time: 8.11 seconds; current allocated memory: 486.129 MB.
INFO: [HLS 200-777] Using interface defaults for 'Vivado' flow target.
INFO: [HLS 200-1995] There were 47,583 instructions in the design after the 'Compile/Link' phase of compilation. See the Design Size Report for more details (/home/tkgong/Research/VOLE-ocity/VOLEitH-FPGA/hls_component/hls_component/hls/syn/report/csynth_design_size.rpt:2)
INFO: [HLS 200-1995] There were 11,487 instructions in the design after the 'Unroll/Inline (step 1)' phase of compilation. See the Design Size Report for more details (/home/tkgong/Research/VOLE-ocity/VOLEitH-FPGA/hls_component/hls_component/hls/syn/report/csynth_design_size.rpt:2)
INFO: [HLS 200-1995] There were 6,054 instructions in the design after the 'Unroll/Inline (step 2)' phase of compilation. See the Design Size Report for more details (/home/tkgong/Research/VOLE-ocity/VOLEitH-FPGA/hls_component/hls_component/hls/syn/report/csynth_design_size.rpt:2)
INFO: [HLS 200-1995] There were 6,012 instructions in the design after the 'Unroll/Inline (step 3)' phase of compilation. See the Design Size Report for more details (/home/tkgong/Research/VOLE-ocity/VOLEitH-FPGA/hls_component/hls_component/hls/syn/report/csynth_design_size.rpt:2)
INFO: [HLS 200-1995] There were 6,008 instructions in the design after the 'Unroll/Inline (step 4)' phase of compilation. See the Design Size Report for more details (/home/tkgong/Research/VOLE-ocity/VOLEitH-FPGA/hls_component/hls_component/hls/syn/report/csynth_design_size.rpt:2)
INFO: [HLS 200-1995] There were 14,164 instructions in the design after the 'Array/Struct (step 1)' phase of compilation. See the Design Size Report for more details (/home/tkgong/Research/VOLE-ocity/VOLEitH-FPGA/hls_component/hls_component/hls/syn/report/csynth_design_size.rpt:2)
INFO: [HLS 200-1995] There were 14,346 instructions in the design after the 'Array/Struct (step 2)' phase of compilation. See the Design Size Report for more details (/home/tkgong/Research/VOLE-ocity/VOLEitH-FPGA/hls_component/hls_component/hls/syn/report/csynth_design_size.rpt:2)
INFO: [HLS 200-1995] There were 14,346 instructions in the design after the 'Array/Struct (step 3)' phase of compilation. See the Design Size Report for more details (/home/tkgong/Research/VOLE-ocity/VOLEitH-FPGA/hls_component/hls_component/hls/syn/report/csynth_design_size.rpt:2)
INFO: [HLS 200-1995] There were 14,346 instructions in the design after the 'Array/Struct (step 4)' phase of compilation. See the Design Size Report for more details (/home/tkgong/Research/VOLE-ocity/VOLEitH-FPGA/hls_component/hls_component/hls/syn/report/csynth_design_size.rpt:2)
INFO: [HLS 200-1995] There were 14,633 instructions in the design after the 'Array/Struct (step 5)' phase of compilation. See the Design Size Report for more details (/home/tkgong/Research/VOLE-ocity/VOLEitH-FPGA/hls_component/hls_component/hls/syn/report/csynth_design_size.rpt:2)
INFO: [HLS 200-1995] There were 14,601 instructions in the design after the 'Performance (step 1)' phase of compilation. See the Design Size Report for more details (/home/tkgong/Research/VOLE-ocity/VOLEitH-FPGA/hls_component/hls_component/hls/syn/report/csynth_design_size.rpt:2)
INFO: [HLS 200-1995] There were 14,337 instructions in the design after the 'Performance (step 2)' phase of compilation. See the Design Size Report for more details (/home/tkgong/Research/VOLE-ocity/VOLEitH-FPGA/hls_component/hls_component/hls/syn/report/csynth_design_size.rpt:2)
INFO: [HLS 200-1995] There were 14,329 instructions in the design after the 'Performance (step 3)' phase of compilation. See the Design Size Report for more details (/home/tkgong/Research/VOLE-ocity/VOLEitH-FPGA/hls_component/hls_component/hls/syn/report/csynth_design_size.rpt:2)
INFO: [HLS 200-1995] There were 14,264 instructions in the design after the 'Performance (step 4)' phase of compilation. See the Design Size Report for more details (/home/tkgong/Research/VOLE-ocity/VOLEitH-FPGA/hls_component/hls_component/hls/syn/report/csynth_design_size.rpt:2)
INFO: [HLS 200-1995] There were 14,354 instructions in the design after the 'HW Transforms (step 1)' phase of compilation. See the Design Size Report for more details (/home/tkgong/Research/VOLE-ocity/VOLEitH-FPGA/hls_component/hls_component/hls/syn/report/csynth_design_size.rpt:2)
INFO: [HLS 200-1995] There were 13,699 instructions in the design after the 'HW Transforms (step 2)' phase of compilation. See the Design Size Report for more details (/home/tkgong/Research/VOLE-ocity/VOLEitH-FPGA/hls_component/hls_component/hls/syn/report/csynth_design_size.rpt:2)
INFO: [HLS 214-131] Inlining function 'xf::security::aesTable::aesTable()' into 'xf::security::aesEnc<128>::aesEnc()' (./aes.hpp:386:5)
INFO: [HLS 214-131] Inlining function 'xf::security::aesEnc<128>::aesEnc()' into 'encrypt(ap_uint<128>, ap_uint<128>, ap_uint<128>&)' (encrypt.cpp:4:31)
INFO: [HLS 214-131] Inlining function 'ap_uint<64u> xf::security::internal::ROTL<64u>(ap_uint<64u>, unsigned int)' into 'xf::security::internal::KECCAK_f(ap_uint<64>*)' (./sha3.hpp:154:33)
INFO: [HLS 214-131] Inlining function 'PRG(ap_uint<128>&, ap_uint<128>, ap_uint<128>&, ap_uint<128>&)' into 'ggm_small(ap_uint<128>&, ap_uint<128>&, ap_uint<128>*, ap_uint<128>*, ap_uint<128>*)' (ggm_tree.cpp:131:2)
INFO: [HLS 214-377] Adding 'stateArray' into disaggregation list because there's array-partition pragma applied on the struct field (./sha3.hpp:432:12)
INFO: [HLS 214-377] Adding 'cipher' into disaggregation list because there's array-partition pragma applied on the struct field (./aes.hpp:388:9)
INFO: [HLS 214-377] Adding 'stateArray' into disaggregation list because there's array-partition pragma applied on the struct field (./sha3.hpp:433:9)
INFO: [HLS 214-210] Disaggregating variable 'cipher' (encrypt.cpp:4:31)
Resolution: For help on HLS 214-210 see docs.xilinx.com/access/sources/dita/topic?Doc_Version=2025.1%20English&url=ug1448-hls-guidance&resourceid=214-210.html
INFO: [HLS 214-210] Disaggregating variable 'stateArray' (./sha3.hpp:432:12)
Resolution: For help on HLS 214-210 see docs.xilinx.com/access/sources/dita/topic?Doc_Version=2025.1%20English&url=ug1448-hls-guidance&resourceid=214-210.html
INFO: [HLS 214-291] Loop 'LOOP_THETA_1' is marked as complete unroll implied by the pipeline pragma (./sha3.hpp:110:9)
INFO: [HLS 214-291] Loop 'LOOP_THETA_2' is marked as complete unroll implied by the pipeline pragma (./sha3.hpp:117:9)
INFO: [HLS 214-291] Loop 'LOOP_CALCULATE_THETA' is marked as complete unroll implied by the pipeline pragma (./sha3.hpp:121:13)
INFO: [HLS 214-291] Loop 'LOOP_CHI' is marked as complete unroll implied by the pipeline pragma (./sha3.hpp:186:9)
INFO: [HLS 214-291] Loop 'LOOP_INIT_STATEREG' is marked as complete unroll implied by the pipeline pragma (./sha3.hpp:191:13)
INFO: [HLS 214-291] Loop 'LOOP_CALCULATE_CHI' is marked as complete unroll implied by the pipeline pragma (./sha3.hpp:196:13)
INFO: [HLS 214-186] Unrolling loop 'COPY_LOOP' (ggm_tree.cpp:153:5) in function 'ggm_small' completely with a factor of 8 (ggm_tree.cpp:110:0)
INFO: [HLS 214-186] Unrolling loop 'LEAF_LOOP' (ggm_tree.cpp:148:5) in function 'ggm_small' completely with a factor of 8 (ggm_tree.cpp:110:0)
INFO: [HLS 214-186] Unrolling loop 'LOOP_INIT_STATE_ARRAYS' (./sha3.hpp:435:9) in function 'xf::security::internal::shakeXOF<32u>' completely with a factor of 25 (./sha3.hpp:408:0)
INFO: [HLS 214-186] Unrolling loop 'LOOP_SHA3_EMIT' (./sha3.hpp:541:9) in function 'xf::security::internal::shakeXOF<32u>' completely with a factor of 4 (./sha3.hpp:408:0)
INFO: [HLS 214-186] Unrolling loop 'LOOP_THETA_1' (./sha3.hpp:110:9) in function 'xf::security::internal::KECCAK_f' completely with a factor of 5 (./sha3.hpp:93:0)
INFO: [HLS 214-186] Unrolling loop 'LOOP_THETA_2' (./sha3.hpp:117:9) in function 'xf::security::internal::KECCAK_f' completely with a factor of 5 (./sha3.hpp:93:0)
INFO: [HLS 214-186] Unrolling loop 'LOOP_CALCULATE_THETA' (./sha3.hpp:121:13) in function 'xf::security::internal::KECCAK_f' completely with a factor of 5 (./sha3.hpp:93:0)
INFO: [HLS 214-186] Unrolling loop 'LOOP_CHI' (./sha3.hpp:186:9) in function 'xf::security::internal::KECCAK_f' completely with a factor of 5 (./sha3.hpp:93:0)
INFO: [HLS 214-186] Unrolling loop 'LOOP_CALCULATE_CHI' (./sha3.hpp:196:13) in function 'xf::security::internal::KECCAK_f' completely with a factor of 5 (./sha3.hpp:93:0)
INFO: [HLS 214-186] Unrolling loop 'LOOP_INIT_STATEREG' (./sha3.hpp:191:13) in function 'xf::security::internal::KECCAK_f' completely with a factor of 5 (./sha3.hpp:93:0)
INFO: [HLS 214-186] Unrolling loop 'VITIS_LOOP_441_2' (./aes.hpp:441:31) in function 'xf::security::aesEnc<128>::process' completely with a factor of 16 (./aes.hpp:429:0)
INFO: [HLS 214-186] Unrolling loop 'VITIS_LOOP_469_3' (./aes.hpp:469:31) in function 'xf::security::aesEnc<128>::process' completely with a factor of 16 (./aes.hpp:429:0)
INFO: [HLS 214-186] Unrolling loop 'VITIS_LOOP_476_4' (./aes.hpp:476:35) in function 'xf::security::aesEnc<128>::process' completely with a factor of 4 (./aes.hpp:429:0)
INFO: [HLS 214-178] Inlining function 'xf::security::shake256(hls::stream<ap_uint<64>, 0>&, hls::stream<ap_uint<128>, 0>&, hls::stream<bool, 0>&, hls::stream<ap_uint<256>, 0>&, hls::stream<bool, 0>&)' into 'h0(ap_uint<128>&, ap_uint<128>&, ap_uint<128>&, ap_uint<128>&)' (shake.cpp:10:0)
INFO: [HLS 214-178] Inlining function 'encrypt(ap_uint<128>, ap_uint<128>, ap_uint<128>&)' into 'ggm_small(ap_uint<128>&, ap_uint<128>&, ap_uint<128>*, ap_uint<128>*, ap_uint<128>*)' (ggm_tree.cpp:110:0)
INFO: [HLS 214-248] Applying array_partition to 'stateArray': Complete partitioning on dimension 1. (./sha3.hpp:432:12)
INFO: [HLS 214-248] Applying array_partition to 'cipher.1.i19': Complete partitioning on dimension 1. (encrypt.cpp:4:31)
INFO: [HLS 214-248] Applying array_partition to 'cipher.1.i': Complete partitioning on dimension 1. (encrypt.cpp:4:31)
INFO: [HLS 214-248] Applying array_partition to 'level': Complete partitioning on dimension 1. Complete partitioning on dimension 2. (ggm_tree.cpp:115:15)
INFO: [HLS 214-248] Applying array_partition to 'left': Complete partitioning on dimension 1. (ggm_tree.cpp:124:22)
INFO: [HLS 214-248] Applying array_partition to 'right': Complete partitioning on dimension 1. (ggm_tree.cpp:125:22)
INFO: [HLS 214-248] Applying array_partition to 'leaf_seeds': Complete partitioning on dimension 1. (ggm_tree.cpp:143:18)
INFO: [HLS 214-248] Applying array_partition to 'leaf_coms': Complete partitioning on dimension 1. (ggm_tree.cpp:144:18)
INFO: [HLS 214-248] Applying array_partition to 'keys': Complete partitioning on dimension 1. (ggm_tree.cpp:110:0)
INFO: [HLS 214-248] Applying array_partition to 'seeds': Complete partitioning on dimension 1. (ggm_tree.cpp:110:0)
INFO: [HLS 214-248] Applying array_partition to 'coms': Complete partitioning on dimension 1. (ggm_tree.cpp:110:0)
INFO: [HLS 214-376] automatically set the pipeline for Loop< VITIS_LOOP_439_1> at ./aes.hpp:439:27 
INFO: [HLS 214-376] automatically set the pipeline for Loop< STORE_LOOP> at ggm_tree.cpp:134:9 
WARNING: [HLS 214-187] Cannot unroll loop 'EXPAND_LOOP' (ggm_tree.cpp:129:9) in function 'ggm_small' as it has a variable trip count (ggm_tree.cpp:129:9)
WARNING: [HLS 214-187] Cannot unroll loop 'STORE_LOOP' (ggm_tree.cpp:134:9) in function 'ggm_small' as it has a variable trip count (ggm_tree.cpp:134:9)
WARNING: [HLS 214-373] Impl=auto in bind_op is deprecated. Consider using a different operation implementation. (./sha3.hpp:426:9)
INFO: [HLS 200-111] Finished Compiling Optimization and Transform: CPU user time: 2.71 seconds. CPU system time: 0.32 seconds. Elapsed time: 6.9 seconds; current allocated memory: 488.684 MB.
INFO: [HLS 200-111] Finished Checking Pragmas: CPU user time: 0 seconds. CPU system time: 0 seconds. Elapsed time: 0 seconds; current allocated memory: 488.684 MB.
INFO: [HLS 200-10] Starting code transformations ...
INFO: [HLS 200-111] Finished Standard Transforms: CPU user time: 0.09 seconds. CPU system time: 0 seconds. Elapsed time: 0.1 seconds; current allocated memory: 492.836 MB.
INFO: [HLS 200-10] Checking synthesizability ...
INFO: [HLS 200-111] Finished Checking Synthesizability: CPU user time: 0.11 seconds. CPU system time: 0 seconds. Elapsed time: 0.1 seconds; current allocated memory: 494.750 MB.
INFO: [XFORM 203-602] Inlining function 'xf::security::aesEnc<128>::GFMul2' into 'xf::security::aesEnc<128>::process' (./aes.hpp:479) automatically.
WARNING: [HLS 200-805] An internal stream 'msgStrm' (shake.cpp:13) with default size can result in deadlock. Please consider resizing the stream using the directive 'set_directive_stream' or the 'HLS stream' pragma.
WARNING: [HLS 200-805] An internal stream 'msgLenStrm' (shake.cpp:14) with default size can result in deadlock. Please consider resizing the stream using the directive 'set_directive_stream' or the 'HLS stream' pragma.
WARNING: [HLS 200-805] An internal stream 'endMsgLenStrm' (shake.cpp:15) with default size can result in deadlock. Please consider resizing the stream using the directive 'set_directive_stream' or the 'HLS stream' pragma.
WARNING: [HLS 200-805] An internal stream 'digestStrm' (shake.cpp:16) with default size can result in deadlock. Please consider resizing the stream using the directive 'set_directive_stream' or the 'HLS stream' pragma.
WARNING: [HLS 200-805] An internal stream 'endDigestStrm' (shake.cpp:17) with default size can result in deadlock. Please consider resizing the stream using the directive 'set_directive_stream' or the 'HLS stream' pragma.
INFO: [XFORM 203-401] Performing if-conversion on hyperblock from (./aes.hpp:430:22) to (./aes.hpp:439:27) in function 'xf::security::aesEnc<128>::process'... converting 3 basic blocks.
INFO: [XFORM 203-11] Balancing expressions in function 'xf::security::internal::KECCAK_f' (./sha3.hpp:76:5)...35 expression(s) balanced.
INFO: [XFORM 203-11] Balancing expressions in function 'xf::security::aesEnc<128>::process' (./aes.hpp:420:27)...50 expression(s) balanced.
INFO: [HLS 200-111] Finished Loop, function and other optimizations: CPU user time: 0.36 seconds. CPU system time: 0.01 seconds. Elapsed time: 0.37 seconds; current allocated memory: 519.707 MB.
INFO: [HLS 200-111] Finished Architecture Synthesis: CPU user time: 0.35 seconds. CPU system time: 0.02 seconds. Elapsed time: 0.37 seconds; current allocated memory: 595.480 MB.
INFO: [HLS 200-10] Starting hardware synthesis ...
INFO: [HLS 200-10] Synthesizing 'ggm_small' ...
WARNING: [SYN 201-103] Legalizing function name 'shakeXOF<32u>_Pipeline_LOOP_GEN_LAST_BLK' to 'shakeXOF_32u_Pipeline_LOOP_GEN_LAST_BLK'.
WARNING: [SYN 201-103] Legalizing function name 'shakeXOF<32u>_Pipeline_LOOP_GEN_FULL_MESSAGE_BLK' to 'shakeXOF_32u_Pipeline_LOOP_GEN_FULL_MESSAGE_BLK'.
WARNING: [SYN 201-103] Legalizing function name 'shakeXOF<32u>' to 'shakeXOF_32u_s'.
WARNING: [SYN 201-103] Legalizing function name 'process' to 'process_r'.
INFO: [HLS 200-10] ----------------------------------------------------------------
INFO: [HLS 200-42] -- Implementing module 'updateKey' 
INFO: [HLS 200-10] ----------------------------------------------------------------
INFO: [SCHED 204-11] Starting scheduling ...
INFO: [SCHED 204-61] Pipelining loop 'VITIS_LOOP_396_1'.
INFO: [HLS 200-1470] Pipelining result : Target II = 1, Final II = 1, Depth = 3, loop 'VITIS_LOOP_396_1'
INFO: [SCHED 204-11] Finished scheduling.
INFO: [HLS 200-111] Finished Scheduling: CPU user time: 0.08 seconds. CPU system time: 0.01 seconds. Elapsed time: 0.09 seconds; current allocated memory: 597.480 MB.
INFO: [BIND 205-100] Starting micro-architecture generation ...
INFO: [BIND 205-101] Performing variable lifetime analysis.
INFO: [BIND 205-101] Exploring resource sharing.
INFO: [BIND 205-101] Binding ...
INFO: [BIND 205-100] Finished micro-architecture generation.
INFO: [HLS 200-111] Finished Binding: CPU user time: 0.01 seconds. CPU system time: 0 seconds. Elapsed time: 0.01 seconds; current allocated memory: 597.480 MB.
INFO: [HLS 200-10] ----------------------------------------------------------------
INFO: [HLS 200-42] -- Implementing module 'process_r' 
INFO: [HLS 200-10] ----------------------------------------------------------------
INFO: [SCHED 204-11] Starting scheduling ...
INFO: [SCHED 204-61] Pipelining loop 'VITIS_LOOP_439_1'.
INFO: [HLS 200-1470] Pipelining result : Target II = NA, Final II = 1, Depth = 3, loop 'VITIS_LOOP_439_1'
INFO: [SCHED 204-11] Finished scheduling.
INFO: [HLS 200-111] Finished Scheduling: CPU user time: 0.07 seconds. CPU system time: 0 seconds. Elapsed time: 0.07 seconds; current allocated memory: 599.547 MB.
INFO: [BIND 205-100] Starting micro-architecture generation ...
INFO: [BIND 205-101] Performing variable lifetime analysis.
INFO: [BIND 205-101] Exploring resource sharing.
INFO: [BIND 205-101] Binding ...
INFO: [BIND 205-100] Finished micro-architecture generation.
INFO: [HLS 200-111] Finished Binding: CPU user time: 0.02 seconds. CPU system time: 0 seconds. Elapsed time: 0.02 seconds; current allocated memory: 599.547 MB.
INFO: [HLS 200-10] ----------------------------------------------------------------
INFO: [HLS 200-42] -- Implementing module 'ggm_small_Pipeline_STORE_LOOP' 
INFO: [HLS 200-10] ----------------------------------------------------------------
INFO: [SCHED 204-11] Starting scheduling ...
INFO: [SCHED 204-61] Pipelining loop 'STORE_LOOP'.
INFO: [HLS 200-1470] Pipelining result : Target II = NA, Final II = 1, Depth = 1, loop 'STORE_LOOP'
INFO: [SCHED 204-11] Finished scheduling.
INFO: [HLS 200-111] Finished Scheduling: CPU user time: 0.04 seconds. CPU system time: 0 seconds. Elapsed time: 0.05 seconds; current allocated memory: 600.820 MB.
INFO: [BIND 205-100] Starting micro-architecture generation ...
INFO: [BIND 205-101] Performing variable lifetime analysis.
INFO: [BIND 205-101] Exploring resource sharing.
INFO: [BIND 205-101] Binding ...
INFO: [BIND 205-100] Finished micro-architecture generation.
INFO: [HLS 200-111] Finished Binding: CPU user time: 0.01 seconds. CPU system time: 0 seconds. Elapsed time: 0.01 seconds; current allocated memory: 600.820 MB.
INFO: [HLS 200-10] ----------------------------------------------------------------
INFO: [HLS 200-42] -- Implementing module 'shakeXOF_32u_Pipeline_LOOP_GEN_LAST_BLK' 
INFO: [HLS 200-10] ----------------------------------------------------------------
INFO: [SCHED 204-11] Starting scheduling ...
INFO: [SCHED 204-61] Pipelining loop 'LOOP_GEN_LAST_BLK'.
INFO: [HLS 200-1470] Pipelining result : Target II = 1, Final II = 1, Depth = 2, loop 'LOOP_GEN_LAST_BLK'
INFO: [SCHED 204-11] Finished scheduling.
INFO: [HLS 200-111] Finished Scheduling: CPU user time: 0.35 seconds. CPU system time: 0.01 seconds. Elapsed time: 0.35 seconds; current allocated memory: 609.996 MB.
INFO: [BIND 205-100] Starting micro-architecture generation ...
INFO: [BIND 205-101] Performing variable lifetime analysis.
INFO: [BIND 205-101] Exploring resource sharing.
INFO: [BIND 205-101] Binding ...
INFO: [BIND 205-100] Finished micro-architecture generation.
INFO: [HLS 200-111] Finished Binding: CPU user time: 0.06 seconds. CPU system time: 0 seconds. Elapsed time: 0.06 seconds; current allocated memory: 609.996 MB.
INFO: [HLS 200-10] ----------------------------------------------------------------
INFO: [HLS 200-42] -- Implementing module 'shakeXOF_32u_Pipeline_LOOP_GEN_FULL_MESSAGE_BLK' 
INFO: [HLS 200-10] ----------------------------------------------------------------
INFO: [SCHED 204-11] Starting scheduling ...
INFO: [SCHED 204-61] Pipelining loop 'LOOP_GEN_FULL_MESSAGE_BLK'.
INFO: [HLS 200-1470] Pipelining result : Target II = 1, Final II = 1, Depth = 2, loop 'LOOP_GEN_FULL_MESSAGE_BLK'
INFO: [SCHED 204-11] Finished scheduling.
INFO: [HLS 200-111] Finished Scheduling: CPU user time: 0.06 seconds. CPU system time: 0 seconds. Elapsed time: 0.06 seconds; current allocated memory: 609.996 MB.
INFO: [BIND 205-100] Starting micro-architecture generation ...
INFO: [BIND 205-101] Performing variable lifetime analysis.
INFO: [BIND 205-101] Exploring resource sharing.
INFO: [BIND 205-101] Binding ...
INFO: [BIND 205-100] Finished micro-architecture generation.
INFO: [HLS 200-111] Finished Binding: CPU user time: 0.02 seconds. CPU system time: 0.01 seconds. Elapsed time: 0.02 seconds; current allocated memory: 609.996 MB.
INFO: [HLS 200-10] ----------------------------------------------------------------
INFO: [HLS 200-42] -- Implementing module 'KECCAK_f' 
INFO: [HLS 200-10] ----------------------------------------------------------------
INFO: [SCHED 204-11] Starting scheduling ...
INFO: [SCHED 204-61] Pipelining loop 'LOOP_5_STEP_MAPPING'.
INFO: [HLS 200-1470] Pipelining result : Target II = 1, Final II = 1, Depth = 2, loop 'LOOP_5_STEP_MAPPING'
INFO: [SCHED 204-11] Finished scheduling.
INFO: [HLS 200-111] Finished Scheduling: CPU user time: 0.13 seconds. CPU system time: 0 seconds. Elapsed time: 0.13 seconds; current allocated memory: 610.133 MB.
INFO: [BIND 205-100] Starting micro-architecture generation ...
INFO: [BIND 205-101] Performing variable lifetime analysis.
INFO: [BIND 205-101] Exploring resource sharing.
INFO: [BIND 205-101] Binding ...
INFO: [BIND 205-100] Finished micro-architecture generation.
INFO: [HLS 200-111] Finished Binding: CPU user time: 0.02 seconds. CPU system time: 0 seconds. Elapsed time: 0.03 seconds; current allocated memory: 610.133 MB.
INFO: [HLS 200-10] ----------------------------------------------------------------
INFO: [HLS 200-42] -- Implementing module 'shakeXOF_32u_s' 
INFO: [HLS 200-10] ----------------------------------------------------------------
INFO: [SCHED 204-11] Starting scheduling ...
INFO: [SCHED 204-11] Finished scheduling.
INFO: [HLS 200-111] Finished Scheduling: CPU user time: 0.07 seconds. CPU system time: 0 seconds. Elapsed time: 0.07 seconds; current allocated memory: 611.840 MB.
INFO: [BIND 205-100] Starting micro-architecture generation ...
INFO: [BIND 205-101] Performing variable lifetime analysis.
INFO: [BIND 205-101] Exploring resource sharing.
INFO: [BIND 205-101] Binding ...
INFO: [BIND 205-100] Finished micro-architecture generation.
INFO: [HLS 200-111] Finished Binding: CPU user time: 0.02 seconds. CPU system time: 0 seconds. Elapsed time: 0.02 seconds; current allocated memory: 611.840 MB.
INFO: [HLS 200-10] ----------------------------------------------------------------
INFO: [HLS 200-42] -- Implementing module 'h0' 
INFO: [HLS 200-10] ----------------------------------------------------------------
INFO: [SCHED 204-11] Starting scheduling ...
INFO: [SCHED 204-11] Finished scheduling.
INFO: [HLS 200-111] Finished Scheduling: CPU user time: 0.02 seconds. CPU system time: 0 seconds. Elapsed time: 0.02 seconds; current allocated memory: 612.043 MB.
INFO: [BIND 205-100] Starting micro-architecture generation ...
INFO: [BIND 205-101] Performing variable lifetime analysis.
INFO: [BIND 205-101] Exploring resource sharing.
INFO: [BIND 205-101] Binding ...
INFO: [BIND 205-100] Finished micro-architecture generation.
INFO: [HLS 200-111] Finished Binding: CPU user time: 0.01 seconds. CPU system time: 0 seconds. Elapsed time: 0.01 seconds; current allocated memory: 612.043 MB.
INFO: [HLS 200-10] ----------------------------------------------------------------
INFO: [HLS 200-42] -- Implementing module 'ggm_small' 
INFO: [HLS 200-10] ----------------------------------------------------------------
INFO: [SCHED 204-11] Starting scheduling ...
INFO: [SCHED 204-11] Finished scheduling.
INFO: [HLS 200-111] Finished Scheduling: CPU user time: 0.07 seconds. CPU system time: 0 seconds. Elapsed time: 0.07 seconds; current allocated memory: 614.543 MB.
INFO: [BIND 205-100] Starting micro-architecture generation ...
INFO: [BIND 205-101] Performing variable lifetime analysis.
INFO: [BIND 205-101] Exploring resource sharing.
INFO: [BIND 205-101] Binding ...
INFO: [BIND 205-100] Finished micro-architecture generation.
INFO: [HLS 200-111] Finished Binding: CPU user time: 0.04 seconds. CPU system time: 0 seconds. Elapsed time: 0.04 seconds; current allocated memory: 614.543 MB.
INFO: [HLS 200-10] ----------------------------------------------------------------
INFO: [HLS 200-10] -- Generating RTL for module 'updateKey' 
INFO: [HLS 200-10] ----------------------------------------------------------------
INFO: [HLS 200-1030] Apply Unified Pipeline Control on module 'updateKey' pipeline 'VITIS_LOOP_396_1' pipeline type 'loop pipeline'
INFO: [RTGEN 206-100] Finished creating RTL model for 'updateKey'.
INFO: [HLS 200-2168] Implementing memory 'ggm_small_updateKey_cipher_0_ssbox_ROM_NP_LUTRAM_1R' using distributed ROMs with 4 copies to ensure enough ports to satisfy II or latency constraints.
INFO: [RTMG 210-279] Implementing memory 'ggm_small_updateKey_Rcon_ROM_AUTO_1R' using auto ROMs.
INFO: [HLS 200-111] Finished Creating RTL model: CPU user time: 0.06 seconds. CPU system time: 0 seconds. Elapsed time: 0.06 seconds; current allocated memory: 614.543 MB.
INFO: [HLS 200-10] ----------------------------------------------------------------
INFO: [HLS 200-10] -- Generating RTL for module 'process_r' 
INFO: [HLS 200-10] ----------------------------------------------------------------
INFO: [HLS 200-1030] Apply Unified Pipeline Control on module 'process_r' pipeline 'VITIS_LOOP_439_1' pipeline type 'loop pipeline'
INFO: [RTGEN 206-100] Generating core module 'sparsemux_21_4_128_1_1': 1 instance(s).
INFO: [RTGEN 206-100] Finished creating RTL model for 'process_r'.
INFO: [HLS 200-2168] Implementing memory 'ggm_small_process_r_cipher_0_ssbox_ROM_NP_LUTRAM_1R' using distributed ROMs with 16 copies to ensure enough ports to satisfy II or latency constraints.
INFO: [HLS 200-111] Finished Creating RTL model: CPU user time: 0.06 seconds. CPU system time: 0.01 seconds. Elapsed time: 0.06 seconds; current allocated memory: 617.496 MB.
INFO: [HLS 200-10] ----------------------------------------------------------------
INFO: [HLS 200-10] -- Generating RTL for module 'ggm_small_Pipeline_STORE_LOOP' 
INFO: [HLS 200-10] ----------------------------------------------------------------
INFO: [RTGEN 206-100] Generating core module 'sparsemux_9_2_128_1_1': 2 instance(s).
INFO: [RTGEN 206-100] Finished creating RTL model for 'ggm_small_Pipeline_STORE_LOOP'.
INFO: [HLS 200-111] Finished Creating RTL model: CPU user time: 0.07 seconds. CPU system time: 0 seconds. Elapsed time: 0.08 seconds; current allocated memory: 622.531 MB.
INFO: [HLS 200-10] ----------------------------------------------------------------
INFO: [HLS 200-10] -- Generating RTL for module 'shakeXOF_32u_Pipeline_LOOP_GEN_LAST_BLK' 
INFO: [HLS 200-10] ----------------------------------------------------------------
INFO: [HLS 200-1030] Apply Unified Pipeline Control on module 'shakeXOF_32u_Pipeline_LOOP_GEN_LAST_BLK' pipeline 'LOOP_GEN_LAST_BLK' pipeline type 'loop pipeline'
INFO: [RTGEN 206-100] Generating core module 'sparsemux_35_5_64_1_1': 2 instance(s).
INFO: [RTGEN 206-100] Finished creating RTL model for 'shakeXOF_32u_Pipeline_LOOP_GEN_LAST_BLK'.
INFO: [HLS 200-111] Finished Creating RTL model: CPU user time: 0.12 seconds. CPU system time: 0.01 seconds. Elapsed time: 0.13 seconds; current allocated memory: 627.469 MB.
INFO: [HLS 200-10] ----------------------------------------------------------------
INFO: [HLS 200-10] -- Generating RTL for module 'shakeXOF_32u_Pipeline_LOOP_GEN_FULL_MESSAGE_BLK' 
INFO: [HLS 200-10] ----------------------------------------------------------------
INFO: [HLS 200-1030] Apply Unified Pipeline Control on module 'shakeXOF_32u_Pipeline_LOOP_GEN_FULL_MESSAGE_BLK' pipeline 'LOOP_GEN_FULL_MESSAGE_BLK' pipeline type 'loop pipeline'
INFO: [RTGEN 206-100] Generating core module 'sparsemux_35_5_64_1_1': 1 instance(s).
INFO: [RTGEN 206-100] Finished creating RTL model for 'shakeXOF_32u_Pipeline_LOOP_GEN_FULL_MESSAGE_BLK'.
INFO: [HLS 200-111] Finished Creating RTL model: CPU user time: 0.13 seconds. CPU system time: 0.01 seconds. Elapsed time: 0.13 seconds; current allocated memory: 645.145 MB.
INFO: [HLS 200-10] ----------------------------------------------------------------
INFO: [HLS 200-10] -- Generating RTL for module 'KECCAK_f' 
INFO: [HLS 200-10] ----------------------------------------------------------------
INFO: [HLS 200-1030] Apply Unified Pipeline Control on module 'KECCAK_f' pipeline 'LOOP_5_STEP_MAPPING' pipeline type 'loop pipeline'
INFO: [RTGEN 206-100] Finished creating RTL model for 'KECCAK_f'.
INFO: [RTMG 210-279] Implementing memory 'ggm_small_KECCAK_f_roundIndex_ROM_2P_LUTRAM_1R' using distributed ROMs.
INFO: [HLS 200-111] Finished Creating RTL model: CPU user time: 0.09 seconds. CPU system time: 0 seconds. Elapsed time: 0.09 seconds; current allocated memory: 645.363 MB.
INFO: [HLS 200-10] ----------------------------------------------------------------
INFO: [HLS 200-10] -- Generating RTL for module 'shakeXOF_32u_s' 
INFO: [HLS 200-10] ----------------------------------------------------------------
INFO: [RTGEN 206-100] Generating core module 'udiv_128ns_9ns_128_132_1': 1 instance(s).
INFO: [RTGEN 206-100] Finished creating RTL model for 'shakeXOF_32u_s'.
INFO: [HLS 200-111] Finished Creating RTL model: CPU user time: 0.11 seconds. CPU system time: 0.01 seconds. Elapsed time: 0.12 seconds; current allocated memory: 655.133 MB.
INFO: [HLS 200-10] ----------------------------------------------------------------
INFO: [HLS 200-10] -- Generating RTL for module 'h0' 
INFO: [HLS 200-10] ----------------------------------------------------------------
INFO: [RTGEN 206-100] Finished creating RTL model for 'h0'.
INFO: [RTMG 210-285] Implementing FIFO 'msgStrm_U(ggm_small_fifo_w64_d2_S)' using Shift Registers.
INFO: [RTMG 210-285] Implementing FIFO 'msgLenStrm_U(ggm_small_fifo_w128_d2_S)' using Shift Registers.
INFO: [RTMG 210-285] Implementing FIFO 'endMsgLenStrm_U(ggm_small_fifo_w1_d2_S)' using Shift Registers.
INFO: [RTMG 210-285] Implementing FIFO 'digestStrm_U(ggm_small_fifo_w256_d2_S)' using Shift Registers.
INFO: [RTMG 210-285] Implementing FIFO 'endDigestStrm_U(ggm_small_fifo_w1_d2_S)' using Shift Registers.
INFO: [HLS 200-111] Finished Creating RTL model: CPU user time: 0.06 seconds. CPU system time: 0 seconds. Elapsed time: 0.06 seconds; current allocated memory: 659.496 MB.
INFO: [HLS 200-10] ----------------------------------------------------------------
INFO: [HLS 200-10] -- Generating RTL for module 'ggm_small' 
INFO: [HLS 200-10] ----------------------------------------------------------------
INFO: [RTGEN 206-500] Setting interface mode on port 'ggm_small/root' to 'ap_none'.
INFO: [RTGEN 206-500] Setting interface mode on port 'ggm_small/iv' to 'ap_none'.
INFO: [RTGEN 206-500] Setting interface mode on port 'ggm_small/keys_0' to 'ap_vld'.
INFO: [RTGEN 206-500] Setting interface mode on port 'ggm_small/keys_1' to 'ap_vld'.
INFO: [RTGEN 206-500] Setting interface mode on port 'ggm_small/keys_2' to 'ap_vld'.
INFO: [RTGEN 206-500] Setting interface mode on port 'ggm_small/keys_3' to 'ap_vld'.
INFO: [RTGEN 206-500] Setting interface mode on port 'ggm_small/keys_4' to 'ap_vld'.
INFO: [RTGEN 206-500] Setting interface mode on port 'ggm_small/keys_5' to 'ap_vld'.
INFO: [RTGEN 206-500] Setting interface mode on port 'ggm_small/keys_6' to 'ap_vld'.
INFO: [RTGEN 206-500] Setting interface mode on port 'ggm_small/keys_7' to 'ap_vld'.
INFO: [RTGEN 206-500] Setting interface mode on port 'ggm_small/keys_8' to 'ap_vld'.
INFO: [RTGEN 206-500] Setting interface mode on port 'ggm_small/keys_9' to 'ap_vld'.
INFO: [RTGEN 206-500] Setting interface mode on port 'ggm_small/keys_10' to 'ap_vld'.
INFO: [RTGEN 206-500] Setting interface mode on port 'ggm_small/keys_11' to 'ap_vld'.
INFO: [RTGEN 206-500] Setting interface mode on port 'ggm_small/keys_12' to 'ap_vld'.
INFO: [RTGEN 206-500] Setting interface mode on port 'ggm_small/keys_13' to 'ap_vld'.
INFO: [RTGEN 206-500] Setting interface mode on port 'ggm_small/keys_14' to 'ap_vld'.
INFO: [RTGEN 206-500] Setting interface mode on port 'ggm_small/seeds_0' to 'ap_vld'.
INFO: [RTGEN 206-500] Setting interface mode on port 'ggm_small/seeds_1' to 'ap_vld'.
INFO: [RTGEN 206-500] Setting interface mode on port 'ggm_small/seeds_2' to 'ap_vld'.
INFO: [RTGEN 206-500] Setting interface mode on port 'ggm_small/seeds_3' to 'ap_vld'.
INFO: [RTGEN 206-500] Setting interface mode on port 'ggm_small/seeds_4' to 'ap_vld'.
INFO: [RTGEN 206-500] Setting interface mode on port 'ggm_small/seeds_5' to 'ap_vld'.
INFO: [RTGEN 206-500] Setting interface mode on port 'ggm_small/seeds_6' to 'ap_vld'.
INFO: [RTGEN 206-500] Setting interface mode on port 'ggm_small/seeds_7' to 'ap_vld'.
INFO: [RTGEN 206-500] Setting interface mode on port 'ggm_small/coms_0' to 'ap_vld'.
INFO: [RTGEN 206-500] Setting interface mode on port 'ggm_small/coms_1' to 'ap_vld'.
INFO: [RTGEN 206-500] Setting interface mode on port 'ggm_small/coms_2' to 'ap_vld'.
INFO: [RTGEN 206-500] Setting interface mode on port 'ggm_small/coms_3' to 'ap_vld'.
INFO: [RTGEN 206-500] Setting interface mode on port 'ggm_small/coms_4' to 'ap_vld'.
INFO: [RTGEN 206-500] Setting interface mode on port 'ggm_small/coms_5' to 'ap_vld'.
INFO: [RTGEN 206-500] Setting interface mode on port 'ggm_small/coms_6' to 'ap_vld'.
INFO: [RTGEN 206-500] Setting interface mode on port 'ggm_small/coms_7' to 'ap_vld'.
INFO: [RTGEN 206-500] Setting interface mode on function 'ggm_small' to 'ap_ctrl_hs'.
INFO: [RTGEN 206-100] Generating core module 'sparsemux_7_2_128_1_1': 1 instance(s).
INFO: [RTGEN 206-100] Generating core module 'sparsemux_9_2_128_1_1': 2 instance(s).
INFO: [RTGEN 206-100] Finished creating RTL model for 'ggm_small'.
INFO: [HLS 200-111] Finished Creating RTL model: CPU user time: 0.05 seconds. CPU system time: 0 seconds. Elapsed time: 0.06 seconds; current allocated memory: 660.617 MB.
INFO: [HLS 200-111] Finished Generating all RTL models: CPU user time: 0.19 seconds. CPU system time: 0.02 seconds. Elapsed time: 0.21 seconds; current allocated memory: 666.930 MB.
INFO: [HLS 200-111] Finished Updating report files: CPU user time: 0.53 seconds. CPU system time: 0.01 seconds. Elapsed time: 0.54 seconds; current allocated memory: 680.688 MB.
INFO: [VHDL 208-304] Generating VHDL RTL for ggm_small.
INFO: [VLOG 209-307] Generating Verilog RTL for ggm_small.
INFO: [HLS 200-790] **** Loop Constraint Status: All loop constraints were satisfied.
INFO: [HLS 200-789] **** Estimated Fmax: 299.01 MHz
INFO: [HLS 200-112] Total CPU user time: 15.73 seconds. Total CPU system time: 1.91 seconds. Total elapsed time: 21.54 seconds; peak allocated memory: 680.688 MB.
INFO: [v++ 60-791] Total elapsed time: 0h 0m 25s
