  **** HLS Build v2025.1 6135595
INFO: [HLS 200-2005] Using work_dir /home/tkgong/Research/VOLE-ocity/VOLEitH-FPGA/hls_component/hls_component 
INFO: [HLS 200-2176] Writing Vitis IDE component file /home/tkgong/Research/VOLE-ocity/VOLEitH-FPGA/hls_component/hls_component/vitis-comp.json
INFO: [HLS 200-10] Creating and opening component '/home/tkgong/Research/VOLE-ocity/VOLEitH-FPGA/hls_component/hls_component'.
INFO: [HLS 200-1505] Using default flow_target 'vivado'
Resolution: For help on HLS 200-1505 see docs.xilinx.com/access/sources/dita/topic?Doc_Version=2025.1%20English&url=ug1448-hls-guidance&resourceid=200-1505.html
INFO: [HLS 200-2174] Applying component config ini file /home/tkgong/Research/VOLE-ocity/VOLEitH-FPGA/hls_component/hls_config.cfg
WARNING: [HLS 200-1921] Skipping unknown config ini [hls] entry 'ldflags=-lstdc++' from /home/tkgong/Research/VOLE-ocity/VOLEitH-FPGA/hls_component/hls_config.cfg(10)
INFO: [HLS 200-1465] Applying config ini 'syn.file=defs.h' from /home/tkgong/Research/VOLE-ocity/VOLEitH-FPGA/hls_component/hls_config.cfg(13)
INFO: [HLS 200-10] Adding design file '/home/tkgong/Research/VOLE-ocity/VOLEitH-FPGA/hls_component/defs.h' to the project
INFO: [HLS 200-1465] Applying config ini 'syn.file=aes.hpp' from /home/tkgong/Research/VOLE-ocity/VOLEitH-FPGA/hls_component/hls_config.cfg(14)
INFO: [HLS 200-10] Adding design file '/home/tkgong/Research/VOLE-ocity/VOLEitH-FPGA/hls_component/aes.hpp' to the project
INFO: [HLS 200-1465] Applying config ini 'syn.file=encrypt.h' from /home/tkgong/Research/VOLE-ocity/VOLEitH-FPGA/hls_component/hls_config.cfg(15)
INFO: [HLS 200-10] Adding design file '/home/tkgong/Research/VOLE-ocity/VOLEitH-FPGA/hls_component/encrypt.h' to the project
INFO: [HLS 200-1465] Applying config ini 'syn.file=encrypt.cpp' from /home/tkgong/Research/VOLE-ocity/VOLEitH-FPGA/hls_component/hls_config.cfg(16)
INFO: [HLS 200-10] Adding design file '/home/tkgong/Research/VOLE-ocity/VOLEitH-FPGA/hls_component/encrypt.cpp' to the project
INFO: [HLS 200-1465] Applying config ini 'syn.file=PRG.h' from /home/tkgong/Research/VOLE-ocity/VOLEitH-FPGA/hls_component/hls_config.cfg(17)
INFO: [HLS 200-10] Adding design file '/home/tkgong/Research/VOLE-ocity/VOLEitH-FPGA/hls_component/PRG.h' to the project
INFO: [HLS 200-1465] Applying config ini 'syn.file=PRG.cpp' from /home/tkgong/Research/VOLE-ocity/VOLEitH-FPGA/hls_component/hls_config.cfg(18)
INFO: [HLS 200-10] Adding design file '/home/tkgong/Research/VOLE-ocity/VOLEitH-FPGA/hls_component/PRG.cpp' to the project
INFO: [HLS 200-1465] Applying config ini 'syn.file=ggm_tree.h' from /home/tkgong/Research/VOLE-ocity/VOLEitH-FPGA/hls_component/hls_config.cfg(19)
INFO: [HLS 200-10] Adding design file '/home/tkgong/Research/VOLE-ocity/VOLEitH-FPGA/hls_component/ggm_tree.h' to the project
INFO: [HLS 200-1465] Applying config ini 'syn.file=ggm_tree.cpp' from /home/tkgong/Research/VOLE-ocity/VOLEitH-FPGA/hls_component/hls_config.cfg(20)
INFO: [HLS 200-10] Adding design file '/home/tkgong/Research/VOLE-ocity/VOLEitH-FPGA/hls_component/ggm_tree.cpp' to the project
INFO: [HLS 200-1465] Applying config ini 'syn.file=sha3.hpp' from /home/tkgong/Research/VOLE-ocity/VOLEitH-FPGA/hls_component/hls_config.cfg(21)
INFO: [HLS 200-10] Adding design file '/home/tkgong/Research/VOLE-ocity/VOLEitH-FPGA/hls_component/sha3.hpp' to the project
INFO: [HLS 200-1465] Applying config ini 'syn.file=./shake.h' from /home/tkgong/Research/VOLE-ocity/VOLEitH-FPGA/hls_component/hls_config.cfg(22)
INFO: [HLS 200-10] Adding design file '/home/tkgong/Research/VOLE-ocity/VOLEitH-FPGA/hls_component/shake.h' to the project
INFO: [HLS 200-1465] Applying config ini 'syn.file=./shake.cpp' from /home/tkgong/Research/VOLE-ocity/VOLEitH-FPGA/hls_component/hls_config.cfg(23)
INFO: [HLS 200-10] Adding design file '/home/tkgong/Research/VOLE-ocity/VOLEitH-FPGA/hls_component/shake.cpp' to the project
INFO: [HLS 200-1465] Applying config ini 'syn.file=vole.h' from /home/tkgong/Research/VOLE-ocity/VOLEitH-FPGA/hls_component/hls_config.cfg(24)
INFO: [HLS 200-10] Adding design file '/home/tkgong/Research/VOLE-ocity/VOLEitH-FPGA/hls_component/vole.h' to the project
INFO: [HLS 200-1465] Applying config ini 'syn.file=vole.cpp' from /home/tkgong/Research/VOLE-ocity/VOLEitH-FPGA/hls_component/hls_config.cfg(25)
INFO: [HLS 200-10] Adding design file '/home/tkgong/Research/VOLE-ocity/VOLEitH-FPGA/hls_component/vole.cpp' to the project
INFO: [HLS 200-1465] Applying config ini 'syn.file=commit.h' from /home/tkgong/Research/VOLE-ocity/VOLEitH-FPGA/hls_component/hls_config.cfg(26)
INFO: [HLS 200-10] Adding design file '/home/tkgong/Research/VOLE-ocity/VOLEitH-FPGA/hls_component/commit.h' to the project
INFO: [HLS 200-1465] Applying config ini 'syn.file=commit.cpp' from /home/tkgong/Research/VOLE-ocity/VOLEitH-FPGA/hls_component/hls_config.cfg(27)
INFO: [HLS 200-10] Adding design file '/home/tkgong/Research/VOLE-ocity/VOLEitH-FPGA/hls_component/commit.cpp' to the project
INFO: [HLS 200-1465] Applying config ini 'syn.file=gatebygate.h' from /home/tkgong/Research/VOLE-ocity/VOLEitH-FPGA/hls_component/hls_config.cfg(28)
INFO: [HLS 200-10] Adding design file '/home/tkgong/Research/VOLE-ocity/VOLEitH-FPGA/hls_component/gatebygate.h' to the project
INFO: [HLS 200-1465] Applying config ini 'syn.file=gatebygate.cpp' from /home/tkgong/Research/VOLE-ocity/VOLEitH-FPGA/hls_component/hls_config.cfg(29)
INFO: [HLS 200-10] Adding design file '/home/tkgong/Research/VOLE-ocity/VOLEitH-FPGA/hls_component/gatebygate.cpp' to the project
INFO: [HLS 200-1465] Applying config ini 'syn.file=fiat_shamir.h' from /home/tkgong/Research/VOLE-ocity/VOLEitH-FPGA/hls_component/hls_config.cfg(30)
INFO: [HLS 200-10] Adding design file '/home/tkgong/Research/VOLE-ocity/VOLEitH-FPGA/hls_component/fiat_shamir.h' to the project
INFO: [HLS 200-1465] Applying config ini 'syn.file=fiat_shamir.cpp' from /home/tkgong/Research/VOLE-ocity/VOLEitH-FPGA/hls_component/hls_config.cfg(31)
INFO: [HLS 200-10] Adding design file '/home/tkgong/Research/VOLE-ocity/VOLEitH-FPGA/hls_component/fiat_shamir.cpp' to the project
INFO: [HLS 200-1465] Applying config ini 'syn.file=endtoend.h' from /home/tkgong/Research/VOLE-ocity/VOLEitH-FPGA/hls_component/hls_config.cfg(32)
INFO: [HLS 200-10] Adding design file '/home/tkgong/Research/VOLE-ocity/VOLEitH-FPGA/hls_component/endtoend.h' to the project
INFO: [HLS 200-1465] Applying config ini 'syn.file=endtoend.cpp' from /home/tkgong/Research/VOLE-ocity/VOLEitH-FPGA/hls_component/hls_config.cfg(33)
INFO: [HLS 200-10] Adding design file '/home/tkgong/Research/VOLE-ocity/VOLEitH-FPGA/hls_component/endtoend.cpp' to the project
INFO: [HLS 200-1465] Applying config ini 'tb.file=./tb_vole.cpp' from /home/tkgong/Research/VOLE-ocity/VOLEitH-FPGA/hls_component/hls_config.cfg(34)
INFO: [HLS 200-10] Adding test bench file '/home/tkgong/Research/VOLE-ocity/VOLEitH-FPGA/hls_component/tb_vole.cpp' to the project
INFO: [HLS 200-1465] Applying config ini 'syn.top=ConvertToVOLE' from /home/tkgong/Research/VOLE-ocity/VOLEitH-FPGA/hls_component/hls_config.cfg(35)
INFO: [HLS 200-1465] Applying config ini 'flow_target=vivado' from /home/tkgong/Research/VOLE-ocity/VOLEitH-FPGA/hls_component/hls_config.cfg(4)
INFO: [HLS 200-1505] Using flow_target 'vivado'
Resolution: For help on HLS 200-1505 see docs.xilinx.com/access/sources/dita/topic?Doc_Version=2025.1%20English&url=ug1448-hls-guidance&resourceid=200-1505.html
INFO: [HLS 200-1465] Applying config ini 'part=xcu250-figd2104-2-e' from /home/tkgong/Research/VOLE-ocity/VOLEitH-FPGA/hls_component/hls_config.cfg(1)
INFO: [HLS 200-1611] Setting target device to 'xcu250-figd2104-2-e'
INFO: [HLS 200-1465] Applying config ini 'clock=7ns' from /home/tkgong/Research/VOLE-ocity/VOLEitH-FPGA/hls_component/hls_config.cfg(7)
INFO: [SYN 201-201] Setting up clock 'default' with a period of 7ns.
INFO: [HLS 200-1465] Applying config ini 'clock_uncertainty=0ns' from /home/tkgong/Research/VOLE-ocity/VOLEitH-FPGA/hls_component/hls_config.cfg(12)
INFO: [SYN 201-201] Setting up clock 'default' with an uncertainty of 0ns.
INFO: [HLS 200-1465] Applying config ini 'csim.clean=1' from /home/tkgong/Research/VOLE-ocity/VOLEitH-FPGA/hls_component/hls_config.cfg(9)
INFO: [HLS 200-1465] Applying config ini 'csim.code_analyzer=0' from /home/tkgong/Research/VOLE-ocity/VOLEitH-FPGA/hls_component/hls_config.cfg(11)
INFO: [HLS 200-1465] Applying config ini 'package.output.format=ip_catalog' from /home/tkgong/Research/VOLE-ocity/VOLEitH-FPGA/hls_component/hls_config.cfg(5)
INFO: [HLS 200-1465] Applying config ini 'sim.O=1' from /home/tkgong/Research/VOLE-ocity/VOLEitH-FPGA/hls_component/hls_config.cfg(8)
INFO: [HLS 200-2176] Writing Vitis IDE component file /home/tkgong/Research/VOLE-ocity/VOLEitH-FPGA/hls_component/hls_component/vitis-comp.json
INFO: [HLS 200-111] Finished File checks and directory preparation: CPU user time: 3.2 seconds. CPU system time: 0.43 seconds. Elapsed time: 3.64 seconds; current allocated memory: 482.031 MB.
INFO: [HLS 200-10] Analyzing design file 'endtoend.cpp' ... 
INFO: [HLS 200-10] Analyzing design file 'fiat_shamir.cpp' ... 
WARNING: [HLS 207-5539] 'Resource pragma' is deprecated, use 'bind_op/bind_storage pragma' instead (./sha3.hpp:101:9)
WARNING: [HLS 207-5539] 'Resource pragma' is deprecated, use 'bind_op/bind_storage pragma' instead (./sha3.hpp:251:9)
WARNING: [HLS 207-5539] 'Resource pragma' is deprecated, use 'bind_op/bind_storage pragma' instead (./sha3.hpp:426:9)
WARNING: [HLS 207-5539] 'Resource pragma' is deprecated, use 'bind_op/bind_storage pragma' instead (./sha3.hpp:756:9)
INFO: [HLS 200-10] Analyzing design file 'gatebygate.cpp' ... 
INFO: [HLS 200-10] Analyzing design file 'commit.cpp' ... 
INFO: [HLS 200-10] Analyzing design file 'vole.cpp' ... 
INFO: [HLS 200-10] Analyzing design file 'shake.cpp' ... 
WARNING: [HLS 207-5539] 'Resource pragma' is deprecated, use 'bind_op/bind_storage pragma' instead (./sha3.hpp:101:9)
WARNING: [HLS 207-5539] 'Resource pragma' is deprecated, use 'bind_op/bind_storage pragma' instead (./sha3.hpp:251:9)
WARNING: [HLS 207-5539] 'Resource pragma' is deprecated, use 'bind_op/bind_storage pragma' instead (./sha3.hpp:426:9)
WARNING: [HLS 207-5539] 'Resource pragma' is deprecated, use 'bind_op/bind_storage pragma' instead (./sha3.hpp:756:9)
INFO: [HLS 200-10] Analyzing design file 'ggm_tree.cpp' ... 
WARNING: [HLS 207-5539] 'Resource pragma' is deprecated, use 'bind_op/bind_storage pragma' instead (./sha3.hpp:101:9)
WARNING: [HLS 207-5539] 'Resource pragma' is deprecated, use 'bind_op/bind_storage pragma' instead (./sha3.hpp:251:9)
WARNING: [HLS 207-5539] 'Resource pragma' is deprecated, use 'bind_op/bind_storage pragma' instead (./sha3.hpp:426:9)
WARNING: [HLS 207-5539] 'Resource pragma' is deprecated, use 'bind_op/bind_storage pragma' instead (./sha3.hpp:756:9)
INFO: [HLS 200-10] Analyzing design file 'PRG.cpp' ... 
INFO: [HLS 200-10] Analyzing design file 'encrypt.cpp' ... 
WARNING: [HLS 207-5539] 'Resource pragma' is deprecated, use 'bind_op/bind_storage pragma' instead (./aes.hpp:16:9)
WARNING: [HLS 207-5539] 'Resource pragma' is deprecated, use 'bind_op/bind_storage pragma' instead (./aes.hpp:17:9)
WARNING: [HLS 207-5292] unused parameter 'cipherkey' (./aes.hpp:57:31)
WARNING: [HLS 207-5292] unused parameter 'plaintext' (./aes.hpp:58:31)
WARNING: [HLS 207-5292] unused parameter 'cipherkey' (./aes.hpp:58:53)
WARNING: [HLS 207-5292] unused parameter 'ciphertext' (./aes.hpp:58:78)
WARNING: [HLS 207-5292] unused parameter 'cipherkey' (./aes.hpp:126:55)
WARNING: [HLS 207-5292] unused parameter 'cipherkey' (./aes.hpp:303:55)
WARNING: [HLS 207-5292] unused parameter 'cipherkey' (./aes.hpp:429:55)
WARNING: [HLS 207-5292] unused parameter 'cipherkey' (./aes.hpp:523:31)
WARNING: [HLS 207-5292] unused parameter 'ciphertext' (./aes.hpp:531:31)
WARNING: [HLS 207-5292] unused parameter 'cipherkey' (./aes.hpp:531:54)
WARNING: [HLS 207-5292] unused parameter 'plaintext' (./aes.hpp:531:79)
WARNING: [HLS 207-5292] unused parameter 'cipherkey' (./aes.hpp:624:56)
WARNING: [HLS 207-5292] unused parameter 'cipherkey' (./aes.hpp:786:56)
WARNING: [HLS 207-5292] unused parameter 'cipherkey' (./aes.hpp:935:56)
INFO: [HLS 200-111] Finished Source Code Analysis and Preprocessing: CPU user time: 12.46 seconds. CPU system time: 2.49 seconds. Elapsed time: 14.98 seconds; current allocated memory: 488.820 MB.
INFO: [HLS 200-777] Using interface defaults for 'Vivado' flow target.
INFO: [HLS 200-1995] There were 38,213 instructions in the design after the 'Compile/Link' phase of compilation. See the Design Size Report for more details (/home/tkgong/Research/VOLE-ocity/VOLEitH-FPGA/hls_component/hls_component/hls/syn/report/csynth_design_size.rpt:2)
INFO: [HLS 200-1995] There were 72,824 instructions in the design after the 'Unroll/Inline (step 1)' phase of compilation. See the Design Size Report for more details (/home/tkgong/Research/VOLE-ocity/VOLEitH-FPGA/hls_component/hls_component/hls/syn/report/csynth_design_size.rpt:2)
INFO: [HLS 200-1995] There were 46,336 instructions in the design after the 'Unroll/Inline (step 2)' phase of compilation. See the Design Size Report for more details (/home/tkgong/Research/VOLE-ocity/VOLEitH-FPGA/hls_component/hls_component/hls/syn/report/csynth_design_size.rpt:2)
INFO: [HLS 200-1995] There were 42,552 instructions in the design after the 'Unroll/Inline (step 3)' phase of compilation. See the Design Size Report for more details (/home/tkgong/Research/VOLE-ocity/VOLEitH-FPGA/hls_component/hls_component/hls/syn/report/csynth_design_size.rpt:2)
INFO: [HLS 200-1995] There were 42,552 instructions in the design after the 'Unroll/Inline (step 4)' phase of compilation. See the Design Size Report for more details (/home/tkgong/Research/VOLE-ocity/VOLEitH-FPGA/hls_component/hls_component/hls/syn/report/csynth_design_size.rpt:2)
INFO: [HLS 200-1995] There were 43,080 instructions in the design after the 'Array/Struct (step 1)' phase of compilation. See the Design Size Report for more details (/home/tkgong/Research/VOLE-ocity/VOLEitH-FPGA/hls_component/hls_component/hls/syn/report/csynth_design_size.rpt:2)
INFO: [HLS 200-1995] There were 42,993 instructions in the design after the 'Array/Struct (step 2)' phase of compilation. See the Design Size Report for more details (/home/tkgong/Research/VOLE-ocity/VOLEitH-FPGA/hls_component/hls_component/hls/syn/report/csynth_design_size.rpt:2)
INFO: [HLS 200-1995] There were 42,993 instructions in the design after the 'Array/Struct (step 3)' phase of compilation. See the Design Size Report for more details (/home/tkgong/Research/VOLE-ocity/VOLEitH-FPGA/hls_component/hls_component/hls/syn/report/csynth_design_size.rpt:2)
INFO: [HLS 200-1995] There were 42,993 instructions in the design after the 'Array/Struct (step 4)' phase of compilation. See the Design Size Report for more details (/home/tkgong/Research/VOLE-ocity/VOLEitH-FPGA/hls_component/hls_component/hls/syn/report/csynth_design_size.rpt:2)
INFO: [HLS 200-1995] There were 42,993 instructions in the design after the 'Array/Struct (step 5)' phase of compilation. See the Design Size Report for more details (/home/tkgong/Research/VOLE-ocity/VOLEitH-FPGA/hls_component/hls_component/hls/syn/report/csynth_design_size.rpt:2)
INFO: [HLS 200-1995] There were 42,975 instructions in the design after the 'Performance (step 1)' phase of compilation. See the Design Size Report for more details (/home/tkgong/Research/VOLE-ocity/VOLEitH-FPGA/hls_component/hls_component/hls/syn/report/csynth_design_size.rpt:2)
INFO: [HLS 200-1995] There were 42,687 instructions in the design after the 'Performance (step 2)' phase of compilation. See the Design Size Report for more details (/home/tkgong/Research/VOLE-ocity/VOLEitH-FPGA/hls_component/hls_component/hls/syn/report/csynth_design_size.rpt:2)
INFO: [HLS 200-1995] There were 42,687 instructions in the design after the 'Performance (step 3)' phase of compilation. See the Design Size Report for more details (/home/tkgong/Research/VOLE-ocity/VOLEitH-FPGA/hls_component/hls_component/hls/syn/report/csynth_design_size.rpt:2)
INFO: [HLS 200-1995] There were 42,679 instructions in the design after the 'Performance (step 4)' phase of compilation. See the Design Size Report for more details (/home/tkgong/Research/VOLE-ocity/VOLEitH-FPGA/hls_component/hls_component/hls/syn/report/csynth_design_size.rpt:2)
INFO: [HLS 200-1995] There were 42,825 instructions in the design after the 'HW Transforms (step 1)' phase of compilation. See the Design Size Report for more details (/home/tkgong/Research/VOLE-ocity/VOLEitH-FPGA/hls_component/hls_component/hls/syn/report/csynth_design_size.rpt:2)
INFO: [HLS 200-1995] There were 38,265 instructions in the design after the 'HW Transforms (step 2)' phase of compilation. See the Design Size Report for more details (/home/tkgong/Research/VOLE-ocity/VOLEitH-FPGA/hls_component/hls_component/hls/syn/report/csynth_design_size.rpt:2)
INFO: [HLS 214-131] Inlining function 'xf::security::aesTable::aesTable()' into 'xf::security::aesEnc<128>::aesEnc()' (./aes.hpp:386:5)
INFO: [HLS 214-131] Inlining function 'xf::security::aesEnc<128>::aesEnc()' into 'encrypt(ap_uint<128>, ap_uint<128>, ap_uint<128>&)' (encrypt.cpp:5:28)
WARNING: [HLS 214-340] The resource pragma (bind_storage) on top-level function argument, in 'call' is unsupported, please use INTERFACE pragma instead (vole.cpp:157:5)
WARNING: [HLS 214-340] The resource pragma (bind_storage) on top-level function argument, in 'call' is unsupported, please use INTERFACE pragma instead (vole.cpp:145:9)
WARNING: [HLS 214-340] The resource pragma (bind_storage) on top-level function argument, in 'call' is unsupported, please use INTERFACE pragma instead (vole.cpp:146:9)
INFO: [HLS 214-377] Adding 'cipher' into disaggregation list because there's array-partition pragma applied on the struct field (./aes.hpp:388:9)
INFO: [HLS 214-210] Disaggregating variable 'cipher' (encrypt.cpp:5:28)
Resolution: For help on HLS 214-210 see docs.xilinx.com/access/sources/dita/topic?Doc_Version=2025.1%20English&url=ug1448-hls-guidance&resourceid=214-210.html
INFO: [HLS 214-291] Loop 'INIT_V' is marked as complete unroll implied by the pipeline pragma (vole.cpp:57:10)
INFO: [HLS 214-291] Loop 'READ_LEAVES' is marked as complete unroll implied by the pipeline pragma (vole.cpp:62:26)
INFO: [HLS 214-291] Loop 'BUILD_LEVELS' is marked as complete unroll implied by the pipeline pragma (vole.cpp:67:27)
INFO: [HLS 214-291] Loop 'PROCESS_NODES' is marked as complete unroll implied by the pipeline pragma (vole.cpp:70:32)
INFO: [HLS 214-291] Loop 'WRITE_V' is marked as complete unroll implied by the pipeline pragma (vole.cpp:76:22)
INFO: [HLS 214-291] Loop 'VITIS_LOOP_26_2' is marked as complete unroll implied by the pipeline pragma (vole.cpp:26:19)
INFO: [HLS 214-291] Loop 'VITIS_LOOP_439_1' is marked as complete unroll implied by the pipeline pragma (./aes.hpp:439:27)
INFO: [HLS 214-291] Loop 'VITIS_LOOP_441_2' is marked as complete unroll implied by the pipeline pragma (./aes.hpp:441:31)
INFO: [HLS 214-291] Loop 'VITIS_LOOP_469_3' is marked as complete unroll implied by the pipeline pragma (./aes.hpp:469:31)
INFO: [HLS 214-291] Loop 'VITIS_LOOP_476_4' is marked as complete unroll implied by the pipeline pragma (./aes.hpp:476:35)
INFO: [HLS 214-291] Loop 'VITIS_LOOP_396_1' is marked as complete unroll implied by the pipeline pragma (./aes.hpp:396:27)
INFO: [HLS 214-188] Unrolling loop 'UNPACK_U' (vole.cpp:103:12) in function 'mem_transfer' partially with a factor of 2 (vole.cpp:93:0)
INFO: [HLS 214-186] Unrolling loop 'READ_V' (vole.cpp:112:9) in function 'mem_transfer' completely with a factor of 64 (vole.cpp:93:0)
INFO: [HLS 214-186] Unrolling loop 'VITIS_LOOP_114_2' (vole.cpp:114:20) in function 'mem_transfer' completely with a factor of 2 (vole.cpp:93:0)
INFO: [HLS 214-188] Unrolling loop 'WRITE_V' (vole.cpp:119:18) in function 'mem_transfer' partially with a factor of 2 (vole.cpp:93:0)
INFO: [HLS 214-186] Unrolling loop 'VITIS_LOOP_122_3' (vole.cpp:122:31) in function 'mem_transfer' completely with a factor of 64 (vole.cpp:93:0)
INFO: [HLS 214-186] Unrolling loop 'VITIS_LOOP_124_4' (vole.cpp:124:20) in function 'mem_transfer' completely with a factor of 2 (vole.cpp:93:0)
INFO: [HLS 214-186] Unrolling loop 'INIT_V' (vole.cpp:57:10) in function 'build_VOLE' completely with a factor of 2 (vole.cpp:44:0)
INFO: [HLS 214-186] Unrolling loop 'READ_LEAVES' (vole.cpp:62:26) in function 'build_VOLE' completely with a factor of 4 (vole.cpp:44:0)
INFO: [HLS 214-186] Unrolling loop 'BUILD_LEVELS' (vole.cpp:67:27) in function 'build_VOLE' completely with a factor of 2 (vole.cpp:44:0)
INFO: [HLS 214-186] Unrolling loop 'PROCESS_NODES' (vole.cpp:70:32) in function 'build_VOLE' completely with a factor of 1 (vole.cpp:44:0)
INFO: [HLS 214-186] Unrolling loop 'PROCESS_NODES' (vole.cpp:70:32) in function 'build_VOLE' completely with a factor of 2 (vole.cpp:44:0)
INFO: [HLS 214-186] Unrolling loop 'WRITE_V' (vole.cpp:76:22) in function 'build_VOLE' completely with a factor of 2 (vole.cpp:44:0)
INFO: [HLS 214-186] Unrolling loop 'VITIS_LOOP_26_2' (vole.cpp:26:19) in function 'expand_seed' completely with a factor of 4 (vole.cpp:11:0)
INFO: [HLS 214-186] Unrolling loop 'VITIS_LOOP_439_1' (./aes.hpp:439:27) in function 'xf::security::aesEnc<128>::process' completely with a factor of 10 (./aes.hpp:429:0)
INFO: [HLS 214-186] Unrolling loop 'VITIS_LOOP_476_4' (./aes.hpp:476:35) in function 'xf::security::aesEnc<128>::process' completely with a factor of 4 (./aes.hpp:429:0)
INFO: [HLS 214-186] Unrolling loop 'VITIS_LOOP_469_3' (./aes.hpp:469:31) in function 'xf::security::aesEnc<128>::process' completely with a factor of 16 (./aes.hpp:429:0)
INFO: [HLS 214-186] Unrolling loop 'VITIS_LOOP_441_2' (./aes.hpp:441:31) in function 'xf::security::aesEnc<128>::process' completely with a factor of 16 (./aes.hpp:429:0)
INFO: [HLS 214-186] Unrolling loop 'VITIS_LOOP_396_1' (./aes.hpp:396:27) in function 'xf::security::aesEnc<128>::updateKey' completely with a factor of 10 (./aes.hpp:391:0)
WARNING: [HLS 214-189] Pipeline directive for loop 'VITIS_LOOP_396_1' (./aes.hpp:396:27) in function 'xf::security::aesEnc<128>::updateKey' has been removed because the loop is unrolled completely (./aes.hpp:391:0)
INFO: [HLS 214-248] Applying array_partition to 'cipher.1': Complete partitioning on dimension 1. (encrypt.cpp:5:28)
INFO: [HLS 214-248] Applying array_partition to 'r_strm': Complete partitioning on dimension 1. (vole.cpp:149:31)
INFO: [HLS 214-248] Applying array_partition to 'v_strm': Complete partitioning on dimension 1. Complete partitioning on dimension 2. (vole.cpp:153:31)
INFO: [HLS 214-248] Applying array_partition to 'u': Cyclic partitioning with factor 2 on dimension 1. (vole.cpp:143:0)
INFO: [HLS 214-376] automatically set the pipeline for Loop< WRITE_V> at vole.cpp:119:18 
INFO: [HLS 214-376] automatically set the pipeline for Loop< UNPACK_U> at vole.cpp:103:12 
INFO: [HLS 214-376] automatically set the pipeline for Loop< READ_SEEDS> at vole.cpp:19:21 
INFO: [HLS 200-111] Finished Compiling Optimization and Transform: CPU user time: 6.73 seconds. CPU system time: 0.37 seconds. Elapsed time: 8.34 seconds; current allocated memory: 493.781 MB.
INFO: [HLS 200-111] Finished Checking Pragmas: CPU user time: 0 seconds. CPU system time: 0 seconds. Elapsed time: 0 seconds; current allocated memory: 493.781 MB.
INFO: [HLS 200-10] Starting code transformations ...
INFO: [HLS 200-111] Finished Standard Transforms: CPU user time: 0.19 seconds. CPU system time: 0 seconds. Elapsed time: 0.19 seconds; current allocated memory: 497.875 MB.
INFO: [HLS 200-10] Checking synthesizability ...
WARNING: [SYNCHK 200-23] vole.cpp:107: variable-indexed range selection may cause suboptimal QoR.
INFO: [SYNCHK 200-10] 0 error(s), 1 warning(s).
INFO: [HLS 200-111] Finished Checking Synthesizability: CPU user time: 0.23 seconds. CPU system time: 0 seconds. Elapsed time: 0.23 seconds; current allocated memory: 502.359 MB.
INFO: [XFORM 203-712] Applying dataflow to function 'ConvertToVOLE' (vole.cpp:138:1), detected/extracted 3 process function(s): 
	 'expand_seed'
	 'build_VOLE'
	 'mem_transfer'.
INFO: [XFORM 203-11] Balancing expressions in function 'xf::security::aesEnc<128>::process' (./aes.hpp:435:97)...450 expression(s) balanced.
INFO: [HLS 200-111] Finished Loop, function and other optimizations: CPU user time: 1.11 seconds. CPU system time: 0.01 seconds. Elapsed time: 1.12 seconds; current allocated memory: 527.422 MB.
INFO: [HLS 200-2061] Successfully converted nested loops 'PROCESS_BATCHES'(vole.cpp:48:19) and 'PROCESS_CHUNKS'(vole.cpp:49:25) in function 'build_VOLE' into perfectly nested loops.
INFO: [XFORM 203-541] Flattening a loop nest 'PROCESS_BATCHES' (vole.cpp:48:19) in function 'build_VOLE'.
INFO: [HLS 200-111] Finished Architecture Synthesis: CPU user time: 0.59 seconds. CPU system time: 0.02 seconds. Elapsed time: 0.6 seconds; current allocated memory: 649.078 MB.
INFO: [HLS 200-10] Starting hardware synthesis ...
INFO: [HLS 200-10] Synthesizing 'ConvertToVOLE' ...
WARNING: [SYN 201-103] Legalizing function name 'process' to 'process_r'.
WARNING: [SYN 201-303] Cannot apply memory assignment of 'ROM_nP_LUTRAM': 'cipher_0_ssbox' does not exist or is optimized away.
INFO: [HLS 200-10] ----------------------------------------------------------------
INFO: [HLS 200-42] -- Implementing module 'expand_seed_Pipeline_READ_SEEDS' 
INFO: [HLS 200-10] ----------------------------------------------------------------
INFO: [SCHED 204-11] Starting scheduling ...
INFO: [SCHED 204-61] Pipelining loop 'READ_SEEDS'.
INFO: [HLS 200-1470] Pipelining result : Target II = NA, Final II = 1, Depth = 2, loop 'READ_SEEDS'
INFO: [SCHED 204-11] Finished scheduling.
INFO: [HLS 200-111] Finished Scheduling: CPU user time: 0.1 seconds. CPU system time: 0.03 seconds. Elapsed time: 0.14 seconds; current allocated memory: 651.055 MB.
INFO: [BIND 205-100] Starting micro-architecture generation ...
INFO: [BIND 205-101] Performing variable lifetime analysis.
INFO: [BIND 205-101] Exploring resource sharing.
INFO: [BIND 205-101] Binding ...
INFO: [BIND 205-100] Finished micro-architecture generation.
INFO: [HLS 200-111] Finished Binding: CPU user time: 0.01 seconds. CPU system time: 0 seconds. Elapsed time: 0 seconds; current allocated memory: 651.055 MB.
INFO: [HLS 200-10] ----------------------------------------------------------------
INFO: [HLS 200-42] -- Implementing module 'updateKey' 
INFO: [HLS 200-10] ----------------------------------------------------------------
INFO: [SCHED 204-11] Starting scheduling ...
INFO: [SCHED 204-61] Pipelining function 'updateKey'.
INFO: [HLS 200-1470] Pipelining result : Target II = 1, Final II = 1, Depth = 11, function 'updateKey'
INFO: [SCHED 204-11] Finished scheduling.
INFO: [HLS 200-111] Finished Scheduling: CPU user time: 0.09 seconds. CPU system time: 0 seconds. Elapsed time: 0.1 seconds; current allocated memory: 654.035 MB.
INFO: [BIND 205-100] Starting micro-architecture generation ...
INFO: [BIND 205-101] Performing variable lifetime analysis.
INFO: [BIND 205-101] Exploring resource sharing.
INFO: [BIND 205-101] Binding ...
INFO: [BIND 205-100] Finished micro-architecture generation.
INFO: [HLS 200-111] Finished Binding: CPU user time: 0.02 seconds. CPU system time: 0 seconds. Elapsed time: 0.02 seconds; current allocated memory: 654.035 MB.
INFO: [HLS 200-10] ----------------------------------------------------------------
INFO: [HLS 200-42] -- Implementing module 'GFMul2' 
INFO: [HLS 200-10] ----------------------------------------------------------------
INFO: [SCHED 204-11] Starting scheduling ...
INFO: [SCHED 204-61] Pipelining function 'GFMul2'.
INFO: [HLS 200-1470] Pipelining result : Target II = 1, Final II = 1, Depth = 1, function 'GFMul2'
INFO: [SCHED 204-11] Finished scheduling.
INFO: [HLS 200-111] Finished Scheduling: CPU user time: 0.03 seconds. CPU system time: 0 seconds. Elapsed time: 0.02 seconds; current allocated memory: 654.035 MB.
INFO: [BIND 205-100] Starting micro-architecture generation ...
INFO: [BIND 205-101] Performing variable lifetime analysis.
INFO: [BIND 205-101] Exploring resource sharing.
INFO: [BIND 205-101] Binding ...
INFO: [BIND 205-100] Finished micro-architecture generation.
INFO: [HLS 200-111] Finished Binding: CPU user time: 0 seconds. CPU system time: 0 seconds. Elapsed time: 0 seconds; current allocated memory: 654.035 MB.
INFO: [HLS 200-10] ----------------------------------------------------------------
INFO: [HLS 200-42] -- Implementing module 'process_r' 
INFO: [HLS 200-10] ----------------------------------------------------------------
INFO: [SCHED 204-11] Starting scheduling ...
INFO: [SCHED 204-61] Pipelining function 'process'.
INFO: [HLS 200-1470] Pipelining result : Target II = 1, Final II = 1, Depth = 11, function 'process'
INFO: [SCHED 204-11] Finished scheduling.
INFO: [HLS 200-111] Finished Scheduling: CPU user time: 0.46 seconds. CPU system time: 0.01 seconds. Elapsed time: 0.47 seconds; current allocated memory: 666.770 MB.
INFO: [BIND 205-100] Starting micro-architecture generation ...
INFO: [BIND 205-101] Performing variable lifetime analysis.
INFO: [BIND 205-101] Exploring resource sharing.
INFO: [BIND 205-101] Binding ...
INFO: [BIND 205-100] Finished micro-architecture generation.
INFO: [HLS 200-111] Finished Binding: CPU user time: 0.11 seconds. CPU system time: 0 seconds. Elapsed time: 0.12 seconds; current allocated memory: 666.770 MB.
INFO: [HLS 200-10] ----------------------------------------------------------------
INFO: [HLS 200-42] -- Implementing module 'encrypt' 
INFO: [HLS 200-10] ----------------------------------------------------------------
INFO: [SCHED 204-11] Starting scheduling ...
INFO: [SCHED 204-61] Pipelining function 'encrypt'.
INFO: [HLS 200-1470] Pipelining result : Target II = 1, Final II = 1, Depth = 23, function 'encrypt'
INFO: [SCHED 204-11] Finished scheduling.
INFO: [HLS 200-111] Finished Scheduling: CPU user time: 0.07 seconds. CPU system time: 0 seconds. Elapsed time: 0.07 seconds; current allocated memory: 666.770 MB.
INFO: [BIND 205-100] Starting micro-architecture generation ...
INFO: [BIND 205-101] Performing variable lifetime analysis.
INFO: [BIND 205-101] Exploring resource sharing.
INFO: [BIND 205-101] Binding ...
INFO: [BIND 205-100] Finished micro-architecture generation.
INFO: [HLS 200-111] Finished Binding: CPU user time: 0.01 seconds. CPU system time: 0 seconds. Elapsed time: 0.01 seconds; current allocated memory: 666.770 MB.
INFO: [HLS 200-10] ----------------------------------------------------------------
INFO: [HLS 200-42] -- Implementing module 'PRG' 
INFO: [HLS 200-10] ----------------------------------------------------------------
INFO: [SCHED 204-11] Starting scheduling ...
INFO: [SCHED 204-61] Pipelining function 'PRG'.
INFO: [HLS 200-1470] Pipelining result : Target II = 1, Final II = 1, Depth = 24, function 'PRG'
INFO: [SCHED 204-11] Finished scheduling.
INFO: [HLS 200-111] Finished Scheduling: CPU user time: 0.02 seconds. CPU system time: 0 seconds. Elapsed time: 0.02 seconds; current allocated memory: 666.770 MB.
INFO: [BIND 205-100] Starting micro-architecture generation ...
INFO: [BIND 205-101] Performing variable lifetime analysis.
INFO: [BIND 205-101] Exploring resource sharing.
INFO: [BIND 205-101] Binding ...
INFO: [BIND 205-100] Finished micro-architecture generation.
INFO: [HLS 200-111] Finished Binding: CPU user time: 0.01 seconds. CPU system time: 0 seconds. Elapsed time: 0.01 seconds; current allocated memory: 666.770 MB.
INFO: [HLS 200-10] ----------------------------------------------------------------
INFO: [HLS 200-42] -- Implementing module 'expand_seed_Pipeline_PROCESS_CHUNKS' 
INFO: [HLS 200-10] ----------------------------------------------------------------
INFO: [SCHED 204-11] Starting scheduling ...
INFO: [SCHED 204-61] Pipelining loop 'PROCESS_CHUNKS'.
INFO: [HLS 200-1470] Pipelining result : Target II = 1, Final II = 1, Depth = 25, loop 'PROCESS_CHUNKS'
INFO: [SCHED 204-11] Finished scheduling.
INFO: [HLS 200-111] Finished Scheduling: CPU user time: 0.04 seconds. CPU system time: 0 seconds. Elapsed time: 0.04 seconds; current allocated memory: 666.770 MB.
INFO: [BIND 205-100] Starting micro-architecture generation ...
INFO: [BIND 205-101] Performing variable lifetime analysis.
INFO: [BIND 205-101] Exploring resource sharing.
INFO: [BIND 205-101] Binding ...
INFO: [BIND 205-100] Finished micro-architecture generation.
INFO: [HLS 200-111] Finished Binding: CPU user time: 0.03 seconds. CPU system time: 0 seconds. Elapsed time: 0.03 seconds; current allocated memory: 666.770 MB.
INFO: [HLS 200-10] ----------------------------------------------------------------
INFO: [HLS 200-42] -- Implementing module 'expand_seed' 
INFO: [HLS 200-10] ----------------------------------------------------------------
INFO: [SCHED 204-11] Starting scheduling ...
INFO: [SCHED 204-11] Finished scheduling.
INFO: [HLS 200-111] Finished Scheduling: CPU user time: 0.08 seconds. CPU system time: 0 seconds. Elapsed time: 0.08 seconds; current allocated memory: 666.770 MB.
INFO: [BIND 205-100] Starting micro-architecture generation ...
INFO: [BIND 205-101] Performing variable lifetime analysis.
INFO: [BIND 205-101] Exploring resource sharing.
INFO: [BIND 205-101] Binding ...
INFO: [BIND 205-100] Finished micro-architecture generation.
INFO: [HLS 200-111] Finished Binding: CPU user time: 0.03 seconds. CPU system time: 0.01 seconds. Elapsed time: 0.03 seconds; current allocated memory: 666.770 MB.
INFO: [HLS 200-10] ----------------------------------------------------------------
INFO: [HLS 200-42] -- Implementing module 'build_VOLE' 
INFO: [HLS 200-10] ----------------------------------------------------------------
INFO: [SCHED 204-11] Starting scheduling ...
INFO: [SCHED 204-61] Pipelining loop 'PROCESS_BATCHES_PROCESS_CHUNKS'.
INFO: [HLS 200-1470] Pipelining result : Target II = 1, Final II = 1, Depth = 2, loop 'PROCESS_BATCHES_PROCESS_CHUNKS'
INFO: [SCHED 204-11] Finished scheduling.
INFO: [HLS 200-111] Finished Scheduling: CPU user time: 0.24 seconds. CPU system time: 0 seconds. Elapsed time: 0.23 seconds; current allocated memory: 668.418 MB.
INFO: [BIND 205-100] Starting micro-architecture generation ...
INFO: [BIND 205-101] Performing variable lifetime analysis.
INFO: [BIND 205-101] Exploring resource sharing.
INFO: [BIND 205-101] Binding ...
INFO: [BIND 205-100] Finished micro-architecture generation.
INFO: [HLS 200-111] Finished Binding: CPU user time: 0.02 seconds. CPU system time: 0 seconds. Elapsed time: 0.03 seconds; current allocated memory: 668.418 MB.
INFO: [HLS 200-10] ----------------------------------------------------------------
INFO: [HLS 200-42] -- Implementing module 'mem_transfer_Pipeline_UNPACK_U' 
INFO: [HLS 200-10] ----------------------------------------------------------------
INFO: [SCHED 204-11] Starting scheduling ...
INFO: [SCHED 204-61] Pipelining loop 'UNPACK_U'.
INFO: [HLS 200-1470] Pipelining result : Target II = NA, Final II = 1, Depth = 1, loop 'UNPACK_U'
INFO: [SCHED 204-11] Finished scheduling.
INFO: [HLS 200-111] Finished Scheduling: CPU user time: 0.05 seconds. CPU system time: 0 seconds. Elapsed time: 0.04 seconds; current allocated memory: 668.418 MB.
INFO: [BIND 205-100] Starting micro-architecture generation ...
INFO: [BIND 205-101] Performing variable lifetime analysis.
INFO: [BIND 205-101] Exploring resource sharing.
INFO: [BIND 205-101] Binding ...
INFO: [BIND 205-100] Finished micro-architecture generation.
INFO: [HLS 200-111] Finished Binding: CPU user time: 0.01 seconds. CPU system time: 0 seconds. Elapsed time: 0.01 seconds; current allocated memory: 668.418 MB.
INFO: [HLS 200-10] ----------------------------------------------------------------
INFO: [HLS 200-42] -- Implementing module 'mem_transfer_Pipeline_WRITE_V' 
INFO: [HLS 200-10] ----------------------------------------------------------------
INFO: [SCHED 204-11] Starting scheduling ...
INFO: [SCHED 204-61] Pipelining loop 'WRITE_V'.
INFO: [HLS 200-1470] Pipelining result : Target II = NA, Final II = 1, Depth = 1, loop 'WRITE_V'
INFO: [SCHED 204-11] Finished scheduling.
INFO: [HLS 200-111] Finished Scheduling: CPU user time: 0.08 seconds. CPU system time: 0 seconds. Elapsed time: 0.09 seconds; current allocated memory: 672.957 MB.
INFO: [BIND 205-100] Starting micro-architecture generation ...
INFO: [BIND 205-101] Performing variable lifetime analysis.
INFO: [BIND 205-101] Exploring resource sharing.
INFO: [BIND 205-101] Binding ...
INFO: [BIND 205-100] Finished micro-architecture generation.
INFO: [HLS 200-111] Finished Binding: CPU user time: 0.09 seconds. CPU system time: 0 seconds. Elapsed time: 0.09 seconds; current allocated memory: 672.957 MB.
INFO: [HLS 200-10] ----------------------------------------------------------------
INFO: [HLS 200-42] -- Implementing module 'mem_transfer' 
INFO: [HLS 200-10] ----------------------------------------------------------------
INFO: [SCHED 204-11] Starting scheduling ...
INFO: [SCHED 204-11] Finished scheduling.
INFO: [HLS 200-111] Finished Scheduling: CPU user time: 0.11 seconds. CPU system time: 0 seconds. Elapsed time: 0.11 seconds; current allocated memory: 673.180 MB.
INFO: [BIND 205-100] Starting micro-architecture generation ...
INFO: [BIND 205-101] Performing variable lifetime analysis.
INFO: [BIND 205-101] Exploring resource sharing.
INFO: [BIND 205-101] Binding ...
INFO: [BIND 205-100] Finished micro-architecture generation.
INFO: [HLS 200-111] Finished Binding: CPU user time: 0.04 seconds. CPU system time: 0 seconds. Elapsed time: 0.04 seconds; current allocated memory: 673.234 MB.
INFO: [HLS 200-10] ----------------------------------------------------------------
INFO: [HLS 200-42] -- Implementing module 'ConvertToVOLE' 
INFO: [HLS 200-10] ----------------------------------------------------------------
INFO: [SCHED 204-11] Starting scheduling ...
INFO: [SCHED 204-11] Finished scheduling.
INFO: [HLS 200-111] Finished Scheduling: CPU user time: 0.1 seconds. CPU system time: 0.01 seconds. Elapsed time: 0.11 seconds; current allocated memory: 677.945 MB.
INFO: [BIND 205-100] Starting micro-architecture generation ...
INFO: [BIND 205-101] Performing variable lifetime analysis.
INFO: [BIND 205-101] Exploring resource sharing.
INFO: [BIND 205-101] Binding ...
INFO: [BIND 205-100] Finished micro-architecture generation.
INFO: [HLS 200-111] Finished Binding: CPU user time: 0.05 seconds. CPU system time: 0 seconds. Elapsed time: 0.05 seconds; current allocated memory: 677.945 MB.
INFO: [HLS 200-10] ----------------------------------------------------------------
INFO: [HLS 200-10] -- Generating RTL for module 'expand_seed_Pipeline_READ_SEEDS' 
INFO: [HLS 200-10] ----------------------------------------------------------------
INFO: [HLS 200-1030] Apply Unified Pipeline Control on module 'expand_seed_Pipeline_READ_SEEDS' pipeline 'READ_SEEDS' pipeline type 'loop pipeline'
INFO: [RTGEN 206-100] Finished creating RTL model for 'expand_seed_Pipeline_READ_SEEDS'.
INFO: [HLS 200-111] Finished Creating RTL model: CPU user time: 0.1 seconds. CPU system time: 0 seconds. Elapsed time: 0.09 seconds; current allocated memory: 677.945 MB.
INFO: [HLS 200-10] ----------------------------------------------------------------
INFO: [HLS 200-10] -- Generating RTL for module 'updateKey' 
INFO: [HLS 200-10] ----------------------------------------------------------------
INFO: [RTGEN 206-104] Estimated max fanout for 'updateKey' is 6088 from HDL expression: ((1'b1 == ap_ce_reg) & (1'b0 == ap_block_pp0_stage0_11001))
INFO: [RTGEN 206-100] Finished creating RTL model for 'updateKey'.
INFO: [HLS 200-2168] Implementing memory 'ConvertToVOLE_updateKey_cipher_0_ssbox13_ROM_NP_LUTRAM_1R' using distributed ROMs with 40 copies to ensure enough ports to satisfy II or latency constraints.
INFO: [HLS 200-111] Finished Creating RTL model: CPU user time: 0.06 seconds. CPU system time: 0 seconds. Elapsed time: 0.07 seconds; current allocated memory: 681.309 MB.
INFO: [HLS 200-10] ----------------------------------------------------------------
INFO: [HLS 200-10] -- Generating RTL for module 'GFMul2' 
INFO: [HLS 200-10] ----------------------------------------------------------------
INFO: [RTGEN 206-100] Finished creating RTL model for 'GFMul2'.
INFO: [HLS 200-111] Finished Creating RTL model: CPU user time: 0.06 seconds. CPU system time: 0.01 seconds. Elapsed time: 0.07 seconds; current allocated memory: 686.246 MB.
INFO: [HLS 200-10] ----------------------------------------------------------------
INFO: [HLS 200-10] -- Generating RTL for module 'process_r' 
INFO: [HLS 200-10] ----------------------------------------------------------------
INFO: [RTGEN 206-104] Estimated max fanout for 'process_r' is 7200 from HDL expression: ((1'b0 == ap_block_pp0_stage0_11001) & (1'b1 == ap_ce_reg))
INFO: [RTGEN 206-100] Finished creating RTL model for 'process_r'.
INFO: [HLS 200-2168] Implementing memory 'ConvertToVOLE_process_r_cipher_0_ssbox_ROM_NP_LUTRAM_1R' using distributed ROMs with 160 copies to ensure enough ports to satisfy II or latency constraints.
INFO: [HLS 200-111] Finished Creating RTL model: CPU user time: 0.22 seconds. CPU system time: 0 seconds. Elapsed time: 0.23 seconds; current allocated memory: 699.484 MB.
INFO: [HLS 200-10] ----------------------------------------------------------------
INFO: [HLS 200-10] -- Generating RTL for module 'encrypt' 
INFO: [HLS 200-10] ----------------------------------------------------------------
INFO: [RTGEN 206-104] Estimated max fanout for 'encrypt' is 10440 from HDL expression: ((1'b1 == ap_ce) & (1'b0 == ap_block_pp0_stage0_11001_ignoreCallOp26))
INFO: [RTGEN 206-100] Finished creating RTL model for 'encrypt'.
INFO: [HLS 200-111] Finished Creating RTL model: CPU user time: 0.26 seconds. CPU system time: 0.03 seconds. Elapsed time: 0.27 seconds; current allocated memory: 730.969 MB.
INFO: [HLS 200-10] ----------------------------------------------------------------
INFO: [HLS 200-10] -- Generating RTL for module 'PRG' 
INFO: [HLS 200-10] ----------------------------------------------------------------
INFO: [RTGEN 206-104] Estimated max fanout for 'PRG' is 21352, found 2 HDL expressions with this fanout: ((1'b0 == ap_block_pp0_stage0_11001_ignoreCallOp27) & (1'b1 == ap_ce_reg)), ((1'b0 == ap_block_pp0_stage0_11001_ignoreCallOp29) & (1'b1 == ap_ce_reg))
INFO: [RTGEN 206-100] Finished creating RTL model for 'PRG'.
INFO: [HLS 200-111] Finished Creating RTL model: CPU user time: 0.03 seconds. CPU system time: 0 seconds. Elapsed time: 0.04 seconds; current allocated memory: 730.969 MB.
INFO: [HLS 200-10] ----------------------------------------------------------------
INFO: [HLS 200-10] -- Generating RTL for module 'expand_seed_Pipeline_PROCESS_CHUNKS' 
INFO: [HLS 200-10] ----------------------------------------------------------------
INFO: [HLS 200-1030] Apply Unified Pipeline Control on module 'expand_seed_Pipeline_PROCESS_CHUNKS' pipeline 'PROCESS_CHUNKS' pipeline type 'loop pipeline'
INFO: [RTGEN 206-104] Estimated max fanout for 'expand_seed_Pipeline_PROCESS_CHUNKS' is 43728, found 4 HDL expressions with this fanout: ((1'b1 == ap_CS_fsm_pp0_stage0) & (1'b0 == ap_block_pp0_stage0_11001_ignoreCallOp49)), ((1'b1 == ap_CS_fsm_pp0_stage0) & (1'b0 == ap_block_pp0_stage0_11001_ignoreCallOp47)), ((1'b1 == ap_CS_fsm_pp0_stage0) & (1'b0 == ap_block_pp0_stage0_11001_ignoreCallOp48)), ((1'b1 == ap_CS_fsm_pp0_stage0) & (1'b0 == ap_block_pp0_stage0_11001_ignoreCallOp50))
INFO: [RTGEN 206-100] Finished creating RTL model for 'expand_seed_Pipeline_PROCESS_CHUNKS'.
INFO: [HLS 200-111] Finished Creating RTL model: CPU user time: 0.08 seconds. CPU system time: 0 seconds. Elapsed time: 0.08 seconds; current allocated memory: 730.969 MB.
INFO: [HLS 200-10] ----------------------------------------------------------------
INFO: [HLS 200-10] -- Generating RTL for module 'expand_seed' 
INFO: [HLS 200-10] ----------------------------------------------------------------
INFO: [RTGEN 206-100] Finished creating RTL model for 'expand_seed'.
INFO: [RTMG 210-278] Implementing memory 'ConvertToVOLE_expand_seed_sd_RAM_AUTO_1R1W' using auto RAMs.
INFO: [HLS 200-111] Finished Creating RTL model: CPU user time: 0.11 seconds. CPU system time: 0 seconds. Elapsed time: 0.11 seconds; current allocated memory: 730.969 MB.
INFO: [HLS 200-10] ----------------------------------------------------------------
INFO: [HLS 200-10] -- Generating RTL for module 'build_VOLE' 
INFO: [HLS 200-10] ----------------------------------------------------------------
INFO: [HLS 200-1030] Apply Unified Pipeline Control on module 'build_VOLE' pipeline 'PROCESS_BATCHES_PROCESS_CHUNKS' pipeline type 'loop pipeline'
INFO: [RTGEN 206-100] Finished creating RTL model for 'build_VOLE'.
INFO: [HLS 200-111] Finished Creating RTL model: CPU user time: 0.15 seconds. CPU system time: 0 seconds. Elapsed time: 0.15 seconds; current allocated memory: 730.969 MB.
INFO: [HLS 200-10] ----------------------------------------------------------------
INFO: [HLS 200-10] -- Generating RTL for module 'mem_transfer_Pipeline_UNPACK_U' 
INFO: [HLS 200-10] ----------------------------------------------------------------
INFO: [RTGEN 206-100] Generating core module 'bitselect_1ns_256ns_8ns_1_1_1': 2 instance(s).
INFO: [RTGEN 206-100] Finished creating RTL model for 'mem_transfer_Pipeline_UNPACK_U'.
INFO: [HLS 200-111] Finished Creating RTL model: CPU user time: 0.08 seconds. CPU system time: 0.01 seconds. Elapsed time: 0.09 seconds; current allocated memory: 733.527 MB.
INFO: [HLS 200-10] ----------------------------------------------------------------
INFO: [HLS 200-10] -- Generating RTL for module 'mem_transfer_Pipeline_WRITE_V' 
INFO: [HLS 200-10] ----------------------------------------------------------------
INFO: [RTGEN 206-100] Generating core module 'bitselect_1ns_256ns_8ns_1_1_1': 256 instance(s).
INFO: [RTGEN 206-100] Finished creating RTL model for 'mem_transfer_Pipeline_WRITE_V'.
INFO: [HLS 200-111] Finished Creating RTL model: CPU user time: 0.07 seconds. CPU system time: 0.01 seconds. Elapsed time: 0.08 seconds; current allocated memory: 736.414 MB.
INFO: [HLS 200-10] ----------------------------------------------------------------
INFO: [HLS 200-10] -- Generating RTL for module 'mem_transfer' 
INFO: [HLS 200-10] ----------------------------------------------------------------
INFO: [RTGEN 206-104] Estimated max fanout for 'mem_transfer' is 33047 from HDL expression: ((1'b1 == ap_CS_fsm_state2) & (1'b0 == ap_block_state2))
INFO: [RTGEN 206-100] Finished creating RTL model for 'mem_transfer'.
INFO: [HLS 200-111] Finished Creating RTL model: CPU user time: 0.15 seconds. CPU system time: 0.01 seconds. Elapsed time: 0.16 seconds; current allocated memory: 748.051 MB.
INFO: [HLS 200-10] ----------------------------------------------------------------
INFO: [HLS 200-10] -- Generating RTL for module 'ConvertToVOLE' 
INFO: [HLS 200-10] ----------------------------------------------------------------
INFO: [RTGEN 206-500] Setting interface mode on port 'ConvertToVOLE/iv' to 'ap_none'.
INFO: [RTGEN 206-500] Setting interface mode on port 'ConvertToVOLE/seed_strm' to 'ap_fifo'.
INFO: [RTGEN 206-500] Setting interface mode on port 'ConvertToVOLE/u_0' to 'ap_memory'.
INFO: [RTGEN 206-500] Setting interface mode on port 'ConvertToVOLE/u_1' to 'ap_memory'.
INFO: [RTGEN 206-500] Setting interface mode on port 'ConvertToVOLE/V' to 'ap_memory'.
INFO: [RTGEN 206-500] Setting interface mode on function 'ConvertToVOLE' to 'ap_ctrl_hs'.
INFO: [RTGEN 206-100] Finished creating RTL model for 'ConvertToVOLE'.
INFO: [RTMG 210-285] Implementing FIFO 'r_strm_U(ConvertToVOLE_fifo_w256_d2_S)' using Shift Registers.
INFO: [RTMG 210-285] Implementing FIFO 'r_strm_1_U(ConvertToVOLE_fifo_w256_d2_S)' using Shift Registers.
INFO: [RTMG 210-285] Implementing FIFO 'r_strm_2_U(ConvertToVOLE_fifo_w256_d2_S)' using Shift Registers.
INFO: [RTMG 210-285] Implementing FIFO 'r_strm_3_U(ConvertToVOLE_fifo_w256_d2_S)' using Shift Registers.
INFO: [RTMG 210-285] Implementing FIFO 'u_strm_U(ConvertToVOLE_fifo_w256_d2_S)' using Shift Registers.
INFO: [RTMG 210-285] Implementing FIFO 'v_strm_U(ConvertToVOLE_fifo_w256_d2_S)' using Shift Registers.
INFO: [RTMG 210-285] Implementing FIFO 'v_strm_1_U(ConvertToVOLE_fifo_w256_d2_S)' using Shift Registers.
INFO: [RTMG 210-285] Implementing FIFO 'v_strm_2_U(ConvertToVOLE_fifo_w256_d2_S)' using Shift Registers.
INFO: [RTMG 210-285] Implementing FIFO 'v_strm_3_U(ConvertToVOLE_fifo_w256_d2_S)' using Shift Registers.
INFO: [RTMG 210-285] Implementing FIFO 'v_strm_4_U(ConvertToVOLE_fifo_w256_d2_S)' using Shift Registers.
INFO: [RTMG 210-285] Implementing FIFO 'v_strm_5_U(ConvertToVOLE_fifo_w256_d2_S)' using Shift Registers.
INFO: [RTMG 210-285] Implementing FIFO 'v_strm_6_U(ConvertToVOLE_fifo_w256_d2_S)' using Shift Registers.
INFO: [RTMG 210-285] Implementing FIFO 'v_strm_7_U(ConvertToVOLE_fifo_w256_d2_S)' using Shift Registers.
INFO: [RTMG 210-285] Implementing FIFO 'v_strm_8_U(ConvertToVOLE_fifo_w256_d2_S)' using Shift Registers.
INFO: [RTMG 210-285] Implementing FIFO 'v_strm_9_U(ConvertToVOLE_fifo_w256_d2_S)' using Shift Registers.
INFO: [RTMG 210-285] Implementing FIFO 'v_strm_10_U(ConvertToVOLE_fifo_w256_d2_S)' using Shift Registers.
INFO: [RTMG 210-285] Implementing FIFO 'v_strm_11_U(ConvertToVOLE_fifo_w256_d2_S)' using Shift Registers.
INFO: [RTMG 210-285] Implementing FIFO 'v_strm_12_U(ConvertToVOLE_fifo_w256_d2_S)' using Shift Registers.
INFO: [RTMG 210-285] Implementing FIFO 'v_strm_13_U(ConvertToVOLE_fifo_w256_d2_S)' using Shift Registers.
INFO: [RTMG 210-285] Implementing FIFO 'v_strm_14_U(ConvertToVOLE_fifo_w256_d2_S)' using Shift Registers.
INFO: [RTMG 210-285] Implementing FIFO 'v_strm_15_U(ConvertToVOLE_fifo_w256_d2_S)' using Shift Registers.
INFO: [RTMG 210-285] Implementing FIFO 'v_strm_16_U(ConvertToVOLE_fifo_w256_d2_S)' using Shift Registers.
INFO: [RTMG 210-285] Implementing FIFO 'v_strm_17_U(ConvertToVOLE_fifo_w256_d2_S)' using Shift Registers.
INFO: [RTMG 210-285] Implementing FIFO 'v_strm_18_U(ConvertToVOLE_fifo_w256_d2_S)' using Shift Registers.
INFO: [RTMG 210-285] Implementing FIFO 'v_strm_19_U(ConvertToVOLE_fifo_w256_d2_S)' using Shift Registers.
INFO: [RTMG 210-285] Implementing FIFO 'v_strm_20_U(ConvertToVOLE_fifo_w256_d2_S)' using Shift Registers.
INFO: [RTMG 210-285] Implementing FIFO 'v_strm_21_U(ConvertToVOLE_fifo_w256_d2_S)' using Shift Registers.
INFO: [RTMG 210-285] Implementing FIFO 'v_strm_22_U(ConvertToVOLE_fifo_w256_d2_S)' using Shift Registers.
INFO: [RTMG 210-285] Implementing FIFO 'v_strm_23_U(ConvertToVOLE_fifo_w256_d2_S)' using Shift Registers.
INFO: [RTMG 210-285] Implementing FIFO 'v_strm_24_U(ConvertToVOLE_fifo_w256_d2_S)' using Shift Registers.
INFO: [RTMG 210-285] Implementing FIFO 'v_strm_25_U(ConvertToVOLE_fifo_w256_d2_S)' using Shift Registers.
INFO: [RTMG 210-285] Implementing FIFO 'v_strm_26_U(ConvertToVOLE_fifo_w256_d2_S)' using Shift Registers.
INFO: [RTMG 210-285] Implementing FIFO 'v_strm_27_U(ConvertToVOLE_fifo_w256_d2_S)' using Shift Registers.
INFO: [RTMG 210-285] Implementing FIFO 'v_strm_28_U(ConvertToVOLE_fifo_w256_d2_S)' using Shift Registers.
INFO: [RTMG 210-285] Implementing FIFO 'v_strm_29_U(ConvertToVOLE_fifo_w256_d2_S)' using Shift Registers.
INFO: [RTMG 210-285] Implementing FIFO 'v_strm_30_U(ConvertToVOLE_fifo_w256_d2_S)' using Shift Registers.
INFO: [RTMG 210-285] Implementing FIFO 'v_strm_31_U(ConvertToVOLE_fifo_w256_d2_S)' using Shift Registers.
INFO: [RTMG 210-285] Implementing FIFO 'v_strm_32_U(ConvertToVOLE_fifo_w256_d2_S)' using Shift Registers.
INFO: [RTMG 210-285] Implementing FIFO 'v_strm_33_U(ConvertToVOLE_fifo_w256_d2_S)' using Shift Registers.
INFO: [RTMG 210-285] Implementing FIFO 'v_strm_34_U(ConvertToVOLE_fifo_w256_d2_S)' using Shift Registers.
INFO: [RTMG 210-285] Implementing FIFO 'v_strm_35_U(ConvertToVOLE_fifo_w256_d2_S)' using Shift Registers.
INFO: [RTMG 210-285] Implementing FIFO 'v_strm_36_U(ConvertToVOLE_fifo_w256_d2_S)' using Shift Registers.
INFO: [RTMG 210-285] Implementing FIFO 'v_strm_37_U(ConvertToVOLE_fifo_w256_d2_S)' using Shift Registers.
INFO: [RTMG 210-285] Implementing FIFO 'v_strm_38_U(ConvertToVOLE_fifo_w256_d2_S)' using Shift Registers.
INFO: [RTMG 210-285] Implementing FIFO 'v_strm_39_U(ConvertToVOLE_fifo_w256_d2_S)' using Shift Registers.
INFO: [RTMG 210-285] Implementing FIFO 'v_strm_40_U(ConvertToVOLE_fifo_w256_d2_S)' using Shift Registers.
INFO: [RTMG 210-285] Implementing FIFO 'v_strm_41_U(ConvertToVOLE_fifo_w256_d2_S)' using Shift Registers.
INFO: [RTMG 210-285] Implementing FIFO 'v_strm_42_U(ConvertToVOLE_fifo_w256_d2_S)' using Shift Registers.
INFO: [RTMG 210-285] Implementing FIFO 'v_strm_43_U(ConvertToVOLE_fifo_w256_d2_S)' using Shift Registers.
INFO: [RTMG 210-285] Implementing FIFO 'v_strm_44_U(ConvertToVOLE_fifo_w256_d2_S)' using Shift Registers.
INFO: [RTMG 210-285] Implementing FIFO 'v_strm_45_U(ConvertToVOLE_fifo_w256_d2_S)' using Shift Registers.
INFO: [RTMG 210-285] Implementing FIFO 'v_strm_46_U(ConvertToVOLE_fifo_w256_d2_S)' using Shift Registers.
INFO: [RTMG 210-285] Implementing FIFO 'v_strm_47_U(ConvertToVOLE_fifo_w256_d2_S)' using Shift Registers.
INFO: [RTMG 210-285] Implementing FIFO 'v_strm_48_U(ConvertToVOLE_fifo_w256_d2_S)' using Shift Registers.
INFO: [RTMG 210-285] Implementing FIFO 'v_strm_49_U(ConvertToVOLE_fifo_w256_d2_S)' using Shift Registers.
INFO: [RTMG 210-285] Implementing FIFO 'v_strm_50_U(ConvertToVOLE_fifo_w256_d2_S)' using Shift Registers.
INFO: [RTMG 210-285] Implementing FIFO 'v_strm_51_U(ConvertToVOLE_fifo_w256_d2_S)' using Shift Registers.
INFO: [RTMG 210-285] Implementing FIFO 'v_strm_52_U(ConvertToVOLE_fifo_w256_d2_S)' using Shift Registers.
INFO: [RTMG 210-285] Implementing FIFO 'v_strm_53_U(ConvertToVOLE_fifo_w256_d2_S)' using Shift Registers.
INFO: [RTMG 210-285] Implementing FIFO 'v_strm_54_U(ConvertToVOLE_fifo_w256_d2_S)' using Shift Registers.
INFO: [RTMG 210-285] Implementing FIFO 'v_strm_55_U(ConvertToVOLE_fifo_w256_d2_S)' using Shift Registers.
INFO: [RTMG 210-285] Implementing FIFO 'v_strm_56_U(ConvertToVOLE_fifo_w256_d2_S)' using Shift Registers.
INFO: [RTMG 210-285] Implementing FIFO 'v_strm_57_U(ConvertToVOLE_fifo_w256_d2_S)' using Shift Registers.
INFO: [RTMG 210-285] Implementing FIFO 'v_strm_58_U(ConvertToVOLE_fifo_w256_d2_S)' using Shift Registers.
INFO: [RTMG 210-285] Implementing FIFO 'v_strm_59_U(ConvertToVOLE_fifo_w256_d2_S)' using Shift Registers.
INFO: [RTMG 210-285] Implementing FIFO 'v_strm_60_U(ConvertToVOLE_fifo_w256_d2_S)' using Shift Registers.
INFO: [RTMG 210-285] Implementing FIFO 'v_strm_61_U(ConvertToVOLE_fifo_w256_d2_S)' using Shift Registers.
INFO: [RTMG 210-285] Implementing FIFO 'v_strm_62_U(ConvertToVOLE_fifo_w256_d2_S)' using Shift Registers.
INFO: [RTMG 210-285] Implementing FIFO 'v_strm_63_U(ConvertToVOLE_fifo_w256_d2_S)' using Shift Registers.
INFO: [RTMG 210-285] Implementing FIFO 'v_strm_64_U(ConvertToVOLE_fifo_w256_d2_S)' using Shift Registers.
INFO: [RTMG 210-285] Implementing FIFO 'v_strm_65_U(ConvertToVOLE_fifo_w256_d2_S)' using Shift Registers.
INFO: [RTMG 210-285] Implementing FIFO 'v_strm_66_U(ConvertToVOLE_fifo_w256_d2_S)' using Shift Registers.
INFO: [RTMG 210-285] Implementing FIFO 'v_strm_67_U(ConvertToVOLE_fifo_w256_d2_S)' using Shift Registers.
INFO: [RTMG 210-285] Implementing FIFO 'v_strm_68_U(ConvertToVOLE_fifo_w256_d2_S)' using Shift Registers.
INFO: [RTMG 210-285] Implementing FIFO 'v_strm_69_U(ConvertToVOLE_fifo_w256_d2_S)' using Shift Registers.
INFO: [RTMG 210-285] Implementing FIFO 'v_strm_70_U(ConvertToVOLE_fifo_w256_d2_S)' using Shift Registers.
INFO: [RTMG 210-285] Implementing FIFO 'v_strm_71_U(ConvertToVOLE_fifo_w256_d2_S)' using Shift Registers.
INFO: [RTMG 210-285] Implementing FIFO 'v_strm_72_U(ConvertToVOLE_fifo_w256_d2_S)' using Shift Registers.
INFO: [RTMG 210-285] Implementing FIFO 'v_strm_73_U(ConvertToVOLE_fifo_w256_d2_S)' using Shift Registers.
INFO: [RTMG 210-285] Implementing FIFO 'v_strm_74_U(ConvertToVOLE_fifo_w256_d2_S)' using Shift Registers.
INFO: [RTMG 210-285] Implementing FIFO 'v_strm_75_U(ConvertToVOLE_fifo_w256_d2_S)' using Shift Registers.
INFO: [RTMG 210-285] Implementing FIFO 'v_strm_76_U(ConvertToVOLE_fifo_w256_d2_S)' using Shift Registers.
INFO: [RTMG 210-285] Implementing FIFO 'v_strm_77_U(ConvertToVOLE_fifo_w256_d2_S)' using Shift Registers.
INFO: [RTMG 210-285] Implementing FIFO 'v_strm_78_U(ConvertToVOLE_fifo_w256_d2_S)' using Shift Registers.
INFO: [RTMG 210-285] Implementing FIFO 'v_strm_79_U(ConvertToVOLE_fifo_w256_d2_S)' using Shift Registers.
INFO: [RTMG 210-285] Implementing FIFO 'v_strm_80_U(ConvertToVOLE_fifo_w256_d2_S)' using Shift Registers.
INFO: [RTMG 210-285] Implementing FIFO 'v_strm_81_U(ConvertToVOLE_fifo_w256_d2_S)' using Shift Registers.
INFO: [RTMG 210-285] Implementing FIFO 'v_strm_82_U(ConvertToVOLE_fifo_w256_d2_S)' using Shift Registers.
INFO: [RTMG 210-285] Implementing FIFO 'v_strm_83_U(ConvertToVOLE_fifo_w256_d2_S)' using Shift Registers.
INFO: [RTMG 210-285] Implementing FIFO 'v_strm_84_U(ConvertToVOLE_fifo_w256_d2_S)' using Shift Registers.
INFO: [RTMG 210-285] Implementing FIFO 'v_strm_85_U(ConvertToVOLE_fifo_w256_d2_S)' using Shift Registers.
INFO: [RTMG 210-285] Implementing FIFO 'v_strm_86_U(ConvertToVOLE_fifo_w256_d2_S)' using Shift Registers.
INFO: [RTMG 210-285] Implementing FIFO 'v_strm_87_U(ConvertToVOLE_fifo_w256_d2_S)' using Shift Registers.
INFO: [RTMG 210-285] Implementing FIFO 'v_strm_88_U(ConvertToVOLE_fifo_w256_d2_S)' using Shift Registers.
INFO: [RTMG 210-285] Implementing FIFO 'v_strm_89_U(ConvertToVOLE_fifo_w256_d2_S)' using Shift Registers.
INFO: [RTMG 210-285] Implementing FIFO 'v_strm_90_U(ConvertToVOLE_fifo_w256_d2_S)' using Shift Registers.
INFO: [RTMG 210-285] Implementing FIFO 'v_strm_91_U(ConvertToVOLE_fifo_w256_d2_S)' using Shift Registers.
INFO: [RTMG 210-285] Implementing FIFO 'v_strm_92_U(ConvertToVOLE_fifo_w256_d2_S)' using Shift Registers.
INFO: [RTMG 210-285] Implementing FIFO 'v_strm_93_U(ConvertToVOLE_fifo_w256_d2_S)' using Shift Registers.
INFO: [RTMG 210-285] Implementing FIFO 'v_strm_94_U(ConvertToVOLE_fifo_w256_d2_S)' using Shift Registers.
INFO: [RTMG 210-285] Implementing FIFO 'v_strm_95_U(ConvertToVOLE_fifo_w256_d2_S)' using Shift Registers.
INFO: [RTMG 210-285] Implementing FIFO 'v_strm_96_U(ConvertToVOLE_fifo_w256_d2_S)' using Shift Registers.
INFO: [RTMG 210-285] Implementing FIFO 'v_strm_97_U(ConvertToVOLE_fifo_w256_d2_S)' using Shift Registers.
INFO: [RTMG 210-285] Implementing FIFO 'v_strm_98_U(ConvertToVOLE_fifo_w256_d2_S)' using Shift Registers.
INFO: [RTMG 210-285] Implementing FIFO 'v_strm_99_U(ConvertToVOLE_fifo_w256_d2_S)' using Shift Registers.
INFO: [RTMG 210-285] Implementing FIFO 'v_strm_100_U(ConvertToVOLE_fifo_w256_d2_S)' using Shift Registers.
INFO: [RTMG 210-285] Implementing FIFO 'v_strm_101_U(ConvertToVOLE_fifo_w256_d2_S)' using Shift Registers.
INFO: [RTMG 210-285] Implementing FIFO 'v_strm_102_U(ConvertToVOLE_fifo_w256_d2_S)' using Shift Registers.
INFO: [RTMG 210-285] Implementing FIFO 'v_strm_103_U(ConvertToVOLE_fifo_w256_d2_S)' using Shift Registers.
INFO: [RTMG 210-285] Implementing FIFO 'v_strm_104_U(ConvertToVOLE_fifo_w256_d2_S)' using Shift Registers.
INFO: [RTMG 210-285] Implementing FIFO 'v_strm_105_U(ConvertToVOLE_fifo_w256_d2_S)' using Shift Registers.
INFO: [RTMG 210-285] Implementing FIFO 'v_strm_106_U(ConvertToVOLE_fifo_w256_d2_S)' using Shift Registers.
INFO: [RTMG 210-285] Implementing FIFO 'v_strm_107_U(ConvertToVOLE_fifo_w256_d2_S)' using Shift Registers.
INFO: [RTMG 210-285] Implementing FIFO 'v_strm_108_U(ConvertToVOLE_fifo_w256_d2_S)' using Shift Registers.
INFO: [RTMG 210-285] Implementing FIFO 'v_strm_109_U(ConvertToVOLE_fifo_w256_d2_S)' using Shift Registers.
INFO: [RTMG 210-285] Implementing FIFO 'v_strm_110_U(ConvertToVOLE_fifo_w256_d2_S)' using Shift Registers.
INFO: [RTMG 210-285] Implementing FIFO 'v_strm_111_U(ConvertToVOLE_fifo_w256_d2_S)' using Shift Registers.
INFO: [RTMG 210-285] Implementing FIFO 'v_strm_112_U(ConvertToVOLE_fifo_w256_d2_S)' using Shift Registers.
INFO: [RTMG 210-285] Implementing FIFO 'v_strm_113_U(ConvertToVOLE_fifo_w256_d2_S)' using Shift Registers.
INFO: [RTMG 210-285] Implementing FIFO 'v_strm_114_U(ConvertToVOLE_fifo_w256_d2_S)' using Shift Registers.
INFO: [RTMG 210-285] Implementing FIFO 'v_strm_115_U(ConvertToVOLE_fifo_w256_d2_S)' using Shift Registers.
INFO: [RTMG 210-285] Implementing FIFO 'v_strm_116_U(ConvertToVOLE_fifo_w256_d2_S)' using Shift Registers.
INFO: [RTMG 210-285] Implementing FIFO 'v_strm_117_U(ConvertToVOLE_fifo_w256_d2_S)' using Shift Registers.
INFO: [RTMG 210-285] Implementing FIFO 'v_strm_118_U(ConvertToVOLE_fifo_w256_d2_S)' using Shift Registers.
INFO: [RTMG 210-285] Implementing FIFO 'v_strm_119_U(ConvertToVOLE_fifo_w256_d2_S)' using Shift Registers.
INFO: [RTMG 210-285] Implementing FIFO 'v_strm_120_U(ConvertToVOLE_fifo_w256_d2_S)' using Shift Registers.
INFO: [RTMG 210-285] Implementing FIFO 'v_strm_121_U(ConvertToVOLE_fifo_w256_d2_S)' using Shift Registers.
INFO: [RTMG 210-285] Implementing FIFO 'v_strm_122_U(ConvertToVOLE_fifo_w256_d2_S)' using Shift Registers.
INFO: [RTMG 210-285] Implementing FIFO 'v_strm_123_U(ConvertToVOLE_fifo_w256_d2_S)' using Shift Registers.
INFO: [RTMG 210-285] Implementing FIFO 'v_strm_124_U(ConvertToVOLE_fifo_w256_d2_S)' using Shift Registers.
INFO: [RTMG 210-285] Implementing FIFO 'v_strm_125_U(ConvertToVOLE_fifo_w256_d2_S)' using Shift Registers.
INFO: [RTMG 210-285] Implementing FIFO 'v_strm_126_U(ConvertToVOLE_fifo_w256_d2_S)' using Shift Registers.
INFO: [RTMG 210-285] Implementing FIFO 'v_strm_127_U(ConvertToVOLE_fifo_w256_d2_S)' using Shift Registers.
INFO: [RTMG 210-285] Implementing FIFO 'start_for_build_VOLE_U0_U(ConvertToVOLE_start_for_build_VOLE_U0)' using Shift Registers.
INFO: [RTMG 210-285] Implementing FIFO 'start_for_mem_transfer_U0_U(ConvertToVOLE_start_for_mem_transfer_U0)' using Shift Registers.
INFO: [HLS 200-111] Finished Creating RTL model: CPU user time: 0.16 seconds. CPU system time: 0.02 seconds. Elapsed time: 0.17 seconds; current allocated memory: 760.082 MB.
INFO: [HLS 200-111] Finished Generating all RTL models: CPU user time: 0.35 seconds. CPU system time: 0.01 seconds. Elapsed time: 0.38 seconds; current allocated memory: 769.934 MB.
INFO: [HLS 200-111] Finished Updating report files: CPU user time: 1.64 seconds. CPU system time: 0.03 seconds. Elapsed time: 1.67 seconds; current allocated memory: 812.387 MB.
INFO: [VHDL 208-304] Generating VHDL RTL for ConvertToVOLE.
INFO: [VLOG 209-307] Generating Verilog RTL for ConvertToVOLE.
INFO: [HLS 200-790] **** Loop Constraint Status: All loop constraints were satisfied.
INFO: [HLS 200-789] **** Estimated Fmax: 167.76 MHz
INFO: [HLS 200-112] Total CPU user time: 29.98 seconds. Total CPU system time: 3.52 seconds. Total elapsed time: 34.79 seconds; peak allocated memory: 812.387 MB.
INFO: [v++ 60-791] Total elapsed time: 0h 0m 38s
