  **** HLS Build v2025.1 6135595
INFO: [HLS 200-2005] Using work_dir /home/tkgong/Research/VOLE-ocity/VOLEitH-FPGA/hls_component/hls_component 
INFO: [HLS 200-2176] Writing Vitis IDE component file /home/tkgong/Research/VOLE-ocity/VOLEitH-FPGA/hls_component/hls_component/vitis-comp.json
INFO: [HLS 200-10] Creating and opening component '/home/tkgong/Research/VOLE-ocity/VOLEitH-FPGA/hls_component/hls_component'.
INFO: [HLS 200-1505] Using default flow_target 'vivado'
Resolution: For help on HLS 200-1505 see docs.xilinx.com/access/sources/dita/topic?Doc_Version=2025.1%20English&url=ug1448-hls-guidance&resourceid=200-1505.html
INFO: [HLS 200-2174] Applying component config ini file /home/tkgong/Research/VOLE-ocity/VOLEitH-FPGA/hls_component/hls_config.cfg
WARNING: [HLS 200-1921] Skipping unknown config ini [hls] entry 'ldflags=-lstdc++' from /home/tkgong/Research/VOLE-ocity/VOLEitH-FPGA/hls_component/hls_config.cfg(10)
INFO: [HLS 200-1465] Applying config ini 'syn.file=defs.h' from /home/tkgong/Research/VOLE-ocity/VOLEitH-FPGA/hls_component/hls_config.cfg(13)
INFO: [HLS 200-10] Adding design file '/home/tkgong/Research/VOLE-ocity/VOLEitH-FPGA/hls_component/defs.h' to the project
INFO: [HLS 200-1465] Applying config ini 'syn.file=aes.hpp' from /home/tkgong/Research/VOLE-ocity/VOLEitH-FPGA/hls_component/hls_config.cfg(14)
INFO: [HLS 200-10] Adding design file '/home/tkgong/Research/VOLE-ocity/VOLEitH-FPGA/hls_component/aes.hpp' to the project
INFO: [HLS 200-1465] Applying config ini 'syn.file=encrypt.h' from /home/tkgong/Research/VOLE-ocity/VOLEitH-FPGA/hls_component/hls_config.cfg(15)
INFO: [HLS 200-10] Adding design file '/home/tkgong/Research/VOLE-ocity/VOLEitH-FPGA/hls_component/encrypt.h' to the project
INFO: [HLS 200-1465] Applying config ini 'syn.file=encrypt.cpp' from /home/tkgong/Research/VOLE-ocity/VOLEitH-FPGA/hls_component/hls_config.cfg(16)
INFO: [HLS 200-10] Adding design file '/home/tkgong/Research/VOLE-ocity/VOLEitH-FPGA/hls_component/encrypt.cpp' to the project
INFO: [HLS 200-1465] Applying config ini 'syn.file=PRG.h' from /home/tkgong/Research/VOLE-ocity/VOLEitH-FPGA/hls_component/hls_config.cfg(17)
INFO: [HLS 200-10] Adding design file '/home/tkgong/Research/VOLE-ocity/VOLEitH-FPGA/hls_component/PRG.h' to the project
INFO: [HLS 200-1465] Applying config ini 'syn.file=PRG.cpp' from /home/tkgong/Research/VOLE-ocity/VOLEitH-FPGA/hls_component/hls_config.cfg(18)
INFO: [HLS 200-10] Adding design file '/home/tkgong/Research/VOLE-ocity/VOLEitH-FPGA/hls_component/PRG.cpp' to the project
INFO: [HLS 200-1465] Applying config ini 'syn.file=ggm_tree.h' from /home/tkgong/Research/VOLE-ocity/VOLEitH-FPGA/hls_component/hls_config.cfg(19)
INFO: [HLS 200-10] Adding design file '/home/tkgong/Research/VOLE-ocity/VOLEitH-FPGA/hls_component/ggm_tree.h' to the project
INFO: [HLS 200-1465] Applying config ini 'syn.file=ggm_tree.cpp' from /home/tkgong/Research/VOLE-ocity/VOLEitH-FPGA/hls_component/hls_config.cfg(20)
INFO: [HLS 200-10] Adding design file '/home/tkgong/Research/VOLE-ocity/VOLEitH-FPGA/hls_component/ggm_tree.cpp' to the project
INFO: [HLS 200-1465] Applying config ini 'syn.file=sha3.hpp' from /home/tkgong/Research/VOLE-ocity/VOLEitH-FPGA/hls_component/hls_config.cfg(21)
INFO: [HLS 200-10] Adding design file '/home/tkgong/Research/VOLE-ocity/VOLEitH-FPGA/hls_component/sha3.hpp' to the project
INFO: [HLS 200-1465] Applying config ini 'syn.file=./shake.h' from /home/tkgong/Research/VOLE-ocity/VOLEitH-FPGA/hls_component/hls_config.cfg(22)
INFO: [HLS 200-10] Adding design file '/home/tkgong/Research/VOLE-ocity/VOLEitH-FPGA/hls_component/shake.h' to the project
INFO: [HLS 200-1465] Applying config ini 'syn.file=./shake.cpp' from /home/tkgong/Research/VOLE-ocity/VOLEitH-FPGA/hls_component/hls_config.cfg(23)
INFO: [HLS 200-10] Adding design file '/home/tkgong/Research/VOLE-ocity/VOLEitH-FPGA/hls_component/shake.cpp' to the project
INFO: [HLS 200-1465] Applying config ini 'syn.file=vole.h' from /home/tkgong/Research/VOLE-ocity/VOLEitH-FPGA/hls_component/hls_config.cfg(24)
INFO: [HLS 200-10] Adding design file '/home/tkgong/Research/VOLE-ocity/VOLEitH-FPGA/hls_component/vole.h' to the project
INFO: [HLS 200-1465] Applying config ini 'syn.file=vole.cpp' from /home/tkgong/Research/VOLE-ocity/VOLEitH-FPGA/hls_component/hls_config.cfg(25)
INFO: [HLS 200-10] Adding design file '/home/tkgong/Research/VOLE-ocity/VOLEitH-FPGA/hls_component/vole.cpp' to the project
INFO: [HLS 200-1465] Applying config ini 'syn.file=commit.h' from /home/tkgong/Research/VOLE-ocity/VOLEitH-FPGA/hls_component/hls_config.cfg(26)
INFO: [HLS 200-10] Adding design file '/home/tkgong/Research/VOLE-ocity/VOLEitH-FPGA/hls_component/commit.h' to the project
INFO: [HLS 200-1465] Applying config ini 'syn.file=commit.cpp' from /home/tkgong/Research/VOLE-ocity/VOLEitH-FPGA/hls_component/hls_config.cfg(27)
INFO: [HLS 200-10] Adding design file '/home/tkgong/Research/VOLE-ocity/VOLEitH-FPGA/hls_component/commit.cpp' to the project
INFO: [HLS 200-1465] Applying config ini 'syn.file=gatebygate.h' from /home/tkgong/Research/VOLE-ocity/VOLEitH-FPGA/hls_component/hls_config.cfg(28)
INFO: [HLS 200-10] Adding design file '/home/tkgong/Research/VOLE-ocity/VOLEitH-FPGA/hls_component/gatebygate.h' to the project
INFO: [HLS 200-1465] Applying config ini 'syn.file=gatebygate.cpp' from /home/tkgong/Research/VOLE-ocity/VOLEitH-FPGA/hls_component/hls_config.cfg(29)
INFO: [HLS 200-10] Adding design file '/home/tkgong/Research/VOLE-ocity/VOLEitH-FPGA/hls_component/gatebygate.cpp' to the project
INFO: [HLS 200-1465] Applying config ini 'syn.file=fiat_shamir.h' from /home/tkgong/Research/VOLE-ocity/VOLEitH-FPGA/hls_component/hls_config.cfg(30)
INFO: [HLS 200-10] Adding design file '/home/tkgong/Research/VOLE-ocity/VOLEitH-FPGA/hls_component/fiat_shamir.h' to the project
INFO: [HLS 200-1465] Applying config ini 'syn.file=fiat_shamir.cpp' from /home/tkgong/Research/VOLE-ocity/VOLEitH-FPGA/hls_component/hls_config.cfg(31)
INFO: [HLS 200-10] Adding design file '/home/tkgong/Research/VOLE-ocity/VOLEitH-FPGA/hls_component/fiat_shamir.cpp' to the project
INFO: [HLS 200-1465] Applying config ini 'syn.file=endtoend.h' from /home/tkgong/Research/VOLE-ocity/VOLEitH-FPGA/hls_component/hls_config.cfg(32)
INFO: [HLS 200-10] Adding design file '/home/tkgong/Research/VOLE-ocity/VOLEitH-FPGA/hls_component/endtoend.h' to the project
INFO: [HLS 200-1465] Applying config ini 'syn.file=endtoend.cpp' from /home/tkgong/Research/VOLE-ocity/VOLEitH-FPGA/hls_component/hls_config.cfg(33)
INFO: [HLS 200-10] Adding design file '/home/tkgong/Research/VOLE-ocity/VOLEitH-FPGA/hls_component/endtoend.cpp' to the project
INFO: [HLS 200-1465] Applying config ini 'tb.file=./tb_ggm.cpp' from /home/tkgong/Research/VOLE-ocity/VOLEitH-FPGA/hls_component/hls_config.cfg(37)
INFO: [HLS 200-10] Adding test bench file '/home/tkgong/Research/VOLE-ocity/VOLEitH-FPGA/hls_component/tb_ggm.cpp' to the project
INFO: [HLS 200-1465] Applying config ini 'syn.top=GenerateProof' from /home/tkgong/Research/VOLE-ocity/VOLEitH-FPGA/hls_component/hls_config.cfg(34)
INFO: [HLS 200-1465] Applying config ini 'flow_target=vivado' from /home/tkgong/Research/VOLE-ocity/VOLEitH-FPGA/hls_component/hls_config.cfg(4)
INFO: [HLS 200-1505] Using flow_target 'vivado'
Resolution: For help on HLS 200-1505 see docs.xilinx.com/access/sources/dita/topic?Doc_Version=2025.1%20English&url=ug1448-hls-guidance&resourceid=200-1505.html
INFO: [HLS 200-1465] Applying config ini 'part=xcu250-figd2104-2L-e' from /home/tkgong/Research/VOLE-ocity/VOLEitH-FPGA/hls_component/hls_config.cfg(1)
INFO: [HLS 200-1611] Setting target device to 'xcu250-figd2104-2L-e'
INFO: [HLS 200-1465] Applying config ini 'clock=5ns' from /home/tkgong/Research/VOLE-ocity/VOLEitH-FPGA/hls_component/hls_config.cfg(7)
INFO: [SYN 201-201] Setting up clock 'default' with a period of 5ns.
INFO: [HLS 200-1465] Applying config ini 'clock_uncertainty=0ns' from /home/tkgong/Research/VOLE-ocity/VOLEitH-FPGA/hls_component/hls_config.cfg(12)
INFO: [SYN 201-201] Setting up clock 'default' with an uncertainty of 0ns.
INFO: [HLS 200-1465] Applying config ini 'csim.clean=1' from /home/tkgong/Research/VOLE-ocity/VOLEitH-FPGA/hls_component/hls_config.cfg(9)
INFO: [HLS 200-1465] Applying config ini 'csim.code_analyzer=0' from /home/tkgong/Research/VOLE-ocity/VOLEitH-FPGA/hls_component/hls_config.cfg(11)
INFO: [HLS 200-1465] Applying config ini 'package.output.format=ip_catalog' from /home/tkgong/Research/VOLE-ocity/VOLEitH-FPGA/hls_component/hls_config.cfg(5)
INFO: [HLS 200-1465] Applying config ini 'sim.O=1' from /home/tkgong/Research/VOLE-ocity/VOLEitH-FPGA/hls_component/hls_config.cfg(8)
INFO: [HLS 200-1465] Applying config ini 'vivado.clock=7ns' from /home/tkgong/Research/VOLE-ocity/VOLEitH-FPGA/hls_component/hls_config.cfg(36)
INFO: [HLS 200-1465] Applying config ini 'vivado.flow=impl' from /home/tkgong/Research/VOLE-ocity/VOLEitH-FPGA/hls_component/hls_config.cfg(35)
INFO: [HLS 200-2176] Writing Vitis IDE component file /home/tkgong/Research/VOLE-ocity/VOLEitH-FPGA/hls_component/hls_component/vitis-comp.json
INFO: [HLS 200-111] Finished File checks and directory preparation: CPU user time: 3.56 seconds. CPU system time: 0.49 seconds. Elapsed time: 4.05 seconds; current allocated memory: 482.129 MB.
INFO: [HLS 200-10] Analyzing design file 'endtoend.cpp' ... 
INFO: [HLS 200-10] Analyzing design file 'fiat_shamir.cpp' ... 
WARNING: [HLS 207-5539] 'Resource pragma' is deprecated, use 'bind_op/bind_storage pragma' instead (./sha3.hpp:251:9)
WARNING: [HLS 207-5539] 'Resource pragma' is deprecated, use 'bind_op/bind_storage pragma' instead (./sha3.hpp:427:9)
WARNING: [HLS 207-5539] 'Resource pragma' is deprecated, use 'bind_op/bind_storage pragma' instead (./sha3.hpp:759:9)
INFO: [HLS 200-10] Analyzing design file 'gatebygate.cpp' ... 
INFO: [HLS 200-10] Analyzing design file 'commit.cpp' ... 
WARNING: [HLS 207-5539] 'Resource pragma' is deprecated, use 'bind_op/bind_storage pragma' instead (./sha3.hpp:251:9)
WARNING: [HLS 207-5539] 'Resource pragma' is deprecated, use 'bind_op/bind_storage pragma' instead (./sha3.hpp:427:9)
WARNING: [HLS 207-5539] 'Resource pragma' is deprecated, use 'bind_op/bind_storage pragma' instead (./sha3.hpp:759:9)
INFO: [HLS 200-10] Analyzing design file 'vole.cpp' ... 
INFO: [HLS 200-10] Analyzing design file 'shake.cpp' ... 
WARNING: [HLS 207-5539] 'Resource pragma' is deprecated, use 'bind_op/bind_storage pragma' instead (./sha3.hpp:251:9)
WARNING: [HLS 207-5539] 'Resource pragma' is deprecated, use 'bind_op/bind_storage pragma' instead (./sha3.hpp:427:9)
WARNING: [HLS 207-5539] 'Resource pragma' is deprecated, use 'bind_op/bind_storage pragma' instead (./sha3.hpp:759:9)
WARNING: [HLS 207-5571] unexpected pragma argument 'shake256', expects function/operation (shake.cpp:116:34)
INFO: [HLS 200-10] Analyzing design file 'ggm_tree.cpp' ... 
WARNING: [HLS 207-5539] 'Resource pragma' is deprecated, use 'bind_op/bind_storage pragma' instead (./sha3.hpp:251:9)
WARNING: [HLS 207-5539] 'Resource pragma' is deprecated, use 'bind_op/bind_storage pragma' instead (./sha3.hpp:427:9)
WARNING: [HLS 207-5539] 'Resource pragma' is deprecated, use 'bind_op/bind_storage pragma' instead (./sha3.hpp:759:9)
INFO: [HLS 200-10] Analyzing design file 'PRG.cpp' ... 
INFO: [HLS 200-10] Analyzing design file 'encrypt.cpp' ... 
WARNING: [HLS 207-5292] unused parameter 'cipherkey' (./aes.hpp:59:31)
WARNING: [HLS 207-5292] unused parameter 'plaintext' (./aes.hpp:60:31)
WARNING: [HLS 207-5292] unused parameter 'cipherkey' (./aes.hpp:60:53)
WARNING: [HLS 207-5292] unused parameter 'ciphertext' (./aes.hpp:60:78)
WARNING: [HLS 207-5292] unused parameter 'cipherkey' (./aes.hpp:128:55)
WARNING: [HLS 207-5292] unused parameter 'cipherkey' (./aes.hpp:305:55)
WARNING: [HLS 207-5292] unused parameter 'cipherkey' (./aes.hpp:431:55)
WARNING: [HLS 207-5292] unused parameter 'cipherkey' (./aes.hpp:525:31)
WARNING: [HLS 207-5292] unused parameter 'ciphertext' (./aes.hpp:533:31)
WARNING: [HLS 207-5292] unused parameter 'cipherkey' (./aes.hpp:533:54)
WARNING: [HLS 207-5292] unused parameter 'plaintext' (./aes.hpp:533:79)
WARNING: [HLS 207-5292] unused parameter 'cipherkey' (./aes.hpp:626:56)
WARNING: [HLS 207-5292] unused parameter 'cipherkey' (./aes.hpp:788:56)
WARNING: [HLS 207-5292] unused parameter 'cipherkey' (./aes.hpp:937:56)
INFO: [HLS 200-111] Finished Source Code Analysis and Preprocessing: CPU user time: 15.36 seconds. CPU system time: 2.83 seconds. Elapsed time: 18.22 seconds; current allocated memory: 489.680 MB.
INFO: [HLS 200-777] Using interface defaults for 'Vivado' flow target.
WARNING: [HLS 200-1995] There were 134,433 instructions in the design after the 'Compile/Link' phase of compilation. See the Design Size Report for more details (/home/tkgong/Research/VOLE-ocity/VOLEitH-FPGA/hls_component/hls_component/hls/syn/report/csynth_design_size.rpt:2)
WARNING: [HLS 200-1995] There were 351,706 instructions in the design after the 'Unroll/Inline (step 1)' phase of compilation. See the Design Size Report for more details (/home/tkgong/Research/VOLE-ocity/VOLEitH-FPGA/hls_component/hls_component/hls/syn/report/csynth_design_size.rpt:2)
WARNING: [HLS 200-1995] There were 166,009 instructions in the design after the 'Unroll/Inline (step 2)' phase of compilation. See the Design Size Report for more details (/home/tkgong/Research/VOLE-ocity/VOLEitH-FPGA/hls_component/hls_component/hls/syn/report/csynth_design_size.rpt:2)
WARNING: [HLS 200-1995] There were 156,511 instructions in the design after the 'Unroll/Inline (step 3)' phase of compilation. See the Design Size Report for more details (/home/tkgong/Research/VOLE-ocity/VOLEitH-FPGA/hls_component/hls_component/hls/syn/report/csynth_design_size.rpt:2)
WARNING: [HLS 200-1995] There were 156,487 instructions in the design after the 'Unroll/Inline (step 4)' phase of compilation. See the Design Size Report for more details (/home/tkgong/Research/VOLE-ocity/VOLEitH-FPGA/hls_component/hls_component/hls/syn/report/csynth_design_size.rpt:2)
WARNING: [HLS 200-1995] There were 3,766,887 instructions in the design after the 'Array/Struct (step 1)' phase of compilation. See the Design Size Report for more details (/home/tkgong/Research/VOLE-ocity/VOLEitH-FPGA/hls_component/hls_component/hls/syn/report/csynth_design_size.rpt:2)
WARNING: [HLS 200-1995] There were 3,766,402 instructions in the design after the 'Array/Struct (step 2)' phase of compilation. See the Design Size Report for more details (/home/tkgong/Research/VOLE-ocity/VOLEitH-FPGA/hls_component/hls_component/hls/syn/report/csynth_design_size.rpt:2)
WARNING: [HLS 200-1995] There were 3,766,402 instructions in the design after the 'Array/Struct (step 3)' phase of compilation. See the Design Size Report for more details (/home/tkgong/Research/VOLE-ocity/VOLEitH-FPGA/hls_component/hls_component/hls/syn/report/csynth_design_size.rpt:2)
WARNING: [HLS 200-1995] There were 3,766,402 instructions in the design after the 'Array/Struct (step 4)' phase of compilation. See the Design Size Report for more details (/home/tkgong/Research/VOLE-ocity/VOLEitH-FPGA/hls_component/hls_component/hls/syn/report/csynth_design_size.rpt:2)
INFO: [HLS 214-131] Inlining function 'xf::security::aesTable::aesTable()' into 'xf::security::aesEnc<128>::aesEnc()' (./aes.hpp:388:5)
INFO: [HLS 214-131] Inlining function 'xf::security::aesEnc<128>::aesEnc()' into 'encrypt(ap_uint<128>, ap_uint<128>, ap_uint<128>&)' (encrypt.cpp:5:28)
INFO: [HLS 214-131] Inlining function 'ap_uint<64u> xf::security::internal::ROTL<64u>(ap_uint<64u>, unsigned int)' into 'xf::security::internal::KECCAK_f(ap_uint<64>*)' (./sha3.hpp:154:33)
INFO: [HLS 214-131] Inlining function 'h0(ap_uint<128>&, ap_uint<128>&, ap_uint<128>&, ap_uint<128>&)' into 'ggm_small(ap_uint<128>&, ap_uint<128>&, ap_uint<128>*, ap_uint<128>*, hls::stream<ap_uint<128>, 0>&, hls::stream<ap_uint<128>, 0>&)' (ggm_tree.cpp:151:9)
INFO: [HLS 214-131] Inlining function 'gf128_reduce(ap_uint<256>)' into 'gf128_multiply(ap_uint<128>, ap_uint<128>)' (gatebygate.cpp:49:12)
INFO: [HLS 214-131] Inlining function 'gf128_reduce(ap_uint<256>)' into 'ToField(hls::stream<ap_uint<256>, 0>&, hls::stream<ap_uint<128>, 0>&, hls::stream<ap_uint<256>, 0>&)' (gatebygate.cpp:143:26)
INFO: [HLS 214-377] Adding 'stateArray' into disaggregation list because there's array-partition pragma applied on the struct field (./sha3.hpp:762:12)
INFO: [HLS 214-377] Adding 'stateArray' into disaggregation list because there's array-partition pragma applied on the struct field (./sha3.hpp:435:12)
INFO: [HLS 214-377] Adding 'cipher' into disaggregation list because there's array-partition pragma applied on the struct field (./aes.hpp:390:9)
INFO: [HLS 214-377] Adding 'stateArray' into disaggregation list because there's array-partition pragma applied on the struct field (./sha3.hpp:436:9)
INFO: [HLS 214-377] Adding 'stateArray' into disaggregation list because there's array-partition pragma applied on the struct field (./sha3.hpp:763:9)
INFO: [HLS 214-210] Disaggregating variable 'cipher' (encrypt.cpp:5:28)
Resolution: For help on HLS 214-210 see docs.xilinx.com/access/sources/dita/topic?Doc_Version=2025.1%20English&url=ug1448-hls-guidance&resourceid=214-210.html
INFO: [HLS 214-210] Disaggregating variable 'stateArray' (./sha3.hpp:435:12)
Resolution: For help on HLS 214-210 see docs.xilinx.com/access/sources/dita/topic?Doc_Version=2025.1%20English&url=ug1448-hls-guidance&resourceid=214-210.html
INFO: [HLS 214-210] Disaggregating variable 'stateArray' (./sha3.hpp:762:12)
Resolution: For help on HLS 214-210 see docs.xilinx.com/access/sources/dita/topic?Doc_Version=2025.1%20English&url=ug1448-hls-guidance&resourceid=214-210.html
INFO: [HLS 214-291] Loop 'VITIS_LOOP_10_1' is marked as complete unroll implied by the pipeline pragma (gatebygate.cpp:10:22)
INFO: [HLS 214-291] Loop 'INIT_V' is marked as complete unroll implied by the pipeline pragma (vole.cpp:57:10)
INFO: [HLS 214-291] Loop 'READ_LEAVES' is marked as complete unroll implied by the pipeline pragma (vole.cpp:62:26)
INFO: [HLS 214-291] Loop 'BUILD_LEVELS' is marked as complete unroll implied by the pipeline pragma (vole.cpp:67:27)
INFO: [HLS 214-291] Loop 'PROCESS_NODES' is marked as complete unroll implied by the pipeline pragma (vole.cpp:70:32)
INFO: [HLS 214-291] Loop 'WRITE_V' is marked as complete unroll implied by the pipeline pragma (vole.cpp:76:22)
INFO: [HLS 214-291] Loop 'VITIS_LOOP_26_2' is marked as complete unroll implied by the pipeline pragma (vole.cpp:26:19)
INFO: [HLS 214-291] Loop 'VITIS_LOOP_155_1' is marked as complete unroll implied by the pipeline pragma (ggm_tree.cpp:155:23)
INFO: [HLS 214-291] Loop 'HASH_LOOP' is marked as complete unroll implied by the pipeline pragma (ggm_tree.cpp:147:5)
INFO: [HLS 214-291] Loop 'DRAIN_ENDMSGLEN' is marked as complete unroll implied by the pipeline pragma (shake.cpp:52:5)
INFO: [HLS 214-291] Loop 'LEVEL_LOOP' is marked as complete unroll implied by the pipeline pragma (ggm_tree.cpp:125:5)
INFO: [HLS 214-291] Loop 'EXPAND_LOOP' is marked as complete unroll implied by the pipeline pragma (ggm_tree.cpp:133:9)
INFO: [HLS 214-291] Loop 'LOOP_SHAKE_MAIN' is marked as complete unroll implied by the pipeline pragma (./sha3.hpp:419:5)
INFO: [HLS 214-291] Loop 'LOOP_INIT_STATE_ARRAYS' is marked as complete unroll implied by the pipeline pragma (./sha3.hpp:438:9)
INFO: [HLS 214-291] Loop 'LOOP_SHAKE_DIGEST_NBLK' is marked as complete unroll implied by the pipeline pragma (./sha3.hpp:447:9)
INFO: [HLS 214-291] Loop 'LOOP_GEN_LAST_BLK' is marked as complete unroll implied by the pipeline pragma (./sha3.hpp:465:17)
INFO: [HLS 214-291] Loop 'LOOP_GEN_FULL_MESSAGE_BLK' is marked as complete unroll implied by the pipeline pragma (./sha3.hpp:453:17)
INFO: [HLS 214-291] Loop 'LOOP_SHA3_EMIT' is marked as complete unroll implied by the pipeline pragma (./sha3.hpp:544:9)
INFO: [HLS 214-291] Loop 'LOOP_5_STEP_MAPPING' is marked as complete unroll implied by the pipeline pragma (./sha3.hpp:104:5)
INFO: [HLS 214-291] Loop 'LOOP_THETA_1' is marked as complete unroll implied by the pipeline pragma (./sha3.hpp:110:9)
INFO: [HLS 214-291] Loop 'LOOP_THETA_2' is marked as complete unroll implied by the pipeline pragma (./sha3.hpp:117:9)
INFO: [HLS 214-291] Loop 'LOOP_CALCULATE_THETA' is marked as complete unroll implied by the pipeline pragma (./sha3.hpp:121:13)
INFO: [HLS 214-291] Loop 'LOOP_CHI' is marked as complete unroll implied by the pipeline pragma (./sha3.hpp:186:9)
INFO: [HLS 214-291] Loop 'LOOP_INIT_STATEREG' is marked as complete unroll implied by the pipeline pragma (./sha3.hpp:191:13)
INFO: [HLS 214-291] Loop 'LOOP_CALCULATE_CHI' is marked as complete unroll implied by the pipeline pragma (./sha3.hpp:196:13)
INFO: [HLS 214-291] Loop 'VITIS_LOOP_8_1' is marked as complete unroll implied by the pipeline pragma (PRG.cpp:8:18)
INFO: [HLS 214-291] Loop 'VITIS_LOOP_441_1' is marked as complete unroll implied by the pipeline pragma (./aes.hpp:441:27)
INFO: [HLS 214-291] Loop 'VITIS_LOOP_443_2' is marked as complete unroll implied by the pipeline pragma (./aes.hpp:443:31)
INFO: [HLS 214-291] Loop 'VITIS_LOOP_471_3' is marked as complete unroll implied by the pipeline pragma (./aes.hpp:471:31)
INFO: [HLS 214-291] Loop 'VITIS_LOOP_478_4' is marked as complete unroll implied by the pipeline pragma (./aes.hpp:478:35)
INFO: [HLS 214-291] Loop 'VITIS_LOOP_398_1' is marked as complete unroll implied by the pipeline pragma (./aes.hpp:398:27)
INFO: [HLS 214-186] Unrolling loop 'VITIS_LOOP_765_1' (./sha3.hpp:765:20) in function 'xf::security::shake_extensible' completely with a factor of 25 (./sha3.hpp:740:0)
INFO: [HLS 214-186] Unrolling loop 'VITIS_LOOP_839_6' (./sha3.hpp:839:35) in function 'xf::security::shake_extensible' completely with a factor of 16 (./sha3.hpp:740:0)
INFO: [HLS 214-186] Unrolling loop 'VITIS_LOOP_10_1' (gatebygate.cpp:10:22) in function 'gf128_clmul' completely with a factor of 128 (gatebygate.cpp:5:0)
INFO: [HLS 214-188] Unrolling loop 'UNPACK_U' (vole.cpp:103:12) in function 'mem_transfer' partially with a factor of 2 (vole.cpp:93:0)
INFO: [HLS 214-186] Unrolling loop 'READ_V' (vole.cpp:112:9) in function 'mem_transfer' completely with a factor of 64 (vole.cpp:93:0)
INFO: [HLS 214-186] Unrolling loop 'VITIS_LOOP_114_2' (vole.cpp:114:20) in function 'mem_transfer' completely with a factor of 2 (vole.cpp:93:0)
INFO: [HLS 214-188] Unrolling loop 'WRITE_V' (vole.cpp:119:18) in function 'mem_transfer' partially with a factor of 2 (vole.cpp:93:0)
INFO: [HLS 214-186] Unrolling loop 'VITIS_LOOP_122_3' (vole.cpp:122:31) in function 'mem_transfer' completely with a factor of 64 (vole.cpp:93:0)
INFO: [HLS 214-186] Unrolling loop 'VITIS_LOOP_124_4' (vole.cpp:124:20) in function 'mem_transfer' completely with a factor of 2 (vole.cpp:93:0)
INFO: [HLS 214-186] Unrolling loop 'INIT_V' (vole.cpp:57:10) in function 'build_VOLE' completely with a factor of 2 (vole.cpp:44:0)
INFO: [HLS 214-186] Unrolling loop 'READ_LEAVES' (vole.cpp:62:26) in function 'build_VOLE' completely with a factor of 4 (vole.cpp:44:0)
INFO: [HLS 214-186] Unrolling loop 'BUILD_LEVELS' (vole.cpp:67:27) in function 'build_VOLE' completely with a factor of 2 (vole.cpp:44:0)
INFO: [HLS 214-186] Unrolling loop 'PROCESS_NODES' (vole.cpp:70:32) in function 'build_VOLE' completely with a factor of 1 (vole.cpp:44:0)
INFO: [HLS 214-186] Unrolling loop 'PROCESS_NODES' (vole.cpp:70:32) in function 'build_VOLE' completely with a factor of 2 (vole.cpp:44:0)
INFO: [HLS 214-186] Unrolling loop 'WRITE_V' (vole.cpp:76:22) in function 'build_VOLE' completely with a factor of 2 (vole.cpp:44:0)
INFO: [HLS 214-186] Unrolling loop 'VITIS_LOOP_26_2' (vole.cpp:26:19) in function 'expand_seed' completely with a factor of 4 (vole.cpp:11:0)
INFO: [HLS 214-186] Unrolling loop 'VITIS_LOOP_41_1' (fiat_shamir.cpp:41:22) in function 'chal1' completely with a factor of 64 (fiat_shamir.cpp:6:0)
INFO: [HLS 214-186] Unrolling loop 'VITIS_LOOP_155_1' (ggm_tree.cpp:155:23) in function 'ggm_small' completely with a factor of 4 (ggm_tree.cpp:113:0)
WARNING: [HLS 214-189] Pipeline directive for loop 'VITIS_LOOP_155_1' (ggm_tree.cpp:155:23) in function 'ggm_small' has been removed because the loop is unrolled completely (ggm_tree.cpp:113:0)
INFO: [HLS 214-186] Unrolling loop 'HASH_LOOP' (ggm_tree.cpp:147:5) in function 'ggm_small' completely with a factor of 4 (ggm_tree.cpp:113:0)
INFO: [HLS 214-186] Unrolling loop 'DRAIN_ENDMSGLEN' (shake.cpp:52:5) in function 'ggm_small' completely with a factor of 4 (ggm_tree.cpp:113:0)
INFO: [HLS 214-186] Unrolling loop 'LEVEL_LOOP' (ggm_tree.cpp:125:5) in function 'ggm_small' completely with a factor of 2 (ggm_tree.cpp:113:0)
INFO: [HLS 214-186] Unrolling loop 'EXPAND_LOOP' (ggm_tree.cpp:133:9) in function 'ggm_small' completely with a factor of 2 (ggm_tree.cpp:113:0)
INFO: [HLS 214-186] Unrolling loop 'EXPAND_LOOP' (ggm_tree.cpp:133:9) in function 'ggm_small' completely with a factor of 1 (ggm_tree.cpp:113:0)
INFO: [HLS 214-186] Unrolling loop 'LOOP_INIT_STATE_ARRAYS' (./sha3.hpp:438:9) in function 'xf::security::internal::shakeXOF<32u>' completely with a factor of 25 (./sha3.hpp:409:0)
INFO: [HLS 214-186] Unrolling loop 'LOOP_GEN_LAST_BLK' (./sha3.hpp:465:17) in function 'xf::security::internal::shakeXOF<32u>' completely with a factor of 17 (./sha3.hpp:409:0)
INFO: [HLS 214-186] Unrolling loop 'LOOP_GEN_FULL_MESSAGE_BLK' (./sha3.hpp:453:17) in function 'xf::security::internal::shakeXOF<32u>' completely with a factor of 17 (./sha3.hpp:409:0)
WARNING: [HLS 214-189] Pipeline directive for loop 'LOOP_GEN_FULL_MESSAGE_BLK' (./sha3.hpp:453:17) in function 'xf::security::internal::shakeXOF<32u>' has been removed because the loop is unrolled completely (./sha3.hpp:409:0)
INFO: [HLS 214-186] Unrolling loop 'LOOP_SHA3_EMIT' (./sha3.hpp:544:9) in function 'xf::security::internal::shakeXOF<32u>' completely with a factor of 4 (./sha3.hpp:409:0)
INFO: [HLS 214-186] Unrolling loop 'LOOP_5_STEP_MAPPING' (./sha3.hpp:104:5) in function 'xf::security::internal::KECCAK_f' completely with a factor of 24 (./sha3.hpp:93:0)
INFO: [HLS 214-186] Unrolling loop 'LOOP_CHI' (./sha3.hpp:186:9) in function 'xf::security::internal::KECCAK_f' completely with a factor of 5 (./sha3.hpp:93:0)
INFO: [HLS 214-186] Unrolling loop 'LOOP_CALCULATE_CHI' (./sha3.hpp:196:13) in function 'xf::security::internal::KECCAK_f' completely with a factor of 5 (./sha3.hpp:93:0)
INFO: [HLS 214-186] Unrolling loop 'LOOP_INIT_STATEREG' (./sha3.hpp:191:13) in function 'xf::security::internal::KECCAK_f' completely with a factor of 5 (./sha3.hpp:93:0)
INFO: [HLS 214-186] Unrolling loop 'LOOP_THETA_2' (./sha3.hpp:117:9) in function 'xf::security::internal::KECCAK_f' completely with a factor of 5 (./sha3.hpp:93:0)
INFO: [HLS 214-186] Unrolling loop 'LOOP_CALCULATE_THETA' (./sha3.hpp:121:13) in function 'xf::security::internal::KECCAK_f' completely with a factor of 5 (./sha3.hpp:93:0)
INFO: [HLS 214-186] Unrolling loop 'LOOP_THETA_1' (./sha3.hpp:110:9) in function 'xf::security::internal::KECCAK_f' completely with a factor of 5 (./sha3.hpp:93:0)
INFO: [HLS 214-186] Unrolling loop 'VITIS_LOOP_8_1' (PRG.cpp:8:18) in function 'PRG' completely with a factor of 2 (PRG.cpp:6:0)
INFO: [HLS 214-186] Unrolling loop 'VITIS_LOOP_441_1' (./aes.hpp:441:27) in function 'xf::security::aesEnc<128>::process' completely with a factor of 10 (./aes.hpp:431:0)
INFO: [HLS 214-186] Unrolling loop 'VITIS_LOOP_478_4' (./aes.hpp:478:35) in function 'xf::security::aesEnc<128>::process' completely with a factor of 4 (./aes.hpp:431:0)
INFO: [HLS 214-186] Unrolling loop 'VITIS_LOOP_471_3' (./aes.hpp:471:31) in function 'xf::security::aesEnc<128>::process' completely with a factor of 16 (./aes.hpp:431:0)
INFO: [HLS 214-186] Unrolling loop 'VITIS_LOOP_443_2' (./aes.hpp:443:31) in function 'xf::security::aesEnc<128>::process' completely with a factor of 16 (./aes.hpp:431:0)
INFO: [HLS 214-186] Unrolling loop 'VITIS_LOOP_398_1' (./aes.hpp:398:27) in function 'xf::security::aesEnc<128>::updateKey' completely with a factor of 10 (./aes.hpp:393:0)
WARNING: [HLS 214-189] Pipeline directive for loop 'VITIS_LOOP_398_1' (./aes.hpp:398:27) in function 'xf::security::aesEnc<128>::updateKey' has been removed because the loop is unrolled completely (./aes.hpp:393:0)
WARNING: [HLS 214-366] Duplicating function 'PRG(ap_uint<128>&, ap_uint<128>, ap_uint<128>&, ap_uint<128>&) (.48.51)' as different function signatures were detected between this call site and other call site(s). This may impact the resources used in the design. (vole.cpp:29:17)
WARNING: [HLS 214-366] Duplicating function 'PRG(ap_uint<128>&, ap_uint<128>, ap_uint<128>&, ap_uint<128>&) (.48.51)' as different function signatures were detected between this call site and other call site(s). This may impact the resources used in the design. (ggm_tree.cpp:172:13)
INFO: [HLS 214-178] Inlining function 'xf::security::shake256(hls::stream<ap_uint<64>, 0>&, hls::stream<ap_uint<128>, 0>&, hls::stream<bool, 0>&, hls::stream<ap_uint<256>, 0>&, hls::stream<bool, 0>&) (.7.66.75.84.93.102)' into 'shake256_wrapper(hls::stream<ap_uint<64>, 0>&, hls::stream<ap_uint<128>, 0>&, hls::stream<bool, 0>&, hls::stream<ap_uint<256>, 0>&, hls::stream<bool, 0>&)' (shake.cpp:13:0)
INFO: [HLS 214-178] Inlining function 'expand_roots(ap_uint<128>&, ap_uint<128>&, hls::stream<ap_uint<128>, 0>&)' into 'ggm_tree(ap_uint<128>&, ap_uint<128>&, ap_uint<128> (*) [7], ap_uint<128> (*) [4], hls::stream<ap_uint<128>, 0>&, ap_uint<256>&)' (ggm_tree.cpp:206:0)
INFO: [HLS 214-178] Inlining function 'ggm_build(hls::stream<ap_uint<128>, 0>&, ap_uint<128>&, ap_uint<128> (*) [7], ap_uint<128> (*) [4], hls::stream<ap_uint<128>, 0>&, hls::stream<ap_uint<128>, 0>&)' into 'ggm_tree(ap_uint<128>&, ap_uint<128>&, ap_uint<128> (*) [7], ap_uint<128> (*) [4], hls::stream<ap_uint<128>, 0>&, ap_uint<256>&)' (ggm_tree.cpp:206:0)
INFO: [HLS 214-178] Inlining function 'xf::security::shake256(hls::stream<ap_uint<64>, 0>&, hls::stream<ap_uint<128>, 0>&, hls::stream<bool, 0>&, hls::stream<ap_uint<256>, 0>&, hls::stream<bool, 0>&)' into 'chal1(ap_uint<256>&, ap_uint<128>&, ap_uint<2>*, ap_uint<128>&)' (fiat_shamir.cpp:6:0)
INFO: [HLS 214-178] Inlining function 'ggm_tree(ap_uint<128>&, ap_uint<128>&, ap_uint<128> (*) [7], ap_uint<128> (*) [4], hls::stream<ap_uint<128>, 0>&, ap_uint<256>&)' into 'ggm_top(ap_uint<128>&, ap_uint<128>&, hls::stream<ap_uint<128>, 0>&, ap_uint<256>&, hls::stream<ap_uint<128>, 0>&, ap_uint<128>&)' (ggm_tree.cpp:253:0)
INFO: [HLS 214-178] Inlining function 'VC_Open(ap_uint<2>*, ap_uint<128> (*) [7], ap_uint<128> (*) [4], hls::stream<ap_uint<128>, 0>&)' into 'ggm_top(ap_uint<128>&, ap_uint<128>&, hls::stream<ap_uint<128>, 0>&, ap_uint<256>&, hls::stream<ap_uint<128>, 0>&, ap_uint<128>&)' (ggm_tree.cpp:253:0)
INFO: [HLS 214-248] Applying array_partition to 'cipher.1': Complete partitioning on dimension 1. (encrypt.cpp:5:28)
INFO: [HLS 214-248] Applying array_partition to 'stateArray': Complete partitioning on dimension 1. (./sha3.hpp:435:12)
INFO: [HLS 214-248] Applying array_partition to 'ggm_keys': Complete partitioning on dimension 1. Complete partitioning on dimension 2. (ggm_tree.cpp:257:18)
INFO: [HLS 214-248] Applying array_partition to 'coms': Complete partitioning on dimension 1. Complete partitioning on dimension 2. (ggm_tree.cpp:258:18)
INFO: [HLS 214-248] Applying array_partition to 'chal': Complete partitioning on dimension 1. (ggm_tree.cpp:264:13)
WARNING: [HLS 214-358] Array transformation on index using bit extension logic may lead to poor performance. Please use int or long for array index computation to benefit from optimizations. (ggm_tree.cpp:240:29)
INFO: [HLS 214-248] Applying array_partition to 'r_strm': Complete partitioning on dimension 1. (vole.cpp:149:31)
INFO: [HLS 214-248] Applying array_partition to 'v_strm': Complete partitioning on dimension 1. Complete partitioning on dimension 2. (vole.cpp:153:31)
INFO: [HLS 214-248] Applying array_partition to 'stateArray': Complete partitioning on dimension 1. (./sha3.hpp:762:12)
WARNING: [HLS 214-358] Array transformation on index using bit extension logic may lead to poor performance. Please use int or long for array index computation to benefit from optimizations. (./sha3.hpp:825:33)
WARNING: [HLS 214-358] Array transformation on index using bit extension logic may lead to poor performance. Please use int or long for array index computation to benefit from optimizations. (./sha3.hpp:833:35)
INFO: [HLS 214-248] Applying array_partition to 'u': Cyclic partitioning with factor 2 on dimension 1. (endtoend.cpp:24:16)
WARNING: [HLS 214-358] Array transformation on index using bit extension logic may lead to poor performance. Please use int or long for array index computation to benefit from optimizations. (gatebygate.cpp:124:9)
WARNING: [HLS 214-358] Array transformation on index using bit extension logic may lead to poor performance. Please use int or long for array index computation to benefit from optimizations. (gatebygate.cpp:124:33)
INFO: [HLS 214-376] automatically set the pipeline for Loop< VITIS_LOOP_70_2> at fiat_shamir.cpp:70:26 
INFO: [HLS 214-376] automatically set the pipeline for Loop< WRITE_V> at vole.cpp:119:18 
INFO: [HLS 214-376] automatically set the pipeline for Loop< UNPACK_U> at vole.cpp:103:12 
INFO: [HLS 214-376] automatically set the pipeline for Loop< READ_SEEDS> at vole.cpp:19:21 
INFO: [HLS 214-376] automatically set the pipeline for Loop< TRANSFER_STREAM> at endtoend.cpp:42:22 
INFO: [HLS 214-270] Inferring pragma 'array_partition type=cyclic factor=2 dim=1' for array 'V' due to pipeline pragma (endtoend.cpp:25:18)
INFO: [HLS 214-248] Applying array_partition to 'V': Cyclic partitioning with factor 2 on dimension 1. (endtoend.cpp:25:18)
WARNING: [HLS 214-358] Array transformation on index using bit extension logic may lead to poor performance. Please use int or long for array index computation to benefit from optimizations. (gatebygate.cpp:124:57)
WARNING: [HLS 214-475] Merging processes 'EvalCircuit' and 'compute_mask' in function 'ProverCircuitEval' due to read and write on argument 'u_0' (gatebygate.cpp:197:0)
WARNING: [HLS 214-187] Cannot unroll loop 'LOOP_SHAKE_MAIN' (./sha3.hpp:419:5) in function 'xf::security::internal::shakeXOF<32u>' as it has a variable trip count (./sha3.hpp:419:5)
WARNING: [HLS 214-187] Cannot unroll loop 'LOOP_SHAKE_DIGEST_NBLK' (./sha3.hpp:447:9) in function 'xf::security::internal::shakeXOF<32u>' as it has a variable trip count (./sha3.hpp:447:9)
WARNING: [HLS 214-373] Impl=auto in bind_op is deprecated. Consider using a different operation implementation. (./sha3.hpp:759:9)
WARNING: [HLS 214-373] Impl=auto in bind_op is deprecated. Consider using a different operation implementation. (./sha3.hpp:427:9)
INFO: [HLS 200-111] Finished Compiling Optimization and Transform: CPU user time: 27.46 seconds. CPU system time: 0.68 seconds. Elapsed time: 23.11 seconds; current allocated memory: 505.203 MB.
INFO: [HLS 200-111] Finished Checking Pragmas: CPU user time: 0 seconds. CPU system time: 0 seconds. Elapsed time: 0 seconds; current allocated memory: 505.203 MB.
INFO: [HLS 200-10] Starting code transformations ...
INFO: [HLS 200-111] Finished Standard Transforms: CPU user time: 1.06 seconds. CPU system time: 0.01 seconds. Elapsed time: 1.08 seconds; current allocated memory: 523.215 MB.
INFO: [HLS 200-10] Checking synthesizability ...
WARNING: [SYNCHK 200-23] vole.cpp:107: variable-indexed range selection may cause suboptimal QoR.
INFO: [SYNCHK 200-10] 0 error(s), 1 warning(s).
INFO: [HLS 200-111] Finished Checking Synthesizability: CPU user time: 1.23 seconds. CPU system time: 0.01 seconds. Elapsed time: 1.23 seconds; current allocated memory: 540.648 MB.
WARNING: [HLS 200-805] An internal stream 'msgStrm' (fiat_shamir.cpp:55) with default size can result in deadlock. Please consider resizing the stream using the directive 'set_directive_stream' or the 'HLS stream' pragma.
WARNING: [HLS 200-805] An internal stream 'msgLenStrm' (fiat_shamir.cpp:87) with default size can result in deadlock. Please consider resizing the stream using the directive 'set_directive_stream' or the 'HLS stream' pragma.
WARNING: [HLS 200-805] An internal stream 'endMsgLenStrm' (fiat_shamir.cpp:88) with default size can result in deadlock. Please consider resizing the stream using the directive 'set_directive_stream' or the 'HLS stream' pragma.
WARNING: [HLS 200-805] An internal stream 'outLenStrm' (fiat_shamir.cpp:89) with default size can result in deadlock. Please consider resizing the stream using the directive 'set_directive_stream' or the 'HLS stream' pragma.
WARNING: [HLS 200-805] An internal stream 'endOutLenStrm' (fiat_shamir.cpp:90) with default size can result in deadlock. Please consider resizing the stream using the directive 'set_directive_stream' or the 'HLS stream' pragma.
WARNING: [HLS 200-805] An internal stream 'endDigestStrm_internal' (fiat_shamir.cpp:93) with default size can result in deadlock. Please consider resizing the stream using the directive 'set_directive_stream' or the 'HLS stream' pragma.
WARNING: [HLS 200-805] An internal stream 'a0_strm' (gatebygate.cpp:203) with default size can result in deadlock. Please consider resizing the stream using the directive 'set_directive_stream' or the 'HLS stream' pragma.
WARNING: [HLS 200-805] An internal stream 'a1_strm' (gatebygate.cpp:204) with default size can result in deadlock. Please consider resizing the stream using the directive 'set_directive_stream' or the 'HLS stream' pragma.
WARNING: [HLS 200-805] An internal stream 'd_strm_cp' (gatebygate.cpp:205) with default size can result in deadlock. Please consider resizing the stream using the directive 'set_directive_stream' or the 'HLS stream' pragma.
WARNING: [HLS 200-805] An internal stream 'ch2_strm' (gatebygate.cpp:206) with default size can result in deadlock. Please consider resizing the stream using the directive 'set_directive_stream' or the 'HLS stream' pragma.
WARNING: [HLS 200-805] An internal stream 'a_strm' (gatebygate.cpp:207) with default size can result in deadlock. Please consider resizing the stream using the directive 'set_directive_stream' or the 'HLS stream' pragma.
WARNING: [HLS 200-805] An internal stream 'path_strm' (endtoend.cpp:28) with default size can result in deadlock. Please consider resizing the stream using the directive 'set_directive_stream' or the 'HLS stream' pragma.
INFO: [HLS 200-1947] Automatically inferred stable function argument 'iv.val1' of dataflow function 'ConvertToVOLE' (vole.cpp:149:1).
INFO: [HLS 200-1947] Automatically inferred stable function argument 'ch1.val1' of dataflow function 'ProverCircuitEval' (gatebygate.cpp:203:1).
INFO: [XFORM 203-712] Applying dataflow to function 'ConvertToVOLE' (vole.cpp:149:1), detected/extracted 3 process function(s): 
	 'expand_seed'
	 'build_VOLE'
	 'mem_transfer'.
INFO: [XFORM 203-712] Applying dataflow to function 'ProverCircuitEval' (gatebygate.cpp:203:1), detected/extracted 4 process function(s): 
	 'ProverCircuitEval_Block_entry_u_0_arg_proc'
	 'ToField'
	 'chal2'
	 'aggregate_coef'.
INFO: [XFORM 203-401] Performing if-conversion on hyperblock from (./sha3.hpp:811:20) to (./sha3.hpp:813:27) in function 'xf::security::shake_extensible'... converting 33 basic blocks.
INFO: [XFORM 203-11] Balancing expressions in function 'xf::security::internal::KECCAK_f' (./sha3.hpp:76:93)...840 expression(s) balanced.
INFO: [XFORM 203-11] Balancing expressions in function 'xf::security::aesEnc<128>::process' (./aes.hpp:437:97)...450 expression(s) balanced.
INFO: [XFORM 203-11] Balancing expressions in function 'gf128_multiply' (gatebygate.cpp:20:1)...5 expression(s) balanced.
INFO: [XFORM 203-11] Balancing expressions in function 'gf128_clmul' (gatebygate.cpp:7:5)...75 expression(s) balanced.
INFO: [XFORM 203-11] Balancing expressions in function 'ToField' (gatebygate.cpp:20:20)...5 expression(s) balanced.
INFO: [HLS 200-111] Finished Loop, function and other optimizations: CPU user time: 5.07 seconds. CPU system time: 0.02 seconds. Elapsed time: 5.09 seconds; current allocated memory: 580.836 MB.
INFO: [HLS 200-2061] Successfully converted nested loops 'VITIS_LOOP_67_1'(fiat_shamir.cpp:67:22) and 'VITIS_LOOP_70_2'(fiat_shamir.cpp:70:26) in function 'chal2' into perfectly nested loops.
INFO: [HLS 200-2061] Successfully converted nested loops 'PROCESS_BATCHES'(vole.cpp:48:19) and 'PROCESS_CHUNKS'(vole.cpp:49:25) in function 'build_VOLE' into perfectly nested loops.
INFO: [XFORM 203-541] Flattening a loop nest 'VITIS_LOOP_67_1' (fiat_shamir.cpp:67:22) in function 'chal2'.
INFO: [XFORM 203-541] Flattening a loop nest 'PROCESS_BATCHES' (vole.cpp:48:19) in function 'build_VOLE'.
INFO: [HLS 200-2039] Inferred 'occurrence' pragma with cycle 64 in function ggm_top_Pipeline_VITIS_LOOP_188_1'.
INFO: [HLS 200-2039] Inferred 'occurrence' pragma with cycle 64 in function ggm_top_Pipeline_VITIS_LOOP_188_1'.
INFO: [HLS 200-2039] Inferred 'occurrence' pragma with cycle 64 in function ggm_top_Pipeline_VITIS_LOOP_188_1'.
INFO: [HLS 200-2039] Inferred 'occurrence' pragma with cycle 64 in function ggm_top_Pipeline_VITIS_LOOP_188_1'.
INFO: [HLS 200-2039] Inferred 'occurrence' pragma with cycle 64 in function ggm_top_Pipeline_VITIS_LOOP_188_1'.
INFO: [HLS 200-2039] Inferred 'occurrence' pragma with cycle 64 in function ggm_top_Pipeline_VITIS_LOOP_188_1'.
INFO: [HLS 200-2039] Inferred 'occurrence' pragma with cycle 64 in function ggm_top_Pipeline_VITIS_LOOP_188_1'.
INFO: [HLS 200-2039] Inferred 'occurrence' pragma with cycle 64 in function ggm_top_Pipeline_VITIS_LOOP_188_1'.
INFO: [HLS 200-2039] Inferred 'occurrence' pragma with cycle 64 in function ggm_top_Pipeline_VITIS_LOOP_188_1'.
INFO: [HLS 200-2039] Inferred 'occurrence' pragma with cycle 64 in function ggm_top_Pipeline_VITIS_LOOP_188_1'.
INFO: [HLS 200-2039] Inferred 'occurrence' pragma with cycle 64 in function ggm_top_Pipeline_VITIS_LOOP_188_1'.
INFO: [HLS 200-2039] Inferred 'occurrence' pragma with cycle 64 in function ggm_top_Pipeline_VITIS_LOOP_188_1'.
INFO: [HLS 200-2039] Inferred 'occurrence' pragma with cycle 64 in function ggm_top_Pipeline_VITIS_LOOP_188_1'.
INFO: [HLS 200-2039] Inferred 'occurrence' pragma with cycle 64 in function ggm_top_Pipeline_VITIS_LOOP_188_1'.
INFO: [HLS 200-2039] Inferred 'occurrence' pragma with cycle 64 in function ggm_top_Pipeline_VITIS_LOOP_188_1'.
INFO: [HLS 200-2039] Inferred 'occurrence' pragma with cycle 64 in function ggm_top_Pipeline_VITIS_LOOP_188_1'.
INFO: [HLS 200-2039] Inferred 'occurrence' pragma with cycle 64 in function ggm_top_Pipeline_VITIS_LOOP_188_1'.
INFO: [HLS 200-2039] Inferred 'occurrence' pragma with cycle 64 in function ggm_top_Pipeline_VITIS_LOOP_188_1'.
INFO: [HLS 200-2039] Inferred 'occurrence' pragma with cycle 64 in function ggm_top_Pipeline_VITIS_LOOP_188_1'.
INFO: [HLS 200-2039] Inferred 'occurrence' pragma with cycle 64 in function ggm_top_Pipeline_VITIS_LOOP_188_1'.
INFO: [HLS 200-2039] Inferred 'occurrence' pragma with cycle 64 in function ggm_top_Pipeline_VITIS_LOOP_188_1'.
INFO: [HLS 200-2039] Inferred 'occurrence' pragma with cycle 64 in function ggm_top_Pipeline_VITIS_LOOP_188_1'.
INFO: [HLS 200-2039] Inferred 'occurrence' pragma with cycle 64 in function ggm_top_Pipeline_VITIS_LOOP_188_1'.
INFO: [HLS 200-2039] Inferred 'occurrence' pragma with cycle 64 in function ggm_top_Pipeline_VITIS_LOOP_188_1'.
INFO: [HLS 200-2039] Inferred 'occurrence' pragma with cycle 64 in function ggm_top_Pipeline_VITIS_LOOP_188_1'.
INFO: [HLS 200-2039] Inferred 'occurrence' pragma with cycle 64 in function ggm_top_Pipeline_VITIS_LOOP_188_1'.
INFO: [HLS 200-2039] Inferred 'occurrence' pragma with cycle 64 in function ggm_top_Pipeline_VITIS_LOOP_188_1'.
INFO: [HLS 200-2039] Inferred 'occurrence' pragma with cycle 64 in function ggm_top_Pipeline_VITIS_LOOP_188_1'.
INFO: [HLS 200-2039] Inferred 'occurrence' pragma with cycle 64 in function ggm_top_Pipeline_VITIS_LOOP_188_1'.
INFO: [HLS 200-2039] Inferred 'occurrence' pragma with cycle 64 in function ggm_top_Pipeline_VITIS_LOOP_188_1'.
INFO: [HLS 200-2039] Inferred 'occurrence' pragma with cycle 64 in function ggm_top_Pipeline_VITIS_LOOP_188_1'.
INFO: [HLS 200-2039] Inferred 'occurrence' pragma with cycle 64 in function ggm_top_Pipeline_VITIS_LOOP_188_1'.
INFO: [HLS 200-2039] Inferred 'occurrence' pragma with cycle 64 in function ggm_top_Pipeline_VITIS_LOOP_188_1'.
INFO: [HLS 200-2039] Inferred 'occurrence' pragma with cycle 64 in function ggm_top_Pipeline_VITIS_LOOP_188_1'.
INFO: [HLS 200-2039] Inferred 'occurrence' pragma with cycle 64 in function ggm_top_Pipeline_VITIS_LOOP_188_1'.
INFO: [HLS 200-2039] Inferred 'occurrence' pragma with cycle 64 in function ggm_top_Pipeline_VITIS_LOOP_188_1'.
INFO: [HLS 200-2039] Inferred 'occurrence' pragma with cycle 64 in function ggm_top_Pipeline_VITIS_LOOP_188_1'.
INFO: [HLS 200-2039] Inferred 'occurrence' pragma with cycle 64 in function ggm_top_Pipeline_VITIS_LOOP_188_1'.
INFO: [HLS 200-2039] Inferred 'occurrence' pragma with cycle 64 in function ggm_top_Pipeline_VITIS_LOOP_188_1'.
INFO: [HLS 200-2039] Inferred 'occurrence' pragma with cycle 64 in function ggm_top_Pipeline_VITIS_LOOP_188_1'.
INFO: [HLS 200-2039] Inferred 'occurrence' pragma with cycle 64 in function ggm_top_Pipeline_VITIS_LOOP_188_1'.
INFO: [HLS 200-2039] Inferred 'occurrence' pragma with cycle 64 in function ggm_top_Pipeline_VITIS_LOOP_188_1'.
INFO: [HLS 200-2039] Inferred 'occurrence' pragma with cycle 64 in function ggm_top_Pipeline_VITIS_LOOP_188_1'.
INFO: [HLS 200-2039] Inferred 'occurrence' pragma with cycle 64 in function ggm_top_Pipeline_VITIS_LOOP_188_1'.
INFO: [HLS 200-2039] Inferred 'occurrence' pragma with cycle 64 in function ggm_top_Pipeline_VITIS_LOOP_188_1'.
INFO: [HLS 200-2039] Inferred 'occurrence' pragma with cycle 64 in function ggm_top_Pipeline_VITIS_LOOP_188_1'.
INFO: [HLS 200-2039] Inferred 'occurrence' pragma with cycle 64 in function ggm_top_Pipeline_VITIS_LOOP_188_1'.
INFO: [HLS 200-2039] Inferred 'occurrence' pragma with cycle 64 in function ggm_top_Pipeline_VITIS_LOOP_188_1'.
INFO: [HLS 200-2039] Inferred 'occurrence' pragma with cycle 64 in function ggm_top_Pipeline_VITIS_LOOP_188_1'.
INFO: [HLS 200-2039] Inferred 'occurrence' pragma with cycle 64 in function ggm_top_Pipeline_VITIS_LOOP_188_1'.
INFO: [HLS 200-2039] Inferred 'occurrence' pragma with cycle 64 in function ggm_top_Pipeline_VITIS_LOOP_188_1'.
INFO: [HLS 200-2039] Inferred 'occurrence' pragma with cycle 64 in function ggm_top_Pipeline_VITIS_LOOP_188_1'.
INFO: [HLS 200-2039] Inferred 'occurrence' pragma with cycle 64 in function ggm_top_Pipeline_VITIS_LOOP_188_1'.
INFO: [HLS 200-2039] Inferred 'occurrence' pragma with cycle 64 in function ggm_top_Pipeline_VITIS_LOOP_188_1'.
INFO: [HLS 200-2039] Inferred 'occurrence' pragma with cycle 64 in function ggm_top_Pipeline_VITIS_LOOP_188_1'.
INFO: [HLS 200-2039] Inferred 'occurrence' pragma with cycle 64 in function ggm_top_Pipeline_VITIS_LOOP_188_1'.
INFO: [HLS 200-2039] Inferred 'occurrence' pragma with cycle 64 in function ggm_top_Pipeline_VITIS_LOOP_188_1'.
INFO: [HLS 200-2039] Inferred 'occurrence' pragma with cycle 64 in function ggm_top_Pipeline_VITIS_LOOP_188_1'.
INFO: [HLS 200-2039] Inferred 'occurrence' pragma with cycle 64 in function ggm_top_Pipeline_VITIS_LOOP_188_1'.
INFO: [HLS 200-2039] Inferred 'occurrence' pragma with cycle 64 in function ggm_top_Pipeline_VITIS_LOOP_188_1'.
INFO: [HLS 200-2039] Inferred 'occurrence' pragma with cycle 64 in function ggm_top_Pipeline_VITIS_LOOP_188_1'.
INFO: [HLS 200-2039] Inferred 'occurrence' pragma with cycle 64 in function ggm_top_Pipeline_VITIS_LOOP_188_1'.
INFO: [HLS 200-2039] Inferred 'occurrence' pragma with cycle 64 in function ggm_top_Pipeline_VITIS_LOOP_188_1'.
WARNING: [HLS 200-1450] Process ProverCircuitEval_Block_entry_u_0_arg_proc has both a successor and writes an output to its caller (see the GUI dataflow viewer). This may lead to lower throughput. Consider copying this output via a successor process.
Resolution: For help on HLS 200-1450 see docs.xilinx.com/access/sources/dita/topic?Doc_Version=2025.1%20English&url=ug1448-hls-guidance&resourceid=200-1450.html
INFO: [HLS 200-111] Finished Architecture Synthesis: CPU user time: 4.48 seconds. CPU system time: 0.11 seconds. Elapsed time: 4.61 seconds; current allocated memory: 1.036 GB.
INFO: [HLS 200-10] Starting hardware synthesis ...
INFO: [HLS 200-10] Synthesizing 'GenerateProof' ...
WARNING: [SYN 201-103] Legalizing function name 'process' to 'process_r'.
WARNING: [SYN 201-103] Legalizing function name 'PRG.1' to 'PRG_1'.
WARNING: [SYN 201-103] Legalizing function name 'shakeXOF<32u>' to 'shakeXOF_32u_s'.
WARNING: [SYN 201-303] Cannot apply memory assignment of 'ROM_nP_BRAM': 'cipher_0_ssbox' does not exist or is optimized away.
INFO: [HLS 200-10] ----------------------------------------------------------------
INFO: [HLS 200-42] -- Implementing module 'GenerateProof_Pipeline_INPUT_STREAM' 
INFO: [HLS 200-10] ----------------------------------------------------------------
INFO: [SCHED 204-11] Starting scheduling ...
INFO: [SCHED 204-61] Pipelining loop 'INPUT_STREAM'.
INFO: [HLS 200-1470] Pipelining result : Target II = 1, Final II = 1, Depth = 2, loop 'INPUT_STREAM'
INFO: [SCHED 204-11] Finished scheduling.
INFO: [HLS 200-111] Finished Scheduling: CPU user time: 1.7 seconds. CPU system time: 0.04 seconds. Elapsed time: 1.75 seconds; current allocated memory: 1.044 GB.
INFO: [BIND 205-100] Starting micro-architecture generation ...
INFO: [BIND 205-101] Performing variable lifetime analysis.
INFO: [BIND 205-101] Exploring resource sharing.
INFO: [BIND 205-101] Binding ...
INFO: [BIND 205-100] Finished micro-architecture generation.
INFO: [HLS 200-111] Finished Binding: CPU user time: 0.01 seconds. CPU system time: 0 seconds. Elapsed time: 0.01 seconds; current allocated memory: 1.044 GB.
INFO: [HLS 200-10] ----------------------------------------------------------------
INFO: [HLS 200-42] -- Implementing module 'updateKey' 
INFO: [HLS 200-10] ----------------------------------------------------------------
INFO: [SCHED 204-11] Starting scheduling ...
INFO: [SCHED 204-61] Pipelining function 'updateKey'.
INFO: [HLS 200-1470] Pipelining result : Target II = 1, Final II = 1, Depth = 11, function 'updateKey'
INFO: [SCHED 204-11] Finished scheduling.
INFO: [HLS 200-111] Finished Scheduling: CPU user time: 0.09 seconds. CPU system time: 0 seconds. Elapsed time: 0.1 seconds; current allocated memory: 1.047 GB.
INFO: [BIND 205-100] Starting micro-architecture generation ...
INFO: [BIND 205-101] Performing variable lifetime analysis.
INFO: [BIND 205-101] Exploring resource sharing.
INFO: [BIND 205-101] Binding ...
INFO: [BIND 205-100] Finished micro-architecture generation.
INFO: [HLS 200-111] Finished Binding: CPU user time: 0.03 seconds. CPU system time: 0 seconds. Elapsed time: 0.02 seconds; current allocated memory: 1.047 GB.
INFO: [HLS 200-10] ----------------------------------------------------------------
INFO: [HLS 200-42] -- Implementing module 'GFMul2' 
INFO: [HLS 200-10] ----------------------------------------------------------------
INFO: [SCHED 204-11] Starting scheduling ...
INFO: [SCHED 204-61] Pipelining function 'GFMul2'.
INFO: [HLS 200-1470] Pipelining result : Target II = 1, Final II = 1, Depth = 1, function 'GFMul2'
INFO: [SCHED 204-11] Finished scheduling.
INFO: [HLS 200-111] Finished Scheduling: CPU user time: 0.01 seconds. CPU system time: 0 seconds. Elapsed time: 0.02 seconds; current allocated memory: 1.047 GB.
INFO: [BIND 205-100] Starting micro-architecture generation ...
INFO: [BIND 205-101] Performing variable lifetime analysis.
INFO: [BIND 205-101] Exploring resource sharing.
INFO: [BIND 205-101] Binding ...
INFO: [BIND 205-100] Finished micro-architecture generation.
INFO: [HLS 200-111] Finished Binding: CPU user time: 0 seconds. CPU system time: 0 seconds. Elapsed time: 0.01 seconds; current allocated memory: 1.047 GB.
INFO: [HLS 200-10] ----------------------------------------------------------------
INFO: [HLS 200-42] -- Implementing module 'process_r' 
INFO: [HLS 200-10] ----------------------------------------------------------------
INFO: [SCHED 204-11] Starting scheduling ...
INFO: [SCHED 204-61] Pipelining function 'process'.
INFO: [HLS 200-1470] Pipelining result : Target II = 1, Final II = 1, Depth = 11, function 'process'
INFO: [SCHED 204-11] Finished scheduling.
INFO: [HLS 200-111] Finished Scheduling: CPU user time: 0.47 seconds. CPU system time: 0.01 seconds. Elapsed time: 0.47 seconds; current allocated memory: 1.059 GB.
INFO: [BIND 205-100] Starting micro-architecture generation ...
INFO: [BIND 205-101] Performing variable lifetime analysis.
INFO: [BIND 205-101] Exploring resource sharing.
INFO: [BIND 205-101] Binding ...
INFO: [BIND 205-100] Finished micro-architecture generation.
INFO: [HLS 200-111] Finished Binding: CPU user time: 0.13 seconds. CPU system time: 0 seconds. Elapsed time: 0.13 seconds; current allocated memory: 1.059 GB.
INFO: [HLS 200-10] ----------------------------------------------------------------
INFO: [HLS 200-42] -- Implementing module 'encrypt' 
INFO: [HLS 200-10] ----------------------------------------------------------------
INFO: [SCHED 204-11] Starting scheduling ...
INFO: [SCHED 204-61] Pipelining function 'encrypt'.
INFO: [HLS 200-1470] Pipelining result : Target II = 1, Final II = 1, Depth = 23, function 'encrypt'
INFO: [SCHED 204-11] Finished scheduling.
INFO: [HLS 200-111] Finished Scheduling: CPU user time: 0.06 seconds. CPU system time: 0 seconds. Elapsed time: 0.07 seconds; current allocated memory: 1.059 GB.
INFO: [BIND 205-100] Starting micro-architecture generation ...
INFO: [BIND 205-101] Performing variable lifetime analysis.
INFO: [BIND 205-101] Exploring resource sharing.
INFO: [BIND 205-101] Binding ...
INFO: [BIND 205-100] Finished micro-architecture generation.
INFO: [HLS 200-111] Finished Binding: CPU user time: 0.01 seconds. CPU system time: 0 seconds. Elapsed time: 0.01 seconds; current allocated memory: 1.059 GB.
INFO: [HLS 200-10] ----------------------------------------------------------------
INFO: [HLS 200-42] -- Implementing module 'PRG_1' 
INFO: [HLS 200-10] ----------------------------------------------------------------
INFO: [SCHED 204-11] Starting scheduling ...
INFO: [SCHED 204-61] Pipelining function 'PRG.1'.
INFO: [HLS 200-1470] Pipelining result : Target II = 1, Final II = 1, Depth = 24, function 'PRG.1'
INFO: [SCHED 204-11] Finished scheduling.
INFO: [HLS 200-111] Finished Scheduling: CPU user time: 0.02 seconds. CPU system time: 0 seconds. Elapsed time: 0.03 seconds; current allocated memory: 1.059 GB.
INFO: [BIND 205-100] Starting micro-architecture generation ...
INFO: [BIND 205-101] Performing variable lifetime analysis.
INFO: [BIND 205-101] Exploring resource sharing.
INFO: [BIND 205-101] Binding ...
INFO: [BIND 205-100] Finished micro-architecture generation.
INFO: [HLS 200-111] Finished Binding: CPU user time: 0.01 seconds. CPU system time: 0 seconds. Elapsed time: 0.01 seconds; current allocated memory: 1.059 GB.
INFO: [HLS 200-10] ----------------------------------------------------------------
INFO: [HLS 200-42] -- Implementing module 'PRG' 
INFO: [HLS 200-10] ----------------------------------------------------------------
INFO: [SCHED 204-11] Starting scheduling ...
INFO: [SCHED 204-61] Pipelining function 'PRG'.
INFO: [HLS 200-1470] Pipelining result : Target II = 1, Final II = 1, Depth = 24, function 'PRG'
INFO: [SCHED 204-11] Finished scheduling.
INFO: [HLS 200-111] Finished Scheduling: CPU user time: 0.03 seconds. CPU system time: 0 seconds. Elapsed time: 0.03 seconds; current allocated memory: 1.059 GB.
INFO: [BIND 205-100] Starting micro-architecture generation ...
INFO: [BIND 205-101] Performing variable lifetime analysis.
INFO: [BIND 205-101] Exploring resource sharing.
INFO: [BIND 205-101] Binding ...
INFO: [BIND 205-100] Finished micro-architecture generation.
INFO: [HLS 200-111] Finished Binding: CPU user time: 0.01 seconds. CPU system time: 0 seconds. Elapsed time: 0.01 seconds; current allocated memory: 1.059 GB.
INFO: [HLS 200-10] ----------------------------------------------------------------
INFO: [HLS 200-42] -- Implementing module 'KECCAK_f' 
INFO: [HLS 200-10] ----------------------------------------------------------------
INFO: [SCHED 204-11] Starting scheduling ...
INFO: [SCHED 204-61] Pipelining function 'KECCAK_f'.
INFO: [HLS 200-1470] Pipelining result : Target II = 1, Final II = 1, Depth = 6, function 'KECCAK_f'
INFO: [SCHED 204-11] Finished scheduling.
INFO: [HLS 200-111] Finished Scheduling: CPU user time: 14.19 seconds. CPU system time: 0.21 seconds. Elapsed time: 14.4 seconds; current allocated memory: 1.578 GB.
INFO: [BIND 205-100] Starting micro-architecture generation ...
INFO: [BIND 205-101] Performing variable lifetime analysis.
INFO: [BIND 205-101] Exploring resource sharing.
INFO: [BIND 205-101] Binding ...
INFO: [BIND 205-100] Finished micro-architecture generation.
INFO: [HLS 200-111] Finished Binding: CPU user time: 0.61 seconds. CPU system time: 0.01 seconds. Elapsed time: 0.62 seconds; current allocated memory: 1.578 GB.
INFO: [HLS 200-10] ----------------------------------------------------------------
INFO: [HLS 200-42] -- Implementing module 'shakeXOF_32u_s' 
INFO: [HLS 200-10] ----------------------------------------------------------------
INFO: [SCHED 204-11] Starting scheduling ...
WARNING: [SCHED 204-65] Unable to satisfy pipeline directive for function 'shakeXOF<32u>': contains subloop(s) that are not unrolled.
INFO: [SCHED 204-11] Finished scheduling.
INFO: [HLS 200-111] Finished Scheduling: CPU user time: 0.52 seconds. CPU system time: 0 seconds. Elapsed time: 0.53 seconds; current allocated memory: 1.578 GB.
INFO: [BIND 205-100] Starting micro-architecture generation ...
INFO: [BIND 205-101] Performing variable lifetime analysis.
INFO: [BIND 205-101] Exploring resource sharing.
INFO: [BIND 205-101] Binding ...
INFO: [BIND 205-100] Finished micro-architecture generation.
INFO: [HLS 200-111] Finished Binding: CPU user time: 0.17 seconds. CPU system time: 0 seconds. Elapsed time: 0.16 seconds; current allocated memory: 1.578 GB.
INFO: [HLS 200-10] ----------------------------------------------------------------
INFO: [HLS 200-42] -- Implementing module 'shake256_wrapper' 
INFO: [HLS 200-10] ----------------------------------------------------------------
INFO: [SCHED 204-11] Starting scheduling ...
