  **** HLS Build v2025.1 6135595
INFO: [HLS 200-2005] Using work_dir /home/tkgong/Research/VOLE-ocity/VOLEitH-FPGA/hls_component/hls_component 
INFO: [HLS 200-2176] Writing Vitis IDE component file /home/tkgong/Research/VOLE-ocity/VOLEitH-FPGA/hls_component/hls_component/vitis-comp.json
INFO: [HLS 200-10] Creating and opening component '/home/tkgong/Research/VOLE-ocity/VOLEitH-FPGA/hls_component/hls_component'.
INFO: [HLS 200-1505] Using default flow_target 'vivado'
Resolution: For help on HLS 200-1505 see docs.xilinx.com/access/sources/dita/topic?Doc_Version=2025.1%20English&url=ug1448-hls-guidance&resourceid=200-1505.html
INFO: [HLS 200-2174] Applying component config ini file /home/tkgong/Research/VOLE-ocity/VOLEitH-FPGA/hls_component/hls_config.cfg
WARNING: [HLS 200-1921] Skipping unknown config ini [hls] entry 'ldflags=-lstdc++' from /home/tkgong/Research/VOLE-ocity/VOLEitH-FPGA/hls_component/hls_config.cfg(11)
INFO: [HLS 200-1465] Applying config ini 'syn.file=defs.h' from /home/tkgong/Research/VOLE-ocity/VOLEitH-FPGA/hls_component/hls_config.cfg(14)
INFO: [HLS 200-10] Adding design file '/home/tkgong/Research/VOLE-ocity/VOLEitH-FPGA/hls_component/defs.h' to the project
INFO: [HLS 200-1465] Applying config ini 'syn.file=aes.hpp' from /home/tkgong/Research/VOLE-ocity/VOLEitH-FPGA/hls_component/hls_config.cfg(15)
INFO: [HLS 200-10] Adding design file '/home/tkgong/Research/VOLE-ocity/VOLEitH-FPGA/hls_component/aes.hpp' to the project
INFO: [HLS 200-1465] Applying config ini 'syn.file=encrypt.h' from /home/tkgong/Research/VOLE-ocity/VOLEitH-FPGA/hls_component/hls_config.cfg(16)
INFO: [HLS 200-10] Adding design file '/home/tkgong/Research/VOLE-ocity/VOLEitH-FPGA/hls_component/encrypt.h' to the project
INFO: [HLS 200-1465] Applying config ini 'syn.file=encrypt.cpp' from /home/tkgong/Research/VOLE-ocity/VOLEitH-FPGA/hls_component/hls_config.cfg(17)
INFO: [HLS 200-10] Adding design file '/home/tkgong/Research/VOLE-ocity/VOLEitH-FPGA/hls_component/encrypt.cpp' to the project
INFO: [HLS 200-1465] Applying config ini 'syn.file=PRG.h' from /home/tkgong/Research/VOLE-ocity/VOLEitH-FPGA/hls_component/hls_config.cfg(18)
INFO: [HLS 200-10] Adding design file '/home/tkgong/Research/VOLE-ocity/VOLEitH-FPGA/hls_component/PRG.h' to the project
INFO: [HLS 200-1465] Applying config ini 'syn.file=PRG.cpp' from /home/tkgong/Research/VOLE-ocity/VOLEitH-FPGA/hls_component/hls_config.cfg(19)
INFO: [HLS 200-10] Adding design file '/home/tkgong/Research/VOLE-ocity/VOLEitH-FPGA/hls_component/PRG.cpp' to the project
INFO: [HLS 200-1465] Applying config ini 'syn.file=ggm_tree.h' from /home/tkgong/Research/VOLE-ocity/VOLEitH-FPGA/hls_component/hls_config.cfg(20)
INFO: [HLS 200-10] Adding design file '/home/tkgong/Research/VOLE-ocity/VOLEitH-FPGA/hls_component/ggm_tree.h' to the project
INFO: [HLS 200-1465] Applying config ini 'syn.file=ggm_tree.cpp' from /home/tkgong/Research/VOLE-ocity/VOLEitH-FPGA/hls_component/hls_config.cfg(21)
INFO: [HLS 200-10] Adding design file '/home/tkgong/Research/VOLE-ocity/VOLEitH-FPGA/hls_component/ggm_tree.cpp' to the project
INFO: [HLS 200-1465] Applying config ini 'syn.file=sha3.hpp' from /home/tkgong/Research/VOLE-ocity/VOLEitH-FPGA/hls_component/hls_config.cfg(22)
INFO: [HLS 200-10] Adding design file '/home/tkgong/Research/VOLE-ocity/VOLEitH-FPGA/hls_component/sha3.hpp' to the project
INFO: [HLS 200-1465] Applying config ini 'syn.file=./shake.h' from /home/tkgong/Research/VOLE-ocity/VOLEitH-FPGA/hls_component/hls_config.cfg(23)
INFO: [HLS 200-10] Adding design file '/home/tkgong/Research/VOLE-ocity/VOLEitH-FPGA/hls_component/shake.h' to the project
INFO: [HLS 200-1465] Applying config ini 'syn.file=./shake.cpp' from /home/tkgong/Research/VOLE-ocity/VOLEitH-FPGA/hls_component/hls_config.cfg(24)
INFO: [HLS 200-10] Adding design file '/home/tkgong/Research/VOLE-ocity/VOLEitH-FPGA/hls_component/shake.cpp' to the project
INFO: [HLS 200-1465] Applying config ini 'syn.file=vole.h' from /home/tkgong/Research/VOLE-ocity/VOLEitH-FPGA/hls_component/hls_config.cfg(25)
INFO: [HLS 200-10] Adding design file '/home/tkgong/Research/VOLE-ocity/VOLEitH-FPGA/hls_component/vole.h' to the project
INFO: [HLS 200-1465] Applying config ini 'syn.file=vole.cpp' from /home/tkgong/Research/VOLE-ocity/VOLEitH-FPGA/hls_component/hls_config.cfg(26)
INFO: [HLS 200-10] Adding design file '/home/tkgong/Research/VOLE-ocity/VOLEitH-FPGA/hls_component/vole.cpp' to the project
INFO: [HLS 200-1465] Applying config ini 'syn.file=Commit.h' from /home/tkgong/Research/VOLE-ocity/VOLEitH-FPGA/hls_component/hls_config.cfg(27)
INFO: [HLS 200-10] Adding design file '/home/tkgong/Research/VOLE-ocity/VOLEitH-FPGA/hls_component/Commit.h' to the project
INFO: [HLS 200-1465] Applying config ini 'syn.file=Commit.cpp' from /home/tkgong/Research/VOLE-ocity/VOLEitH-FPGA/hls_component/hls_config.cfg(28)
INFO: [HLS 200-10] Adding design file '/home/tkgong/Research/VOLE-ocity/VOLEitH-FPGA/hls_component/Commit.cpp' to the project
INFO: [HLS 200-1465] Applying config ini 'syn.file=gatebygate.h' from /home/tkgong/Research/VOLE-ocity/VOLEitH-FPGA/hls_component/hls_config.cfg(29)
INFO: [HLS 200-10] Adding design file '/home/tkgong/Research/VOLE-ocity/VOLEitH-FPGA/hls_component/gatebygate.h' to the project
INFO: [HLS 200-1465] Applying config ini 'syn.file=gatebygate.cpp' from /home/tkgong/Research/VOLE-ocity/VOLEitH-FPGA/hls_component/hls_config.cfg(30)
INFO: [HLS 200-10] Adding design file '/home/tkgong/Research/VOLE-ocity/VOLEitH-FPGA/hls_component/gatebygate.cpp' to the project
INFO: [HLS 200-1465] Applying config ini 'syn.file=fiat_shamir.h' from /home/tkgong/Research/VOLE-ocity/VOLEitH-FPGA/hls_component/hls_config.cfg(31)
INFO: [HLS 200-10] Adding design file '/home/tkgong/Research/VOLE-ocity/VOLEitH-FPGA/hls_component/fiat_shamir.h' to the project
INFO: [HLS 200-1465] Applying config ini 'syn.file=fiat_shamir.cpp' from /home/tkgong/Research/VOLE-ocity/VOLEitH-FPGA/hls_component/hls_config.cfg(32)
INFO: [HLS 200-10] Adding design file '/home/tkgong/Research/VOLE-ocity/VOLEitH-FPGA/hls_component/fiat_shamir.cpp' to the project
INFO: [HLS 200-1465] Applying config ini 'tb.file=tb_vole.cpp' from /home/tkgong/Research/VOLE-ocity/VOLEitH-FPGA/hls_component/hls_config.cfg(13)
INFO: [HLS 200-10] Adding test bench file '/home/tkgong/Research/VOLE-ocity/VOLEitH-FPGA/hls_component/tb_vole.cpp' to the project
INFO: [HLS 200-1465] Applying config ini 'syn.top=chal2' from /home/tkgong/Research/VOLE-ocity/VOLEitH-FPGA/hls_component/hls_config.cfg(8)
INFO: [HLS 200-1465] Applying config ini 'flow_target=vivado' from /home/tkgong/Research/VOLE-ocity/VOLEitH-FPGA/hls_component/hls_config.cfg(4)
INFO: [HLS 200-1505] Using flow_target 'vivado'
Resolution: For help on HLS 200-1505 see docs.xilinx.com/access/sources/dita/topic?Doc_Version=2025.1%20English&url=ug1448-hls-guidance&resourceid=200-1505.html
INFO: [HLS 200-1465] Applying config ini 'part=xcu250-figd2104-2-e' from /home/tkgong/Research/VOLE-ocity/VOLEitH-FPGA/hls_component/hls_config.cfg(1)
INFO: [HLS 200-1611] Setting target device to 'xcu250-figd2104-2-e'
INFO: [HLS 200-1465] Applying config ini 'clock=7ns' from /home/tkgong/Research/VOLE-ocity/VOLEitH-FPGA/hls_component/hls_config.cfg(7)
INFO: [SYN 201-201] Setting up clock 'default' with a period of 7ns.
INFO: [HLS 200-1465] Applying config ini 'clock_uncertainty=0ns' from /home/tkgong/Research/VOLE-ocity/VOLEitH-FPGA/hls_component/hls_config.cfg(33)
INFO: [SYN 201-201] Setting up clock 'default' with an uncertainty of 0ns.
INFO: [HLS 200-1465] Applying config ini 'csim.clean=1' from /home/tkgong/Research/VOLE-ocity/VOLEitH-FPGA/hls_component/hls_config.cfg(10)
INFO: [HLS 200-1465] Applying config ini 'csim.code_analyzer=0' from /home/tkgong/Research/VOLE-ocity/VOLEitH-FPGA/hls_component/hls_config.cfg(12)
INFO: [HLS 200-1465] Applying config ini 'package.output.format=ip_catalog' from /home/tkgong/Research/VOLE-ocity/VOLEitH-FPGA/hls_component/hls_config.cfg(5)
INFO: [HLS 200-1465] Applying config ini 'sim.O=1' from /home/tkgong/Research/VOLE-ocity/VOLEitH-FPGA/hls_component/hls_config.cfg(9)
INFO: [HLS 200-2176] Writing Vitis IDE component file /home/tkgong/Research/VOLE-ocity/VOLEitH-FPGA/hls_component/hls_component/vitis-comp.json
INFO: [HLS 200-111] Finished File checks and directory preparation: CPU user time: 3.29 seconds. CPU system time: 0.45 seconds. Elapsed time: 3.75 seconds; current allocated memory: 481.980 MB.
INFO: [HLS 200-10] Analyzing design file 'fiat_shamir.cpp' ... 
WARNING: [HLS 207-5539] 'Resource pragma' is deprecated, use 'bind_op/bind_storage pragma' instead (./sha3.hpp:101:9)
WARNING: [HLS 207-5539] 'Resource pragma' is deprecated, use 'bind_op/bind_storage pragma' instead (./sha3.hpp:251:9)
WARNING: [HLS 207-5539] 'Resource pragma' is deprecated, use 'bind_op/bind_storage pragma' instead (./sha3.hpp:426:9)
INFO: [HLS 200-10] Analyzing design file 'gatebygate.cpp' ... 
WARNING: [HLS 207-5292] unused parameter 'ch1' (gatebygate.cpp:115:19)
INFO: [HLS 200-10] Analyzing design file 'Commit.cpp' ... 
WARNING: [HLS 207-5539] 'Resource pragma' is deprecated, use 'bind_op/bind_storage pragma' instead (./sha3.hpp:101:9)
WARNING: [HLS 207-5539] 'Resource pragma' is deprecated, use 'bind_op/bind_storage pragma' instead (./sha3.hpp:251:9)
WARNING: [HLS 207-5539] 'Resource pragma' is deprecated, use 'bind_op/bind_storage pragma' instead (./sha3.hpp:426:9)
INFO: [HLS 200-10] Analyzing design file 'vole.cpp' ... 
INFO: [HLS 200-10] Analyzing design file 'shake.cpp' ... 
WARNING: [HLS 207-5539] 'Resource pragma' is deprecated, use 'bind_op/bind_storage pragma' instead (./sha3.hpp:101:9)
WARNING: [HLS 207-5539] 'Resource pragma' is deprecated, use 'bind_op/bind_storage pragma' instead (./sha3.hpp:251:9)
WARNING: [HLS 207-5539] 'Resource pragma' is deprecated, use 'bind_op/bind_storage pragma' instead (./sha3.hpp:426:9)
INFO: [HLS 200-10] Analyzing design file 'ggm_tree.cpp' ... 
WARNING: [HLS 207-5539] 'Resource pragma' is deprecated, use 'bind_op/bind_storage pragma' instead (./sha3.hpp:101:9)
WARNING: [HLS 207-5539] 'Resource pragma' is deprecated, use 'bind_op/bind_storage pragma' instead (./sha3.hpp:251:9)
WARNING: [HLS 207-5539] 'Resource pragma' is deprecated, use 'bind_op/bind_storage pragma' instead (./sha3.hpp:426:9)
WARNING: [HLS 207-5570] unexpected pragma parameter 'depth' (ggm_tree.cpp:239:36)
INFO: [HLS 200-10] Analyzing design file 'PRG.cpp' ... 
INFO: [HLS 200-10] Analyzing design file 'encrypt.cpp' ... 
WARNING: [HLS 207-5539] 'Resource pragma' is deprecated, use 'bind_op/bind_storage pragma' instead (./aes.hpp:16:9)
WARNING: [HLS 207-5539] 'Resource pragma' is deprecated, use 'bind_op/bind_storage pragma' instead (./aes.hpp:17:9)
WARNING: [HLS 207-5292] unused parameter 'cipherkey' (./aes.hpp:57:31)
WARNING: [HLS 207-5292] unused parameter 'plaintext' (./aes.hpp:58:31)
WARNING: [HLS 207-5292] unused parameter 'cipherkey' (./aes.hpp:58:53)
WARNING: [HLS 207-5292] unused parameter 'ciphertext' (./aes.hpp:58:78)
WARNING: [HLS 207-5292] unused parameter 'cipherkey' (./aes.hpp:126:55)
WARNING: [HLS 207-5292] unused parameter 'cipherkey' (./aes.hpp:303:55)
WARNING: [HLS 207-5292] unused parameter 'cipherkey' (./aes.hpp:429:55)
WARNING: [HLS 207-5292] unused parameter 'cipherkey' (./aes.hpp:523:31)
WARNING: [HLS 207-5292] unused parameter 'ciphertext' (./aes.hpp:531:31)
WARNING: [HLS 207-5292] unused parameter 'cipherkey' (./aes.hpp:531:54)
WARNING: [HLS 207-5292] unused parameter 'plaintext' (./aes.hpp:531:79)
WARNING: [HLS 207-5292] unused parameter 'cipherkey' (./aes.hpp:624:56)
WARNING: [HLS 207-5292] unused parameter 'cipherkey' (./aes.hpp:786:56)
WARNING: [HLS 207-5292] unused parameter 'cipherkey' (./aes.hpp:935:56)
INFO: [HLS 200-111] Finished Source Code Analysis and Preprocessing: CPU user time: 13.65 seconds. CPU system time: 2.44 seconds. Elapsed time: 16.11 seconds; current allocated memory: 488.879 MB.
INFO: [HLS 200-777] Using interface defaults for 'Vivado' flow target.
INFO: [HLS 200-1995] There were 20,174 instructions in the design after the 'Compile/Link' phase of compilation. See the Design Size Report for more details (/home/tkgong/Research/VOLE-ocity/VOLEitH-FPGA/hls_component/hls_component/hls/syn/report/csynth_design_size.rpt:2)
INFO: [HLS 200-1995] There were 41,589 instructions in the design after the 'Unroll/Inline (step 1)' phase of compilation. See the Design Size Report for more details (/home/tkgong/Research/VOLE-ocity/VOLEitH-FPGA/hls_component/hls_component/hls/syn/report/csynth_design_size.rpt:2)
INFO: [HLS 200-1995] There were 14,910 instructions in the design after the 'Unroll/Inline (step 2)' phase of compilation. See the Design Size Report for more details (/home/tkgong/Research/VOLE-ocity/VOLEitH-FPGA/hls_component/hls_component/hls/syn/report/csynth_design_size.rpt:2)
INFO: [HLS 200-1995] There were 14,246 instructions in the design after the 'Unroll/Inline (step 3)' phase of compilation. See the Design Size Report for more details (/home/tkgong/Research/VOLE-ocity/VOLEitH-FPGA/hls_component/hls_component/hls/syn/report/csynth_design_size.rpt:2)
INFO: [HLS 200-1995] There were 14,246 instructions in the design after the 'Unroll/Inline (step 4)' phase of compilation. See the Design Size Report for more details (/home/tkgong/Research/VOLE-ocity/VOLEitH-FPGA/hls_component/hls_component/hls/syn/report/csynth_design_size.rpt:2)
INFO: [HLS 200-1995] There were 13,306 instructions in the design after the 'Array/Struct (step 1)' phase of compilation. See the Design Size Report for more details (/home/tkgong/Research/VOLE-ocity/VOLEitH-FPGA/hls_component/hls_component/hls/syn/report/csynth_design_size.rpt:2)
INFO: [HLS 200-1995] There were 13,306 instructions in the design after the 'Array/Struct (step 2)' phase of compilation. See the Design Size Report for more details (/home/tkgong/Research/VOLE-ocity/VOLEitH-FPGA/hls_component/hls_component/hls/syn/report/csynth_design_size.rpt:2)
INFO: [HLS 200-1995] There were 13,306 instructions in the design after the 'Array/Struct (step 3)' phase of compilation. See the Design Size Report for more details (/home/tkgong/Research/VOLE-ocity/VOLEitH-FPGA/hls_component/hls_component/hls/syn/report/csynth_design_size.rpt:2)
INFO: [HLS 200-1995] There were 13,306 instructions in the design after the 'Array/Struct (step 4)' phase of compilation. See the Design Size Report for more details (/home/tkgong/Research/VOLE-ocity/VOLEitH-FPGA/hls_component/hls_component/hls/syn/report/csynth_design_size.rpt:2)
INFO: [HLS 200-1995] There were 13,308 instructions in the design after the 'Array/Struct (step 5)' phase of compilation. See the Design Size Report for more details (/home/tkgong/Research/VOLE-ocity/VOLEitH-FPGA/hls_component/hls_component/hls/syn/report/csynth_design_size.rpt:2)
INFO: [HLS 200-1995] There were 13,308 instructions in the design after the 'Performance (step 1)' phase of compilation. See the Design Size Report for more details (/home/tkgong/Research/VOLE-ocity/VOLEitH-FPGA/hls_component/hls_component/hls/syn/report/csynth_design_size.rpt:2)
INFO: [HLS 200-1995] There were 13,300 instructions in the design after the 'Performance (step 2)' phase of compilation. See the Design Size Report for more details (/home/tkgong/Research/VOLE-ocity/VOLEitH-FPGA/hls_component/hls_component/hls/syn/report/csynth_design_size.rpt:2)
INFO: [HLS 200-1995] There were 13,298 instructions in the design after the 'Performance (step 3)' phase of compilation. See the Design Size Report for more details (/home/tkgong/Research/VOLE-ocity/VOLEitH-FPGA/hls_component/hls_component/hls/syn/report/csynth_design_size.rpt:2)
INFO: [HLS 200-1995] There were 12,914 instructions in the design after the 'Performance (step 4)' phase of compilation. See the Design Size Report for more details (/home/tkgong/Research/VOLE-ocity/VOLEitH-FPGA/hls_component/hls_component/hls/syn/report/csynth_design_size.rpt:2)
INFO: [HLS 200-1995] There were 12,932 instructions in the design after the 'HW Transforms (step 1)' phase of compilation. See the Design Size Report for more details (/home/tkgong/Research/VOLE-ocity/VOLEitH-FPGA/hls_component/hls_component/hls/syn/report/csynth_design_size.rpt:2)
INFO: [HLS 200-1995] There were 13,652 instructions in the design after the 'HW Transforms (step 2)' phase of compilation. See the Design Size Report for more details (/home/tkgong/Research/VOLE-ocity/VOLEitH-FPGA/hls_component/hls_component/hls/syn/report/csynth_design_size.rpt:2)
INFO: [HLS 214-131] Inlining function 'ap_uint<64u> xf::security::internal::ROTL<64u>(ap_uint<64u>, unsigned int)' into 'xf::security::internal::KECCAK_f(ap_uint<64>*)' (./sha3.hpp:154:33)
INFO: [HLS 214-377] Adding 'stateArray' into disaggregation list because there's array-partition pragma applied on the struct field (./sha3.hpp:432:12)
INFO: [HLS 214-377] Adding 'stateArray' into disaggregation list because there's array-partition pragma applied on the struct field (./sha3.hpp:433:9)
INFO: [HLS 214-210] Disaggregating variable 'stateArray' (./sha3.hpp:432:12)
Resolution: For help on HLS 214-210 see docs.xilinx.com/access/sources/dita/topic?Doc_Version=2025.1%20English&url=ug1448-hls-guidance&resourceid=214-210.html
INFO: [HLS 214-291] Loop 'VITIS_LOOP_49_2' is marked as complete unroll implied by the pipeline pragma (fiat_shamir.cpp:49:26)
INFO: [HLS 214-291] Loop 'LOOP_SHAKE_MAIN' is marked as complete unroll implied by the pipeline pragma (./sha3.hpp:418:5)
INFO: [HLS 214-291] Loop 'LOOP_INIT_STATE_ARRAYS' is marked as complete unroll implied by the pipeline pragma (./sha3.hpp:435:9)
INFO: [HLS 214-291] Loop 'LOOP_SHAKE_DIGEST_NBLK' is marked as complete unroll implied by the pipeline pragma (./sha3.hpp:444:9)
INFO: [HLS 214-291] Loop 'LOOP_GEN_LAST_BLK' is marked as complete unroll implied by the pipeline pragma (./sha3.hpp:462:17)
INFO: [HLS 214-291] Loop 'LOOP_GEN_FULL_MESSAGE_BLK' is marked as complete unroll implied by the pipeline pragma (./sha3.hpp:450:17)
INFO: [HLS 214-291] Loop 'LOOP_SHA3_EMIT' is marked as complete unroll implied by the pipeline pragma (./sha3.hpp:541:9)
INFO: [HLS 214-291] Loop 'LOOP_5_STEP_MAPPING' is marked as complete unroll implied by the pipeline pragma (./sha3.hpp:104:5)
INFO: [HLS 214-291] Loop 'LOOP_THETA_1' is marked as complete unroll implied by the pipeline pragma (./sha3.hpp:110:9)
INFO: [HLS 214-291] Loop 'LOOP_THETA_2' is marked as complete unroll implied by the pipeline pragma (./sha3.hpp:117:9)
INFO: [HLS 214-291] Loop 'LOOP_CALCULATE_THETA' is marked as complete unroll implied by the pipeline pragma (./sha3.hpp:121:13)
INFO: [HLS 214-291] Loop 'LOOP_CHI' is marked as complete unroll implied by the pipeline pragma (./sha3.hpp:186:9)
INFO: [HLS 214-291] Loop 'LOOP_INIT_STATEREG' is marked as complete unroll implied by the pipeline pragma (./sha3.hpp:191:13)
INFO: [HLS 214-291] Loop 'LOOP_CALCULATE_CHI' is marked as complete unroll implied by the pipeline pragma (./sha3.hpp:196:13)
INFO: [HLS 214-186] Unrolling loop 'VITIS_LOOP_49_2' (fiat_shamir.cpp:49:26) in function 'chal2' completely with a factor of 64 (fiat_shamir.cpp:38:0)
INFO: [HLS 214-186] Unrolling loop 'LOOP_INIT_STATE_ARRAYS' (./sha3.hpp:435:9) in function 'xf::security::internal::shakeXOF<32u>' completely with a factor of 25 (./sha3.hpp:408:0)
INFO: [HLS 214-186] Unrolling loop 'LOOP_GEN_LAST_BLK' (./sha3.hpp:462:17) in function 'xf::security::internal::shakeXOF<32u>' completely with a factor of 17 (./sha3.hpp:408:0)
WARNING: [HLS 214-189] Pipeline directive for loop 'LOOP_GEN_LAST_BLK' (./sha3.hpp:462:17) in function 'xf::security::internal::shakeXOF<32u>' has been removed because the loop is unrolled completely (./sha3.hpp:408:0)
INFO: [HLS 214-186] Unrolling loop 'LOOP_GEN_FULL_MESSAGE_BLK' (./sha3.hpp:450:17) in function 'xf::security::internal::shakeXOF<32u>' completely with a factor of 17 (./sha3.hpp:408:0)
WARNING: [HLS 214-189] Pipeline directive for loop 'LOOP_GEN_FULL_MESSAGE_BLK' (./sha3.hpp:450:17) in function 'xf::security::internal::shakeXOF<32u>' has been removed because the loop is unrolled completely (./sha3.hpp:408:0)
INFO: [HLS 214-186] Unrolling loop 'LOOP_SHA3_EMIT' (./sha3.hpp:541:9) in function 'xf::security::internal::shakeXOF<32u>' completely with a factor of 4 (./sha3.hpp:408:0)
INFO: [HLS 214-186] Unrolling loop 'LOOP_5_STEP_MAPPING' (./sha3.hpp:104:5) in function 'xf::security::internal::KECCAK_f' completely with a factor of 24 (./sha3.hpp:93:0)
WARNING: [HLS 214-189] Pipeline directive for loop 'LOOP_5_STEP_MAPPING' (./sha3.hpp:104:5) in function 'xf::security::internal::KECCAK_f' has been removed because the loop is unrolled completely (./sha3.hpp:93:0)
INFO: [HLS 214-186] Unrolling loop 'LOOP_CHI' (./sha3.hpp:186:9) in function 'xf::security::internal::KECCAK_f' completely with a factor of 5 (./sha3.hpp:93:0)
INFO: [HLS 214-186] Unrolling loop 'LOOP_CALCULATE_CHI' (./sha3.hpp:196:13) in function 'xf::security::internal::KECCAK_f' completely with a factor of 5 (./sha3.hpp:93:0)
INFO: [HLS 214-186] Unrolling loop 'LOOP_INIT_STATEREG' (./sha3.hpp:191:13) in function 'xf::security::internal::KECCAK_f' completely with a factor of 5 (./sha3.hpp:93:0)
INFO: [HLS 214-186] Unrolling loop 'LOOP_THETA_2' (./sha3.hpp:117:9) in function 'xf::security::internal::KECCAK_f' completely with a factor of 5 (./sha3.hpp:93:0)
INFO: [HLS 214-186] Unrolling loop 'LOOP_CALCULATE_THETA' (./sha3.hpp:121:13) in function 'xf::security::internal::KECCAK_f' completely with a factor of 5 (./sha3.hpp:93:0)
INFO: [HLS 214-186] Unrolling loop 'LOOP_THETA_1' (./sha3.hpp:110:9) in function 'xf::security::internal::KECCAK_f' completely with a factor of 5 (./sha3.hpp:93:0)
INFO: [HLS 214-178] Inlining function 'xf::security::shake256(hls::stream<ap_uint<64>, 0>&, hls::stream<ap_uint<128>, 0>&, hls::stream<bool, 0>&, hls::stream<ap_uint<256>, 0>&, hls::stream<bool, 0>&)' into 'chal2(hls::stream<ap_uint<1>, 0>&, ap_uint<256>&, hls::stream<ap_uint<128>, 0>&)' (fiat_shamir.cpp:38:0)
INFO: [HLS 214-248] Applying array_partition to 'stateArray': Complete partitioning on dimension 1. (./sha3.hpp:432:12)
INFO: [HLS 214-364] Automatically inlining function 'void xf::security::internal::shakeXOF<32u>(hls::stream<ap_uint<64>, 0>&, hls::stream<ap_uint<128>, 0>&, hls::stream<bool, 0>&, hls::stream<ap_uint<(8) * (32u)>, 0>&, hls::stream<bool, 0>&) (.9.15.21.27.33)' to improve effectiveness of pipeline pragma in function 'chal2(hls::stream<ap_uint<1>, 0>&, ap_uint<256>&, hls::stream<ap_uint<128>, 0>&)' (./sha3.hpp:724:5)
INFO: [HLS 214-364] Automatically inlining function 'xf::security::internal::KECCAK_f(ap_uint<64>*)' to improve effectiveness of pipeline pragma in function 'chal2(hls::stream<ap_uint<1>, 0>&, ap_uint<256>&, hls::stream<ap_uint<128>, 0>&)' (./sha3.hpp:535:13)
INFO: [HLS 214-437] Automatically disabling loop flattening for loop 'VITIS_LOOP_85_3'. (fiat_shamir.cpp:85:22)
WARNING: [HLS 214-187] Cannot unroll loop 'LOOP_SHAKE_MAIN' (./sha3.hpp:418:5) in function 'chal2' as it has a variable trip count (./sha3.hpp:418:5)
WARNING: [HLS 214-187] Cannot unroll loop 'LOOP_SHAKE_DIGEST_NBLK' (./sha3.hpp:444:9) in function 'chal2' as it has a variable trip count (./sha3.hpp:444:9)
WARNING: [HLS 214-187] Cannot unroll loop 'LOOP_SHAKE_MAIN' (./sha3.hpp:418:5) in function 'xf::security::internal::shakeXOF<32u>' as it has a variable trip count (./sha3.hpp:418:5)
WARNING: [HLS 214-187] Cannot unroll loop 'LOOP_SHAKE_DIGEST_NBLK' (./sha3.hpp:444:9) in function 'xf::security::internal::shakeXOF<32u>' as it has a variable trip count (./sha3.hpp:444:9)
WARNING: [HLS 214-373] Impl=auto in bind_op is deprecated. Consider using a different operation implementation. (./sha3.hpp:426:9)
INFO: [HLS 200-111] Finished Compiling Optimization and Transform: CPU user time: 5.28 seconds. CPU system time: 0.33 seconds. Elapsed time: 7.85 seconds; current allocated memory: 496.953 MB.
INFO: [HLS 200-111] Finished Checking Pragmas: CPU user time: 0 seconds. CPU system time: 0 seconds. Elapsed time: 0 seconds; current allocated memory: 496.953 MB.
INFO: [HLS 200-10] Starting code transformations ...
INFO: [HLS 200-111] Finished Standard Transforms: CPU user time: 0.43 seconds. CPU system time: 0 seconds. Elapsed time: 0.44 seconds; current allocated memory: 510.832 MB.
INFO: [HLS 200-10] Checking synthesizability ...
INFO: [HLS 200-111] Finished Checking Synthesizability: CPU user time: 0.45 seconds. CPU system time: 0.01 seconds. Elapsed time: 0.46 seconds; current allocated memory: 516.914 MB.
WARNING: [HLS 200-805] An internal stream 'msgStrm' (fiat_shamir.cpp:42) with default size can result in deadlock. Please consider resizing the stream using the directive 'set_directive_stream' or the 'HLS stream' pragma.
WARNING: [HLS 200-805] An internal stream 'msgLenStrm' (fiat_shamir.cpp:65) with default size can result in deadlock. Please consider resizing the stream using the directive 'set_directive_stream' or the 'HLS stream' pragma.
WARNING: [HLS 200-805] An internal stream 'endMsgLenStrm' (fiat_shamir.cpp:66) with default size can result in deadlock. Please consider resizing the stream using the directive 'set_directive_stream' or the 'HLS stream' pragma.
WARNING: [HLS 200-805] An internal stream 'seedStrm' (fiat_shamir.cpp:73) with default size can result in deadlock. Please consider resizing the stream using the directive 'set_directive_stream' or the 'HLS stream' pragma.
WARNING: [HLS 200-805] An internal stream 'endSeedStrm' (fiat_shamir.cpp:74) with default size can result in deadlock. Please consider resizing the stream using the directive 'set_directive_stream' or the 'HLS stream' pragma.
WARNING: [HLS 200-805] An internal stream 'ctrMsgStrm' (fiat_shamir.cpp:87) with default size can result in deadlock. Please consider resizing the stream using the directive 'set_directive_stream' or the 'HLS stream' pragma.
WARNING: [HLS 200-805] An internal stream 'ctrLenStrm' (fiat_shamir.cpp:98) with default size can result in deadlock. Please consider resizing the stream using the directive 'set_directive_stream' or the 'HLS stream' pragma.
WARNING: [HLS 200-805] An internal stream 'ctrEndStrm' (fiat_shamir.cpp:99) with default size can result in deadlock. Please consider resizing the stream using the directive 'set_directive_stream' or the 'HLS stream' pragma.
WARNING: [HLS 200-805] An internal stream 'digestStrm' (fiat_shamir.cpp:105) with default size can result in deadlock. Please consider resizing the stream using the directive 'set_directive_stream' or the 'HLS stream' pragma.
WARNING: [HLS 200-805] An internal stream 'endDigestStrm' (fiat_shamir.cpp:106) with default size can result in deadlock. Please consider resizing the stream using the directive 'set_directive_stream' or the 'HLS stream' pragma.
INFO: [XFORM 203-11] Balancing expressions in function 'xf::security::internal::KECCAK_f' (./sha3.hpp:76:93)...840 expression(s) balanced.
INFO: [XFORM 203-11] Balancing expressions in function 'chal2' (./sha3.hpp:38:45)...840 expression(s) balanced.
INFO: [HLS 200-111] Finished Loop, function and other optimizations: CPU user time: 1.63 seconds. CPU system time: 0.01 seconds. Elapsed time: 1.64 seconds; current allocated memory: 566.648 MB.
INFO: [HLS 200-111] Finished Architecture Synthesis: CPU user time: 3.76 seconds. CPU system time: 0.02 seconds. Elapsed time: 3.79 seconds; current allocated memory: 619.328 MB.
INFO: [HLS 200-10] Starting hardware synthesis ...
INFO: [HLS 200-10] Synthesizing 'chal2' ...
WARNING: [SYN 201-103] Legalizing function name 'shakeXOF<32u>' to 'shakeXOF_32u_s'.
INFO: [HLS 200-10] ----------------------------------------------------------------
INFO: [HLS 200-42] -- Implementing module 'chal2_Pipeline_VITIS_LOOP_46_1' 
INFO: [HLS 200-10] ----------------------------------------------------------------
INFO: [SCHED 204-11] Starting scheduling ...
INFO: [SCHED 204-61] Pipelining loop 'VITIS_LOOP_46_1'.
WARNING: [HLS 200-880] The II Violation in module 'chal2_Pipeline_VITIS_LOOP_46_1' (loop 'VITIS_LOOP_46_1'): Unable to enforce a carried dependence constraint (II = 1, distance = 1, offset = 1) between fifo read operation ('d_strm_read_1', fiat_shamir.cpp:52) on port 'd_strm' (fiat_shamir.cpp:52) and fifo read operation ('d_strm_read', fiat_shamir.cpp:52) on port 'd_strm' (fiat_shamir.cpp:52).
Resolution: For help on HLS 200-880 see docs.xilinx.com/access/sources/dita/topic?Doc_Version=2025.1%20English&url=ug1448-hls-guidance&resourceid=200-880.html
WARNING: [HLS 200-880] The II Violation in module 'chal2_Pipeline_VITIS_LOOP_46_1' (loop 'VITIS_LOOP_46_1'): Unable to enforce a carried dependence constraint (II = 2, distance = 1, offset = 1) between fifo read operation ('d_strm_read_2', fiat_shamir.cpp:52) on port 'd_strm' (fiat_shamir.cpp:52) and fifo read operation ('d_strm_read', fiat_shamir.cpp:52) on port 'd_strm' (fiat_shamir.cpp:52).
Resolution: For help on HLS 200-880 see docs.xilinx.com/access/sources/dita/topic?Doc_Version=2025.1%20English&url=ug1448-hls-guidance&resourceid=200-880.html
WARNING: [HLS 200-880] The II Violation in module 'chal2_Pipeline_VITIS_LOOP_46_1' (loop 'VITIS_LOOP_46_1'): Unable to enforce a carried dependence constraint (II = 3, distance = 1, offset = 1) between fifo read operation ('d_strm_read_3', fiat_shamir.cpp:52) on port 'd_strm' (fiat_shamir.cpp:52) and fifo read operation ('d_strm_read', fiat_shamir.cpp:52) on port 'd_strm' (fiat_shamir.cpp:52).
Resolution: For help on HLS 200-880 see docs.xilinx.com/access/sources/dita/topic?Doc_Version=2025.1%20English&url=ug1448-hls-guidance&resourceid=200-880.html
WARNING: [HLS 200-880] The II Violation in module 'chal2_Pipeline_VITIS_LOOP_46_1' (loop 'VITIS_LOOP_46_1'): Unable to enforce a carried dependence constraint (II = 4, distance = 1, offset = 1) between fifo read operation ('d_strm_read_4', fiat_shamir.cpp:52) on port 'd_strm' (fiat_shamir.cpp:52) and fifo read operation ('d_strm_read', fiat_shamir.cpp:52) on port 'd_strm' (fiat_shamir.cpp:52).
Resolution: For help on HLS 200-880 see docs.xilinx.com/access/sources/dita/topic?Doc_Version=2025.1%20English&url=ug1448-hls-guidance&resourceid=200-880.html
WARNING: [HLS 200-880] The II Violation in module 'chal2_Pipeline_VITIS_LOOP_46_1' (loop 'VITIS_LOOP_46_1'): Unable to enforce a carried dependence constraint (II = 35, distance = 1, offset = 1) between fifo read operation ('d_strm_read_35', fiat_shamir.cpp:52) on port 'd_strm' (fiat_shamir.cpp:52) and fifo read operation ('d_strm_read', fiat_shamir.cpp:52) on port 'd_strm' (fiat_shamir.cpp:52).
Resolution: For help on HLS 200-880 see docs.xilinx.com/access/sources/dita/topic?Doc_Version=2025.1%20English&url=ug1448-hls-guidance&resourceid=200-880.html
WARNING: [HLS 200-880] The II Violation in module 'chal2_Pipeline_VITIS_LOOP_46_1' (loop 'VITIS_LOOP_46_1'): Unable to enforce a carried dependence constraint (II = 51, distance = 1, offset = 1) between fifo read operation ('d_strm_read_51', fiat_shamir.cpp:52) on port 'd_strm' (fiat_shamir.cpp:52) and fifo read operation ('d_strm_read', fiat_shamir.cpp:52) on port 'd_strm' (fiat_shamir.cpp:52).
Resolution: For help on HLS 200-880 see docs.xilinx.com/access/sources/dita/topic?Doc_Version=2025.1%20English&url=ug1448-hls-guidance&resourceid=200-880.html
WARNING: [HLS 200-880] The II Violation in module 'chal2_Pipeline_VITIS_LOOP_46_1' (loop 'VITIS_LOOP_46_1'): Unable to enforce a carried dependence constraint (II = 59, distance = 1, offset = 1) between fifo read operation ('d_strm_read_59', fiat_shamir.cpp:52) on port 'd_strm' (fiat_shamir.cpp:52) and fifo read operation ('d_strm_read', fiat_shamir.cpp:52) on port 'd_strm' (fiat_shamir.cpp:52).
Resolution: For help on HLS 200-880 see docs.xilinx.com/access/sources/dita/topic?Doc_Version=2025.1%20English&url=ug1448-hls-guidance&resourceid=200-880.html
WARNING: [HLS 200-880] The II Violation in module 'chal2_Pipeline_VITIS_LOOP_46_1' (loop 'VITIS_LOOP_46_1'): Unable to enforce a carried dependence constraint (II = 63, distance = 1, offset = 1) between fifo read operation ('d_strm_read_63', fiat_shamir.cpp:52) on port 'd_strm' (fiat_shamir.cpp:52) and fifo read operation ('d_strm_read', fiat_shamir.cpp:52) on port 'd_strm' (fiat_shamir.cpp:52).
Resolution: For help on HLS 200-880 see docs.xilinx.com/access/sources/dita/topic?Doc_Version=2025.1%20English&url=ug1448-hls-guidance&resourceid=200-880.html
INFO: [HLS 200-1470] Pipelining result : Target II = 1, Final II = 64, Depth = 65, loop 'VITIS_LOOP_46_1'
INFO: [SCHED 204-11] Finished scheduling.
INFO: [HLS 200-111] Finished Scheduling: CPU user time: 0.61 seconds. CPU system time: 0.03 seconds. Elapsed time: 0.63 seconds; current allocated memory: 633.445 MB.
INFO: [BIND 205-100] Starting micro-architecture generation ...
INFO: [BIND 205-101] Performing variable lifetime analysis.
INFO: [BIND 205-101] Exploring resource sharing.
INFO: [BIND 205-101] Binding ...
INFO: [BIND 205-100] Finished micro-architecture generation.
INFO: [HLS 200-111] Finished Binding: CPU user time: 0.02 seconds. CPU system time: 0 seconds. Elapsed time: 0.02 seconds; current allocated memory: 633.445 MB.
INFO: [HLS 200-10] ----------------------------------------------------------------
INFO: [HLS 200-42] -- Implementing module 'KECCAK_f' 
INFO: [HLS 200-10] ----------------------------------------------------------------
INFO: [SCHED 204-11] Starting scheduling ...
INFO: [SCHED 204-11] Finished scheduling.
INFO: [HLS 200-111] Finished Scheduling: CPU user time: 13.02 seconds. CPU system time: 0.18 seconds. Elapsed time: 13.2 seconds; current allocated memory: 1.098 GB.
INFO: [BIND 205-100] Starting micro-architecture generation ...
INFO: [BIND 205-101] Performing variable lifetime analysis.
INFO: [BIND 205-101] Exploring resource sharing.
INFO: [BIND 205-101] Binding ...
INFO: [BIND 205-100] Finished micro-architecture generation.
INFO: [HLS 200-111] Finished Binding: CPU user time: 0.65 seconds. CPU system time: 0 seconds. Elapsed time: 0.67 seconds; current allocated memory: 1.098 GB.
INFO: [HLS 200-10] ----------------------------------------------------------------
INFO: [HLS 200-42] -- Implementing module 'shakeXOF_32u_s' 
INFO: [HLS 200-10] ----------------------------------------------------------------
INFO: [SCHED 204-11] Starting scheduling ...
INFO: [SCHED 204-11] Finished scheduling.
INFO: [HLS 200-111] Finished Scheduling: CPU user time: 0.5 seconds. CPU system time: 0.02 seconds. Elapsed time: 0.51 seconds; current allocated memory: 1.098 GB.
INFO: [BIND 205-100] Starting micro-architecture generation ...
INFO: [BIND 205-101] Performing variable lifetime analysis.
INFO: [BIND 205-101] Exploring resource sharing.
INFO: [BIND 205-101] Binding ...
INFO: [BIND 205-100] Finished micro-architecture generation.
INFO: [HLS 200-111] Finished Binding: CPU user time: 0.16 seconds. CPU system time: 0 seconds. Elapsed time: 0.16 seconds; current allocated memory: 1.098 GB.
INFO: [HLS 200-10] ----------------------------------------------------------------
INFO: [HLS 200-42] -- Implementing module 'chal2' 
INFO: [HLS 200-10] ----------------------------------------------------------------
INFO: [SCHED 204-11] Starting scheduling ...
WARNING: [SCHED 204-65] Unable to satisfy pipeline directive for loop 'VITIS_LOOP_85_3': contains subloop(s) that are not unrolled or flattened.
INFO: [SCHED 204-11] Finished scheduling.
INFO: [HLS 200-111] Finished Scheduling: CPU user time: 17.81 seconds. CPU system time: 0.13 seconds. Elapsed time: 17.96 seconds; current allocated memory: 1.412 GB.
INFO: [BIND 205-100] Starting micro-architecture generation ...
INFO: [BIND 205-101] Performing variable lifetime analysis.
INFO: [BIND 205-101] Exploring resource sharing.
INFO: [BIND 205-101] Binding ...
INFO: [BIND 205-100] Finished micro-architecture generation.
INFO: [HLS 200-111] Finished Binding: CPU user time: 1.65 seconds. CPU system time: 0.01 seconds. Elapsed time: 1.65 seconds; current allocated memory: 1.412 GB.
INFO: [HLS 200-10] ----------------------------------------------------------------
INFO: [HLS 200-10] -- Generating RTL for module 'chal2_Pipeline_VITIS_LOOP_46_1' 
INFO: [HLS 200-10] ----------------------------------------------------------------
INFO: [HLS 200-1030] Apply Unified Pipeline Control on module 'chal2_Pipeline_VITIS_LOOP_46_1' pipeline 'VITIS_LOOP_46_1' pipeline type 'loop pipeline'
INFO: [RTGEN 206-100] Finished creating RTL model for 'chal2_Pipeline_VITIS_LOOP_46_1'.
INFO: [HLS 200-111] Finished Creating RTL model: CPU user time: 0.36 seconds. CPU system time: 0.02 seconds. Elapsed time: 0.38 seconds; current allocated memory: 1.412 GB.
INFO: [HLS 200-10] ----------------------------------------------------------------
INFO: [HLS 200-10] -- Generating RTL for module 'KECCAK_f' 
INFO: [HLS 200-10] ----------------------------------------------------------------
INFO: [RTGEN 206-100] Finished creating RTL model for 'KECCAK_f'.
INFO: [HLS 200-111] Finished Creating RTL model: CPU user time: 0.49 seconds. CPU system time: 0 seconds. Elapsed time: 0.49 seconds; current allocated memory: 1.412 GB.
INFO: [HLS 200-10] ----------------------------------------------------------------
INFO: [HLS 200-10] -- Generating RTL for module 'shakeXOF_32u_s' 
INFO: [HLS 200-10] ----------------------------------------------------------------
INFO: [RTGEN 206-100] Generating core module 'udiv_128ns_9ns_128_132_1': 1 instance(s).
INFO: [RTGEN 206-100] Finished creating RTL model for 'shakeXOF_32u_s'.
INFO: [HLS 200-111] Finished Creating RTL model: CPU user time: 1.11 seconds. CPU system time: 0.05 seconds. Elapsed time: 1.16 seconds; current allocated memory: 1.412 GB.
INFO: [HLS 200-10] ----------------------------------------------------------------
INFO: [HLS 200-10] -- Generating RTL for module 'chal2' 
INFO: [HLS 200-10] ----------------------------------------------------------------
INFO: [RTGEN 206-500] Setting interface mode on port 'chal2/d_strm' to 'ap_fifo'.
INFO: [RTGEN 206-500] Setting interface mode on port 'chal2/ch1' to 'ap_none'.
INFO: [RTGEN 206-500] Setting interface mode on port 'chal2/ch2_strm' to 'ap_fifo'.
INFO: [RTGEN 206-500] Setting interface mode on function 'chal2' to 'ap_ctrl_hs'.
INFO: [RTGEN 206-100] Generating core module 'udiv_128ns_9ns_128_132_1': 1 instance(s).
INFO: [RTGEN 206-100] Finished creating RTL model for 'chal2'.
INFO: [RTMG 210-285] Implementing FIFO 'msgStrm_U(chal2_fifo_w64_d2_S)' using Shift Registers.
INFO: [RTMG 210-285] Implementing FIFO 'msgLenStrm_U(chal2_fifo_w128_d2_S)' using Shift Registers.
INFO: [RTMG 210-285] Implementing FIFO 'endMsgLenStrm_U(chal2_fifo_w1_d2_S)' using Shift Registers.
INFO: [RTMG 210-285] Implementing FIFO 'seedStrm_U(chal2_fifo_w256_d2_S)' using Shift Registers.
INFO: [RTMG 210-285] Implementing FIFO 'endSeedStrm_U(chal2_fifo_w1_d2_S)' using Shift Registers.
INFO: [RTMG 210-285] Implementing FIFO 'ctrMsgStrm_U(chal2_fifo_w64_d2_S)' using Shift Registers.
INFO: [RTMG 210-285] Implementing FIFO 'ctrLenStrm_U(chal2_fifo_w128_d2_S)' using Shift Registers.
INFO: [RTMG 210-285] Implementing FIFO 'ctrEndStrm_U(chal2_fifo_w1_d2_S)' using Shift Registers.
INFO: [RTMG 210-285] Implementing FIFO 'digestStrm_U(chal2_fifo_w256_d2_S)' using Shift Registers.
INFO: [RTMG 210-285] Implementing FIFO 'endDigestStrm_U(chal2_fifo_w1_d2_S)' using Shift Registers.
INFO: [HLS 200-111] Finished Creating RTL model: CPU user time: 0.86 seconds. CPU system time: 0.01 seconds. Elapsed time: 0.88 seconds; current allocated memory: 1.412 GB.
INFO: [HLS 200-111] Finished Generating all RTL models: CPU user time: 1.9 seconds. CPU system time: 0.07 seconds. Elapsed time: 1.97 seconds; current allocated memory: 1.412 GB.
INFO: [HLS 200-111] Finished Updating report files: CPU user time: 1.28 seconds. CPU system time: 0.02 seconds. Elapsed time: 1.3 seconds; current allocated memory: 1.412 GB.
INFO: [VHDL 208-304] Generating VHDL RTL for chal2.
INFO: [VLOG 209-307] Generating Verilog RTL for chal2.
INFO: [HLS 200-790] **** Loop Constraint Status: All loop constraints were NOT satisfied.
INFO: [HLS 200-789] **** Estimated Fmax: 144.18 MHz
INFO: [HLS 200-112] Total CPU user time: 69.09 seconds. Total CPU system time: 3.81 seconds. Total elapsed time: 75.19 seconds; peak allocated memory: 1.412 GB.
INFO: [v++ 60-791] Total elapsed time: 0h 1m 19s
