  **** HLS Build v2025.1 6135595
INFO: [HLS 200-2005] Using work_dir /home/tkgong/Research/VOLE-ocity/VOLEitH-FPGA/hls_component/hls_component 
INFO: [HLS 200-2176] Writing Vitis IDE component file /home/tkgong/Research/VOLE-ocity/VOLEitH-FPGA/hls_component/hls_component/vitis-comp.json
INFO: [HLS 200-10] Creating and opening component '/home/tkgong/Research/VOLE-ocity/VOLEitH-FPGA/hls_component/hls_component'.
INFO: [HLS 200-1505] Using default flow_target 'vivado'
Resolution: For help on HLS 200-1505 see docs.xilinx.com/access/sources/dita/topic?Doc_Version=2025.1%20English&url=ug1448-hls-guidance&resourceid=200-1505.html
INFO: [HLS 200-2174] Applying component config ini file /home/tkgong/Research/VOLE-ocity/VOLEitH-FPGA/hls_component/hls_config.cfg
WARNING: [HLS 200-1921] Skipping unknown config ini [hls] entry 'ldflags=-lstdc++' from /home/tkgong/Research/VOLE-ocity/VOLEitH-FPGA/hls_component/hls_config.cfg(11)
INFO: [HLS 200-1465] Applying config ini 'syn.file=defs.h' from /home/tkgong/Research/VOLE-ocity/VOLEitH-FPGA/hls_component/hls_config.cfg(13)
INFO: [HLS 200-10] Adding design file '/home/tkgong/Research/VOLE-ocity/VOLEitH-FPGA/hls_component/defs.h' to the project
INFO: [HLS 200-1465] Applying config ini 'syn.file=aes.hpp' from /home/tkgong/Research/VOLE-ocity/VOLEitH-FPGA/hls_component/hls_config.cfg(14)
INFO: [HLS 200-10] Adding design file '/home/tkgong/Research/VOLE-ocity/VOLEitH-FPGA/hls_component/aes.hpp' to the project
INFO: [HLS 200-1465] Applying config ini 'syn.file=encrypt.h' from /home/tkgong/Research/VOLE-ocity/VOLEitH-FPGA/hls_component/hls_config.cfg(15)
INFO: [HLS 200-10] Adding design file '/home/tkgong/Research/VOLE-ocity/VOLEitH-FPGA/hls_component/encrypt.h' to the project
INFO: [HLS 200-1465] Applying config ini 'syn.file=encrypt.cpp' from /home/tkgong/Research/VOLE-ocity/VOLEitH-FPGA/hls_component/hls_config.cfg(16)
INFO: [HLS 200-10] Adding design file '/home/tkgong/Research/VOLE-ocity/VOLEitH-FPGA/hls_component/encrypt.cpp' to the project
INFO: [HLS 200-1465] Applying config ini 'syn.file=PRG.h' from /home/tkgong/Research/VOLE-ocity/VOLEitH-FPGA/hls_component/hls_config.cfg(17)
INFO: [HLS 200-10] Adding design file '/home/tkgong/Research/VOLE-ocity/VOLEitH-FPGA/hls_component/PRG.h' to the project
INFO: [HLS 200-1465] Applying config ini 'syn.file=PRG.cpp' from /home/tkgong/Research/VOLE-ocity/VOLEitH-FPGA/hls_component/hls_config.cfg(18)
INFO: [HLS 200-10] Adding design file '/home/tkgong/Research/VOLE-ocity/VOLEitH-FPGA/hls_component/PRG.cpp' to the project
INFO: [HLS 200-1465] Applying config ini 'syn.file=ggm_tree.h' from /home/tkgong/Research/VOLE-ocity/VOLEitH-FPGA/hls_component/hls_config.cfg(19)
INFO: [HLS 200-10] Adding design file '/home/tkgong/Research/VOLE-ocity/VOLEitH-FPGA/hls_component/ggm_tree.h' to the project
INFO: [HLS 200-1465] Applying config ini 'syn.file=ggm_tree.cpp' from /home/tkgong/Research/VOLE-ocity/VOLEitH-FPGA/hls_component/hls_config.cfg(20)
INFO: [HLS 200-10] Adding design file '/home/tkgong/Research/VOLE-ocity/VOLEitH-FPGA/hls_component/ggm_tree.cpp' to the project
INFO: [HLS 200-1465] Applying config ini 'syn.file=sha3.hpp' from /home/tkgong/Research/VOLE-ocity/VOLEitH-FPGA/hls_component/hls_config.cfg(21)
INFO: [HLS 200-10] Adding design file '/home/tkgong/Research/VOLE-ocity/VOLEitH-FPGA/hls_component/sha3.hpp' to the project
INFO: [HLS 200-1465] Applying config ini 'syn.file=./shake.h' from /home/tkgong/Research/VOLE-ocity/VOLEitH-FPGA/hls_component/hls_config.cfg(22)
INFO: [HLS 200-10] Adding design file '/home/tkgong/Research/VOLE-ocity/VOLEitH-FPGA/hls_component/shake.h' to the project
INFO: [HLS 200-1465] Applying config ini 'syn.file=./shake.cpp' from /home/tkgong/Research/VOLE-ocity/VOLEitH-FPGA/hls_component/hls_config.cfg(23)
INFO: [HLS 200-10] Adding design file '/home/tkgong/Research/VOLE-ocity/VOLEitH-FPGA/hls_component/shake.cpp' to the project
INFO: [HLS 200-1465] Applying config ini 'syn.file=vole.h' from /home/tkgong/Research/VOLE-ocity/VOLEitH-FPGA/hls_component/hls_config.cfg(24)
INFO: [HLS 200-10] Adding design file '/home/tkgong/Research/VOLE-ocity/VOLEitH-FPGA/hls_component/vole.h' to the project
INFO: [HLS 200-1465] Applying config ini 'syn.file=vole.cpp' from /home/tkgong/Research/VOLE-ocity/VOLEitH-FPGA/hls_component/hls_config.cfg(25)
INFO: [HLS 200-10] Adding design file '/home/tkgong/Research/VOLE-ocity/VOLEitH-FPGA/hls_component/vole.cpp' to the project
INFO: [HLS 200-1465] Applying config ini 'tb.file=tb_vole.cpp' from /home/tkgong/Research/VOLE-ocity/VOLEitH-FPGA/hls_component/hls_config.cfg(26)
INFO: [HLS 200-10] Adding test bench file '/home/tkgong/Research/VOLE-ocity/VOLEitH-FPGA/hls_component/tb_vole.cpp' to the project
INFO: [HLS 200-1465] Applying config ini 'syn.top=PRG_Expand' from /home/tkgong/Research/VOLE-ocity/VOLEitH-FPGA/hls_component/hls_config.cfg(8)
INFO: [HLS 200-1465] Applying config ini 'flow_target=vivado' from /home/tkgong/Research/VOLE-ocity/VOLEitH-FPGA/hls_component/hls_config.cfg(4)
INFO: [HLS 200-1505] Using flow_target 'vivado'
Resolution: For help on HLS 200-1505 see docs.xilinx.com/access/sources/dita/topic?Doc_Version=2025.1%20English&url=ug1448-hls-guidance&resourceid=200-1505.html
INFO: [HLS 200-1465] Applying config ini 'part=xcu250-figd2104-2-e' from /home/tkgong/Research/VOLE-ocity/VOLEitH-FPGA/hls_component/hls_config.cfg(1)
INFO: [HLS 200-1611] Setting target device to 'xcu250-figd2104-2-e'
INFO: [HLS 200-1465] Applying config ini 'clock=7ns' from /home/tkgong/Research/VOLE-ocity/VOLEitH-FPGA/hls_component/hls_config.cfg(7)
INFO: [SYN 201-201] Setting up clock 'default' with a period of 7ns.
INFO: [HLS 200-1465] Applying config ini 'csim.clean=1' from /home/tkgong/Research/VOLE-ocity/VOLEitH-FPGA/hls_component/hls_config.cfg(10)
INFO: [HLS 200-1465] Applying config ini 'csim.code_analyzer=0' from /home/tkgong/Research/VOLE-ocity/VOLEitH-FPGA/hls_component/hls_config.cfg(12)
INFO: [HLS 200-1465] Applying config ini 'package.output.format=ip_catalog' from /home/tkgong/Research/VOLE-ocity/VOLEitH-FPGA/hls_component/hls_config.cfg(5)
INFO: [HLS 200-1465] Applying config ini 'sim.O=1' from /home/tkgong/Research/VOLE-ocity/VOLEitH-FPGA/hls_component/hls_config.cfg(9)
INFO: [HLS 200-2176] Writing Vitis IDE component file /home/tkgong/Research/VOLE-ocity/VOLEitH-FPGA/hls_component/hls_component/vitis-comp.json
INFO: [SIM 211-2] *************** CSIM start ***************
INFO: [SIM 211-4] CSIM will launch CLANG as the compiler.
INFO: [HLS 200-2036] Building optimized C Simulation binaries
   Compiling ../../../../tb_vole.cpp in release mode
   Compiling ../../../../vole.cpp in release mode
   Compiling ../../../../shake.cpp in release mode
   Compiling ../../../../ggm_tree.cpp in release mode
   Compiling ../../../../PRG.cpp in release mode
   Compiling ../../../../encrypt.cpp in release mode
   Generating csim.exe
INPUT PARAMETERS:
-----------------
Master Root: 0x01234567_89abcdef_fedcba98_76543210
IV:          0xffeeddcc_bbaa9988_77665544_33221100
K = 8 (N = 256 leaves per tree)
TAU = 16 trees
GGM_UNROLL_FAC = 4

=== PROVER PHASE ===
Calling ggm_tree()...
✓ ggm_tree() completed.

=== SEED VERIFICATION ===
✓ ALL 4096 SEEDS MATCH!
  Seeds correctly captured from ggm_tree output.

Sample seeds (first 3 from tree 0):
  sd[0][0]: 0x2fc87aec_67d41a08_9dcbaaa4_0334bf24
  sd[0][1]: 0x631b7c7d_bc5b508e_347474f0_b241d550
  sd[0][2]: 0x755959c4_972b075e_de426cea_02e94f61
WARNING [HLS SIM]: hls::stream 'hls::stream<ap_uint<256>, 0>0' contains leftover data, which may result in RTL simulation hanging.
INFO [HLS SIM]: The maximum depth reached by any hls::stream() instance in the design is 1024
INFO: [SIM 211-1] CSim done with 0 errors.
INFO: [SIM 211-3] *************** CSIM finish ***************
INFO: [HLS 200-112] Total CPU user time: 15.3 seconds. Total CPU system time: 0.65 seconds. Total elapsed time: 15.92 seconds; peak allocated memory: 481.898 MB.
INFO: [vitis-run 60-791] Total elapsed time: 0h 0m 19s
