  **** HLS Build v2025.1 6135595
INFO: [HLS 200-2005] Using work_dir /home/tkgong/Research/VOLE-ocity/VOLEitH-FPGA/hls_component/hls_component 
INFO: [HLS 200-2176] Writing Vitis IDE component file /home/tkgong/Research/VOLE-ocity/VOLEitH-FPGA/hls_component/hls_component/vitis-comp.json
INFO: [HLS 200-10] Creating and opening component '/home/tkgong/Research/VOLE-ocity/VOLEitH-FPGA/hls_component/hls_component'.
INFO: [HLS 200-1611] Setting target device to 'xcu250-figd2104-2-e'
INFO: [HLS 200-1505] Using default flow_target 'vivado'
Resolution: For help on HLS 200-1505 see docs.xilinx.com/access/sources/dita/topic?Doc_Version=2025.1%20English&url=ug1448-hls-guidance&resourceid=200-1505.html
INFO: [HLS 200-2174] Applying component config ini file /home/tkgong/Research/VOLE-ocity/VOLEitH-FPGA/hls_component/hls_config.cfg
WARNING: [HLS 200-1921] Skipping unknown config ini [hls] entry 'ldflags=-lstdc++' from /home/tkgong/Research/VOLE-ocity/VOLEitH-FPGA/hls_component/hls_config.cfg(22)
INFO: [HLS 200-1465] Applying config ini 'syn.file=defs.h' from /home/tkgong/Research/VOLE-ocity/VOLEitH-FPGA/hls_component/hls_config.cfg(9)
INFO: [HLS 200-10] Adding design file '/home/tkgong/Research/VOLE-ocity/VOLEitH-FPGA/hls_component/defs.h' to the project
INFO: [HLS 200-1465] Applying config ini 'syn.file=aes.hpp' from /home/tkgong/Research/VOLE-ocity/VOLEitH-FPGA/hls_component/hls_config.cfg(10)
INFO: [HLS 200-10] Adding design file '/home/tkgong/Research/VOLE-ocity/VOLEitH-FPGA/hls_component/aes.hpp' to the project
INFO: [HLS 200-1465] Applying config ini 'syn.file=encrypt.h' from /home/tkgong/Research/VOLE-ocity/VOLEitH-FPGA/hls_component/hls_config.cfg(11)
INFO: [HLS 200-10] Adding design file '/home/tkgong/Research/VOLE-ocity/VOLEitH-FPGA/hls_component/encrypt.h' to the project
INFO: [HLS 200-1465] Applying config ini 'syn.file=encrypt.cpp' from /home/tkgong/Research/VOLE-ocity/VOLEitH-FPGA/hls_component/hls_config.cfg(12)
INFO: [HLS 200-10] Adding design file '/home/tkgong/Research/VOLE-ocity/VOLEitH-FPGA/hls_component/encrypt.cpp' to the project
INFO: [HLS 200-1465] Applying config ini 'syn.file=PRG.h' from /home/tkgong/Research/VOLE-ocity/VOLEitH-FPGA/hls_component/hls_config.cfg(13)
INFO: [HLS 200-10] Adding design file '/home/tkgong/Research/VOLE-ocity/VOLEitH-FPGA/hls_component/PRG.h' to the project
INFO: [HLS 200-1465] Applying config ini 'syn.file=PRG.cpp' from /home/tkgong/Research/VOLE-ocity/VOLEitH-FPGA/hls_component/hls_config.cfg(14)
INFO: [HLS 200-10] Adding design file '/home/tkgong/Research/VOLE-ocity/VOLEitH-FPGA/hls_component/PRG.cpp' to the project
INFO: [HLS 200-1465] Applying config ini 'syn.file=ggm_tree.h' from /home/tkgong/Research/VOLE-ocity/VOLEitH-FPGA/hls_component/hls_config.cfg(15)
INFO: [HLS 200-10] Adding design file '/home/tkgong/Research/VOLE-ocity/VOLEitH-FPGA/hls_component/ggm_tree.h' to the project
INFO: [HLS 200-1465] Applying config ini 'syn.file=ggm_tree.cpp' from /home/tkgong/Research/VOLE-ocity/VOLEitH-FPGA/hls_component/hls_config.cfg(16)
INFO: [HLS 200-10] Adding design file '/home/tkgong/Research/VOLE-ocity/VOLEitH-FPGA/hls_component/ggm_tree.cpp' to the project
INFO: [HLS 200-1465] Applying config ini 'syn.file=sha3.hpp' from /home/tkgong/Research/VOLE-ocity/VOLEitH-FPGA/hls_component/hls_config.cfg(17)
INFO: [HLS 200-10] Adding design file '/home/tkgong/Research/VOLE-ocity/VOLEitH-FPGA/hls_component/sha3.hpp' to the project
INFO: [HLS 200-1465] Applying config ini 'syn.file=./shake.h' from /home/tkgong/Research/VOLE-ocity/VOLEitH-FPGA/hls_component/hls_config.cfg(18)
INFO: [HLS 200-10] Adding design file '/home/tkgong/Research/VOLE-ocity/VOLEitH-FPGA/hls_component/shake.h' to the project
INFO: [HLS 200-1465] Applying config ini 'syn.file=./shake.cpp' from /home/tkgong/Research/VOLE-ocity/VOLEitH-FPGA/hls_component/hls_config.cfg(19)
INFO: [HLS 200-10] Adding design file '/home/tkgong/Research/VOLE-ocity/VOLEitH-FPGA/hls_component/shake.cpp' to the project
INFO: [HLS 200-1465] Applying config ini 'tb.file=tb_ggm.cpp' from /home/tkgong/Research/VOLE-ocity/VOLEitH-FPGA/hls_component/hls_config.cfg(23)
INFO: [HLS 200-10] Adding test bench file '/home/tkgong/Research/VOLE-ocity/VOLEitH-FPGA/hls_component/tb_ggm.cpp' to the project
INFO: [HLS 200-1465] Applying config ini 'syn.top=ggm_tree' from /home/tkgong/Research/VOLE-ocity/VOLEitH-FPGA/hls_component/hls_config.cfg(8)
INFO: [HLS 200-1465] Applying config ini 'flow_target=vivado' from /home/tkgong/Research/VOLE-ocity/VOLEitH-FPGA/hls_component/hls_config.cfg(4)
INFO: [HLS 200-1505] Using flow_target 'vivado'
Resolution: For help on HLS 200-1505 see docs.xilinx.com/access/sources/dita/topic?Doc_Version=2025.1%20English&url=ug1448-hls-guidance&resourceid=200-1505.html
INFO: [HLS 200-1465] Applying config ini 'part=xcu250-figd2104-2-e' from /home/tkgong/Research/VOLE-ocity/VOLEitH-FPGA/hls_component/hls_config.cfg(1)
INFO: [HLS 200-1465] Applying config ini 'clock=7ns' from /home/tkgong/Research/VOLE-ocity/VOLEitH-FPGA/hls_component/hls_config.cfg(7)
INFO: [SYN 201-201] Setting up clock 'default' with a period of 7ns.
INFO: [HLS 200-1465] Applying config ini 'csim.clean=1' from /home/tkgong/Research/VOLE-ocity/VOLEitH-FPGA/hls_component/hls_config.cfg(21)
INFO: [HLS 200-1465] Applying config ini 'csim.code_analyzer=0' from /home/tkgong/Research/VOLE-ocity/VOLEitH-FPGA/hls_component/hls_config.cfg(24)
INFO: [HLS 200-1465] Applying config ini 'package.output.format=ip_catalog' from /home/tkgong/Research/VOLE-ocity/VOLEitH-FPGA/hls_component/hls_config.cfg(5)
INFO: [HLS 200-1465] Applying config ini 'sim.O=1' from /home/tkgong/Research/VOLE-ocity/VOLEitH-FPGA/hls_component/hls_config.cfg(20)
INFO: [HLS 200-2176] Writing Vitis IDE component file /home/tkgong/Research/VOLE-ocity/VOLEitH-FPGA/hls_component/hls_component/vitis-comp.json
INFO: [IMPL 213-8] Exporting RTL as a Vivado IP.

****** Vivado v2025.1 (64-bit)
  **** SW Build 6140274 on Wed May 21 22:58:25 MDT 2025
  **** IP Build 6138677 on Thu May 22 03:10:11 MDT 2025
  **** SharedData Build 6139179 on Tue May 20 17:58:58 MDT 2025
  **** Start of session at: Fri Oct 31 16:27:46 2025
    ** Copyright 1986-2022 Xilinx, Inc. All Rights Reserved.
    ** Copyright 2022-2025 Advanced Micro Devices, Inc. All Rights Reserved.

source run_ippack.tcl -notrace
INFO: calling package_hls_ip ip_types=vitis sysgen json_file=/home/tkgong/Research/VOLE-ocity/VOLEitH-FPGA/hls_component/hls_component/hls/hls_data.json outdir=/home/tkgong/Research/VOLE-ocity/VOLEitH-FPGA/hls_component/hls_component/hls/impl/ip srcdir=/home/tkgong/Research/VOLE-ocity/VOLEitH-FPGA/hls_component/hls_component/hls ippack_options_dict= ippack_options_dict=
INFO: Copied 1 ipmisc file(s) to /home/tkgong/Research/VOLE-ocity/VOLEitH-FPGA/hls_component/hls_component/hls/impl/ip/misc
INFO: Copied 59 verilog file(s) to /home/tkgong/Research/VOLE-ocity/VOLEitH-FPGA/hls_component/hls_component/hls/impl/ip/hdl/verilog
INFO: Copied 52 vhdl file(s) to /home/tkgong/Research/VOLE-ocity/VOLEitH-FPGA/hls_component/hls_component/hls/impl/ip/hdl/vhdl
INFO: Import ports from HDL: /home/tkgong/Research/VOLE-ocity/VOLEitH-FPGA/hls_component/hls_component/hls/impl/ip/hdl/vhdl/ggm_tree.vhd (ggm_tree)
INFO: Add data interface root
INFO: Add data interface iv
INFO: Add data interface ggm_keys_0_address0
INFO: [IP_Flow 19-234] Refreshing IP repositories
INFO: [IP_Flow 19-1704] No user IP repositories specified
INFO: [IP_Flow 19-2313] Loaded Vivado IP repository '/opt/Xillinx/2025.1/Vivado/data/ip'.
INFO: Add data interface ggm_keys_0_d0
INFO: Add data interface ggm_keys_0_q0
INFO: Add data interface ggm_keys_0_address1
INFO: Add data interface ggm_keys_0_d1
INFO: Add data interface ggm_keys_0_q1
INFO: Add data interface ggm_keys_1_address0
INFO: Add data interface ggm_keys_1_d0
INFO: Add data interface ggm_keys_1_q0
INFO: Add data interface ggm_keys_1_address1
INFO: Add data interface ggm_keys_1_d1
INFO: Add data interface ggm_keys_1_q1
INFO: Add data interface ggm_keys_2_address0
INFO: Add data interface ggm_keys_2_d0
INFO: Add data interface ggm_keys_2_q0
INFO: Add data interface ggm_keys_2_address1
INFO: Add data interface ggm_keys_2_d1
INFO: Add data interface ggm_keys_2_q1
INFO: Add data interface ggm_keys_3_address0
INFO: Add data interface ggm_keys_3_d0
INFO: Add data interface ggm_keys_3_q0
INFO: Add data interface ggm_keys_3_address1
INFO: Add data interface ggm_keys_3_d1
INFO: Add data interface ggm_keys_3_q1
INFO: Add data interface ggm_keys_4_address0
INFO: Add data interface ggm_keys_4_d0
INFO: Add data interface ggm_keys_4_q0
INFO: Add data interface ggm_keys_4_address1
INFO: Add data interface ggm_keys_4_d1
INFO: Add data interface ggm_keys_4_q1
INFO: Add data interface ggm_keys_5_address0
INFO: Add data interface ggm_keys_5_d0
INFO: Add data interface ggm_keys_5_q0
INFO: Add data interface ggm_keys_5_address1
INFO: Add data interface ggm_keys_5_d1
INFO: Add data interface ggm_keys_5_q1
INFO: Add data interface ggm_keys_6_address0
INFO: Add data interface ggm_keys_6_d0
INFO: Add data interface ggm_keys_6_q0
INFO: Add data interface ggm_keys_6_address1
INFO: Add data interface ggm_keys_6_d1
INFO: Add data interface ggm_keys_6_q1
INFO: Add data interface coms_0_address0
INFO: Add data interface coms_0_d0
INFO: Add data interface coms_0_q0
INFO: Add data interface coms_0_address1
INFO: Add data interface coms_0_d1
INFO: Add data interface coms_0_q1
INFO: Add data interface coms_1_address0
INFO: Add data interface coms_1_d0
INFO: Add data interface coms_1_q0
INFO: Add data interface coms_1_address1
INFO: Add data interface coms_1_d1
INFO: Add data interface coms_1_q1
INFO: Add data interface coms_2_address0
INFO: Add data interface coms_2_d0
INFO: Add data interface coms_2_q0
INFO: Add data interface coms_2_address1
INFO: Add data interface coms_2_d1
INFO: Add data interface coms_2_q1
INFO: Add data interface coms_3_address0
INFO: Add data interface coms_3_d0
INFO: Add data interface coms_3_q0
INFO: Add data interface coms_3_address1
INFO: Add data interface coms_3_d1
INFO: Add data interface coms_3_q1
INFO: Add ap_fifo interface seed_strm_0
INFO: Add ap_fifo interface seed_strm_1
INFO: Add ap_fifo interface h_strm
INFO: Add clock interface ap_clk
INFO: Add reset interface ap_rst
INFO: Add ap_ctrl interface ap_ctrl
INFO: Calling post_process_vitis to specialize IP
INFO: Calling post_process_sysgen to specialize IP
Generating sysgen info xml from json file
INFO: Created IP /home/tkgong/Research/VOLE-ocity/VOLEitH-FPGA/hls_component/hls_component/hls/impl/ip/component.xml
INFO: Created IP archive /home/tkgong/Research/VOLE-ocity/VOLEitH-FPGA/hls_component/hls_component/hls/impl/ip/xilinx_com_hls_ggm_tree_1_0.zip
INFO: [Common 17-206] Exiting Vivado at Fri Oct 31 16:27:49 2025...
INFO: [IMPL 213-8] Starting RTL evaluation using Vivado ...

****** Vivado v2025.1 (64-bit)
  **** SW Build 6140274 on Wed May 21 22:58:25 MDT 2025
  **** IP Build 6138677 on Thu May 22 03:10:11 MDT 2025
  **** SharedData Build 6139179 on Tue May 20 17:58:58 MDT 2025
  **** Start of session at: Fri Oct 31 16:27:56 2025
    ** Copyright 1986-2022 Xilinx, Inc. All Rights Reserved.
    ** Copyright 2022-2025 Advanced Micro Devices, Inc. All Rights Reserved.

source run_vivado.tcl
# source ./settings.tcl
## set top_module ggm_tree
## set language verilog
## set family virtexuplus
## set device xcu250
## set package -figd2104
## set speed -2-e
## set clock ap_clk
## set fsm_ext "off"
## set add_io_buffers false 
# source -notrace ./extraction.tcl
# set vivado_proj_name project
# set vivado_proj_dir .
# set target_device "${device}${package}${speed}"
# set target_clk_period_ns "7.000"
# set target_clk_freq_hz [expr {floor(1000 / $target_clk_period_ns) * 1000000}]
# set other_clks_freq_hz {}
# set ip_vlnv xilinx.com:hls:ggm_tree:1.0
# set ip_repo_path ../ip
# set bd_design_name bd_0
# set bd_inst_name hls_inst
# set bd_props {}
# set has_synth true
# set synth_design_args {-directive sdx_optimization_effort_high}
# set synth_dcp ""
# set synth_props {}
# set has_impl 1
# set impl_props {}
# set has_subcore 0
# set report_options [dict create]
# dict set report_options report_level 2
# dict set report_options report_max_paths 10
# dict set report_options stdout_hls_reports 1
# dict set report_options stdout_vivado_reports 0
# dict set report_options hls_project hls_component
# dict set report_options hls_solution hls
# dict set report_options has_synth $has_synth
# dict set report_options has_impl $has_impl
# dict set report_options vivado_reportbasename $top_module
# dict set report_options vivado_reportdir ./report
# dict set report_options hls_impl_dir ..
# dict set report_options hls_reportdir ../report/$language
# dict set report_options target_clk_period $target_clk_period_ns
# dict set report_options target_device $target_device
# dict set report_options language $language
# dict set report_options clock_name $clock
# dict set report_options error_if_impl_timing_fails false
# dict set report_options topmodule "ggm_tree"
# dict set report_options funcmodules {ggm_tree_updateKey ggm_tree_process_r ggm_tree_expand_roots ggm_tree_shakeXOF_32u_Pipeline_LOOP_GEN_LAST_BLK ggm_tree_shakeXOF_32u_Pipeline_LOOP_GEN_FULL_MESSAGE_BLK ggm_tree_KECCAK_f ggm_tree_shakeXOF_32u_s ggm_tree_h0_Pipeline_DRAIN_DIGEST ggm_tree_h0_Pipeline_DRAIN_END ggm_tree_h0_Pipeline_DRAIN_MSG ggm_tree_h0_Pipeline_DRAIN_MSGLEN ggm_tree_h0_Pipeline_DRAIN_ENDMSGLEN ggm_tree_h0 ggm_tree_ggm_small_Pipeline_VITIS_LOOP_154_1 ggm_tree_ggm_small ggm_tree_ggm_build ggm_tree_H_Pipeline_READ_COMS ggm_tree_H_Pipeline_DRAIN_DIGEST ggm_tree_H_Pipeline_DRAIN_END ggm_tree_H_Pipeline_DRAIN_MSG ggm_tree_H_Pipeline_DRAIN_MSGLEN ggm_tree_H_Pipeline_DRAIN_ENDMSGLEN ggm_tree_H_Pipeline_READ_COMS1 ggm_tree_H_Pipeline_DRAIN_DIGEST2 ggm_tree_H_Pipeline_DRAIN_END3 ggm_tree_H_Pipeline_DRAIN_MSG4 ggm_tree_H_Pipeline_DRAIN_MSGLEN5 ggm_tree_H_Pipeline_DRAIN_ENDMSGLEN6 ggm_tree_H}
# dict set report_options bindmodules {ggm_tree_updateKey_cipher_0_ssbox10_ROM_NP_LUTRAM_1R ggm_tree_updateKey_Rcon_ROM_AUTO_1R ggm_tree_flow_control_loop_pipe_sequential_init ggm_tree_sparsemux_21_4_128_1_1 ggm_tree_process_r_cipher_0_ssbox_ROM_NP_LUTRAM_1R ggm_tree_sparsemux_35_5_64_1_1 ggm_tree_KECCAK_f_roundIndex_ROM_2P_LUTRAM_1R ggm_tree_udiv_128ns_9ns_128_132_1 ggm_tree_fifo_w64_d8_S ggm_tree_fifo_w128_d2_S ggm_tree_fifo_w1_d2_S ggm_tree_fifo_w256_d4_S ggm_tree_fifo_w1_d4_S ggm_tree_sparsemux_9_2_128_1_1 ggm_tree_fifo_w64_d32_A ggm_tree_fifo_w128_d2_S_x ggm_tree_fifo_w1_d2_S_x ggm_tree_fifo_w256_d4_S_x ggm_tree_fifo_w1_d4_S_x ggm_tree_fifo_w128_d32_A ggm_tree_fifo_w128_d2_S_x0 ggm_tree_start_for_H_U0}
# dict set report_options max_module_depth 10
# create_project $vivado_proj_name $vivado_proj_dir -part $target_device -force
# set_property target_language $language [current_project]
# if { ![file exists $ip_repo_path] } {
#   error "Cannot find packaged HLS IP"
# }
# set_property ip_repo_paths [file normalize $ip_repo_path] [current_project]
# update_ip_catalog
INFO: [IP_Flow 19-234] Refreshing IP repositories
INFO: [IP_Flow 19-1700] Loaded user IP repository '/home/tkgong/Research/VOLE-ocity/VOLEitH-FPGA/hls_component/hls_component/hls/impl/ip'.
INFO: [IP_Flow 19-2313] Loaded Vivado IP repository '/opt/Xillinx/2025.1/Vivado/data/ip'.
# create_bd_design bd_0
Wrote  : </home/tkgong/Research/VOLE-ocity/VOLEitH-FPGA/hls_component/hls_component/hls/impl/verilog/project.srcs/sources_1/bd/bd_0/bd_0.bd> 
# set cell_inst [create_bd_cell -type ip -vlnv $ip_vlnv $bd_inst_name]
# if { [llength $bd_props] } { 
#   set_property -dict $bd_props $cell_inst 
# }
# make_bd_pins_external $cell_inst
# make_bd_intf_pins_external $cell_inst
# set bd_clk_ports [get_bd_ports -filter {TYPE==clk}]
# if { $target_clk_freq_hz ne "" } { 
#   foreach bd_clk_port $bd_clk_ports {
#     # Remove "_0" suffix from BD ports & interfaces so they match IP ports 
#     set clk_name [regsub {_0$} [get_property name $bd_clk_port] {}]
#     set port_freq_hz $target_clk_freq_hz
#     if { [dict exists $other_clks_freq_hz $clk_name] } {
#         set port_freq_hz [dict get $other_clks_freq_hz $clk_name]
#     }
#     set_property CONFIG.FREQ_HZ $port_freq_hz $bd_clk_port
#   }
# }
# foreach bd_port [get_bd_intf_ports] {
#   set_property name [regsub {_0$} [get_property name $bd_port] {}] $bd_port
# }
# foreach bd_port [get_bd_ports -filter {INTF!=TRUE}] {
#   set_property name [regsub {_0$} [get_property name $bd_port] {}] $bd_port
# }
# set s_axi_addr_width_min 32
WARNING: [BD 5-233] No interface ports matched 'get_bd_intf_ports -filter {MODE == "Slave" && VLNV =~ "xilinx.com:interface:aximm_rtl:*"}'
# foreach bd_port [get_bd_intf_ports -filter {MODE == "Slave" && VLNV =~ "xilinx.com:interface:aximm_rtl:*"}] {
#   set bd_port_addr_width [get_property CONFIG.ADDR_WIDTH $bd_port]
#   if { $bd_port_addr_width < $s_axi_addr_width_min } {
#     puts "INFO: Updating $bd_port CONFIG.ADDR_WIDTH to $s_axi_addr_width_min"
#     set_property CONFIG.ADDR_WIDTH $s_axi_addr_width_min $bd_port
#   }
# }
# set_msg_config -id {[BD 41-1265]} -severity {CRITICAL WARNING} -new_severity {INFO}
# assign_bd_address
INFO: [BD 41-3093] Triggering Legacy Auto Assign Algorithm
Wrote  : </home/tkgong/Research/VOLE-ocity/VOLEitH-FPGA/hls_component/hls_component/hls/impl/verilog/project.srcs/sources_1/bd/bd_0/bd_0.bd> 
Verilog Output written to : /home/tkgong/Research/VOLE-ocity/VOLEitH-FPGA/hls_component/hls_component/hls/impl/verilog/project.gen/sources_1/bd/bd_0/synth/bd_0.v
Verilog Output written to : /home/tkgong/Research/VOLE-ocity/VOLEitH-FPGA/hls_component/hls_component/hls/impl/verilog/project.gen/sources_1/bd/bd_0/sim/bd_0.v
Verilog Output written to : /home/tkgong/Research/VOLE-ocity/VOLEitH-FPGA/hls_component/hls_component/hls/impl/verilog/project.gen/sources_1/bd/bd_0/hdl/bd_0_wrapper.v
# set toprtl [make_wrapper -files [get_files ${bd_design_name}.bd] -top]
# add_files -norecurse $toprtl
# set top_inst_name [file root [file tail $toprtl]]
# puts "Using BD top: $top_inst_name"
Using BD top: bd_0_wrapper
# set xdc_files [glob -nocomplain ./*.xdc]
# if { [llength $xdc_files] } {
#     add_files -fileset constrs_1 -norecurse $xdc_files
# }
# launch_runs synth_1 -scripts_only
INFO: [BD 41-1662] The design 'bd_0.bd' is already validated. Therefore parameter propagation will not be re-run.
Verilog Output written to : /home/tkgong/Research/VOLE-ocity/VOLEitH-FPGA/hls_component/hls_component/hls/impl/verilog/project.gen/sources_1/bd/bd_0/synth/bd_0.v
Verilog Output written to : /home/tkgong/Research/VOLE-ocity/VOLEitH-FPGA/hls_component/hls_component/hls/impl/verilog/project.gen/sources_1/bd/bd_0/sim/bd_0.v
Verilog Output written to : /home/tkgong/Research/VOLE-ocity/VOLEitH-FPGA/hls_component/hls_component/hls/impl/verilog/project.gen/sources_1/bd/bd_0/hdl/bd_0_wrapper.v
INFO: [BD 41-1029] Generation completed for the IP Integrator block hls_inst .
Exporting to file /home/tkgong/Research/VOLE-ocity/VOLEitH-FPGA/hls_component/hls_component/hls/impl/verilog/project.gen/sources_1/bd/bd_0/hw_handoff/bd_0.hwh
Generated Hardware Definition File /home/tkgong/Research/VOLE-ocity/VOLEitH-FPGA/hls_component/hls_component/hls/impl/verilog/project.gen/sources_1/bd/bd_0/synth/bd_0.hwdef
WARNING: [Vivado 12-7122] Auto Incremental Compile:: No reference checkpoint was found in run synth_1. Auto-incremental flow will not be run, the standard flow will be run instead.
# foreach run [get_runs -filter {IS_SYNTHESIS == 1}] {
#   reset_run [get_runs $run]
# }
# set_property XPM_LIBRARIES {XPM_MEMORY XPM_FIFO} [current_project]
# hls_vivado_reports_setup $report_options
TIMESTAMP: HLS-REPORT: initialize report directories: 2025-10-31 16:28:03 EDT
# if { $has_subcore } { report_ip_status }
# if { $has_synth || $has_impl } {
#   # synth properties setting
#   set_property -name {STEPS.SYNTH_DESIGN.ARGS.MORE OPTIONS} -value {-mode out_of_context} -objects [get_runs synth_1]
#   set ip_inst [get_ips -quiet ${bd_design_name}*${bd_inst_name}*]
#   if { ![llength $ip_inst] } {
#       error "Cannot find HLS IP instance: ${bd_design_name}*${bd_inst_name}*"
#   }
#   set synth_run [get_runs -filter {IS_SYNTHESIS == 1} ${ip_inst}*]
#   if { ![llength $synth_run] } {
#       error "Cannot find synth run for HLS IP: ${ip_inst}*"
#   }
# 
#   if { [llength $synth_design_args] } {
#       set_property -name {STEPS.SYNTH_DESIGN.ARGS.MORE OPTIONS} -value $synth_design_args -objects $synth_run
#   }
# 
#   if { [llength $synth_props] } {
#     set_property -dict $synth_props $synth_run
#   }
# 
#   # launch run synth
#   launch_runs synth_1
#   wait_on_run synth_1
#   # synth reports
#   hls_vivado_reports_synth synth_1 $report_options
#   if { $synth_dcp ne "" } {
#     file mkdir [file dirname $synth_dcp]
#     set run_dcp [glob -nocomplain [get_property DIRECTORY $synth_run]/*.dcp]
#     if { [llength $run_dcp] != 1 } { error "Cannot find single dcp file for run $synth_run" }
#     file copy -force $run_dcp $synth_dcp
#   }
# }
WARNING: [Vivado 12-7122] Auto Incremental Compile:: No reference checkpoint was found in run synth_1. Auto-incremental flow will not be run, the standard flow will be run instead.
[Fri Oct 31 16:28:03 2025] Launched bd_0_hls_inst_0_synth_1...
Run output will be captured here: /home/tkgong/Research/VOLE-ocity/VOLEitH-FPGA/hls_component/hls_component/hls/impl/verilog/project.runs/bd_0_hls_inst_0_synth_1/runme.log
[Fri Oct 31 16:28:03 2025] Launched synth_1...
Run output will be captured here: /home/tkgong/Research/VOLE-ocity/VOLEitH-FPGA/hls_component/hls_component/hls/impl/verilog/project.runs/synth_1/runme.log
[Fri Oct 31 16:28:03 2025] Waiting for synth_1 to finish...
