

================================================================
== Vitis HLS Report for 'encrypt'
================================================================
* Date:           Mon Nov 17 18:41:30 2025

* Version:        2025.1 (Build 6135595 on May 21 2025)
* Project:        hls_component
* Solution:       hls (Vivado IP Flow Target)
* Product family: virtexuplus
* Target device:  xcu250-figd2104-2L-e


================================================================
== Performance Estimates
================================================================
+ Timing: 
    * Summary: 
    +--------+---------+----------+------------+
    |  Clock |  Target | Estimated| Uncertainty|
    +--------+---------+----------+------------+
    |ap_clk  |  5.00 ns|  3.290 ns|        0 ns|
    +--------+---------+----------+------------+

+ Latency: 
    * Summary: 
    +---------+---------+----------+----------+-----+-----+---------+
    |  Latency (cycles) |  Latency (absolute) |  Interval | Pipeline|
    |   min   |   max   |    min   |    max   | min | max |   Type  |
    +---------+---------+----------+----------+-----+-----+---------+
    |       22|       22|  0.110 us|  0.110 us|    1|    1|      yes|
    +---------+---------+----------+----------+-----+-----+---------+

    + Detail: 
        * Instance: 
        +---------------------+-----------+---------+---------+-----------+-----------+-----+-----+---------+
        |                     |           |  Latency (cycles) |   Latency (absolute)  |  Interval | Pipeline|
        |       Instance      |   Module  |   min   |   max   |    min    |    max    | min | max |   Type  |
        +---------------------+-----------+---------+---------+-----------+-----------+-----+-----+---------+
        |grp_updateKey_fu_34  |updateKey  |       10|       10|  50.000 ns|  50.000 ns|    1|    1|      yes|
        |grp_process_r_fu_42  |process_r  |       10|       10|  50.000 ns|  50.000 ns|    1|    1|      yes|
        +---------------------+-----------+---------+---------+-----------+-----------+-----+-----+---------+

        * Loop: 
        N/A



================================================================
== Utilization Estimates
================================================================
* Summary: 
+---------------------+---------+-------+---------+---------+------+
|         Name        | BRAM_18K|  DSP  |    FF   |   LUT   | URAM |
+---------------------+---------+-------+---------+---------+------+
|DSP                  |        -|      -|        -|        -|     -|
|Expression           |        -|      -|        -|        -|     -|
|FIFO                 |        -|      -|        -|        -|     -|
|Instance             |      100|      -|     7970|    10320|     -|
|Memory               |        -|      -|        -|        -|     -|
|Multiplexer          |        -|      -|        -|        -|     -|
|Register             |        -|      -|      448|       32|     -|
+---------------------+---------+-------+---------+---------+------+
|Total                |      100|      0|     8418|    10352|     0|
+---------------------+---------+-------+---------+---------+------+
|Available SLR        |     1344|   3072|   864000|   432000|   320|
+---------------------+---------+-------+---------+---------+------+
|Utilization SLR (%)  |        7|      0|       ~0|        2|     0|
+---------------------+---------+-------+---------+---------+------+
|Available            |     5376|  12288|  3456000|  1728000|  1280|
+---------------------+---------+-------+---------+---------+------+
|Utilization (%)      |        1|      0|       ~0|       ~0|     0|
+---------------------+---------+-------+---------+---------+------+

+ Detail: 
    * Instance: 
    +---------------------+-----------+---------+----+------+------+-----+
    |       Instance      |   Module  | BRAM_18K| DSP|  FF  |  LUT | URAM|
    +---------------------+-----------+---------+----+------+------+-----+
    |grp_process_r_fu_42  |process_r  |       80|   0|  3585|  8086|    0|
    |grp_updateKey_fu_34  |updateKey  |       20|   0|  4385|  2234|    0|
    +---------------------+-----------+---------+----+------+------+-----+
    |Total                |           |      100|   0|  7970| 10320|    0|
    +---------------------+-----------+---------+----+------+------+-----+

    * DSP: 
    N/A

    * Memory: 
    N/A

    * FIFO: 
    N/A

    * Expression: 
    N/A

    * Multiplexer: 
    N/A

    * Register: 
    +-----------------+-----+----+-----+-----------+
    |       Name      |  FF | LUT| Bits| Const Bits|
    +-----------------+-----+----+-----+-----------+
    |in_r_int_reg     |  128|   0|  128|          0|
    |in_read_reg_120  |  128|   0|  128|          0|
    |key_int_reg      |  128|   0|  128|          0|
    |in_read_reg_120  |   64|  32|  128|          0|
    +-----------------+-----+----+-----+-----------+
    |Total            |  448|  32|  512|          0|
    +-----------------+-----+----+-----+-----------+



================================================================
== Interface
================================================================
* Summary: 
+-----------+-----+-----+------------+--------------+--------------+
| RTL Ports | Dir | Bits|  Protocol  | Source Object|    C Type    |
+-----------+-----+-----+------------+--------------+--------------+
|ap_clk     |   in|    1|  ap_ctrl_hs|       encrypt|  return value|
|ap_rst     |   in|    1|  ap_ctrl_hs|       encrypt|  return value|
|ap_return  |  out|  128|  ap_ctrl_hs|       encrypt|  return value|
|ap_ce      |   in|    1|  ap_ctrl_hs|       encrypt|  return value|
|in_r       |   in|  128|     ap_none|          in_r|        scalar|
|key        |   in|  128|     ap_none|           key|        scalar|
+-----------+-----+-----+------------+--------------+--------------+

============================================================
+ Verbose Summary: Synthesis Manager
============================================================
InlineROM: 1
ExposeGlobal: 0
============================================================
+ Verbose Summary: CDFG Model
============================================================
IsTopModel: 0
ResetActiveHigh: 1
IsCombinational: 2
IsDatapathOnly: 1
HasWiredReturn: 1
HasMFsm: 2
HasVarLatency: 0
IsPipeline: 1
IsRtlPipelined: 1
IsInstanceOverlapped: 1
IsDontTouch: 0
HasImplIP: 0
IsGatedGlobalClock: 0

+ Individual pipeline summary: 
  * Pipeline-0: initiation interval (II) = 1, depth = 23


============================================================
+ Verbose Summary: Schedule
============================================================
* Number of FSM states : 23
* Pipeline : 1
  Pipeline-0 : II = 1, D = 23, States = { 1 2 3 4 5 6 7 8 9 10 11 12 13 14 15 16 17 18 19 20 21 22 23 }
* Dataflow Pipeline: 0

* FSM state transitions: 
1 --> 2 
2 --> 3 
3 --> 4 
4 --> 5 
5 --> 6 
6 --> 7 
7 --> 8 
8 --> 9 
9 --> 10 
10 --> 11 
11 --> 12 
12 --> 13 
13 --> 14 
14 --> 15 
15 --> 16 
16 --> 17 
17 --> 18 
18 --> 19 
19 --> 20 
20 --> 21 
21 --> 22 
22 --> 23 
23 --> 

* FSM state operations: 

State 1 <SV = 0> <Delay = 1.17>
ST_1 : Operation 24 [1/1] (0.00ns)   --->   "%key_read = read i128 @_ssdm_op_Read.ap_auto.i128, i128 %key" [encrypt.cpp:3]   --->   Operation 24 'read' 'key_read' <Predicate = true> <Delay = 0.00>
ST_1 : Operation 25 [1/1] (0.00ns)   --->   "%in_read = read i128 @_ssdm_op_Read.ap_auto.i128, i128 %in_r" [encrypt.cpp:3]   --->   Operation 25 'read' 'in_read' <Predicate = true> <Delay = 0.00>
ST_1 : Operation 26 [12/12] (1.17ns)   --->   "%call_ret = call i1408 @updateKey, i128 %key_read, i8 %cipher_0_ssbox40" [encrypt.cpp:6]   --->   Operation 26 'call' 'call_ret' <Predicate = true> <Delay = 1.17> <CoreType = "Generic">   --->   Generic Core

State 2 <SV = 1> <Delay = 3.18>
ST_2 : Operation 27 [11/12] (3.18ns)   --->   "%call_ret = call i1408 @updateKey, i128 %key_read, i8 %cipher_0_ssbox40" [encrypt.cpp:6]   --->   Operation 27 'call' 'call_ret' <Predicate = true> <Delay = 3.18> <CoreType = "Generic">   --->   Generic Core

State 3 <SV = 2> <Delay = 3.18>
ST_3 : Operation 28 [10/12] (3.18ns)   --->   "%call_ret = call i1408 @updateKey, i128 %key_read, i8 %cipher_0_ssbox40" [encrypt.cpp:6]   --->   Operation 28 'call' 'call_ret' <Predicate = true> <Delay = 3.18> <CoreType = "Generic">   --->   Generic Core

State 4 <SV = 3> <Delay = 3.18>
ST_4 : Operation 29 [9/12] (3.18ns)   --->   "%call_ret = call i1408 @updateKey, i128 %key_read, i8 %cipher_0_ssbox40" [encrypt.cpp:6]   --->   Operation 29 'call' 'call_ret' <Predicate = true> <Delay = 3.18> <CoreType = "Generic">   --->   Generic Core

State 5 <SV = 4> <Delay = 3.18>
ST_5 : Operation 30 [8/12] (3.18ns)   --->   "%call_ret = call i1408 @updateKey, i128 %key_read, i8 %cipher_0_ssbox40" [encrypt.cpp:6]   --->   Operation 30 'call' 'call_ret' <Predicate = true> <Delay = 3.18> <CoreType = "Generic">   --->   Generic Core

State 6 <SV = 5> <Delay = 3.18>
ST_6 : Operation 31 [7/12] (3.18ns)   --->   "%call_ret = call i1408 @updateKey, i128 %key_read, i8 %cipher_0_ssbox40" [encrypt.cpp:6]   --->   Operation 31 'call' 'call_ret' <Predicate = true> <Delay = 3.18> <CoreType = "Generic">   --->   Generic Core

State 7 <SV = 6> <Delay = 3.18>
ST_7 : Operation 32 [6/12] (3.18ns)   --->   "%call_ret = call i1408 @updateKey, i128 %key_read, i8 %cipher_0_ssbox40" [encrypt.cpp:6]   --->   Operation 32 'call' 'call_ret' <Predicate = true> <Delay = 3.18> <CoreType = "Generic">   --->   Generic Core

State 8 <SV = 7> <Delay = 3.18>
ST_8 : Operation 33 [5/12] (3.18ns)   --->   "%call_ret = call i1408 @updateKey, i128 %key_read, i8 %cipher_0_ssbox40" [encrypt.cpp:6]   --->   Operation 33 'call' 'call_ret' <Predicate = true> <Delay = 3.18> <CoreType = "Generic">   --->   Generic Core

State 9 <SV = 8> <Delay = 3.18>
ST_9 : Operation 34 [4/12] (3.18ns)   --->   "%call_ret = call i1408 @updateKey, i128 %key_read, i8 %cipher_0_ssbox40" [encrypt.cpp:6]   --->   Operation 34 'call' 'call_ret' <Predicate = true> <Delay = 3.18> <CoreType = "Generic">   --->   Generic Core

State 10 <SV = 9> <Delay = 3.18>
ST_10 : Operation 35 [3/12] (3.18ns)   --->   "%call_ret = call i1408 @updateKey, i128 %key_read, i8 %cipher_0_ssbox40" [encrypt.cpp:6]   --->   Operation 35 'call' 'call_ret' <Predicate = true> <Delay = 3.18> <CoreType = "Generic">   --->   Generic Core

State 11 <SV = 10> <Delay = 3.18>
ST_11 : Operation 36 [2/12] (3.18ns)   --->   "%call_ret = call i1408 @updateKey, i128 %key_read, i8 %cipher_0_ssbox40" [encrypt.cpp:6]   --->   Operation 36 'call' 'call_ret' <Predicate = true> <Delay = 3.18> <CoreType = "Generic">   --->   Generic Core

State 12 <SV = 11> <Delay = 3.29>
ST_12 : Operation 37 [1/12] (1.81ns)   --->   "%call_ret = call i1408 @updateKey, i128 %key_read, i8 %cipher_0_ssbox40" [encrypt.cpp:6]   --->   Operation 37 'call' 'call_ret' <Predicate = true> <Delay = 1.81> <CoreType = "Generic">   --->   Generic Core
ST_12 : Operation 38 [1/1] (0.00ns)   --->   "%cipher_key_list = extractvalue i1408 %call_ret" [encrypt.cpp:6]   --->   Operation 38 'extractvalue' 'cipher_key_list' <Predicate = true> <Delay = 0.00>
ST_12 : Operation 39 [1/1] (0.00ns)   --->   "%cipher_key_list_1 = extractvalue i1408 %call_ret" [encrypt.cpp:6]   --->   Operation 39 'extractvalue' 'cipher_key_list_1' <Predicate = true> <Delay = 0.00>
ST_12 : Operation 40 [1/1] (0.00ns)   --->   "%cipher_key_list_2 = extractvalue i1408 %call_ret" [encrypt.cpp:6]   --->   Operation 40 'extractvalue' 'cipher_key_list_2' <Predicate = true> <Delay = 0.00>
ST_12 : Operation 41 [1/1] (0.00ns)   --->   "%cipher_key_list_3 = extractvalue i1408 %call_ret" [encrypt.cpp:6]   --->   Operation 41 'extractvalue' 'cipher_key_list_3' <Predicate = true> <Delay = 0.00>
ST_12 : Operation 42 [1/1] (0.00ns)   --->   "%cipher_key_list_4 = extractvalue i1408 %call_ret" [encrypt.cpp:6]   --->   Operation 42 'extractvalue' 'cipher_key_list_4' <Predicate = true> <Delay = 0.00>
ST_12 : Operation 43 [1/1] (0.00ns)   --->   "%cipher_key_list_5 = extractvalue i1408 %call_ret" [encrypt.cpp:6]   --->   Operation 43 'extractvalue' 'cipher_key_list_5' <Predicate = true> <Delay = 0.00>
ST_12 : Operation 44 [1/1] (0.00ns)   --->   "%cipher_key_list_6 = extractvalue i1408 %call_ret" [encrypt.cpp:6]   --->   Operation 44 'extractvalue' 'cipher_key_list_6' <Predicate = true> <Delay = 0.00>
ST_12 : Operation 45 [1/1] (0.00ns)   --->   "%cipher_key_list_7 = extractvalue i1408 %call_ret" [encrypt.cpp:6]   --->   Operation 45 'extractvalue' 'cipher_key_list_7' <Predicate = true> <Delay = 0.00>
ST_12 : Operation 46 [1/1] (0.00ns)   --->   "%cipher_key_list_8 = extractvalue i1408 %call_ret" [encrypt.cpp:6]   --->   Operation 46 'extractvalue' 'cipher_key_list_8' <Predicate = true> <Delay = 0.00>
ST_12 : Operation 47 [1/1] (0.00ns)   --->   "%cipher_key_list_9 = extractvalue i1408 %call_ret" [encrypt.cpp:6]   --->   Operation 47 'extractvalue' 'cipher_key_list_9' <Predicate = true> <Delay = 0.00>
ST_12 : Operation 48 [1/1] (0.00ns)   --->   "%cipher_key_list_10 = extractvalue i1408 %call_ret" [encrypt.cpp:6]   --->   Operation 48 'extractvalue' 'cipher_key_list_10' <Predicate = true> <Delay = 0.00>
ST_12 : Operation 49 [12/12] (1.47ns)   --->   "%out_write_assign = call i128 @process, i128 %cipher_key_list, i128 %cipher_key_list_1, i128 %cipher_key_list_2, i128 %cipher_key_list_3, i128 %cipher_key_list_4, i128 %cipher_key_list_5, i128 %cipher_key_list_6, i128 %cipher_key_list_7, i128 %cipher_key_list_8, i128 %cipher_key_list_9, i128 %cipher_key_list_10, i128 %in_read, i8 %cipher_0_ssbox" [encrypt.cpp:7]   --->   Operation 49 'call' 'out_write_assign' <Predicate = true> <Delay = 1.47> <CoreType = "Generic">   --->   Generic Core

State 13 <SV = 12> <Delay = 2.94>
ST_13 : Operation 50 [11/12] (2.94ns)   --->   "%out_write_assign = call i128 @process, i128 %cipher_key_list, i128 %cipher_key_list_1, i128 %cipher_key_list_2, i128 %cipher_key_list_3, i128 %cipher_key_list_4, i128 %cipher_key_list_5, i128 %cipher_key_list_6, i128 %cipher_key_list_7, i128 %cipher_key_list_8, i128 %cipher_key_list_9, i128 %cipher_key_list_10, i128 %in_read, i8 %cipher_0_ssbox" [encrypt.cpp:7]   --->   Operation 50 'call' 'out_write_assign' <Predicate = true> <Delay = 2.94> <CoreType = "Generic">   --->   Generic Core

State 14 <SV = 13> <Delay = 2.94>
ST_14 : Operation 51 [10/12] (2.94ns)   --->   "%out_write_assign = call i128 @process, i128 %cipher_key_list, i128 %cipher_key_list_1, i128 %cipher_key_list_2, i128 %cipher_key_list_3, i128 %cipher_key_list_4, i128 %cipher_key_list_5, i128 %cipher_key_list_6, i128 %cipher_key_list_7, i128 %cipher_key_list_8, i128 %cipher_key_list_9, i128 %cipher_key_list_10, i128 %in_read, i8 %cipher_0_ssbox" [encrypt.cpp:7]   --->   Operation 51 'call' 'out_write_assign' <Predicate = true> <Delay = 2.94> <CoreType = "Generic">   --->   Generic Core

State 15 <SV = 14> <Delay = 2.94>
ST_15 : Operation 52 [9/12] (2.94ns)   --->   "%out_write_assign = call i128 @process, i128 %cipher_key_list, i128 %cipher_key_list_1, i128 %cipher_key_list_2, i128 %cipher_key_list_3, i128 %cipher_key_list_4, i128 %cipher_key_list_5, i128 %cipher_key_list_6, i128 %cipher_key_list_7, i128 %cipher_key_list_8, i128 %cipher_key_list_9, i128 %cipher_key_list_10, i128 %in_read, i8 %cipher_0_ssbox" [encrypt.cpp:7]   --->   Operation 52 'call' 'out_write_assign' <Predicate = true> <Delay = 2.94> <CoreType = "Generic">   --->   Generic Core

State 16 <SV = 15> <Delay = 2.94>
ST_16 : Operation 53 [8/12] (2.94ns)   --->   "%out_write_assign = call i128 @process, i128 %cipher_key_list, i128 %cipher_key_list_1, i128 %cipher_key_list_2, i128 %cipher_key_list_3, i128 %cipher_key_list_4, i128 %cipher_key_list_5, i128 %cipher_key_list_6, i128 %cipher_key_list_7, i128 %cipher_key_list_8, i128 %cipher_key_list_9, i128 %cipher_key_list_10, i128 %in_read, i8 %cipher_0_ssbox" [encrypt.cpp:7]   --->   Operation 53 'call' 'out_write_assign' <Predicate = true> <Delay = 2.94> <CoreType = "Generic">   --->   Generic Core

State 17 <SV = 16> <Delay = 2.94>
ST_17 : Operation 54 [7/12] (2.94ns)   --->   "%out_write_assign = call i128 @process, i128 %cipher_key_list, i128 %cipher_key_list_1, i128 %cipher_key_list_2, i128 %cipher_key_list_3, i128 %cipher_key_list_4, i128 %cipher_key_list_5, i128 %cipher_key_list_6, i128 %cipher_key_list_7, i128 %cipher_key_list_8, i128 %cipher_key_list_9, i128 %cipher_key_list_10, i128 %in_read, i8 %cipher_0_ssbox" [encrypt.cpp:7]   --->   Operation 54 'call' 'out_write_assign' <Predicate = true> <Delay = 2.94> <CoreType = "Generic">   --->   Generic Core

State 18 <SV = 17> <Delay = 2.94>
ST_18 : Operation 55 [6/12] (2.94ns)   --->   "%out_write_assign = call i128 @process, i128 %cipher_key_list, i128 %cipher_key_list_1, i128 %cipher_key_list_2, i128 %cipher_key_list_3, i128 %cipher_key_list_4, i128 %cipher_key_list_5, i128 %cipher_key_list_6, i128 %cipher_key_list_7, i128 %cipher_key_list_8, i128 %cipher_key_list_9, i128 %cipher_key_list_10, i128 %in_read, i8 %cipher_0_ssbox" [encrypt.cpp:7]   --->   Operation 55 'call' 'out_write_assign' <Predicate = true> <Delay = 2.94> <CoreType = "Generic">   --->   Generic Core

State 19 <SV = 18> <Delay = 2.94>
ST_19 : Operation 56 [5/12] (2.94ns)   --->   "%out_write_assign = call i128 @process, i128 %cipher_key_list, i128 %cipher_key_list_1, i128 %cipher_key_list_2, i128 %cipher_key_list_3, i128 %cipher_key_list_4, i128 %cipher_key_list_5, i128 %cipher_key_list_6, i128 %cipher_key_list_7, i128 %cipher_key_list_8, i128 %cipher_key_list_9, i128 %cipher_key_list_10, i128 %in_read, i8 %cipher_0_ssbox" [encrypt.cpp:7]   --->   Operation 56 'call' 'out_write_assign' <Predicate = true> <Delay = 2.94> <CoreType = "Generic">   --->   Generic Core

State 20 <SV = 19> <Delay = 2.94>
ST_20 : Operation 57 [4/12] (2.94ns)   --->   "%out_write_assign = call i128 @process, i128 %cipher_key_list, i128 %cipher_key_list_1, i128 %cipher_key_list_2, i128 %cipher_key_list_3, i128 %cipher_key_list_4, i128 %cipher_key_list_5, i128 %cipher_key_list_6, i128 %cipher_key_list_7, i128 %cipher_key_list_8, i128 %cipher_key_list_9, i128 %cipher_key_list_10, i128 %in_read, i8 %cipher_0_ssbox" [encrypt.cpp:7]   --->   Operation 57 'call' 'out_write_assign' <Predicate = true> <Delay = 2.94> <CoreType = "Generic">   --->   Generic Core

State 21 <SV = 20> <Delay = 2.94>
ST_21 : Operation 58 [3/12] (2.94ns)   --->   "%out_write_assign = call i128 @process, i128 %cipher_key_list, i128 %cipher_key_list_1, i128 %cipher_key_list_2, i128 %cipher_key_list_3, i128 %cipher_key_list_4, i128 %cipher_key_list_5, i128 %cipher_key_list_6, i128 %cipher_key_list_7, i128 %cipher_key_list_8, i128 %cipher_key_list_9, i128 %cipher_key_list_10, i128 %in_read, i8 %cipher_0_ssbox" [encrypt.cpp:7]   --->   Operation 58 'call' 'out_write_assign' <Predicate = true> <Delay = 2.94> <CoreType = "Generic">   --->   Generic Core

State 22 <SV = 21> <Delay = 2.94>
ST_22 : Operation 59 [2/12] (2.94ns)   --->   "%out_write_assign = call i128 @process, i128 %cipher_key_list, i128 %cipher_key_list_1, i128 %cipher_key_list_2, i128 %cipher_key_list_3, i128 %cipher_key_list_4, i128 %cipher_key_list_5, i128 %cipher_key_list_6, i128 %cipher_key_list_7, i128 %cipher_key_list_8, i128 %cipher_key_list_9, i128 %cipher_key_list_10, i128 %in_read, i8 %cipher_0_ssbox" [encrypt.cpp:7]   --->   Operation 59 'call' 'out_write_assign' <Predicate = true> <Delay = 2.94> <CoreType = "Generic">   --->   Generic Core

State 23 <SV = 22> <Delay = 1.47>
ST_23 : Operation 60 [1/1] (0.00ns)   --->   "%specmemcore_ln18 = specmemcore void @_ssdm_op_SpecMemCore, i8 %cipher_0_ssbox, i64 666, i64 38, i64 18446744073709551615" [./aes.hpp:18->./aes.hpp:388->encrypt.cpp:5]   --->   Operation 60 'specmemcore' 'specmemcore_ln18' <Predicate = true> <Delay = 0.00>
ST_23 : Operation 61 [1/12] (1.47ns)   --->   "%out_write_assign = call i128 @process, i128 %cipher_key_list, i128 %cipher_key_list_1, i128 %cipher_key_list_2, i128 %cipher_key_list_3, i128 %cipher_key_list_4, i128 %cipher_key_list_5, i128 %cipher_key_list_6, i128 %cipher_key_list_7, i128 %cipher_key_list_8, i128 %cipher_key_list_9, i128 %cipher_key_list_10, i128 %in_read, i8 %cipher_0_ssbox" [encrypt.cpp:7]   --->   Operation 61 'call' 'out_write_assign' <Predicate = true> <Delay = 1.47> <CoreType = "Generic">   --->   Generic Core
ST_23 : Operation 62 [1/1] (0.00ns)   --->   "%ret_ln8 = ret i128 %out_write_assign" [encrypt.cpp:8]   --->   Operation 62 'ret' 'ret_ln8' <Predicate = true> <Delay = 0.00>


============================================================
+ Verbose Summary: Binding
============================================================
STG Binding: 
---------------- STG Properties BEGIN ----------------
- Is combinational: 0
- Is one-state seq: 0
- Is datapath-only: 1
- Is pipelined: 1
- Is top level: 0
Port [ Return ] is wired: 1; IO mode=ap_ctrl_hs:ce=0
Port [ in_r]:  wired=1; compound=0; hidden=0; nouse=0; global=0; static=0; extern=0; dir=0; type=0; pingpong=0; private_global=0; IO mode=ap_none:ce=0
Port [ key]:  wired=1; compound=0; hidden=0; nouse=0; global=0; static=0; extern=0; dir=0; type=0; pingpong=0; private_global=0; IO mode=ap_none:ce=0
Port [ cipher_0_ssbox40]:  wired=0; compound=1; hidden=1; nouse=1; global=1; static=1; extern=0; dir=0; type=1; pingpong=0; private_global=0; MemPort=[1111111111111111111111111111111111111111]; IO mode=ap_memory:ce=0
Port [ cipher_0_ssbox]:  wired=0; compound=1; hidden=1; nouse=1; global=1; static=1; extern=0; dir=0; type=1; pingpong=0; private_global=0; MemPort=[1111111111111111111111111111111111111111111111111111111111111111111111111111111111111111111111111111111111111111111111111111111111111111111111111111111111111111]; IO mode=ap_memory:ce=0
---------------- STG Properties END ------------------

---------------- Datapath Model BEGIN ----------------

<LifeTime>
<method=bitvector/>
key_read           (read        ) [ 011111111111100000000000]
in_read            (read        ) [ 011111111111111111111111]
call_ret           (call        ) [ 000000000000000000000000]
cipher_key_list    (extractvalue) [ 010000000000011111111111]
cipher_key_list_1  (extractvalue) [ 010000000000011111111111]
cipher_key_list_2  (extractvalue) [ 010000000000011111111111]
cipher_key_list_3  (extractvalue) [ 010000000000011111111111]
cipher_key_list_4  (extractvalue) [ 010000000000011111111111]
cipher_key_list_5  (extractvalue) [ 010000000000011111111111]
cipher_key_list_6  (extractvalue) [ 010000000000011111111111]
cipher_key_list_7  (extractvalue) [ 010000000000011111111111]
cipher_key_list_8  (extractvalue) [ 010000000000011111111111]
cipher_key_list_9  (extractvalue) [ 010000000000011111111111]
cipher_key_list_10 (extractvalue) [ 010000000000011111111111]
specmemcore_ln18   (specmemcore ) [ 000000000000000000000000]
out_write_assign   (call        ) [ 000000000000000000000000]
ret_ln8            (ret         ) [ 000000000000000000000000]
</LifeTime>

<model>

<comp_list>
<comp id="0" class="1000" name="in_r">
<pin_list>
<pin id="1" dir="1" index="0" bw="1" slack="0"/>
</pin_list>
<bind>
<StgValue><ssdm name="in_r"/></StgValue>
</bind>
</comp>

<comp id="2" class="1000" name="key">
<pin_list>
<pin id="3" dir="1" index="0" bw="1" slack="0"/>
</pin_list>
<bind>
<StgValue><ssdm name="key"/></StgValue>
</bind>
</comp>

<comp id="4" class="1000" name="cipher_0_ssbox40">
<pin_list>
<pin id="5" dir="1" index="0" bw="1" slack="0"/>
</pin_list>
<bind>
<StgValue><ssdm name="cipher_0_ssbox40"/><MemPortTyVec>1 1 1 1 1 1 1 1 1 1 1 1 1 1 1 1 1 1 1 1 1 1 1 1 1 1 1 1 1 1 1 1 1 1 1 1 1 1 1 1 </MemPortTyVec>
</StgValue>
</bind>
</comp>

<comp id="6" class="1000" name="cipher_0_ssbox">
<pin_list>
<pin id="7" dir="1" index="0" bw="1" slack="0"/>
</pin_list>
<bind>
<StgValue><ssdm name="cipher_0_ssbox"/><MemPortTyVec>1 1 1 1 1 1 1 1 1 1 1 1 1 1 1 1 1 1 1 1 1 1 1 1 1 1 1 1 1 1 1 1 1 1 1 1 1 1 1 1 1 1 1 1 1 1 1 1 1 1 1 1 1 1 1 1 1 1 1 1 1 1 1 1 1 1 1 1 1 1 1 1 1 1 1 1 1 1 1 1 1 1 1 1 1 1 1 1 1 1 1 1 1 1 1 1 1 1 1 1 1 1 1 1 1 1 1 1 1 1 1 1 1 1 1 1 1 1 1 1 1 1 1 1 1 1 1 1 1 1 1 1 1 1 1 1 1 1 1 1 1 1 1 1 1 1 1 1 1 1 1 1 1 1 1 1 1 1 1 1 </MemPortTyVec>
</StgValue>
</bind>
</comp>

<comp id="8" class="1001" name="const_8">
<pin_list>
<pin id="9" dir="1" index="0" bw="1" slack="0"/>
</pin_list>
<bind>
<StgValue><ssdm name="_ssdm_op_Read.ap_auto.i128"/></StgValue>
</bind>
</comp>

<comp id="10" class="1001" name="const_10">
<pin_list>
<pin id="11" dir="1" index="0" bw="1" slack="0"/>
</pin_list>
<bind>
<StgValue><ssdm name="updateKey"/></StgValue>
</bind>
</comp>

<comp id="12" class="1001" name="const_12">
<pin_list>
<pin id="13" dir="1" index="0" bw="1" slack="0"/>
</pin_list>
<bind>
<StgValue><ssdm name="process"/></StgValue>
</bind>
</comp>

<comp id="14" class="1001" name="const_14">
<pin_list>
<pin id="15" dir="1" index="0" bw="1" slack="2147483647"/>
</pin_list>
<bind>
<StgValue><ssdm name="_ssdm_op_SpecMemCore"/></StgValue>
</bind>
</comp>

<comp id="16" class="1001" name="const_16">
<pin_list>
<pin id="17" dir="1" index="0" bw="1" slack="2147483647"/>
</pin_list>
<bind>
<StgValue><ssdm name=""/></StgValue>
</bind>
</comp>

<comp id="18" class="1001" name="const_18">
<pin_list>
<pin id="19" dir="1" index="0" bw="1" slack="2147483647"/>
</pin_list>
<bind>
<StgValue><ssdm name=""/></StgValue>
</bind>
</comp>

<comp id="20" class="1001" name="const_20">
<pin_list>
<pin id="21" dir="1" index="0" bw="1" slack="2147483647"/>
</pin_list>
<bind>
<StgValue><ssdm name=""/></StgValue>
</bind>
</comp>

<comp id="22" class="1004" name="key_read_read_fu_22">
<pin_list>
<pin id="23" dir="0" index="0" bw="128" slack="0"/>
<pin id="24" dir="0" index="1" bw="128" slack="0"/>
<pin id="25" dir="1" index="2" bw="128" slack="0"/>
</pin_list>
<bind>
<opcode="read(1150) " fcode="read"/>
<opset="key_read/1 "/>
</bind>
</comp>

<comp id="28" class="1004" name="in_read_read_fu_28">
<pin_list>
<pin id="29" dir="0" index="0" bw="128" slack="0"/>
<pin id="30" dir="0" index="1" bw="128" slack="0"/>
<pin id="31" dir="1" index="2" bw="128" slack="11"/>
</pin_list>
<bind>
<opcode="read(1150) " fcode="read"/>
<opset="in_read/1 "/>
</bind>
</comp>

<comp id="34" class="1004" name="grp_updateKey_fu_34">
<pin_list>
<pin id="35" dir="0" index="0" bw="1408" slack="0"/>
<pin id="36" dir="0" index="1" bw="128" slack="0"/>
<pin id="37" dir="0" index="2" bw="8" slack="0"/>
<pin id="38" dir="1" index="3" bw="1408" slack="0"/>
</pin_list>
<bind>
<opcode="call(48) " fcode="call"/>
<opset="call_ret/1 "/>
</bind>
</comp>

<comp id="42" class="1004" name="grp_process_r_fu_42">
<pin_list>
<pin id="43" dir="0" index="0" bw="128" slack="0"/>
<pin id="44" dir="0" index="1" bw="128" slack="0"/>
<pin id="45" dir="0" index="2" bw="128" slack="0"/>
<pin id="46" dir="0" index="3" bw="128" slack="0"/>
<pin id="47" dir="0" index="4" bw="128" slack="0"/>
<pin id="48" dir="0" index="5" bw="128" slack="0"/>
<pin id="49" dir="0" index="6" bw="128" slack="0"/>
<pin id="50" dir="0" index="7" bw="128" slack="0"/>
<pin id="51" dir="0" index="8" bw="128" slack="0"/>
<pin id="52" dir="0" index="9" bw="128" slack="0"/>
<pin id="53" dir="0" index="10" bw="128" slack="0"/>
<pin id="54" dir="0" index="11" bw="128" slack="0"/>
<pin id="55" dir="0" index="12" bw="128" slack="11"/>
<pin id="56" dir="0" index="13" bw="8" slack="0"/>
<pin id="57" dir="1" index="14" bw="128" slack="2147483647"/>
</pin_list>
<bind>
<opcode="call(48) " fcode="call"/>
<opset="out_write_assign/12 "/>
</bind>
</comp>

<comp id="60" class="1004" name="cipher_key_list_fu_60">
<pin_list>
<pin id="61" dir="0" index="0" bw="1408" slack="0"/>
<pin id="62" dir="1" index="1" bw="128" slack="0"/>
</pin_list>
<bind>
<opcode="extractvalue(56) " fcode="extractvalue"/>
<opset="cipher_key_list/12 "/>
</bind>
</comp>

<comp id="65" class="1004" name="cipher_key_list_1_fu_65">
<pin_list>
<pin id="66" dir="0" index="0" bw="1408" slack="0"/>
<pin id="67" dir="1" index="1" bw="128" slack="0"/>
</pin_list>
<bind>
<opcode="extractvalue(56) " fcode="extractvalue"/>
<opset="cipher_key_list_1/12 "/>
</bind>
</comp>

<comp id="70" class="1004" name="cipher_key_list_2_fu_70">
<pin_list>
<pin id="71" dir="0" index="0" bw="1408" slack="0"/>
<pin id="72" dir="1" index="1" bw="128" slack="0"/>
</pin_list>
<bind>
<opcode="extractvalue(56) " fcode="extractvalue"/>
<opset="cipher_key_list_2/12 "/>
</bind>
</comp>

<comp id="75" class="1004" name="cipher_key_list_3_fu_75">
<pin_list>
<pin id="76" dir="0" index="0" bw="1408" slack="0"/>
<pin id="77" dir="1" index="1" bw="128" slack="0"/>
</pin_list>
<bind>
<opcode="extractvalue(56) " fcode="extractvalue"/>
<opset="cipher_key_list_3/12 "/>
</bind>
</comp>

<comp id="80" class="1004" name="cipher_key_list_4_fu_80">
<pin_list>
<pin id="81" dir="0" index="0" bw="1408" slack="0"/>
<pin id="82" dir="1" index="1" bw="128" slack="0"/>
</pin_list>
<bind>
<opcode="extractvalue(56) " fcode="extractvalue"/>
<opset="cipher_key_list_4/12 "/>
</bind>
</comp>

<comp id="85" class="1004" name="cipher_key_list_5_fu_85">
<pin_list>
<pin id="86" dir="0" index="0" bw="1408" slack="0"/>
<pin id="87" dir="1" index="1" bw="128" slack="0"/>
</pin_list>
<bind>
<opcode="extractvalue(56) " fcode="extractvalue"/>
<opset="cipher_key_list_5/12 "/>
</bind>
</comp>

<comp id="90" class="1004" name="cipher_key_list_6_fu_90">
<pin_list>
<pin id="91" dir="0" index="0" bw="1408" slack="0"/>
<pin id="92" dir="1" index="1" bw="128" slack="0"/>
</pin_list>
<bind>
<opcode="extractvalue(56) " fcode="extractvalue"/>
<opset="cipher_key_list_6/12 "/>
</bind>
</comp>

<comp id="95" class="1004" name="cipher_key_list_7_fu_95">
<pin_list>
<pin id="96" dir="0" index="0" bw="1408" slack="0"/>
<pin id="97" dir="1" index="1" bw="128" slack="0"/>
</pin_list>
<bind>
<opcode="extractvalue(56) " fcode="extractvalue"/>
<opset="cipher_key_list_7/12 "/>
</bind>
</comp>

<comp id="100" class="1004" name="cipher_key_list_8_fu_100">
<pin_list>
<pin id="101" dir="0" index="0" bw="1408" slack="0"/>
<pin id="102" dir="1" index="1" bw="128" slack="0"/>
</pin_list>
<bind>
<opcode="extractvalue(56) " fcode="extractvalue"/>
<opset="cipher_key_list_8/12 "/>
</bind>
</comp>

<comp id="105" class="1004" name="cipher_key_list_9_fu_105">
<pin_list>
<pin id="106" dir="0" index="0" bw="1408" slack="0"/>
<pin id="107" dir="1" index="1" bw="128" slack="0"/>
</pin_list>
<bind>
<opcode="extractvalue(56) " fcode="extractvalue"/>
<opset="cipher_key_list_9/12 "/>
</bind>
</comp>

<comp id="110" class="1004" name="cipher_key_list_10_fu_110">
<pin_list>
<pin id="111" dir="0" index="0" bw="1408" slack="0"/>
<pin id="112" dir="1" index="1" bw="128" slack="0"/>
</pin_list>
<bind>
<opcode="extractvalue(56) " fcode="extractvalue"/>
<opset="cipher_key_list_10/12 "/>
</bind>
</comp>

<comp id="115" class="1005" name="key_read_reg_115">
<pin_list>
<pin id="116" dir="0" index="0" bw="128" slack="1"/>
<pin id="117" dir="1" index="1" bw="128" slack="1"/>
</pin_list>
<bind>
<opset="key_read "/>
</bind>
</comp>

<comp id="120" class="1005" name="in_read_reg_120">
<pin_list>
<pin id="121" dir="0" index="0" bw="128" slack="11"/>
<pin id="122" dir="1" index="1" bw="128" slack="11"/>
</pin_list>
<bind>
<opset="in_read "/>
</bind>
</comp>

<comp id="125" class="1005" name="cipher_key_list_reg_125">
<pin_list>
<pin id="126" dir="0" index="0" bw="128" slack="1"/>
<pin id="127" dir="1" index="1" bw="128" slack="1"/>
</pin_list>
<bind>
<opset="cipher_key_list "/>
</bind>
</comp>

<comp id="130" class="1005" name="cipher_key_list_1_reg_130">
<pin_list>
<pin id="131" dir="0" index="0" bw="128" slack="1"/>
<pin id="132" dir="1" index="1" bw="128" slack="1"/>
</pin_list>
<bind>
<opset="cipher_key_list_1 "/>
</bind>
</comp>

<comp id="135" class="1005" name="cipher_key_list_2_reg_135">
<pin_list>
<pin id="136" dir="0" index="0" bw="128" slack="1"/>
<pin id="137" dir="1" index="1" bw="128" slack="1"/>
</pin_list>
<bind>
<opset="cipher_key_list_2 "/>
</bind>
</comp>

<comp id="140" class="1005" name="cipher_key_list_3_reg_140">
<pin_list>
<pin id="141" dir="0" index="0" bw="128" slack="1"/>
<pin id="142" dir="1" index="1" bw="128" slack="1"/>
</pin_list>
<bind>
<opset="cipher_key_list_3 "/>
</bind>
</comp>

<comp id="145" class="1005" name="cipher_key_list_4_reg_145">
<pin_list>
<pin id="146" dir="0" index="0" bw="128" slack="1"/>
<pin id="147" dir="1" index="1" bw="128" slack="1"/>
</pin_list>
<bind>
<opset="cipher_key_list_4 "/>
</bind>
</comp>

<comp id="150" class="1005" name="cipher_key_list_5_reg_150">
<pin_list>
<pin id="151" dir="0" index="0" bw="128" slack="1"/>
<pin id="152" dir="1" index="1" bw="128" slack="1"/>
</pin_list>
<bind>
<opset="cipher_key_list_5 "/>
</bind>
</comp>

<comp id="155" class="1005" name="cipher_key_list_6_reg_155">
<pin_list>
<pin id="156" dir="0" index="0" bw="128" slack="1"/>
<pin id="157" dir="1" index="1" bw="128" slack="1"/>
</pin_list>
<bind>
<opset="cipher_key_list_6 "/>
</bind>
</comp>

<comp id="160" class="1005" name="cipher_key_list_7_reg_160">
<pin_list>
<pin id="161" dir="0" index="0" bw="128" slack="1"/>
<pin id="162" dir="1" index="1" bw="128" slack="1"/>
</pin_list>
<bind>
<opset="cipher_key_list_7 "/>
</bind>
</comp>

<comp id="165" class="1005" name="cipher_key_list_8_reg_165">
<pin_list>
<pin id="166" dir="0" index="0" bw="128" slack="1"/>
<pin id="167" dir="1" index="1" bw="128" slack="1"/>
</pin_list>
<bind>
<opset="cipher_key_list_8 "/>
</bind>
</comp>

<comp id="170" class="1005" name="cipher_key_list_9_reg_170">
<pin_list>
<pin id="171" dir="0" index="0" bw="128" slack="1"/>
<pin id="172" dir="1" index="1" bw="128" slack="1"/>
</pin_list>
<bind>
<opset="cipher_key_list_9 "/>
</bind>
</comp>

<comp id="175" class="1005" name="cipher_key_list_10_reg_175">
<pin_list>
<pin id="176" dir="0" index="0" bw="128" slack="1"/>
<pin id="177" dir="1" index="1" bw="128" slack="1"/>
</pin_list>
<bind>
<opset="cipher_key_list_10 "/>
</bind>
</comp>

</comp_list>

<net_list>
<net id="26"><net_src comp="8" pin="0"/><net_sink comp="22" pin=0"/></net>

<net id="27"><net_src comp="2" pin="0"/><net_sink comp="22" pin=1"/></net>

<net id="32"><net_src comp="8" pin="0"/><net_sink comp="28" pin=0"/></net>

<net id="33"><net_src comp="0" pin="0"/><net_sink comp="28" pin=1"/></net>

<net id="39"><net_src comp="10" pin="0"/><net_sink comp="34" pin=0"/></net>

<net id="40"><net_src comp="22" pin="2"/><net_sink comp="34" pin=1"/></net>

<net id="41"><net_src comp="4" pin="0"/><net_sink comp="34" pin=2"/></net>

<net id="58"><net_src comp="12" pin="0"/><net_sink comp="42" pin=0"/></net>

<net id="59"><net_src comp="6" pin="0"/><net_sink comp="42" pin=13"/></net>

<net id="63"><net_src comp="34" pin="3"/><net_sink comp="60" pin=0"/></net>

<net id="64"><net_src comp="60" pin="1"/><net_sink comp="42" pin=1"/></net>

<net id="68"><net_src comp="34" pin="3"/><net_sink comp="65" pin=0"/></net>

<net id="69"><net_src comp="65" pin="1"/><net_sink comp="42" pin=2"/></net>

<net id="73"><net_src comp="34" pin="3"/><net_sink comp="70" pin=0"/></net>

<net id="74"><net_src comp="70" pin="1"/><net_sink comp="42" pin=3"/></net>

<net id="78"><net_src comp="34" pin="3"/><net_sink comp="75" pin=0"/></net>

<net id="79"><net_src comp="75" pin="1"/><net_sink comp="42" pin=4"/></net>

<net id="83"><net_src comp="34" pin="3"/><net_sink comp="80" pin=0"/></net>

<net id="84"><net_src comp="80" pin="1"/><net_sink comp="42" pin=5"/></net>

<net id="88"><net_src comp="34" pin="3"/><net_sink comp="85" pin=0"/></net>

<net id="89"><net_src comp="85" pin="1"/><net_sink comp="42" pin=6"/></net>

<net id="93"><net_src comp="34" pin="3"/><net_sink comp="90" pin=0"/></net>

<net id="94"><net_src comp="90" pin="1"/><net_sink comp="42" pin=7"/></net>

<net id="98"><net_src comp="34" pin="3"/><net_sink comp="95" pin=0"/></net>

<net id="99"><net_src comp="95" pin="1"/><net_sink comp="42" pin=8"/></net>

<net id="103"><net_src comp="34" pin="3"/><net_sink comp="100" pin=0"/></net>

<net id="104"><net_src comp="100" pin="1"/><net_sink comp="42" pin=9"/></net>

<net id="108"><net_src comp="34" pin="3"/><net_sink comp="105" pin=0"/></net>

<net id="109"><net_src comp="105" pin="1"/><net_sink comp="42" pin=10"/></net>

<net id="113"><net_src comp="34" pin="3"/><net_sink comp="110" pin=0"/></net>

<net id="114"><net_src comp="110" pin="1"/><net_sink comp="42" pin=11"/></net>

<net id="118"><net_src comp="22" pin="2"/><net_sink comp="115" pin=0"/></net>

<net id="119"><net_src comp="115" pin="1"/><net_sink comp="34" pin=1"/></net>

<net id="123"><net_src comp="28" pin="2"/><net_sink comp="120" pin=0"/></net>

<net id="124"><net_src comp="120" pin="1"/><net_sink comp="42" pin=12"/></net>

<net id="128"><net_src comp="60" pin="1"/><net_sink comp="125" pin=0"/></net>

<net id="129"><net_src comp="125" pin="1"/><net_sink comp="42" pin=1"/></net>

<net id="133"><net_src comp="65" pin="1"/><net_sink comp="130" pin=0"/></net>

<net id="134"><net_src comp="130" pin="1"/><net_sink comp="42" pin=2"/></net>

<net id="138"><net_src comp="70" pin="1"/><net_sink comp="135" pin=0"/></net>

<net id="139"><net_src comp="135" pin="1"/><net_sink comp="42" pin=3"/></net>

<net id="143"><net_src comp="75" pin="1"/><net_sink comp="140" pin=0"/></net>

<net id="144"><net_src comp="140" pin="1"/><net_sink comp="42" pin=4"/></net>

<net id="148"><net_src comp="80" pin="1"/><net_sink comp="145" pin=0"/></net>

<net id="149"><net_src comp="145" pin="1"/><net_sink comp="42" pin=5"/></net>

<net id="153"><net_src comp="85" pin="1"/><net_sink comp="150" pin=0"/></net>

<net id="154"><net_src comp="150" pin="1"/><net_sink comp="42" pin=6"/></net>

<net id="158"><net_src comp="90" pin="1"/><net_sink comp="155" pin=0"/></net>

<net id="159"><net_src comp="155" pin="1"/><net_sink comp="42" pin=7"/></net>

<net id="163"><net_src comp="95" pin="1"/><net_sink comp="160" pin=0"/></net>

<net id="164"><net_src comp="160" pin="1"/><net_sink comp="42" pin=8"/></net>

<net id="168"><net_src comp="100" pin="1"/><net_sink comp="165" pin=0"/></net>

<net id="169"><net_src comp="165" pin="1"/><net_sink comp="42" pin=9"/></net>

<net id="173"><net_src comp="105" pin="1"/><net_sink comp="170" pin=0"/></net>

<net id="174"><net_src comp="170" pin="1"/><net_sink comp="42" pin=10"/></net>

<net id="178"><net_src comp="110" pin="1"/><net_sink comp="175" pin=0"/></net>

<net id="179"><net_src comp="175" pin="1"/><net_sink comp="42" pin=11"/></net>

</net_list>

</model> 
---------------- Datapath Model END ------------------

* FSMD analyzer results:
  - Output states:
	Port: in_r | {}
	Port: key | {}
	Port: cipher_0_ssbox40 | {}
	Port: cipher_0_ssbox | {}
 - Input state : 
	Port: encrypt : in_r | {1 }
	Port: encrypt : key | {1 }
	Port: encrypt : cipher_0_ssbox40 | {1 2 3 4 5 6 7 8 9 10 11 }
	Port: encrypt : cipher_0_ssbox | {12 13 14 15 16 17 18 19 20 21 22 }
  - Chain level:
	State 1
	State 2
	State 3
	State 4
	State 5
	State 6
	State 7
	State 8
	State 9
	State 10
	State 11
	State 12
		cipher_key_list : 1
		cipher_key_list_1 : 1
		cipher_key_list_2 : 1
		cipher_key_list_3 : 1
		cipher_key_list_4 : 1
		cipher_key_list_5 : 1
		cipher_key_list_6 : 1
		cipher_key_list_7 : 1
		cipher_key_list_8 : 1
		cipher_key_list_9 : 1
		cipher_key_list_10 : 1
		out_write_assign : 2
	State 13
	State 14
	State 15
	State 16
	State 17
	State 18
	State 19
	State 20
	State 21
	State 22
	State 23
		ret_ln8 : 1


============================================================
+ Verbose Summary: Datapath Resource usage 
============================================================

* Functional unit list:
|----------|---------------------------|---------|---------|---------|
| Operation|      Functional Unit      |  Delay  |    FF   |   LUT   |
|----------|---------------------------|---------|---------|---------|
|   call   |    grp_updateKey_fu_34    |  15.48  |   1504  |   1672  |
|          |    grp_process_r_fu_42    |  61.92  |   2560  |   9256  |
|----------|---------------------------|---------|---------|---------|
|   read   |    key_read_read_fu_22    |    0    |    0    |    0    |
|          |     in_read_read_fu_28    |    0    |    0    |    0    |
|----------|---------------------------|---------|---------|---------|
|          |   cipher_key_list_fu_60   |    0    |    0    |    0    |
|          |  cipher_key_list_1_fu_65  |    0    |    0    |    0    |
|          |  cipher_key_list_2_fu_70  |    0    |    0    |    0    |
|          |  cipher_key_list_3_fu_75  |    0    |    0    |    0    |
|          |  cipher_key_list_4_fu_80  |    0    |    0    |    0    |
|extractvalue|  cipher_key_list_5_fu_85  |    0    |    0    |    0    |
|          |  cipher_key_list_6_fu_90  |    0    |    0    |    0    |
|          |  cipher_key_list_7_fu_95  |    0    |    0    |    0    |
|          |  cipher_key_list_8_fu_100 |    0    |    0    |    0    |
|          |  cipher_key_list_9_fu_105 |    0    |    0    |    0    |
|          | cipher_key_list_10_fu_110 |    0    |    0    |    0    |
|----------|---------------------------|---------|---------|---------|
|   Total  |                           |   77.4  |   4064  |  10928  |
|----------|---------------------------|---------|---------|---------|

Memories:
N/A

* Register list:
+--------------------------+--------+
|                          |   FF   |
+--------------------------+--------+
|cipher_key_list_10_reg_175|   128  |
| cipher_key_list_1_reg_130|   128  |
| cipher_key_list_2_reg_135|   128  |
| cipher_key_list_3_reg_140|   128  |
| cipher_key_list_4_reg_145|   128  |
| cipher_key_list_5_reg_150|   128  |
| cipher_key_list_6_reg_155|   128  |
| cipher_key_list_7_reg_160|   128  |
| cipher_key_list_8_reg_165|   128  |
| cipher_key_list_9_reg_170|   128  |
|  cipher_key_list_reg_125 |   128  |
|      in_read_reg_120     |   128  |
|     key_read_reg_115     |   128  |
+--------------------------+--------+
|           Total          |  1664  |
+--------------------------+--------+

* Multiplexer (MUX) list: 
|---------------------|------|------|------|--------||---------||---------||---------|
|         Comp        |  Pin | Size |  BW  | S x BW ||  Delay  ||    FF   ||   LUT   |
|---------------------|------|------|------|--------||---------||---------||---------|
| grp_updateKey_fu_34 |  p1  |   2  |  128 |   256  ||    0    ||    9    |
| grp_process_r_fu_42 |  p1  |   2  |  128 |   256  ||    0    ||    9    |
| grp_process_r_fu_42 |  p2  |   2  |  128 |   256  ||    0    ||    9    |
| grp_process_r_fu_42 |  p3  |   2  |  128 |   256  ||    0    ||    9    |
| grp_process_r_fu_42 |  p4  |   2  |  128 |   256  ||    0    ||    9    |
| grp_process_r_fu_42 |  p5  |   2  |  128 |   256  ||    0    ||    9    |
| grp_process_r_fu_42 |  p6  |   2  |  128 |   256  ||    0    ||    9    |
| grp_process_r_fu_42 |  p7  |   2  |  128 |   256  ||    0    ||    9    |
| grp_process_r_fu_42 |  p8  |   2  |  128 |   256  ||    0    ||    9    |
| grp_process_r_fu_42 |  p9  |   2  |  128 |   256  ||    0    ||    9    |
| grp_process_r_fu_42 |  p10 |   2  |  128 |   256  ||    0    ||    9    |
| grp_process_r_fu_42 |  p11 |   2  |  128 |   256  ||    0    ||    9    |
|---------------------|------|------|------|--------||---------||---------||---------|
|        Total        |      |      |      |  3072  ||  4.644  ||    0    ||   108   |
|---------------------|------|------|------|--------||---------||---------||---------|



* Summary:
+-----------+--------+--------+--------+
|           |  Delay |   FF   |   LUT  |
+-----------+--------+--------+--------+
|  Function |   77   |  4064  |  10928 |
|   Memory  |    -   |    -   |    -   |
|Multiplexer|    4   |    0   |   108  |
|  Register |    -   |  1664  |    -   |
+-----------+--------+--------+--------+
|   Total   |   82   |  5728  |  11036 |
+-----------+--------+--------+--------+
