

================================================================
== Vitis HLS Report for 'encrypt'
================================================================
* Date:           Mon Nov 17 18:41:03 2025

* Version:        2025.1 (Build 6135595 on May 21 2025)
* Project:        hls_component
* Solution:       hls (Vivado IP Flow Target)
* Product family: virtexuplus
* Target device:  xcu250-figd2104-2L-e


================================================================
== Performance Estimates
================================================================
+ Timing: 
    * Summary: 
    +--------+---------+----------+------------+
    |  Clock |  Target | Estimated| Uncertainty|
    +--------+---------+----------+------------+
    |ap_clk  |  5.00 ns|  3.290 ns|        0 ns|
    +--------+---------+----------+------------+

+ Latency: 
    * Summary: 
    +---------+---------+----------+----------+-----+-----+---------+
    |  Latency (cycles) |  Latency (absolute) |  Interval | Pipeline|
    |   min   |   max   |    min   |    max   | min | max |   Type  |
    +---------+---------+----------+----------+-----+-----+---------+
    |       22|       22|  0.110 us|  0.110 us|    1|    1|      yes|
    +---------+---------+----------+----------+-----+-----+---------+

    + Detail: 
        * Instance: 
        N/A

        * Loop: 
        N/A

============================================================
+ Verbose Summary: Synthesis Manager
============================================================
InlineROM: 1
ExposeGlobal: 0
============================================================
+ Verbose Summary: CDFG Model
============================================================
IsTopModel: 0
ResetActiveHigh: 1
IsCombinational: 0
IsDatapathOnly: 0
HasWiredReturn: 1
HasMFsm: 2
HasVarLatency: 0
IsPipeline: 1
IsRtlPipelined: 1
IsInstanceOverlapped: 0
IsDontTouch: 0
HasImplIP: 0
IsGatedGlobalClock: 0

+ Individual pipeline summary: 
  * Pipeline-0: initiation interval (II) = 1, depth = 23


============================================================
+ Verbose Summary: Schedule
============================================================
* Number of FSM states : 23
* Pipeline : 1
  Pipeline-0 : II = 1, D = 23, States = { 1 2 3 4 5 6 7 8 9 10 11 12 13 14 15 16 17 18 19 20 21 22 23 }
* Dataflow Pipeline: 0

* FSM state transitions: 
1 --> 2 
2 --> 3 
3 --> 4 
4 --> 5 
5 --> 6 
6 --> 7 
7 --> 8 
8 --> 9 
9 --> 10 
10 --> 11 
11 --> 12 
12 --> 13 
13 --> 14 
14 --> 15 
15 --> 16 
16 --> 17 
17 --> 18 
18 --> 19 
19 --> 20 
20 --> 21 
21 --> 22 
22 --> 23 
23 --> 

* FSM state operations: 

State 1 <SV = 0> <Delay = 1.17>
ST_1 : Operation 24 [1/1] (0.00ns)   --->   "%key_read = read i128 @_ssdm_op_Read.ap_auto.i128, i128 %key" [encrypt.cpp:3]   --->   Operation 24 'read' 'key_read' <Predicate = true> <Delay = 0.00>
ST_1 : Operation 25 [1/1] (0.00ns)   --->   "%in_read = read i128 @_ssdm_op_Read.ap_auto.i128, i128 %in_r" [encrypt.cpp:3]   --->   Operation 25 'read' 'in_read' <Predicate = true> <Delay = 0.00>
ST_1 : Operation 26 [12/12] (1.17ns)   --->   "%call_ret = call i1408 @updateKey, i128 %key_read, i8 %cipher_0_ssbox40" [encrypt.cpp:6]   --->   Operation 26 'call' 'call_ret' <Predicate = true> <Delay = 1.17> <CoreType = "Generic">   --->   Generic Core

State 2 <SV = 1> <Delay = 3.18>
ST_2 : Operation 27 [11/12] (3.18ns)   --->   "%call_ret = call i1408 @updateKey, i128 %key_read, i8 %cipher_0_ssbox40" [encrypt.cpp:6]   --->   Operation 27 'call' 'call_ret' <Predicate = true> <Delay = 3.18> <CoreType = "Generic">   --->   Generic Core

State 3 <SV = 2> <Delay = 3.18>
ST_3 : Operation 28 [10/12] (3.18ns)   --->   "%call_ret = call i1408 @updateKey, i128 %key_read, i8 %cipher_0_ssbox40" [encrypt.cpp:6]   --->   Operation 28 'call' 'call_ret' <Predicate = true> <Delay = 3.18> <CoreType = "Generic">   --->   Generic Core

State 4 <SV = 3> <Delay = 3.18>
ST_4 : Operation 29 [9/12] (3.18ns)   --->   "%call_ret = call i1408 @updateKey, i128 %key_read, i8 %cipher_0_ssbox40" [encrypt.cpp:6]   --->   Operation 29 'call' 'call_ret' <Predicate = true> <Delay = 3.18> <CoreType = "Generic">   --->   Generic Core

State 5 <SV = 4> <Delay = 3.18>
ST_5 : Operation 30 [8/12] (3.18ns)   --->   "%call_ret = call i1408 @updateKey, i128 %key_read, i8 %cipher_0_ssbox40" [encrypt.cpp:6]   --->   Operation 30 'call' 'call_ret' <Predicate = true> <Delay = 3.18> <CoreType = "Generic">   --->   Generic Core

State 6 <SV = 5> <Delay = 3.18>
ST_6 : Operation 31 [7/12] (3.18ns)   --->   "%call_ret = call i1408 @updateKey, i128 %key_read, i8 %cipher_0_ssbox40" [encrypt.cpp:6]   --->   Operation 31 'call' 'call_ret' <Predicate = true> <Delay = 3.18> <CoreType = "Generic">   --->   Generic Core

State 7 <SV = 6> <Delay = 3.18>
ST_7 : Operation 32 [6/12] (3.18ns)   --->   "%call_ret = call i1408 @updateKey, i128 %key_read, i8 %cipher_0_ssbox40" [encrypt.cpp:6]   --->   Operation 32 'call' 'call_ret' <Predicate = true> <Delay = 3.18> <CoreType = "Generic">   --->   Generic Core

State 8 <SV = 7> <Delay = 3.18>
ST_8 : Operation 33 [5/12] (3.18ns)   --->   "%call_ret = call i1408 @updateKey, i128 %key_read, i8 %cipher_0_ssbox40" [encrypt.cpp:6]   --->   Operation 33 'call' 'call_ret' <Predicate = true> <Delay = 3.18> <CoreType = "Generic">   --->   Generic Core

State 9 <SV = 8> <Delay = 3.18>
ST_9 : Operation 34 [4/12] (3.18ns)   --->   "%call_ret = call i1408 @updateKey, i128 %key_read, i8 %cipher_0_ssbox40" [encrypt.cpp:6]   --->   Operation 34 'call' 'call_ret' <Predicate = true> <Delay = 3.18> <CoreType = "Generic">   --->   Generic Core

State 10 <SV = 9> <Delay = 3.18>
ST_10 : Operation 35 [3/12] (3.18ns)   --->   "%call_ret = call i1408 @updateKey, i128 %key_read, i8 %cipher_0_ssbox40" [encrypt.cpp:6]   --->   Operation 35 'call' 'call_ret' <Predicate = true> <Delay = 3.18> <CoreType = "Generic">   --->   Generic Core

State 11 <SV = 10> <Delay = 3.18>
ST_11 : Operation 36 [2/12] (3.18ns)   --->   "%call_ret = call i1408 @updateKey, i128 %key_read, i8 %cipher_0_ssbox40" [encrypt.cpp:6]   --->   Operation 36 'call' 'call_ret' <Predicate = true> <Delay = 3.18> <CoreType = "Generic">   --->   Generic Core

State 12 <SV = 11> <Delay = 3.29>
ST_12 : Operation 37 [1/12] (1.81ns)   --->   "%call_ret = call i1408 @updateKey, i128 %key_read, i8 %cipher_0_ssbox40" [encrypt.cpp:6]   --->   Operation 37 'call' 'call_ret' <Predicate = true> <Delay = 1.81> <CoreType = "Generic">   --->   Generic Core
ST_12 : Operation 38 [1/1] (0.00ns)   --->   "%cipher_key_list = extractvalue i1408 %call_ret" [encrypt.cpp:6]   --->   Operation 38 'extractvalue' 'cipher_key_list' <Predicate = true> <Delay = 0.00>
ST_12 : Operation 39 [1/1] (0.00ns)   --->   "%cipher_key_list_1 = extractvalue i1408 %call_ret" [encrypt.cpp:6]   --->   Operation 39 'extractvalue' 'cipher_key_list_1' <Predicate = true> <Delay = 0.00>
ST_12 : Operation 40 [1/1] (0.00ns)   --->   "%cipher_key_list_2 = extractvalue i1408 %call_ret" [encrypt.cpp:6]   --->   Operation 40 'extractvalue' 'cipher_key_list_2' <Predicate = true> <Delay = 0.00>
ST_12 : Operation 41 [1/1] (0.00ns)   --->   "%cipher_key_list_3 = extractvalue i1408 %call_ret" [encrypt.cpp:6]   --->   Operation 41 'extractvalue' 'cipher_key_list_3' <Predicate = true> <Delay = 0.00>
ST_12 : Operation 42 [1/1] (0.00ns)   --->   "%cipher_key_list_4 = extractvalue i1408 %call_ret" [encrypt.cpp:6]   --->   Operation 42 'extractvalue' 'cipher_key_list_4' <Predicate = true> <Delay = 0.00>
ST_12 : Operation 43 [1/1] (0.00ns)   --->   "%cipher_key_list_5 = extractvalue i1408 %call_ret" [encrypt.cpp:6]   --->   Operation 43 'extractvalue' 'cipher_key_list_5' <Predicate = true> <Delay = 0.00>
ST_12 : Operation 44 [1/1] (0.00ns)   --->   "%cipher_key_list_6 = extractvalue i1408 %call_ret" [encrypt.cpp:6]   --->   Operation 44 'extractvalue' 'cipher_key_list_6' <Predicate = true> <Delay = 0.00>
ST_12 : Operation 45 [1/1] (0.00ns)   --->   "%cipher_key_list_7 = extractvalue i1408 %call_ret" [encrypt.cpp:6]   --->   Operation 45 'extractvalue' 'cipher_key_list_7' <Predicate = true> <Delay = 0.00>
ST_12 : Operation 46 [1/1] (0.00ns)   --->   "%cipher_key_list_8 = extractvalue i1408 %call_ret" [encrypt.cpp:6]   --->   Operation 46 'extractvalue' 'cipher_key_list_8' <Predicate = true> <Delay = 0.00>
ST_12 : Operation 47 [1/1] (0.00ns)   --->   "%cipher_key_list_9 = extractvalue i1408 %call_ret" [encrypt.cpp:6]   --->   Operation 47 'extractvalue' 'cipher_key_list_9' <Predicate = true> <Delay = 0.00>
ST_12 : Operation 48 [1/1] (0.00ns)   --->   "%cipher_key_list_10 = extractvalue i1408 %call_ret" [encrypt.cpp:6]   --->   Operation 48 'extractvalue' 'cipher_key_list_10' <Predicate = true> <Delay = 0.00>
ST_12 : Operation 49 [12/12] (1.47ns)   --->   "%out_write_assign = call i128 @process, i128 %cipher_key_list, i128 %cipher_key_list_1, i128 %cipher_key_list_2, i128 %cipher_key_list_3, i128 %cipher_key_list_4, i128 %cipher_key_list_5, i128 %cipher_key_list_6, i128 %cipher_key_list_7, i128 %cipher_key_list_8, i128 %cipher_key_list_9, i128 %cipher_key_list_10, i128 %in_read, i8 %cipher_0_ssbox" [encrypt.cpp:7]   --->   Operation 49 'call' 'out_write_assign' <Predicate = true> <Delay = 1.47> <CoreType = "Generic">   --->   Generic Core

State 13 <SV = 12> <Delay = 2.94>
ST_13 : Operation 50 [11/12] (2.94ns)   --->   "%out_write_assign = call i128 @process, i128 %cipher_key_list, i128 %cipher_key_list_1, i128 %cipher_key_list_2, i128 %cipher_key_list_3, i128 %cipher_key_list_4, i128 %cipher_key_list_5, i128 %cipher_key_list_6, i128 %cipher_key_list_7, i128 %cipher_key_list_8, i128 %cipher_key_list_9, i128 %cipher_key_list_10, i128 %in_read, i8 %cipher_0_ssbox" [encrypt.cpp:7]   --->   Operation 50 'call' 'out_write_assign' <Predicate = true> <Delay = 2.94> <CoreType = "Generic">   --->   Generic Core

State 14 <SV = 13> <Delay = 2.94>
ST_14 : Operation 51 [10/12] (2.94ns)   --->   "%out_write_assign = call i128 @process, i128 %cipher_key_list, i128 %cipher_key_list_1, i128 %cipher_key_list_2, i128 %cipher_key_list_3, i128 %cipher_key_list_4, i128 %cipher_key_list_5, i128 %cipher_key_list_6, i128 %cipher_key_list_7, i128 %cipher_key_list_8, i128 %cipher_key_list_9, i128 %cipher_key_list_10, i128 %in_read, i8 %cipher_0_ssbox" [encrypt.cpp:7]   --->   Operation 51 'call' 'out_write_assign' <Predicate = true> <Delay = 2.94> <CoreType = "Generic">   --->   Generic Core

State 15 <SV = 14> <Delay = 2.94>
ST_15 : Operation 52 [9/12] (2.94ns)   --->   "%out_write_assign = call i128 @process, i128 %cipher_key_list, i128 %cipher_key_list_1, i128 %cipher_key_list_2, i128 %cipher_key_list_3, i128 %cipher_key_list_4, i128 %cipher_key_list_5, i128 %cipher_key_list_6, i128 %cipher_key_list_7, i128 %cipher_key_list_8, i128 %cipher_key_list_9, i128 %cipher_key_list_10, i128 %in_read, i8 %cipher_0_ssbox" [encrypt.cpp:7]   --->   Operation 52 'call' 'out_write_assign' <Predicate = true> <Delay = 2.94> <CoreType = "Generic">   --->   Generic Core

State 16 <SV = 15> <Delay = 2.94>
ST_16 : Operation 53 [8/12] (2.94ns)   --->   "%out_write_assign = call i128 @process, i128 %cipher_key_list, i128 %cipher_key_list_1, i128 %cipher_key_list_2, i128 %cipher_key_list_3, i128 %cipher_key_list_4, i128 %cipher_key_list_5, i128 %cipher_key_list_6, i128 %cipher_key_list_7, i128 %cipher_key_list_8, i128 %cipher_key_list_9, i128 %cipher_key_list_10, i128 %in_read, i8 %cipher_0_ssbox" [encrypt.cpp:7]   --->   Operation 53 'call' 'out_write_assign' <Predicate = true> <Delay = 2.94> <CoreType = "Generic">   --->   Generic Core

State 17 <SV = 16> <Delay = 2.94>
ST_17 : Operation 54 [7/12] (2.94ns)   --->   "%out_write_assign = call i128 @process, i128 %cipher_key_list, i128 %cipher_key_list_1, i128 %cipher_key_list_2, i128 %cipher_key_list_3, i128 %cipher_key_list_4, i128 %cipher_key_list_5, i128 %cipher_key_list_6, i128 %cipher_key_list_7, i128 %cipher_key_list_8, i128 %cipher_key_list_9, i128 %cipher_key_list_10, i128 %in_read, i8 %cipher_0_ssbox" [encrypt.cpp:7]   --->   Operation 54 'call' 'out_write_assign' <Predicate = true> <Delay = 2.94> <CoreType = "Generic">   --->   Generic Core

State 18 <SV = 17> <Delay = 2.94>
ST_18 : Operation 55 [6/12] (2.94ns)   --->   "%out_write_assign = call i128 @process, i128 %cipher_key_list, i128 %cipher_key_list_1, i128 %cipher_key_list_2, i128 %cipher_key_list_3, i128 %cipher_key_list_4, i128 %cipher_key_list_5, i128 %cipher_key_list_6, i128 %cipher_key_list_7, i128 %cipher_key_list_8, i128 %cipher_key_list_9, i128 %cipher_key_list_10, i128 %in_read, i8 %cipher_0_ssbox" [encrypt.cpp:7]   --->   Operation 55 'call' 'out_write_assign' <Predicate = true> <Delay = 2.94> <CoreType = "Generic">   --->   Generic Core

State 19 <SV = 18> <Delay = 2.94>
ST_19 : Operation 56 [5/12] (2.94ns)   --->   "%out_write_assign = call i128 @process, i128 %cipher_key_list, i128 %cipher_key_list_1, i128 %cipher_key_list_2, i128 %cipher_key_list_3, i128 %cipher_key_list_4, i128 %cipher_key_list_5, i128 %cipher_key_list_6, i128 %cipher_key_list_7, i128 %cipher_key_list_8, i128 %cipher_key_list_9, i128 %cipher_key_list_10, i128 %in_read, i8 %cipher_0_ssbox" [encrypt.cpp:7]   --->   Operation 56 'call' 'out_write_assign' <Predicate = true> <Delay = 2.94> <CoreType = "Generic">   --->   Generic Core

State 20 <SV = 19> <Delay = 2.94>
ST_20 : Operation 57 [4/12] (2.94ns)   --->   "%out_write_assign = call i128 @process, i128 %cipher_key_list, i128 %cipher_key_list_1, i128 %cipher_key_list_2, i128 %cipher_key_list_3, i128 %cipher_key_list_4, i128 %cipher_key_list_5, i128 %cipher_key_list_6, i128 %cipher_key_list_7, i128 %cipher_key_list_8, i128 %cipher_key_list_9, i128 %cipher_key_list_10, i128 %in_read, i8 %cipher_0_ssbox" [encrypt.cpp:7]   --->   Operation 57 'call' 'out_write_assign' <Predicate = true> <Delay = 2.94> <CoreType = "Generic">   --->   Generic Core

State 21 <SV = 20> <Delay = 2.94>
ST_21 : Operation 58 [3/12] (2.94ns)   --->   "%out_write_assign = call i128 @process, i128 %cipher_key_list, i128 %cipher_key_list_1, i128 %cipher_key_list_2, i128 %cipher_key_list_3, i128 %cipher_key_list_4, i128 %cipher_key_list_5, i128 %cipher_key_list_6, i128 %cipher_key_list_7, i128 %cipher_key_list_8, i128 %cipher_key_list_9, i128 %cipher_key_list_10, i128 %in_read, i8 %cipher_0_ssbox" [encrypt.cpp:7]   --->   Operation 58 'call' 'out_write_assign' <Predicate = true> <Delay = 2.94> <CoreType = "Generic">   --->   Generic Core

State 22 <SV = 21> <Delay = 2.94>
ST_22 : Operation 59 [2/12] (2.94ns)   --->   "%out_write_assign = call i128 @process, i128 %cipher_key_list, i128 %cipher_key_list_1, i128 %cipher_key_list_2, i128 %cipher_key_list_3, i128 %cipher_key_list_4, i128 %cipher_key_list_5, i128 %cipher_key_list_6, i128 %cipher_key_list_7, i128 %cipher_key_list_8, i128 %cipher_key_list_9, i128 %cipher_key_list_10, i128 %in_read, i8 %cipher_0_ssbox" [encrypt.cpp:7]   --->   Operation 59 'call' 'out_write_assign' <Predicate = true> <Delay = 2.94> <CoreType = "Generic">   --->   Generic Core

State 23 <SV = 22> <Delay = 1.47>
ST_23 : Operation 60 [1/1] (0.00ns)   --->   "%specmemcore_ln18 = specmemcore void @_ssdm_op_SpecMemCore, i8 %cipher_0_ssbox, i64 666, i64 38, i64 18446744073709551615" [./aes.hpp:18->./aes.hpp:388->encrypt.cpp:5]   --->   Operation 60 'specmemcore' 'specmemcore_ln18' <Predicate = true> <Delay = 0.00>
ST_23 : Operation 61 [1/12] (1.47ns)   --->   "%out_write_assign = call i128 @process, i128 %cipher_key_list, i128 %cipher_key_list_1, i128 %cipher_key_list_2, i128 %cipher_key_list_3, i128 %cipher_key_list_4, i128 %cipher_key_list_5, i128 %cipher_key_list_6, i128 %cipher_key_list_7, i128 %cipher_key_list_8, i128 %cipher_key_list_9, i128 %cipher_key_list_10, i128 %in_read, i8 %cipher_0_ssbox" [encrypt.cpp:7]   --->   Operation 61 'call' 'out_write_assign' <Predicate = true> <Delay = 1.47> <CoreType = "Generic">   --->   Generic Core
ST_23 : Operation 62 [1/1] (0.00ns)   --->   "%ret_ln8 = ret i128 %out_write_assign" [encrypt.cpp:8]   --->   Operation 62 'ret' 'ret_ln8' <Predicate = true> <Delay = 0.00>


============================================================
+ Verbose Summary: Timing violations
============================================================
Target clock period: 5.000ns, clock uncertainty: 0.000ns.

 <State 1>: 1.171ns
The critical path consists of the following:
	wire read operation ('key_read', encrypt.cpp:3) on port 'key' (encrypt.cpp:3) [5]  (0.000 ns)
	'call' operation 1408 bit ('call_ret', encrypt.cpp:6) to 'updateKey' [8]  (1.171 ns)

 <State 2>: 3.182ns
The critical path consists of the following:
	'call' operation 1408 bit ('call_ret', encrypt.cpp:6) to 'updateKey' [8]  (3.182 ns)

 <State 3>: 3.182ns
The critical path consists of the following:
	'call' operation 1408 bit ('call_ret', encrypt.cpp:6) to 'updateKey' [8]  (3.182 ns)

 <State 4>: 3.182ns
The critical path consists of the following:
	'call' operation 1408 bit ('call_ret', encrypt.cpp:6) to 'updateKey' [8]  (3.182 ns)

 <State 5>: 3.182ns
The critical path consists of the following:
	'call' operation 1408 bit ('call_ret', encrypt.cpp:6) to 'updateKey' [8]  (3.182 ns)

 <State 6>: 3.182ns
The critical path consists of the following:
	'call' operation 1408 bit ('call_ret', encrypt.cpp:6) to 'updateKey' [8]  (3.182 ns)

 <State 7>: 3.182ns
The critical path consists of the following:
	'call' operation 1408 bit ('call_ret', encrypt.cpp:6) to 'updateKey' [8]  (3.182 ns)

 <State 8>: 3.182ns
The critical path consists of the following:
	'call' operation 1408 bit ('call_ret', encrypt.cpp:6) to 'updateKey' [8]  (3.182 ns)

 <State 9>: 3.182ns
The critical path consists of the following:
	'call' operation 1408 bit ('call_ret', encrypt.cpp:6) to 'updateKey' [8]  (3.182 ns)

 <State 10>: 3.182ns
The critical path consists of the following:
	'call' operation 1408 bit ('call_ret', encrypt.cpp:6) to 'updateKey' [8]  (3.182 ns)

 <State 11>: 3.182ns
The critical path consists of the following:
	'call' operation 1408 bit ('call_ret', encrypt.cpp:6) to 'updateKey' [8]  (3.182 ns)

 <State 12>: 3.290ns
The critical path consists of the following:
	'call' operation 1408 bit ('call_ret', encrypt.cpp:6) to 'updateKey' [8]  (1.819 ns)
	'call' operation 128 bit ('out', encrypt.cpp:7) to 'process' [20]  (1.471 ns)

 <State 13>: 2.945ns
The critical path consists of the following:
	'call' operation 128 bit ('out', encrypt.cpp:7) to 'process' [20]  (2.945 ns)

 <State 14>: 2.945ns
The critical path consists of the following:
	'call' operation 128 bit ('out', encrypt.cpp:7) to 'process' [20]  (2.945 ns)

 <State 15>: 2.945ns
The critical path consists of the following:
	'call' operation 128 bit ('out', encrypt.cpp:7) to 'process' [20]  (2.945 ns)

 <State 16>: 2.945ns
The critical path consists of the following:
	'call' operation 128 bit ('out', encrypt.cpp:7) to 'process' [20]  (2.945 ns)

 <State 17>: 2.945ns
The critical path consists of the following:
	'call' operation 128 bit ('out', encrypt.cpp:7) to 'process' [20]  (2.945 ns)

 <State 18>: 2.945ns
The critical path consists of the following:
	'call' operation 128 bit ('out', encrypt.cpp:7) to 'process' [20]  (2.945 ns)

 <State 19>: 2.945ns
The critical path consists of the following:
	'call' operation 128 bit ('out', encrypt.cpp:7) to 'process' [20]  (2.945 ns)

 <State 20>: 2.945ns
The critical path consists of the following:
	'call' operation 128 bit ('out', encrypt.cpp:7) to 'process' [20]  (2.945 ns)

 <State 21>: 2.945ns
The critical path consists of the following:
	'call' operation 128 bit ('out', encrypt.cpp:7) to 'process' [20]  (2.945 ns)

 <State 22>: 2.945ns
The critical path consists of the following:
	'call' operation 128 bit ('out', encrypt.cpp:7) to 'process' [20]  (2.945 ns)

 <State 23>: 1.471ns
The critical path consists of the following:
	'call' operation 128 bit ('out', encrypt.cpp:7) to 'process' [20]  (1.471 ns)


============================================================
+ Verbose Summary: Binding
============================================================
N/A
* FSMD analyzer results:
  - Output states:
 - Input state : 
  - Chain level:
	State 1
	State 2
	State 3
	State 4
	State 5
	State 6
	State 7
	State 8
	State 9
	State 10
	State 11
	State 12
	State 13
	State 14
	State 15
	State 16
	State 17
	State 18
	State 19
	State 20
	State 21
	State 22
	State 23


============================================================
+ Verbose Summary: Datapath Resource usage 
============================================================
N/A
