directive:1:9: warning: HLS pragma dump _XLX_SEP_ PragmaIsValid=1_XLX_SEP_ PragmaType=top_XLX_SEP_ PragmaContext=directive_XLX_SEP_ PragmaFunction=GenerateProof_XLX_SEP_ PragmaOptions=name=GenerateProof_XLX_SEP_ [-Wdump-hls-pragmas]
#pragma HLSDIRECTIVE TOP name=GenerateProof
        ^
endtoend.cpp:15:9: warning: HLS pragma dump _XLX_SEP_ PragmaIsValid=1_XLX_SEP_ PragmaType=interface_XLX_SEP_ PragmaContext=_XLX_SEP_ PragmaFunction=GenerateProof_XLX_SEP_ PragmaOptions=axis port=root_strm_XLX_SEP_ [-Wdump-hls-pragmas]
#pragma HLS INTERFACE axis port=root_strm
        ^
endtoend.cpp:16:9: warning: HLS pragma dump _XLX_SEP_ PragmaIsValid=1_XLX_SEP_ PragmaType=interface_XLX_SEP_ PragmaContext=_XLX_SEP_ PragmaFunction=GenerateProof_XLX_SEP_ PragmaOptions=axis port=iv_strm_XLX_SEP_ [-Wdump-hls-pragmas]
#pragma HLS INTERFACE axis port=iv_strm
        ^
endtoend.cpp:17:9: warning: HLS pragma dump _XLX_SEP_ PragmaIsValid=1_XLX_SEP_ PragmaType=interface_XLX_SEP_ PragmaContext=_XLX_SEP_ PragmaFunction=GenerateProof_XLX_SEP_ PragmaOptions=axis port=witness_XLX_SEP_ [-Wdump-hls-pragmas]
#pragma HLS INTERFACE axis port=witness
        ^
endtoend.cpp:18:9: warning: HLS pragma dump _XLX_SEP_ PragmaIsValid=1_XLX_SEP_ PragmaType=interface_XLX_SEP_ PragmaContext=_XLX_SEP_ PragmaFunction=GenerateProof_XLX_SEP_ PragmaOptions=axis port=circuit_XLX_SEP_ [-Wdump-hls-pragmas]
#pragma HLS INTERFACE axis port=circuit
        ^
endtoend.cpp:19:9: warning: HLS pragma dump _XLX_SEP_ PragmaIsValid=1_XLX_SEP_ PragmaType=interface_XLX_SEP_ PragmaContext=_XLX_SEP_ PragmaFunction=GenerateProof_XLX_SEP_ PragmaOptions=axis port=d_strm_XLX_SEP_ [-Wdump-hls-pragmas]
#pragma HLS INTERFACE axis port=d_strm
        ^
endtoend.cpp:20:9: warning: HLS pragma dump _XLX_SEP_ PragmaIsValid=1_XLX_SEP_ PragmaType=interface_XLX_SEP_ PragmaContext=_XLX_SEP_ PragmaFunction=GenerateProof_XLX_SEP_ PragmaOptions=axis port=proof_strm_XLX_SEP_ [-Wdump-hls-pragmas]
#pragma HLS INTERFACE axis port=proof_strm
        ^
endtoend.cpp:21:9: warning: HLS pragma dump _XLX_SEP_ PragmaIsValid=1_XLX_SEP_ PragmaType=interface_XLX_SEP_ PragmaContext=_XLX_SEP_ PragmaFunction=GenerateProof_XLX_SEP_ PragmaOptions=s_axilite port=return bundle=control_XLX_SEP_ [-Wdump-hls-pragmas]
#pragma HLS INTERFACE s_axilite port=return bundle=control
        ^
endtoend.cpp:26:9: warning: HLS pragma dump _XLX_SEP_ PragmaIsValid=1_XLX_SEP_ PragmaType=bind_storage_XLX_SEP_ PragmaContext=_XLX_SEP_ PragmaFunction=GenerateProof_XLX_SEP_ PragmaOptions=variable=u type=ram_2p impl=BRAM_XLX_SEP_ [-Wdump-hls-pragmas]
#pragma HLS BIND_STORAGE variable=u type=ram_2p impl=BRAM
        ^
endtoend.cpp:27:9: warning: HLS pragma dump _XLX_SEP_ PragmaIsValid=1_XLX_SEP_ PragmaType=bind_storage_XLX_SEP_ PragmaContext=_XLX_SEP_ PragmaFunction=GenerateProof_XLX_SEP_ PragmaOptions=variable=V type=ram_2p impl=URAM_XLX_SEP_ [-Wdump-hls-pragmas]
#pragma HLS BIND_STORAGE variable=V type=ram_2p impl=URAM
        ^
endtoend.cpp:34:9: warning: HLS pragma dump _XLX_SEP_ PragmaIsValid=1_XLX_SEP_ PragmaType=pipeline_XLX_SEP_ PragmaContext=_XLX_SEP_ PragmaFunction=GenerateProof_XLX_SEP_ PragmaOptions=II=1_XLX_SEP_ [-Wdump-hls-pragmas]
#pragma HLS PIPELINE II=1
        ^
11 warnings generated.
