

================================================================
== Vitis HLS Report for 'expand_seed_Pipeline_READ_SEEDS'
================================================================
* Date:           Mon Nov 17 18:42:05 2025

* Version:        2025.1 (Build 6135595 on May 21 2025)
* Project:        hls_component
* Solution:       hls (Vivado IP Flow Target)
* Product family: virtexuplus
* Target device:  xcu250-figd2104-2L-e


================================================================
== Performance Estimates
================================================================
+ Timing: 
    * Summary: 
    +--------+---------+----------+------------+
    |  Clock |  Target | Estimated| Uncertainty|
    +--------+---------+----------+------------+
    |ap_clk  |  5.00 ns|  2.135 ns|        0 ns|
    +--------+---------+----------+------------+

+ Latency: 
    * Summary: 
    +---------+---------+-----------+-----------+-----+-----+------------------------------------------------+
    |  Latency (cycles) |   Latency (absolute)  |  Interval |                    Pipeline                    |
    |   min   |   max   |    min    |    max    | min | max |                      Type                      |
    +---------+---------+-----------+-----------+-----+-----+------------------------------------------------+
    |        6|        6|  30.000 ns|  30.000 ns|    5|    5|  loop auto-rewind stp (delay=0 clock cycles(s))|
    +---------+---------+-----------+-----------+-----+-----+------------------------------------------------+

    + Detail: 
        * Instance: 
        N/A

        * Loop: 
        +--------------+---------+---------+----------+-----------+-----------+------+----------+
        |              |  Latency (cycles) | Iteration|  Initiation Interval  | Trip |          |
        |   Loop Name  |   min   |   max   |  Latency |  achieved |   target  | Count| Pipelined|
        +--------------+---------+---------+----------+-----------+-----------+------+----------+
        |- READ_SEEDS  |        4|        4|         2|          1|          1|     4|       yes|
        +--------------+---------+---------+----------+-----------+-----------+------+----------+



================================================================
== Utilization Estimates
================================================================
* Summary: 
+---------------------+---------+-------+---------+---------+------+
|         Name        | BRAM_18K|  DSP  |    FF   |   LUT   | URAM |
+---------------------+---------+-------+---------+---------+------+
|DSP                  |        -|      -|        -|        -|     -|
|Expression           |        -|      -|        0|       26|     -|
|FIFO                 |        -|      -|        -|        -|     -|
|Instance             |        -|      -|        -|        -|     -|
|Memory               |        -|      -|        -|        -|     -|
|Multiplexer          |        -|      -|        0|       45|     -|
|Register             |        -|      -|        9|        -|     -|
+---------------------+---------+-------+---------+---------+------+
|Total                |        0|      0|        9|       71|     0|
+---------------------+---------+-------+---------+---------+------+
|Available SLR        |     1344|   3072|   864000|   432000|   320|
+---------------------+---------+-------+---------+---------+------+
|Utilization SLR (%)  |        0|      0|       ~0|       ~0|     0|
+---------------------+---------+-------+---------+---------+------+
|Available            |     5376|  12288|  3456000|  1728000|  1280|
+---------------------+---------+-------+---------+---------+------+
|Utilization (%)      |        0|      0|       ~0|       ~0|     0|
+---------------------+---------+-------+---------+---------+------+

+ Detail: 
    * Instance: 
    N/A

    * DSP: 
    N/A

    * Memory: 
    N/A

    * FIFO: 
    N/A

    * Expression: 
    +---------------------------+----------+----+---+----+------------+------------+
    |       Variable Name       | Operation| DSP| FF| LUT| Bitwidth P0| Bitwidth P1|
    +---------------------------+----------+----+---+----+------------+------------+
    |add_ln19_fu_74_p2          |         +|   0|  0|  10|           3|           1|
    |ap_block_pp0_stage0_11001  |       and|   0|  0|   2|           1|           1|
    |icmp_ln19_fu_68_p2         |      icmp|   0|  0|  12|           3|           4|
    |ap_enable_pp0              |       xor|   0|  0|   2|           1|           2|
    +---------------------------+----------+----+---+----+------------+------------+
    |Total                      |          |   0|  0|  26|           8|           8|
    +---------------------------+----------+----+---+----+------------+------------+

    * Multiplexer: 
    +-------------------------+----+-----------+-----+-----------+
    |           Name          | LUT| Input Size| Bits| Total Bits|
    +-------------------------+----+-----------+-----+-----------+
    |ap_done_int              |   9|          2|    1|          2|
    |ap_enable_reg_pp0_iter1  |   9|          2|    1|          2|
    |ap_sig_allocacmp_i_12    |   9|          2|    3|          6|
    |i_fu_36                  |   9|          2|    3|          6|
    |seed_strm_blk_n          |   9|          2|    1|          2|
    +-------------------------+----+-----------+-----+-----------+
    |Total                    |  45|         10|    9|         18|
    +-------------------------+----+-----------+-----+-----------+

    * Register: 
    +-------------------------+---+----+-----+-----------+
    |           Name          | FF| LUT| Bits| Const Bits|
    +-------------------------+---+----+-----+-----------+
    |ap_CS_fsm                |  1|   0|    1|          0|
    |ap_done_reg              |  1|   0|    1|          0|
    |ap_enable_reg_pp0_iter1  |  1|   0|    1|          0|
    |i_12_reg_96              |  3|   0|    3|          0|
    |i_fu_36                  |  3|   0|    3|          0|
    +-------------------------+---+----+-----+-----------+
    |Total                    |  9|   0|    9|          0|
    +-------------------------+---+----+-----+-----------+



================================================================
== Interface
================================================================
* Summary: 
+-------------------+-----+-----+------------+---------------------------------+--------------+
|     RTL Ports     | Dir | Bits|  Protocol  |          Source Object          |    C Type    |
+-------------------+-----+-----+------------+---------------------------------+--------------+
|ap_clk             |   in|    1|  ap_ctrl_hs|  expand_seed_Pipeline_READ_SEEDS|  return value|
|ap_rst             |   in|    1|  ap_ctrl_hs|  expand_seed_Pipeline_READ_SEEDS|  return value|
|ap_start           |   in|    1|  ap_ctrl_hs|  expand_seed_Pipeline_READ_SEEDS|  return value|
|ap_done            |  out|    1|  ap_ctrl_hs|  expand_seed_Pipeline_READ_SEEDS|  return value|
|ap_idle            |  out|    1|  ap_ctrl_hs|  expand_seed_Pipeline_READ_SEEDS|  return value|
|ap_ready           |  out|    1|  ap_ctrl_hs|  expand_seed_Pipeline_READ_SEEDS|  return value|
|seed_strm_dout     |   in|  128|     ap_fifo|                        seed_strm|       pointer|
|seed_strm_empty_n  |   in|    1|     ap_fifo|                        seed_strm|       pointer|
|seed_strm_read     |  out|    1|     ap_fifo|                        seed_strm|       pointer|
|sd_address0        |  out|    2|   ap_memory|                               sd|         array|
|sd_ce0             |  out|    1|   ap_memory|                               sd|         array|
|sd_we0             |  out|    1|   ap_memory|                               sd|         array|
|sd_d0              |  out|  128|   ap_memory|                               sd|         array|
+-------------------+-----+-----+------------+---------------------------------+--------------+

============================================================
+ Verbose Summary: Synthesis Manager
============================================================
InlineROM: 1
ExposeGlobal: 0
============================================================
+ Verbose Summary: CDFG Model
============================================================
IsTopModel: 0
ResetActiveHigh: 1
IsCombinational: 2
IsDatapathOnly: 2
HasWiredReturn: 1
HasMFsm: 2
HasVarLatency: 1
IsPipeline: 0
IsRtlPipelined: 0
IsInstanceOverlapped: 0
IsDontTouch: 0
HasImplIP: 0
IsGatedGlobalClock: 0

+ Individual pipeline summary: 
  * Pipeline-0: initiation interval (II) = 1, depth = 2


============================================================
+ Verbose Summary: Schedule
============================================================
* Number of FSM states : 2
* Pipeline : 1
  Pipeline-0 : II = 1, D = 2, States = { 1 2 }
* Dataflow Pipeline: 0

* FSM state transitions: 
1 --> 2 
2 --> 

* FSM state operations: 

State 1 <SV = 0> <Delay = 1.34>
ST_1 : Operation 5 [1/1] (0.00ns)   --->   "%i = alloca i32 1" [vole.cpp:19]   --->   Operation 5 'alloca' 'i' <Predicate = true> <Delay = 0.00>
ST_1 : Operation 6 [1/1] (0.00ns)   --->   "%specinterface_ln0 = specinterface void @_ssdm_op_SpecInterface, i128 %seed_strm, void @empty_46, i32 0, i32 0, void @empty_34, i32 0, i32 0, void @empty_34, void @empty_34, void @empty_34, i32 0, i32 0, i32 0, i32 0, void @empty_34, void @empty_34, i32 4294967295, i32 0, i32 0"   --->   Operation 6 'specinterface' 'specinterface_ln0' <Predicate = true> <Delay = 0.00>
ST_1 : Operation 7 [1/1] (0.38ns)   --->   "%store_ln19 = store i3 0, i3 %i" [vole.cpp:19]   --->   Operation 7 'store' 'store_ln19' <Predicate = true> <Delay = 0.38>
ST_1 : Operation 8 [1/1] (0.00ns)   --->   "%br_ln19 = br void %for.inc" [vole.cpp:19]   --->   Operation 8 'br' 'br_ln19' <Predicate = true> <Delay = 0.00>
ST_1 : Operation 9 [1/1] (0.00ns)   --->   "%i_12 = load i3 %i" [vole.cpp:19]   --->   Operation 9 'load' 'i_12' <Predicate = true> <Delay = 0.00>
ST_1 : Operation 10 [1/1] (0.57ns)   --->   "%icmp_ln19 = icmp_eq  i3 %i_12, i3 4" [vole.cpp:19]   --->   Operation 10 'icmp' 'icmp_ln19' <Predicate = true> <Delay = 0.57> <CoreInst = "Cmp">   --->   Core 9 'Cmp' <Latency = 0> <II = 1> <Delay = 0.70> <FuncUnit> <Opcode : 'seteq' 'setne' 'setle' 'setge' 'setlt' 'setgt'> <InPorts = 2> <OutPorts = 1>
ST_1 : Operation 11 [1/1] (0.57ns)   --->   "%add_ln19 = add i3 %i_12, i3 1" [vole.cpp:19]   --->   Operation 11 'add' 'add_ln19' <Predicate = true> <Delay = 0.57> <CoreInst = "Adder">   --->   Core 1 'Adder' <Latency = 0> <II = 1> <Delay = 0.57> <FuncUnit> <Opcode : 'add' 'sub'> <InPorts = 2> <OutPorts = 1>
ST_1 : Operation 12 [1/1] (0.00ns)   --->   "%br_ln19 = br i1 %icmp_ln19, void %for.inc.split, void %PROCESS_CHUNKS.exitStub" [vole.cpp:19]   --->   Operation 12 'br' 'br_ln19' <Predicate = true> <Delay = 0.00>
ST_1 : Operation 13 [1/1] (0.38ns)   --->   "%store_ln19 = store i3 %add_ln19, i3 %i" [vole.cpp:19]   --->   Operation 13 'store' 'store_ln19' <Predicate = (!icmp_ln19)> <Delay = 0.38>
ST_1 : Operation 22 [1/1] (0.38ns)   --->   "%ret_ln0 = ret"   --->   Operation 22 'ret' 'ret_ln0' <Predicate = (icmp_ln19)> <Delay = 0.38>

State 2 <SV = 1> <Delay = 2.13>
ST_2 : Operation 14 [1/1] (0.00ns)   --->   "%zext_ln19 = zext i3 %i_12" [vole.cpp:19]   --->   Operation 14 'zext' 'zext_ln19' <Predicate = true> <Delay = 0.00>
ST_2 : Operation 15 [1/1] (0.00ns)   --->   "%specpipeline_ln19 = specpipeline void @_ssdm_op_SpecPipeline, i32 4294967295, i32 0, i32 0, i32 0, void @empty_34" [vole.cpp:19]   --->   Operation 15 'specpipeline' 'specpipeline_ln19' <Predicate = true> <Delay = 0.00>
ST_2 : Operation 16 [1/1] (0.00ns)   --->   "%speclooptripcount_ln19 = speclooptripcount void @_ssdm_op_SpecLoopTripCount, i64 4, i64 4, i64 4" [vole.cpp:19]   --->   Operation 16 'speclooptripcount' 'speclooptripcount_ln19' <Predicate = true> <Delay = 0.00>
ST_2 : Operation 17 [1/1] (0.00ns)   --->   "%specloopname_ln19 = specloopname void @_ssdm_op_SpecLoopName, void @empty_55" [vole.cpp:19]   --->   Operation 17 'specloopname' 'specloopname_ln19' <Predicate = true> <Delay = 0.00>
ST_2 : Operation 18 [1/1] ( I:1.40ns O:1.40ns )   --->   "%seed_strm_read = read i128 @_ssdm_op_Read.ap_fifo.volatile.i128P0A, i128 %seed_strm" [vole.cpp:20]   --->   Operation 18 'read' 'seed_strm_read' <Predicate = true> <Delay = 1.40> <CoreInst = "FIFO_SRL">   --->   Core 80 'FIFO_SRL' <Latency = 0> <II = 1> <Delay = 1.40> <Storage> <Opcode : 'read' 'write' 'nbread' 'nbwrite'> <Ports = 0> <Width = 128> <Depth = 2> <FIFO>
ST_2 : Operation 19 [1/1] (0.00ns)   --->   "%sd_addr = getelementptr i128 %sd, i64 0, i64 %zext_ln19" [vole.cpp:20]   --->   Operation 19 'getelementptr' 'sd_addr' <Predicate = true> <Delay = 0.00>
ST_2 : Operation 20 [1/1] ( I:0.73ns O:0.73ns )   --->   "%store_ln20 = store i128 %seed_strm_read, i2 %sd_addr" [vole.cpp:20]   --->   Operation 20 'store' 'store_ln20' <Predicate = true> <Delay = 0.73> <CoreInst = "RAM">   --->   Core 82 'RAM' <Latency = 1> <II = 1> <Delay = 0.73> <Storage> <Opcode : 'load' 'store'> <Ports = 2> <Width = 128> <Depth = 4> <RAM>
ST_2 : Operation 21 [1/1] (0.00ns)   --->   "%br_ln19 = br void %for.inc" [vole.cpp:19]   --->   Operation 21 'br' 'br_ln19' <Predicate = true> <Delay = 0.00>


============================================================
+ Verbose Summary: Binding
============================================================
STG Binding: 
---------------- STG Properties BEGIN ----------------
- Is combinational: 0
- Is one-state seq: 0
- Is datapath-only: 0
- Is pipelined: 0
- Is top level: 0
Port [ Return ] is wired: 1; IO mode=ap_ctrl_hs:ce=0
Port [ seed_strm]:  wired=1; compound=1; hidden=0; nouse=0; global=0; static=0; extern=0; dir=0; type=3; pingpong=0; private_global=0; IO mode=ap_fifo:ce=0
Port [ sd]:  wired=1; compound=1; hidden=0; nouse=0; global=0; static=0; extern=0; dir=1; type=1; pingpong=0; private_global=0; MemPort=[03]; IO mode=ap_memory:ce=0
---------------- STG Properties END ------------------

---------------- Datapath Model BEGIN ----------------

<LifeTime>
<method=bitvector/>
i                      (alloca           ) [ 010]
specinterface_ln0      (specinterface    ) [ 000]
store_ln19             (store            ) [ 000]
br_ln19                (br               ) [ 000]
i_12                   (load             ) [ 011]
icmp_ln19              (icmp             ) [ 010]
add_ln19               (add              ) [ 000]
br_ln19                (br               ) [ 000]
store_ln19             (store            ) [ 000]
zext_ln19              (zext             ) [ 000]
specpipeline_ln19      (specpipeline     ) [ 000]
speclooptripcount_ln19 (speclooptripcount) [ 000]
specloopname_ln19      (specloopname     ) [ 000]
seed_strm_read         (read             ) [ 000]
sd_addr                (getelementptr    ) [ 000]
store_ln20             (store            ) [ 000]
br_ln19                (br               ) [ 000]
ret_ln0                (ret              ) [ 000]
</LifeTime>

<model>

<comp_list>
<comp id="0" class="1000" name="seed_strm">
<pin_list>
<pin id="1" dir="1" index="0" bw="1" slack="0"/>
</pin_list>
<bind>
<StgValue><ssdm name="seed_strm"/></StgValue>
</bind>
</comp>

<comp id="2" class="1000" name="sd">
<pin_list>
<pin id="3" dir="1" index="0" bw="1" slack="0"/>
</pin_list>
<bind>
<StgValue><ssdm name="sd"/><MemPortTyVec>0 3 </MemPortTyVec>
</StgValue>
</bind>
</comp>

<comp id="4" class="1001" name="const_4">
<pin_list>
<pin id="5" dir="1" index="0" bw="1" slack="0"/>
</pin_list>
<bind>
<StgValue><ssdm name=""/></StgValue>
</bind>
</comp>

<comp id="6" class="1001" name="const_6">
<pin_list>
<pin id="7" dir="1" index="0" bw="1" slack="2147483647"/>
</pin_list>
<bind>
<StgValue><ssdm name="_ssdm_op_SpecInterface"/></StgValue>
</bind>
</comp>

<comp id="8" class="1001" name="const_8">
<pin_list>
<pin id="9" dir="1" index="0" bw="1" slack="2147483647"/>
</pin_list>
<bind>
<StgValue><ssdm name="empty_46"/></StgValue>
</bind>
</comp>

<comp id="10" class="1001" name="const_10">
<pin_list>
<pin id="11" dir="1" index="0" bw="1" slack="2147483647"/>
</pin_list>
<bind>
<StgValue><ssdm name=""/></StgValue>
</bind>
</comp>

<comp id="12" class="1001" name="const_12">
<pin_list>
<pin id="13" dir="1" index="0" bw="1" slack="2147483647"/>
</pin_list>
<bind>
<StgValue><ssdm name="empty_34"/></StgValue>
</bind>
</comp>

<comp id="14" class="1001" name="const_14">
<pin_list>
<pin id="15" dir="1" index="0" bw="1" slack="2147483647"/>
</pin_list>
<bind>
<StgValue><ssdm name=""/></StgValue>
</bind>
</comp>

<comp id="16" class="1001" name="const_16">
<pin_list>
<pin id="17" dir="1" index="0" bw="1" slack="0"/>
</pin_list>
<bind>
<StgValue><ssdm name=""/></StgValue>
</bind>
</comp>

<comp id="18" class="1001" name="const_18">
<pin_list>
<pin id="19" dir="1" index="0" bw="1" slack="0"/>
</pin_list>
<bind>
<StgValue><ssdm name=""/></StgValue>
</bind>
</comp>

<comp id="20" class="1001" name="const_20">
<pin_list>
<pin id="21" dir="1" index="0" bw="1" slack="0"/>
</pin_list>
<bind>
<StgValue><ssdm name=""/></StgValue>
</bind>
</comp>

<comp id="22" class="1001" name="const_22">
<pin_list>
<pin id="23" dir="1" index="0" bw="1" slack="2147483647"/>
</pin_list>
<bind>
<StgValue><ssdm name="_ssdm_op_SpecPipeline"/></StgValue>
</bind>
</comp>

<comp id="24" class="1001" name="const_24">
<pin_list>
<pin id="25" dir="1" index="0" bw="1" slack="2147483647"/>
</pin_list>
<bind>
<StgValue><ssdm name="_ssdm_op_SpecLoopTripCount"/></StgValue>
</bind>
</comp>

<comp id="26" class="1001" name="const_26">
<pin_list>
<pin id="27" dir="1" index="0" bw="1" slack="2147483647"/>
</pin_list>
<bind>
<StgValue><ssdm name=""/></StgValue>
</bind>
</comp>

<comp id="28" class="1001" name="const_28">
<pin_list>
<pin id="29" dir="1" index="0" bw="1" slack="2147483647"/>
</pin_list>
<bind>
<StgValue><ssdm name="_ssdm_op_SpecLoopName"/></StgValue>
</bind>
</comp>

<comp id="30" class="1001" name="const_30">
<pin_list>
<pin id="31" dir="1" index="0" bw="1" slack="2147483647"/>
</pin_list>
<bind>
<StgValue><ssdm name="empty_55"/></StgValue>
</bind>
</comp>

<comp id="32" class="1001" name="const_32">
<pin_list>
<pin id="33" dir="1" index="0" bw="1" slack="0"/>
</pin_list>
<bind>
<StgValue><ssdm name="_ssdm_op_Read.ap_fifo.volatile.i128P0A"/></StgValue>
</bind>
</comp>

<comp id="34" class="1001" name="const_34">
<pin_list>
<pin id="35" dir="1" index="0" bw="1" slack="0"/>
</pin_list>
<bind>
<StgValue><ssdm name=""/></StgValue>
</bind>
</comp>

<comp id="36" class="1004" name="i_fu_36">
<pin_list>
<pin id="37" dir="0" index="0" bw="1" slack="0"/>
<pin id="38" dir="1" index="1" bw="3" slack="0"/>
</pin_list>
<bind>
<opcode="alloca(26) " fcode="alloca"/>
<opset="i/1 "/>
</bind>
</comp>

<comp id="40" class="1004" name="seed_strm_read_read_fu_40">
<pin_list>
<pin id="41" dir="0" index="0" bw="128" slack="0"/>
<pin id="42" dir="0" index="1" bw="128" slack="0"/>
<pin id="43" dir="1" index="2" bw="128" slack="0"/>
</pin_list>
<bind>
<opcode="read(1150) " fcode="read"/>
<opset="seed_strm_read/2 "/>
</bind>
</comp>

<comp id="46" class="1004" name="sd_addr_gep_fu_46">
<pin_list>
<pin id="47" dir="0" index="0" bw="128" slack="0"/>
<pin id="48" dir="0" index="1" bw="1" slack="0"/>
<pin id="49" dir="0" index="2" bw="3" slack="0"/>
<pin id="50" dir="1" index="3" bw="2" slack="0"/>
</pin_list>
<bind>
<opcode="getelementptr(29) " fcode="getelementptr"/>
<opset="sd_addr/2 "/>
</bind>
</comp>

<comp id="53" class="1004" name="store_ln20_access_fu_53">
<pin_list>
<pin id="54" dir="0" index="0" bw="2" slack="0"/>
<pin id="55" dir="0" index="1" bw="128" slack="0"/>
<pin id="56" dir="0" index="2" bw="0" slack="2147483647"/>
<pin id="57" dir="1" index="3" bw="128" slack="2147483647"/>
</pin_list>
<bind>
<opcode="store(28) " fcode="store"/>
<opset="store_ln20/2 "/>
</bind>
</comp>

<comp id="60" class="1004" name="store_ln19_store_fu_60">
<pin_list>
<pin id="61" dir="0" index="0" bw="1" slack="0"/>
<pin id="62" dir="0" index="1" bw="3" slack="0"/>
<pin id="63" dir="1" index="2" bw="0" slack="2147483647"/>
</pin_list>
<bind>
<opcode="store(28) " fcode="store"/>
<opset="store_ln19/1 "/>
</bind>
</comp>

<comp id="65" class="1004" name="i_12_load_fu_65">
<pin_list>
<pin id="66" dir="0" index="0" bw="3" slack="0"/>
<pin id="67" dir="1" index="1" bw="3" slack="0"/>
</pin_list>
<bind>
<opcode="load(27) " fcode="load"/>
<opset="i_12/1 "/>
</bind>
</comp>

<comp id="68" class="1004" name="icmp_ln19_fu_68">
<pin_list>
<pin id="69" dir="0" index="0" bw="3" slack="0"/>
<pin id="70" dir="0" index="1" bw="3" slack="0"/>
<pin id="71" dir="1" index="2" bw="1" slack="2147483647"/>
</pin_list>
<bind>
<opcode="icmp(45) " fcode="icmp"/>
<opset="icmp_ln19/1 "/>
</bind>
</comp>

<comp id="74" class="1004" name="add_ln19_fu_74">
<pin_list>
<pin id="75" dir="0" index="0" bw="3" slack="0"/>
<pin id="76" dir="0" index="1" bw="1" slack="0"/>
<pin id="77" dir="1" index="2" bw="3" slack="0"/>
</pin_list>
<bind>
<opcode="add(8) " fcode="add"/>
<opset="add_ln19/1 "/>
</bind>
</comp>

<comp id="80" class="1004" name="store_ln19_store_fu_80">
<pin_list>
<pin id="81" dir="0" index="0" bw="3" slack="0"/>
<pin id="82" dir="0" index="1" bw="3" slack="0"/>
<pin id="83" dir="1" index="2" bw="0" slack="2147483647"/>
</pin_list>
<bind>
<opcode="store(28) " fcode="store"/>
<opset="store_ln19/1 "/>
</bind>
</comp>

<comp id="85" class="1004" name="zext_ln19_fu_85">
<pin_list>
<pin id="86" dir="0" index="0" bw="3" slack="1"/>
<pin id="87" dir="1" index="1" bw="64" slack="0"/>
</pin_list>
<bind>
<opcode="zext(34) " fcode="zext"/>
<opset="zext_ln19/2 "/>
</bind>
</comp>

<comp id="89" class="1005" name="i_reg_89">
<pin_list>
<pin id="90" dir="0" index="0" bw="3" slack="0"/>
<pin id="91" dir="1" index="1" bw="3" slack="0"/>
</pin_list>
<bind>
<opset="i "/>
</bind>
</comp>

<comp id="96" class="1005" name="i_12_reg_96">
<pin_list>
<pin id="97" dir="0" index="0" bw="3" slack="1"/>
<pin id="98" dir="1" index="1" bw="3" slack="1"/>
</pin_list>
<bind>
<opset="i_12 "/>
</bind>
</comp>

</comp_list>

<net_list>
<net id="39"><net_src comp="4" pin="0"/><net_sink comp="36" pin=0"/></net>

<net id="44"><net_src comp="32" pin="0"/><net_sink comp="40" pin=0"/></net>

<net id="45"><net_src comp="0" pin="0"/><net_sink comp="40" pin=1"/></net>

<net id="51"><net_src comp="2" pin="0"/><net_sink comp="46" pin=0"/></net>

<net id="52"><net_src comp="34" pin="0"/><net_sink comp="46" pin=1"/></net>

<net id="58"><net_src comp="40" pin="2"/><net_sink comp="53" pin=1"/></net>

<net id="59"><net_src comp="46" pin="3"/><net_sink comp="53" pin=0"/></net>

<net id="64"><net_src comp="16" pin="0"/><net_sink comp="60" pin=0"/></net>

<net id="72"><net_src comp="65" pin="1"/><net_sink comp="68" pin=0"/></net>

<net id="73"><net_src comp="18" pin="0"/><net_sink comp="68" pin=1"/></net>

<net id="78"><net_src comp="65" pin="1"/><net_sink comp="74" pin=0"/></net>

<net id="79"><net_src comp="20" pin="0"/><net_sink comp="74" pin=1"/></net>

<net id="84"><net_src comp="74" pin="2"/><net_sink comp="80" pin=0"/></net>

<net id="88"><net_src comp="85" pin="1"/><net_sink comp="46" pin=2"/></net>

<net id="92"><net_src comp="36" pin="1"/><net_sink comp="89" pin=0"/></net>

<net id="93"><net_src comp="89" pin="1"/><net_sink comp="60" pin=1"/></net>

<net id="94"><net_src comp="89" pin="1"/><net_sink comp="65" pin=0"/></net>

<net id="95"><net_src comp="89" pin="1"/><net_sink comp="80" pin=1"/></net>

<net id="99"><net_src comp="65" pin="1"/><net_sink comp="96" pin=0"/></net>

<net id="100"><net_src comp="96" pin="1"/><net_sink comp="85" pin=0"/></net>

</net_list>

</model> 
---------------- Datapath Model END ------------------

* FSMD analyzer results:
  - Output states:
	Port: seed_strm | {}
	Port: sd | {2 }
 - Input state : 
	Port: expand_seed_Pipeline_READ_SEEDS : seed_strm | {2 }
  - Chain level:
	State 1
		store_ln19 : 1
		i_12 : 1
		icmp_ln19 : 2
		add_ln19 : 2
		br_ln19 : 3
		store_ln19 : 3
	State 2
		sd_addr : 1
		store_ln20 : 2


============================================================
+ Verbose Summary: Datapath Resource usage 
============================================================

* Functional unit list:
|----------|---------------------------|---------|---------|
| Operation|      Functional Unit      |    FF   |   LUT   |
|----------|---------------------------|---------|---------|
|   icmp   |      icmp_ln19_fu_68      |    0    |    10   |
|----------|---------------------------|---------|---------|
|    add   |       add_ln19_fu_74      |    0    |    10   |
|----------|---------------------------|---------|---------|
|   read   | seed_strm_read_read_fu_40 |    0    |    0    |
|----------|---------------------------|---------|---------|
|   zext   |      zext_ln19_fu_85      |    0    |    0    |
|----------|---------------------------|---------|---------|
|   Total  |                           |    0    |    20   |
|----------|---------------------------|---------|---------|

Memories:
N/A

* Register list:
+-----------+--------+
|           |   FF   |
+-----------+--------+
|i_12_reg_96|    3   |
|  i_reg_89 |    3   |
+-----------+--------+
|   Total   |    6   |
+-----------+--------+

* Multiplexer (MUX) list: 
|--------|------|------|------|--------|
|  Comp  |  Pin | Size |  BW  | S x BW |
|--------|------|------|------|--------|
|  Total |      |      |      |    0   |
|--------|------|------|------|--------|



* Summary:
+-----------+--------+--------+
|           |   FF   |   LUT  |
+-----------+--------+--------+
|  Function |    0   |   20   |
|   Memory  |    -   |    -   |
|Multiplexer|    -   |    -   |
|  Register |    6   |    -   |
+-----------+--------+--------+
|   Total   |    6   |   20   |
+-----------+--------+--------+
