In file included from ggm_tree.cpp:7:
In file included from ./shake.h:3:
./sha3.hpp:53:9: warning: HLS pragma dump _XLX_SEP_ PragmaIsValid=1_XLX_SEP_ PragmaType=array_partition_XLX_SEP_ PragmaContext=_XLX_SEP_ PragmaFunction=blockType_XLX_SEP_ PragmaOptions=variable = M dim = 1_XLX_SEP_ [-Wdump-hls-pragmas]
#pragma HLS array_partition variable = M dim = 1
        ^
./sha3.hpp:74:9: warning: HLS pragma dump _XLX_SEP_ PragmaIsValid=1_XLX_SEP_ PragmaType=inline_XLX_SEP_ PragmaContext=_XLX_SEP_ PragmaFunction=ROTL_XLX_SEP_ PragmaOptions=_XLX_SEP_ [-Wdump-hls-pragmas]
#pragma HLS inline
        ^
./sha3.hpp:102:9: warning: HLS pragma dump _XLX_SEP_ PragmaIsValid=1_XLX_SEP_ PragmaType=bind_storage_XLX_SEP_ PragmaContext=_XLX_SEP_ PragmaFunction=KECCAK_f_XLX_SEP_ PragmaOptions=variable=roundIndex type=ROM_2P impl=BRAM_XLX_SEP_ [-Wdump-hls-pragmas]
#pragma HLS bind_storage variable=roundIndex type=ROM_2P impl=BRAM
        ^
./sha3.hpp:108:9: warning: HLS pragma dump _XLX_SEP_ PragmaIsValid=1_XLX_SEP_ PragmaType=array_partition_XLX_SEP_ PragmaContext=_XLX_SEP_ PragmaFunction=KECCAK_f_XLX_SEP_ PragmaOptions=variable = rowReg complete_XLX_SEP_ [-Wdump-hls-pragmas]
#pragma HLS array_partition variable = rowReg complete
        ^
./sha3.hpp:111:9: warning: HLS pragma dump _XLX_SEP_ PragmaIsValid=1_XLX_SEP_ PragmaType=unroll_XLX_SEP_ PragmaContext=_XLX_SEP_ PragmaFunction=KECCAK_f_XLX_SEP_ PragmaOptions=_XLX_SEP_ [-Wdump-hls-pragmas]
#pragma HLS unroll
        ^
./sha3.hpp:118:9: warning: HLS pragma dump _XLX_SEP_ PragmaIsValid=1_XLX_SEP_ PragmaType=unroll_XLX_SEP_ PragmaContext=_XLX_SEP_ PragmaFunction=KECCAK_f_XLX_SEP_ PragmaOptions=_XLX_SEP_ [-Wdump-hls-pragmas]
#pragma HLS unroll
        ^
./sha3.hpp:122:9: warning: HLS pragma dump _XLX_SEP_ PragmaIsValid=1_XLX_SEP_ PragmaType=unroll_XLX_SEP_ PragmaContext=_XLX_SEP_ PragmaFunction=KECCAK_f_XLX_SEP_ PragmaOptions=_XLX_SEP_ [-Wdump-hls-pragmas]
#pragma HLS unroll
        ^
./sha3.hpp:129:9: warning: HLS pragma dump _XLX_SEP_ PragmaIsValid=1_XLX_SEP_ PragmaType=array_partition_XLX_SEP_ PragmaContext=_XLX_SEP_ PragmaFunction=KECCAK_f_XLX_SEP_ PragmaOptions=variable = tmpStateArray dim = 1_XLX_SEP_ [-Wdump-hls-pragmas]
#pragma HLS array_partition variable = tmpStateArray dim = 1
        ^
./sha3.hpp:187:9: warning: HLS pragma dump _XLX_SEP_ PragmaIsValid=1_XLX_SEP_ PragmaType=unroll_XLX_SEP_ PragmaContext=_XLX_SEP_ PragmaFunction=KECCAK_f_XLX_SEP_ PragmaOptions=_XLX_SEP_ [-Wdump-hls-pragmas]
#pragma HLS unroll
        ^
./sha3.hpp:189:9: warning: HLS pragma dump _XLX_SEP_ PragmaIsValid=1_XLX_SEP_ PragmaType=array_partition_XLX_SEP_ PragmaContext=_XLX_SEP_ PragmaFunction=KECCAK_f_XLX_SEP_ PragmaOptions=variable = stateReg complete_XLX_SEP_ [-Wdump-hls-pragmas]
#pragma HLS array_partition variable = stateReg complete
        ^
./sha3.hpp:192:9: warning: HLS pragma dump _XLX_SEP_ PragmaIsValid=1_XLX_SEP_ PragmaType=unroll_XLX_SEP_ PragmaContext=_XLX_SEP_ PragmaFunction=KECCAK_f_XLX_SEP_ PragmaOptions=_XLX_SEP_ [-Wdump-hls-pragmas]
#pragma HLS unroll
        ^
./sha3.hpp:197:9: warning: HLS pragma dump _XLX_SEP_ PragmaIsValid=1_XLX_SEP_ PragmaType=unroll_XLX_SEP_ PragmaContext=_XLX_SEP_ PragmaFunction=KECCAK_f_XLX_SEP_ PragmaOptions=_XLX_SEP_ [-Wdump-hls-pragmas]
#pragma HLS unroll
        ^
./sha3.hpp:244:9: warning: HLS pragma dump _XLX_SEP_ PragmaIsValid=1_XLX_SEP_ PragmaType=loop_tripcount_XLX_SEP_ PragmaContext=_XLX_SEP_ PragmaFunction=sha3Digest_XLX_SEP_ PragmaOptions=min = 1 max = 1 avg = 1_XLX_SEP_ [-Wdump-hls-pragmas]
#pragma HLS loop_tripcount min = 1 max = 1 avg = 1
        ^
./sha3.hpp:251:9: warning: 'Resource pragma' is deprecated, use 'bind_op/bind_storage pragma' instead [-Wignored-hls-pragmas]
#pragma HLS resource variable = blkNumReg core = DivnS
        ^
./sha3.hpp:251:9: warning: HLS pragma dump _XLX_SEP_ PragmaIsValid=1_XLX_SEP_ PragmaType=resource_XLX_SEP_ PragmaContext=_XLX_SEP_ PragmaFunction=sha3Digest_XLX_SEP_ PragmaOptions=variable = blkNumReg core = DivnS_XLX_SEP_ [-Wdump-hls-pragmas]
./sha3.hpp:259:9: warning: HLS pragma dump _XLX_SEP_ PragmaIsValid=1_XLX_SEP_ PragmaType=array_partition_XLX_SEP_ PragmaContext=_XLX_SEP_ PragmaFunction=sha3Digest_XLX_SEP_ PragmaOptions=variable = stateArray.M complete_XLX_SEP_ [-Wdump-hls-pragmas]
#pragma HLS array_partition variable = stateArray.M complete
        ^
./sha3.hpp:262:9: warning: HLS pragma dump _XLX_SEP_ PragmaIsValid=1_XLX_SEP_ PragmaType=unroll_XLX_SEP_ PragmaContext=_XLX_SEP_ PragmaFunction=sha3Digest_XLX_SEP_ PragmaOptions=_XLX_SEP_ [-Wdump-hls-pragmas]
#pragma HLS unroll
        ^
./sha3.hpp:271:9: warning: HLS pragma dump _XLX_SEP_ PragmaIsValid=1_XLX_SEP_ PragmaType=loop_tripcount_XLX_SEP_ PragmaContext=_XLX_SEP_ PragmaFunction=sha3Digest_XLX_SEP_ PragmaOptions=min = 1 max = 1 avg = 1_XLX_SEP_ [-Wdump-hls-pragmas]
#pragma HLS loop_tripcount min = 1 max = 1 avg = 1
        ^
./sha3.hpp:277:9: warning: HLS pragma dump _XLX_SEP_ PragmaIsValid=1_XLX_SEP_ PragmaType=pipeline_XLX_SEP_ PragmaContext=_XLX_SEP_ PragmaFunction=sha3Digest_XLX_SEP_ PragmaOptions=II = 1_XLX_SEP_ [-Wdump-hls-pragmas]
#pragma HLS pipeline II = 1
        ^
./sha3.hpp:289:9: warning: HLS pragma dump _XLX_SEP_ PragmaIsValid=1_XLX_SEP_ PragmaType=pipeline_XLX_SEP_ PragmaContext=_XLX_SEP_ PragmaFunction=sha3Digest_XLX_SEP_ PragmaOptions=II = 1_XLX_SEP_ [-Wdump-hls-pragmas]
#pragma HLS pipeline II = 1
        ^
./sha3.hpp:368:9: warning: HLS pragma dump _XLX_SEP_ PragmaIsValid=1_XLX_SEP_ PragmaType=unroll_XLX_SEP_ PragmaContext=_XLX_SEP_ PragmaFunction=sha3Digest_XLX_SEP_ PragmaOptions=_XLX_SEP_ [-Wdump-hls-pragmas]
#pragma HLS unroll
        ^
./sha3.hpp:420:9: warning: HLS pragma dump _XLX_SEP_ PragmaIsValid=1_XLX_SEP_ PragmaType=loop_tripcount_XLX_SEP_ PragmaContext=_XLX_SEP_ PragmaFunction=shakeXOF_XLX_SEP_ PragmaOptions=min = 1 max = 1 avg = 1_XLX_SEP_ [-Wdump-hls-pragmas]
#pragma HLS loop_tripcount min = 1 max = 1 avg = 1
        ^
./sha3.hpp:427:9: warning: 'Resource pragma' is deprecated, use 'bind_op/bind_storage pragma' instead [-Wignored-hls-pragmas]
#pragma HLS resource variable = blkNumReg core = DivnS
        ^
./sha3.hpp:427:9: warning: HLS pragma dump _XLX_SEP_ PragmaIsValid=1_XLX_SEP_ PragmaType=resource_XLX_SEP_ PragmaContext=_XLX_SEP_ PragmaFunction=shakeXOF_XLX_SEP_ PragmaOptions=variable = blkNumReg core = DivnS_XLX_SEP_ [-Wdump-hls-pragmas]
./sha3.hpp:436:9: warning: HLS pragma dump _XLX_SEP_ PragmaIsValid=1_XLX_SEP_ PragmaType=array_partition_XLX_SEP_ PragmaContext=_XLX_SEP_ PragmaFunction=shakeXOF_XLX_SEP_ PragmaOptions=variable = stateArray.M complete_XLX_SEP_ [-Wdump-hls-pragmas]
#pragma HLS array_partition variable = stateArray.M complete
        ^
./sha3.hpp:439:9: warning: HLS pragma dump _XLX_SEP_ PragmaIsValid=1_XLX_SEP_ PragmaType=unroll_XLX_SEP_ PragmaContext=_XLX_SEP_ PragmaFunction=shakeXOF_XLX_SEP_ PragmaOptions=_XLX_SEP_ [-Wdump-hls-pragmas]
#pragma HLS unroll
        ^
./sha3.hpp:448:9: warning: HLS pragma dump _XLX_SEP_ PragmaIsValid=1_XLX_SEP_ PragmaType=loop_tripcount_XLX_SEP_ PragmaContext=_XLX_SEP_ PragmaFunction=shakeXOF_XLX_SEP_ PragmaOptions=min = 1 max = 1 avg = 1_XLX_SEP_ [-Wdump-hls-pragmas]
#pragma HLS loop_tripcount min = 1 max = 1 avg = 1
        ^
./sha3.hpp:454:9: warning: HLS pragma dump _XLX_SEP_ PragmaIsValid=1_XLX_SEP_ PragmaType=pipeline_XLX_SEP_ PragmaContext=_XLX_SEP_ PragmaFunction=shakeXOF_XLX_SEP_ PragmaOptions=II = 1_XLX_SEP_ [-Wdump-hls-pragmas]
#pragma HLS pipeline II = 1
        ^
./sha3.hpp:545:9: warning: HLS pragma dump _XLX_SEP_ PragmaIsValid=1_XLX_SEP_ PragmaType=unroll_XLX_SEP_ PragmaContext=_XLX_SEP_ PragmaFunction=shakeXOF_XLX_SEP_ PragmaOptions=_XLX_SEP_ [-Wdump-hls-pragmas]
#pragma HLS unroll
        ^
./sha3.hpp:751:9: warning: HLS pragma dump _XLX_SEP_ PragmaIsValid=1_XLX_SEP_ PragmaType=loop_tripcount_XLX_SEP_ PragmaContext=_XLX_SEP_ PragmaFunction=shake_extensible_XLX_SEP_ PragmaOptions=min=1 max=1 avg=1_XLX_SEP_ [-Wdump-hls-pragmas]
#pragma HLS loop_tripcount min=1 max=1 avg=1
        ^
./sha3.hpp:759:9: warning: 'Resource pragma' is deprecated, use 'bind_op/bind_storage pragma' instead [-Wignored-hls-pragmas]
#pragma HLS resource variable=blkNumReg core=DivnS
        ^
./sha3.hpp:759:9: warning: HLS pragma dump _XLX_SEP_ PragmaIsValid=1_XLX_SEP_ PragmaType=resource_XLX_SEP_ PragmaContext=_XLX_SEP_ PragmaFunction=shake_extensible_XLX_SEP_ PragmaOptions=variable=blkNumReg core=DivnS_XLX_SEP_ [-Wdump-hls-pragmas]
./sha3.hpp:763:9: warning: HLS pragma dump _XLX_SEP_ PragmaIsValid=1_XLX_SEP_ PragmaType=array_partition_XLX_SEP_ PragmaContext=_XLX_SEP_ PragmaFunction=shake_extensible_XLX_SEP_ PragmaOptions=variable=stateArray.M complete_XLX_SEP_ [-Wdump-hls-pragmas]
#pragma HLS array_partition variable=stateArray.M complete
        ^
./sha3.hpp:766:9: warning: HLS pragma dump _XLX_SEP_ PragmaIsValid=1_XLX_SEP_ PragmaType=unroll_XLX_SEP_ PragmaContext=_XLX_SEP_ PragmaFunction=shake_extensible_XLX_SEP_ PragmaOptions=_XLX_SEP_ [-Wdump-hls-pragmas]
#pragma HLS unroll
        ^
./sha3.hpp:773:9: warning: HLS pragma dump _XLX_SEP_ PragmaIsValid=1_XLX_SEP_ PragmaType=loop_tripcount_XLX_SEP_ PragmaContext=_XLX_SEP_ PragmaFunction=shake_extensible_XLX_SEP_ PragmaOptions=min=1 max=1 avg=1_XLX_SEP_ [-Wdump-hls-pragmas]
#pragma HLS loop_tripcount min=1 max=1 avg=1
        ^
./sha3.hpp:777:9: warning: HLS pragma dump _XLX_SEP_ PragmaIsValid=1_XLX_SEP_ PragmaType=pipeline_XLX_SEP_ PragmaContext=_XLX_SEP_ PragmaFunction=shake_extensible_XLX_SEP_ PragmaOptions=II=1_XLX_SEP_ [-Wdump-hls-pragmas]
#pragma HLS pipeline II=1
        ^
./sha3.hpp:785:9: warning: HLS pragma dump _XLX_SEP_ PragmaIsValid=1_XLX_SEP_ PragmaType=pipeline_XLX_SEP_ PragmaContext=_XLX_SEP_ PragmaFunction=shake_extensible_XLX_SEP_ PragmaOptions=II=1_XLX_SEP_ [-Wdump-hls-pragmas]
#pragma HLS pipeline II=1
        ^
./sha3.hpp:815:9: warning: HLS pragma dump _XLX_SEP_ PragmaIsValid=1_XLX_SEP_ PragmaType=pipeline_XLX_SEP_ PragmaContext=_XLX_SEP_ PragmaFunction=shake_extensible_XLX_SEP_ PragmaOptions=OFF_XLX_SEP_ [-Wdump-hls-pragmas]
#pragma HLS pipeline OFF
        ^
./sha3.hpp:816:9: warning: HLS pragma dump _XLX_SEP_ PragmaIsValid=1_XLX_SEP_ PragmaType=loop_tripcount_XLX_SEP_ PragmaContext=_XLX_SEP_ PragmaFunction=shake_extensible_XLX_SEP_ PragmaOptions=min=1 max=16 avg=8_XLX_SEP_ [-Wdump-hls-pragmas]
#pragma HLS loop_tripcount min=1 max=16 avg=8
        ^
./sha3.hpp:840:9: warning: HLS pragma dump _XLX_SEP_ PragmaIsValid=1_XLX_SEP_ PragmaType=unroll_XLX_SEP_ PragmaContext=_XLX_SEP_ PragmaFunction=shake_extensible_XLX_SEP_ PragmaOptions=_XLX_SEP_ [-Wdump-hls-pragmas]
#pragma HLS unroll
        ^
ggm_tree.cpp:26:9: warning: HLS pragma dump _XLX_SEP_ PragmaIsValid=1_XLX_SEP_ PragmaType=pipeline_XLX_SEP_ PragmaContext=_XLX_SEP_ PragmaFunction=tree_expansion_XLX_SEP_ PragmaOptions=OFF_XLX_SEP_ [-Wdump-hls-pragmas]
#pragma HLS PIPELINE OFF
        ^
ggm_tree.cpp:52:9: warning: HLS pragma dump _XLX_SEP_ PragmaIsValid=1_XLX_SEP_ PragmaType=pipeline_XLX_SEP_ PragmaContext=_XLX_SEP_ PragmaFunction=seed_gen_XLX_SEP_ PragmaOptions=OFF_XLX_SEP_ [-Wdump-hls-pragmas]
#pragma HLS PIPELINE OFF
        ^
ggm_tree.cpp:91:9: warning: HLS pragma dump _XLX_SEP_ PragmaIsValid=1_XLX_SEP_ PragmaType=dataflow_XLX_SEP_ PragmaContext=_XLX_SEP_ PragmaFunction=ggm_large_XLX_SEP_ PragmaOptions=_XLX_SEP_ [-Wdump-hls-pragmas]
#pragma HLS DATAFLOW
        ^
ggm_tree.cpp:96:9: warning: HLS pragma dump _XLX_SEP_ PragmaIsValid=1_XLX_SEP_ PragmaType=stream_XLX_SEP_ PragmaContext=_XLX_SEP_ PragmaFunction=ggm_large_XLX_SEP_ PragmaOptions=variable=leaf_strm depth=2_XLX_SEP_ [-Wdump-hls-pragmas]
#pragma HLS STREAM variable=leaf_strm depth=2
        ^
ggm_tree.cpp:97:9: warning: HLS pragma dump _XLX_SEP_ PragmaIsValid=1_XLX_SEP_ PragmaType=stream_XLX_SEP_ PragmaContext=_XLX_SEP_ PragmaFunction=ggm_large_XLX_SEP_ PragmaOptions=variable=k_strm depth=2_XLX_SEP_ [-Wdump-hls-pragmas]
#pragma HLS STREAM variable=k_strm depth=2
        ^
ggm_tree.cpp:98:9: warning: HLS pragma dump _XLX_SEP_ PragmaIsValid=1_XLX_SEP_ PragmaType=stream_XLX_SEP_ PragmaContext=_XLX_SEP_ PragmaFunction=ggm_large_XLX_SEP_ PragmaOptions=variable=com_strm depth=2_XLX_SEP_ [-Wdump-hls-pragmas]
#pragma HLS STREAM variable=com_strm depth=2
        ^
ggm_tree.cpp:115:9: warning: HLS pragma dump _XLX_SEP_ PragmaIsValid=1_XLX_SEP_ PragmaType=array_partition_XLX_SEP_ PragmaContext=_XLX_SEP_ PragmaFunction=ggm_small_XLX_SEP_ PragmaOptions=variable=keys complete_XLX_SEP_ [-Wdump-hls-pragmas]
#pragma HLS ARRAY_PARTITION variable=keys complete
        ^
ggm_tree.cpp:116:9: warning: HLS pragma dump _XLX_SEP_ PragmaIsValid=1_XLX_SEP_ PragmaType=array_partition_XLX_SEP_ PragmaContext=_XLX_SEP_ PragmaFunction=ggm_small_XLX_SEP_ PragmaOptions=variable=seeds complete_XLX_SEP_ [-Wdump-hls-pragmas]
#pragma HLS ARRAY_PARTITION variable=seeds complete
        ^
ggm_tree.cpp:117:9: warning: HLS pragma dump _XLX_SEP_ PragmaIsValid=1_XLX_SEP_ PragmaType=array_partition_XLX_SEP_ PragmaContext=_XLX_SEP_ PragmaFunction=ggm_small_XLX_SEP_ PragmaOptions=variable=coms complete_XLX_SEP_ [-Wdump-hls-pragmas]
#pragma HLS ARRAY_PARTITION variable=coms complete
        ^
ggm_tree.cpp:118:9: warning: HLS pragma dump _XLX_SEP_ PragmaIsValid=1_XLX_SEP_ PragmaType=inline_XLX_SEP_ PragmaContext=_XLX_SEP_ PragmaFunction=ggm_small_XLX_SEP_ PragmaOptions=off_XLX_SEP_ [-Wdump-hls-pragmas]
#pragma HLS INLINE off
        ^
ggm_tree.cpp:126:9: warning: HLS pragma dump _XLX_SEP_ PragmaIsValid=1_XLX_SEP_ PragmaType=unroll_XLX_SEP_ PragmaContext=_XLX_SEP_ PragmaFunction=ggm_small_XLX_SEP_ PragmaOptions=_XLX_SEP_ [-Wdump-hls-pragmas]
#pragma HLS UNROLL
        ^
ggm_tree.cpp:134:9: warning: HLS pragma dump _XLX_SEP_ PragmaIsValid=1_XLX_SEP_ PragmaType=unroll_XLX_SEP_ PragmaContext=_XLX_SEP_ PragmaFunction=ggm_small_XLX_SEP_ PragmaOptions=_XLX_SEP_ [-Wdump-hls-pragmas]
#pragma HLS UNROLL
        ^
ggm_tree.cpp:148:9: warning: HLS pragma dump _XLX_SEP_ PragmaIsValid=1_XLX_SEP_ PragmaType=pipeline_XLX_SEP_ PragmaContext=_XLX_SEP_ PragmaFunction=ggm_small_XLX_SEP_ PragmaOptions=OFF_XLX_SEP_ [-Wdump-hls-pragmas]
#pragma HLS PIPELINE OFF
        ^
ggm_tree.cpp:156:9: warning: HLS pragma dump _XLX_SEP_ PragmaIsValid=1_XLX_SEP_ PragmaType=pipeline_XLX_SEP_ PragmaContext=_XLX_SEP_ PragmaFunction=ggm_small_XLX_SEP_ PragmaOptions=II=1_XLX_SEP_ [-Wdump-hls-pragmas]
#pragma HLS PIPELINE II=1
        ^
ggm_tree.cpp:169:9: warning: HLS pragma dump _XLX_SEP_ PragmaIsValid=1_XLX_SEP_ PragmaType=pipeline_XLX_SEP_ PragmaContext=_XLX_SEP_ PragmaFunction=expand_roots_XLX_SEP_ PragmaOptions=OFF_XLX_SEP_ [-Wdump-hls-pragmas]
#pragma HLS PIPELINE OFF
        ^
ggm_tree.cpp:189:9: warning: HLS pragma dump _XLX_SEP_ PragmaIsValid=1_XLX_SEP_ PragmaType=pipeline_XLX_SEP_ PragmaContext=_XLX_SEP_ PragmaFunction=ggm_build_XLX_SEP_ PragmaOptions=II=10_XLX_SEP_ [-Wdump-hls-pragmas]
#pragma HLS PIPELINE II=10
        ^
ggm_tree.cpp:209:9: warning: HLS pragma dump _XLX_SEP_ PragmaIsValid=1_XLX_SEP_ PragmaType=stream_XLX_SEP_ PragmaContext=_XLX_SEP_ PragmaFunction=ggm_tree_XLX_SEP_ PragmaOptions=variable=root_strm depth=4_XLX_SEP_ [-Wdump-hls-pragmas]
#pragma HLS STREAM variable=root_strm depth=4
        ^
ggm_tree.cpp:211:9: warning: HLS pragma dump _XLX_SEP_ PragmaIsValid=1_XLX_SEP_ PragmaType=stream_XLX_SEP_ PragmaContext=_XLX_SEP_ PragmaFunction=ggm_tree_XLX_SEP_ PragmaOptions=variable=com_strm depth=4_XLX_SEP_ [-Wdump-hls-pragmas]
#pragma HLS STREAM variable=com_strm depth=4
        ^
ggm_tree.cpp:213:9: warning: HLS pragma dump _XLX_SEP_ PragmaIsValid=1_XLX_SEP_ PragmaType=stream_XLX_SEP_ PragmaContext=_XLX_SEP_ PragmaFunction=ggm_tree_XLX_SEP_ PragmaOptions=variable=h_strm depth =4_XLX_SEP_ [-Wdump-hls-pragmas]
#pragma HLS STREAM variable=h_strm depth =4
        ^
ggm_tree.cpp:227:9: warning: HLS pragma dump _XLX_SEP_ PragmaIsValid=1_XLX_SEP_ PragmaType=pipeline_XLX_SEP_ PragmaContext=_XLX_SEP_ PragmaFunction=VC_Open_XLX_SEP_ PragmaOptions=II=1_XLX_SEP_ [-Wdump-hls-pragmas]
#pragma HLS PIPELINE II=1
        ^
ggm_tree.cpp:259:9: warning: HLS pragma dump _XLX_SEP_ PragmaIsValid=1_XLX_SEP_ PragmaType=array_partition_XLX_SEP_ PragmaContext=_XLX_SEP_ PragmaFunction=ggm_top_XLX_SEP_ PragmaOptions=variable=ggm_keys complete_XLX_SEP_ [-Wdump-hls-pragmas]
#pragma HLS ARRAY_PARTITION variable=ggm_keys complete
        ^
ggm_tree.cpp:260:9: warning: HLS pragma dump _XLX_SEP_ PragmaIsValid=1_XLX_SEP_ PragmaType=array_partition_XLX_SEP_ PragmaContext=_XLX_SEP_ PragmaFunction=ggm_top_XLX_SEP_ PragmaOptions=variable=coms complete_XLX_SEP_ [-Wdump-hls-pragmas]
#pragma HLS ARRAY_PARTITION variable=coms complete
        ^
ggm_tree.cpp:263:34: warning: unexpected pragma argument 'xf', expects function/operation [-Winvalid-hls-pragmas]
#pragma HLS ALLOCATION instances=xf::security::shake256 limit=1 function
                                 ^
ggm_tree.cpp:263:9: warning: HLS pragma dump _XLX_SEP_ PragmaIsValid=0_XLX_SEP_ PragmaType=allocation_XLX_SEP_ PragmaContext=_XLX_SEP_ PragmaFunction=ggm_top_XLX_SEP_ PragmaOptions=instances=xf_XLX_SEP_ [-Wdump-hls-pragmas]
#pragma HLS ALLOCATION instances=xf::security::shake256 limit=1 function
        ^
ggm_tree.cpp:374:9: warning: HLS pragma dump _XLX_SEP_ PragmaIsValid=1_XLX_SEP_ PragmaType=stream_XLX_SEP_ PragmaContext=_XLX_SEP_ PragmaFunction=ggm_reconstruct_XLX_SEP_ PragmaOptions=variable=msgStrm depth=4_XLX_SEP_ [-Wdump-hls-pragmas]
#pragma HLS STREAM variable=msgStrm depth=4
        ^
ggm_tree.cpp:375:9: warning: HLS pragma dump _XLX_SEP_ PragmaIsValid=1_XLX_SEP_ PragmaType=stream_XLX_SEP_ PragmaContext=_XLX_SEP_ PragmaFunction=ggm_reconstruct_XLX_SEP_ PragmaOptions=variable=msgLenStrm depth=2_XLX_SEP_ [-Wdump-hls-pragmas]
#pragma HLS STREAM variable=msgLenStrm depth=2
        ^
ggm_tree.cpp:376:9: warning: HLS pragma dump _XLX_SEP_ PragmaIsValid=1_XLX_SEP_ PragmaType=stream_XLX_SEP_ PragmaContext=_XLX_SEP_ PragmaFunction=ggm_reconstruct_XLX_SEP_ PragmaOptions=variable=endMsgLenStrm depth=2_XLX_SEP_ [-Wdump-hls-pragmas]
#pragma HLS STREAM variable=endMsgLenStrm depth=2
        ^
ggm_tree.cpp:377:9: warning: HLS pragma dump _XLX_SEP_ PragmaIsValid=1_XLX_SEP_ PragmaType=stream_XLX_SEP_ PragmaContext=_XLX_SEP_ PragmaFunction=ggm_reconstruct_XLX_SEP_ PragmaOptions=variable=digestStrm depth=4_XLX_SEP_ [-Wdump-hls-pragmas]
#pragma HLS STREAM variable=digestStrm depth=4
        ^
ggm_tree.cpp:378:9: warning: HLS pragma dump _XLX_SEP_ PragmaIsValid=1_XLX_SEP_ PragmaType=stream_XLX_SEP_ PragmaContext=_XLX_SEP_ PragmaFunction=ggm_reconstruct_XLX_SEP_ PragmaOptions=variable=endDigestStrm depth=4_XLX_SEP_ [-Wdump-hls-pragmas]
#pragma HLS STREAM variable=endDigestStrm depth=4
        ^
69 warnings generated.
