/home/tkgong/Research/VOLE-ocity/VOLEitH-FPGA/hls_component/hls_component/hls/.autopilot/db/PRG.pp.0.cpp:2257:5: warning: Added loop label VITIS_LOOP_676_1:   [xilinx-label-all-loops]
    for (unsigned i = low; i != high+1; ++i) {
    ^~~
    VITIS_LOOP_676_1: 
/home/tkgong/Research/VOLE-ocity/VOLEitH-FPGA/hls_component/hls_component/hls/.autopilot/db/PRG.pp.0.cpp:2257:5: note: FIX-IT applied suggested code changes
/home/tkgong/Research/VOLE-ocity/VOLEitH-FPGA/hls_component/hls_component/hls/.autopilot/db/PRG.pp.0.cpp:2271:5: warning: Added loop label VITIS_LOOP_690_1:   [xilinx-label-all-loops]
    for (unsigned i = low; i != high+1; ++i) {
    ^~~
    VITIS_LOOP_690_1: 
/home/tkgong/Research/VOLE-ocity/VOLEitH-FPGA/hls_component/hls_component/hls/.autopilot/db/PRG.pp.0.cpp:2271:5: note: FIX-IT applied suggested code changes
/home/tkgong/Research/VOLE-ocity/VOLEitH-FPGA/hls_component/hls_component/hls/.autopilot/db/PRG.pp.0.cpp:2285:5: warning: Added loop label VITIS_LOOP_704_1:   [xilinx-label-all-loops]
    for (unsigned i = low; i != high+1; ++i) {
    ^~~
    VITIS_LOOP_704_1: 
/home/tkgong/Research/VOLE-ocity/VOLEitH-FPGA/hls_component/hls_component/hls/.autopilot/db/PRG.pp.0.cpp:2285:5: note: FIX-IT applied suggested code changes
/home/tkgong/Research/VOLE-ocity/VOLEitH-FPGA/hls_component/hls_component/hls/.autopilot/db/PRG.pp.0.cpp:4253:7: warning: Added loop label VITIS_LOOP_1248_1:   [xilinx-label-all-loops]
      for (i = 0; i < __N - 1; ++i) {
      ^~~
      VITIS_LOOP_1248_1: 
/home/tkgong/Research/VOLE-ocity/VOLEitH-FPGA/hls_component/hls_component/hls/.autopilot/db/PRG.pp.0.cpp:4253:7: note: FIX-IT applied suggested code changes
/home/tkgong/Research/VOLE-ocity/VOLEitH-FPGA/hls_component/hls_component/hls/.autopilot/db/PRG.pp.0.cpp:6370:2: warning: Added loop label VITIS_LOOP_8_1:   [xilinx-label-all-loops]
 for (int i = 0; i < 2; i++){
 ^~~
 VITIS_LOOP_8_1: 
/home/tkgong/Research/VOLE-ocity/VOLEitH-FPGA/hls_component/hls_component/hls/.autopilot/db/PRG.pp.0.cpp:6370:2: note: FIX-IT applied suggested code changes
/home/tkgong/Research/VOLE-ocity/VOLEitH-FPGA/hls_component/hls_component/hls/.autopilot/db/PRG.pp.0.cpp:6387:2: warning: Added loop label VITIS_LOOP_25_1:   [xilinx-label-all-loops]
 for(int i = 0; i < STEP; i++){
 ^~~
 VITIS_LOOP_25_1: 
/home/tkgong/Research/VOLE-ocity/VOLEitH-FPGA/hls_component/hls_component/hls/.autopilot/db/PRG.pp.0.cpp:6387:2: note: FIX-IT applied suggested code changes
