

================================================================
== Vitis HLS Report for 'shake_extensible_Pipeline_VITIS_LOOP_776_3'
================================================================
* Date:           Mon Nov 17 18:41:29 2025

* Version:        2025.1 (Build 6135595 on May 21 2025)
* Project:        hls_component
* Solution:       hls (Vivado IP Flow Target)
* Product family: virtexuplus
* Target device:  xcu250-figd2104-2L-e


================================================================
== Performance Estimates
================================================================
+ Timing: 
    * Summary: 
    +--------+---------+----------+------------+
    |  Clock |  Target | Estimated| Uncertainty|
    +--------+---------+----------+------------+
    |ap_clk  |  5.00 ns|  2.085 ns|        0 ns|
    +--------+---------+----------+------------+

+ Latency: 
    * Summary: 
    +---------+---------+-----------+-----------+-----+-----+------------------------------------------------+
    |  Latency (cycles) |   Latency (absolute)  |  Interval |                    Pipeline                    |
    |   min   |   max   |    min    |    max    | min | max |                      Type                      |
    +---------+---------+-----------+-----------+-----+-----+------------------------------------------------+
    |       19|       19|  95.000 ns|  95.000 ns|   18|   18|  loop auto-rewind stp (delay=0 clock cycles(s))|
    +---------+---------+-----------+-----------+-----+-----+------------------------------------------------+

    + Detail: 
        * Instance: 
        N/A

        * Loop: 
        +--------------------+---------+---------+----------+-----------+-----------+------+----------+
        |                    |  Latency (cycles) | Iteration|  Initiation Interval  | Trip |          |
        |      Loop Name     |   min   |   max   |  Latency |  achieved |   target  | Count| Pipelined|
        +--------------------+---------+---------+----------+-----------+-----------+------+----------+
        |- VITIS_LOOP_776_3  |       17|       17|         2|          1|          1|    17|       yes|
        +--------------------+---------+---------+----------+-----------+-----------+------+----------+

============================================================
+ Verbose Summary: Synthesis Manager
============================================================
InlineROM: 1
ExposeGlobal: 0
============================================================
+ Verbose Summary: CDFG Model
============================================================
IsTopModel: 0
ResetActiveHigh: 1
IsCombinational: 0
IsDatapathOnly: 0
HasWiredReturn: 1
HasMFsm: 2
HasVarLatency: 1
IsPipeline: 0
IsRtlPipelined: 0
IsInstanceOverlapped: 0
IsDontTouch: 0
HasImplIP: 0
IsGatedGlobalClock: 0

+ Individual pipeline summary: 
  * Pipeline-0: initiation interval (II) = 1, depth = 2


============================================================
+ Verbose Summary: Schedule
============================================================
* Number of FSM states : 2
* Pipeline : 1
  Pipeline-0 : II = 1, D = 2, States = { 1 2 }
* Dataflow Pipeline: 0

* FSM state transitions: 
1 --> 2 
2 --> 

* FSM state operations: 

State 1 <SV = 0> <Delay = 1.48>
ST_1 : Operation 5 [1/1] (0.00ns)   --->   "%i = alloca i32 1" [./sha3.hpp:776]   --->   Operation 5 'alloca' 'i' <Predicate = true> <Delay = 0.00>
ST_1 : Operation 6 [1/1] (0.00ns)   --->   "%stateArray_1213 = alloca i32 1"   --->   Operation 6 'alloca' 'stateArray_1213' <Predicate = true> <Delay = 0.00>
ST_1 : Operation 7 [1/1] (0.00ns)   --->   "%stateArray_1_1 = alloca i32 1"   --->   Operation 7 'alloca' 'stateArray_1_1' <Predicate = true> <Delay = 0.00>
ST_1 : Operation 8 [1/1] (0.00ns)   --->   "%stateArray_2_1 = alloca i32 1"   --->   Operation 8 'alloca' 'stateArray_2_1' <Predicate = true> <Delay = 0.00>
ST_1 : Operation 9 [1/1] (0.00ns)   --->   "%stateArray_3_1 = alloca i32 1"   --->   Operation 9 'alloca' 'stateArray_3_1' <Predicate = true> <Delay = 0.00>
ST_1 : Operation 10 [1/1] (0.00ns)   --->   "%stateArray_4_1 = alloca i32 1"   --->   Operation 10 'alloca' 'stateArray_4_1' <Predicate = true> <Delay = 0.00>
ST_1 : Operation 11 [1/1] (0.00ns)   --->   "%stateArray_5_1 = alloca i32 1"   --->   Operation 11 'alloca' 'stateArray_5_1' <Predicate = true> <Delay = 0.00>
ST_1 : Operation 12 [1/1] (0.00ns)   --->   "%stateArray_6_1 = alloca i32 1"   --->   Operation 12 'alloca' 'stateArray_6_1' <Predicate = true> <Delay = 0.00>
ST_1 : Operation 13 [1/1] (0.00ns)   --->   "%stateArray_7_1 = alloca i32 1"   --->   Operation 13 'alloca' 'stateArray_7_1' <Predicate = true> <Delay = 0.00>
ST_1 : Operation 14 [1/1] (0.00ns)   --->   "%stateArray_8_1 = alloca i32 1"   --->   Operation 14 'alloca' 'stateArray_8_1' <Predicate = true> <Delay = 0.00>
ST_1 : Operation 15 [1/1] (0.00ns)   --->   "%stateArray_9_1 = alloca i32 1"   --->   Operation 15 'alloca' 'stateArray_9_1' <Predicate = true> <Delay = 0.00>
ST_1 : Operation 16 [1/1] (0.00ns)   --->   "%stateArray_10_1 = alloca i32 1"   --->   Operation 16 'alloca' 'stateArray_10_1' <Predicate = true> <Delay = 0.00>
ST_1 : Operation 17 [1/1] (0.00ns)   --->   "%stateArray_11_1 = alloca i32 1"   --->   Operation 17 'alloca' 'stateArray_11_1' <Predicate = true> <Delay = 0.00>
ST_1 : Operation 18 [1/1] (0.00ns)   --->   "%stateArray_12_1 = alloca i32 1"   --->   Operation 18 'alloca' 'stateArray_12_1' <Predicate = true> <Delay = 0.00>
ST_1 : Operation 19 [1/1] (0.00ns)   --->   "%stateArray_13_1 = alloca i32 1"   --->   Operation 19 'alloca' 'stateArray_13_1' <Predicate = true> <Delay = 0.00>
ST_1 : Operation 20 [1/1] (0.00ns)   --->   "%stateArray_14_1 = alloca i32 1"   --->   Operation 20 'alloca' 'stateArray_14_1' <Predicate = true> <Delay = 0.00>
ST_1 : Operation 21 [1/1] (0.00ns)   --->   "%stateArray_15_1 = alloca i32 1"   --->   Operation 21 'alloca' 'stateArray_15_1' <Predicate = true> <Delay = 0.00>
ST_1 : Operation 22 [1/1] (0.00ns)   --->   "%stateArray_16_1 = alloca i32 1"   --->   Operation 22 'alloca' 'stateArray_16_1' <Predicate = true> <Delay = 0.00>
ST_1 : Operation 23 [1/1] (0.00ns)   --->   "%specinterface_ln0 = specinterface void @_ssdm_op_SpecInterface, i64 %msgStrm, void @empty_46, i32 0, i32 0, void @empty_34, i32 0, i32 0, void @empty_34, void @empty_34, void @empty_34, i32 0, i32 0, i32 0, i32 0, void @empty_34, void @empty_34, i32 4294967295, i32 0, i32 0"   --->   Operation 23 'specinterface' 'specinterface_ln0' <Predicate = true> <Delay = 0.00>
ST_1 : Operation 24 [1/1] (0.00ns)   --->   "%stateArray_0_read = read i64 @_ssdm_op_Read.ap_auto.i64, i64 %stateArray_0"   --->   Operation 24 'read' 'stateArray_0_read' <Predicate = true> <Delay = 0.00>
ST_1 : Operation 25 [1/1] (0.00ns)   --->   "%stateArray_1_0_read = read i64 @_ssdm_op_Read.ap_auto.i64, i64 %stateArray_1_0"   --->   Operation 25 'read' 'stateArray_1_0_read' <Predicate = true> <Delay = 0.00>
ST_1 : Operation 26 [1/1] (0.00ns)   --->   "%stateArray_2_0_read = read i64 @_ssdm_op_Read.ap_auto.i64, i64 %stateArray_2_0"   --->   Operation 26 'read' 'stateArray_2_0_read' <Predicate = true> <Delay = 0.00>
ST_1 : Operation 27 [1/1] (0.00ns)   --->   "%stateArray_3_0_read = read i64 @_ssdm_op_Read.ap_auto.i64, i64 %stateArray_3_0"   --->   Operation 27 'read' 'stateArray_3_0_read' <Predicate = true> <Delay = 0.00>
ST_1 : Operation 28 [1/1] (0.00ns)   --->   "%stateArray_4_0_read = read i64 @_ssdm_op_Read.ap_auto.i64, i64 %stateArray_4_0"   --->   Operation 28 'read' 'stateArray_4_0_read' <Predicate = true> <Delay = 0.00>
ST_1 : Operation 29 [1/1] (0.00ns)   --->   "%stateArray_5_0_read = read i64 @_ssdm_op_Read.ap_auto.i64, i64 %stateArray_5_0"   --->   Operation 29 'read' 'stateArray_5_0_read' <Predicate = true> <Delay = 0.00>
ST_1 : Operation 30 [1/1] (0.00ns)   --->   "%stateArray_6_0_read = read i64 @_ssdm_op_Read.ap_auto.i64, i64 %stateArray_6_0"   --->   Operation 30 'read' 'stateArray_6_0_read' <Predicate = true> <Delay = 0.00>
ST_1 : Operation 31 [1/1] (0.00ns)   --->   "%stateArray_7_0_read = read i64 @_ssdm_op_Read.ap_auto.i64, i64 %stateArray_7_0"   --->   Operation 31 'read' 'stateArray_7_0_read' <Predicate = true> <Delay = 0.00>
ST_1 : Operation 32 [1/1] (0.00ns)   --->   "%stateArray_8_0_read = read i64 @_ssdm_op_Read.ap_auto.i64, i64 %stateArray_8_0"   --->   Operation 32 'read' 'stateArray_8_0_read' <Predicate = true> <Delay = 0.00>
ST_1 : Operation 33 [1/1] (0.00ns)   --->   "%stateArray_9_0_read = read i64 @_ssdm_op_Read.ap_auto.i64, i64 %stateArray_9_0"   --->   Operation 33 'read' 'stateArray_9_0_read' <Predicate = true> <Delay = 0.00>
ST_1 : Operation 34 [1/1] (0.00ns)   --->   "%stateArray_10_0_read = read i64 @_ssdm_op_Read.ap_auto.i64, i64 %stateArray_10_0"   --->   Operation 34 'read' 'stateArray_10_0_read' <Predicate = true> <Delay = 0.00>
ST_1 : Operation 35 [1/1] (0.00ns)   --->   "%stateArray_11_0_read = read i64 @_ssdm_op_Read.ap_auto.i64, i64 %stateArray_11_0"   --->   Operation 35 'read' 'stateArray_11_0_read' <Predicate = true> <Delay = 0.00>
ST_1 : Operation 36 [1/1] (0.00ns)   --->   "%stateArray_12_0_read = read i64 @_ssdm_op_Read.ap_auto.i64, i64 %stateArray_12_0"   --->   Operation 36 'read' 'stateArray_12_0_read' <Predicate = true> <Delay = 0.00>
ST_1 : Operation 37 [1/1] (0.00ns)   --->   "%stateArray_13_0_read = read i64 @_ssdm_op_Read.ap_auto.i64, i64 %stateArray_13_0"   --->   Operation 37 'read' 'stateArray_13_0_read' <Predicate = true> <Delay = 0.00>
ST_1 : Operation 38 [1/1] (0.00ns)   --->   "%stateArray_14_0_read = read i64 @_ssdm_op_Read.ap_auto.i64, i64 %stateArray_14_0"   --->   Operation 38 'read' 'stateArray_14_0_read' <Predicate = true> <Delay = 0.00>
ST_1 : Operation 39 [1/1] (0.00ns)   --->   "%stateArray_15_0_read = read i64 @_ssdm_op_Read.ap_auto.i64, i64 %stateArray_15_0"   --->   Operation 39 'read' 'stateArray_15_0_read' <Predicate = true> <Delay = 0.00>
ST_1 : Operation 40 [1/1] (0.00ns)   --->   "%stateArray_16_0_read = read i64 @_ssdm_op_Read.ap_auto.i64, i64 %stateArray_16_0"   --->   Operation 40 'read' 'stateArray_16_0_read' <Predicate = true> <Delay = 0.00>
ST_1 : Operation 41 [1/1] (0.38ns)   --->   "%store_ln0 = store i64 %stateArray_16_0_read, i64 %stateArray_16_1"   --->   Operation 41 'store' 'store_ln0' <Predicate = true> <Delay = 0.38>
ST_1 : Operation 42 [1/1] (0.38ns)   --->   "%store_ln0 = store i64 %stateArray_15_0_read, i64 %stateArray_15_1"   --->   Operation 42 'store' 'store_ln0' <Predicate = true> <Delay = 0.38>
ST_1 : Operation 43 [1/1] (0.38ns)   --->   "%store_ln0 = store i64 %stateArray_14_0_read, i64 %stateArray_14_1"   --->   Operation 43 'store' 'store_ln0' <Predicate = true> <Delay = 0.38>
ST_1 : Operation 44 [1/1] (0.38ns)   --->   "%store_ln0 = store i64 %stateArray_13_0_read, i64 %stateArray_13_1"   --->   Operation 44 'store' 'store_ln0' <Predicate = true> <Delay = 0.38>
ST_1 : Operation 45 [1/1] (0.38ns)   --->   "%store_ln0 = store i64 %stateArray_12_0_read, i64 %stateArray_12_1"   --->   Operation 45 'store' 'store_ln0' <Predicate = true> <Delay = 0.38>
ST_1 : Operation 46 [1/1] (0.38ns)   --->   "%store_ln0 = store i64 %stateArray_11_0_read, i64 %stateArray_11_1"   --->   Operation 46 'store' 'store_ln0' <Predicate = true> <Delay = 0.38>
ST_1 : Operation 47 [1/1] (0.38ns)   --->   "%store_ln0 = store i64 %stateArray_10_0_read, i64 %stateArray_10_1"   --->   Operation 47 'store' 'store_ln0' <Predicate = true> <Delay = 0.38>
ST_1 : Operation 48 [1/1] (0.38ns)   --->   "%store_ln0 = store i64 %stateArray_9_0_read, i64 %stateArray_9_1"   --->   Operation 48 'store' 'store_ln0' <Predicate = true> <Delay = 0.38>
ST_1 : Operation 49 [1/1] (0.38ns)   --->   "%store_ln0 = store i64 %stateArray_8_0_read, i64 %stateArray_8_1"   --->   Operation 49 'store' 'store_ln0' <Predicate = true> <Delay = 0.38>
ST_1 : Operation 50 [1/1] (0.38ns)   --->   "%store_ln0 = store i64 %stateArray_7_0_read, i64 %stateArray_7_1"   --->   Operation 50 'store' 'store_ln0' <Predicate = true> <Delay = 0.38>
ST_1 : Operation 51 [1/1] (0.38ns)   --->   "%store_ln0 = store i64 %stateArray_6_0_read, i64 %stateArray_6_1"   --->   Operation 51 'store' 'store_ln0' <Predicate = true> <Delay = 0.38>
ST_1 : Operation 52 [1/1] (0.38ns)   --->   "%store_ln0 = store i64 %stateArray_5_0_read, i64 %stateArray_5_1"   --->   Operation 52 'store' 'store_ln0' <Predicate = true> <Delay = 0.38>
ST_1 : Operation 53 [1/1] (0.38ns)   --->   "%store_ln0 = store i64 %stateArray_4_0_read, i64 %stateArray_4_1"   --->   Operation 53 'store' 'store_ln0' <Predicate = true> <Delay = 0.38>
ST_1 : Operation 54 [1/1] (0.38ns)   --->   "%store_ln0 = store i64 %stateArray_3_0_read, i64 %stateArray_3_1"   --->   Operation 54 'store' 'store_ln0' <Predicate = true> <Delay = 0.38>
ST_1 : Operation 55 [1/1] (0.38ns)   --->   "%store_ln0 = store i64 %stateArray_2_0_read, i64 %stateArray_2_1"   --->   Operation 55 'store' 'store_ln0' <Predicate = true> <Delay = 0.38>
ST_1 : Operation 56 [1/1] (0.38ns)   --->   "%store_ln0 = store i64 %stateArray_1_0_read, i64 %stateArray_1_1"   --->   Operation 56 'store' 'store_ln0' <Predicate = true> <Delay = 0.38>
ST_1 : Operation 57 [1/1] (0.38ns)   --->   "%store_ln0 = store i64 %stateArray_0_read, i64 %stateArray_1213"   --->   Operation 57 'store' 'store_ln0' <Predicate = true> <Delay = 0.38>
ST_1 : Operation 58 [1/1] (0.38ns)   --->   "%store_ln776 = store i5 0, i5 %i" [./sha3.hpp:776]   --->   Operation 58 'store' 'store_ln776' <Predicate = true> <Delay = 0.38>
ST_1 : Operation 59 [1/1] (0.00ns)   --->   "%br_ln776 = br void %for.inc21" [./sha3.hpp:776]   --->   Operation 59 'br' 'br_ln776' <Predicate = true> <Delay = 0.00>
ST_1 : Operation 60 [1/1] (0.00ns)   --->   "%i_2 = load i5 %i" [./sha3.hpp:776]   --->   Operation 60 'load' 'i_2' <Predicate = true> <Delay = 0.00>
ST_1 : Operation 61 [1/1] (0.70ns)   --->   "%icmp_ln776 = icmp_eq  i5 %i_2, i5 17" [./sha3.hpp:776]   --->   Operation 61 'icmp' 'icmp_ln776' <Predicate = true> <Delay = 0.70> <CoreInst = "Cmp">   --->   Core 9 'Cmp' <Latency = 0> <II = 1> <Delay = 0.70> <FuncUnit> <Opcode : 'seteq' 'setne' 'setle' 'setge' 'setlt' 'setgt'> <InPorts = 2> <OutPorts = 1>
ST_1 : Operation 62 [1/1] (0.70ns)   --->   "%add_ln776 = add i5 %i_2, i5 1" [./sha3.hpp:776]   --->   Operation 62 'add' 'add_ln776' <Predicate = true> <Delay = 0.70> <CoreInst = "Adder">   --->   Core 1 'Adder' <Latency = 0> <II = 1> <Delay = 0.70> <FuncUnit> <Opcode : 'add' 'sub'> <InPorts = 2> <OutPorts = 1>
ST_1 : Operation 63 [1/1] (0.00ns)   --->   "%br_ln776 = br i1 %icmp_ln776, void %for.inc21.split, void %for.end23.exitStub" [./sha3.hpp:776]   --->   Operation 63 'br' 'br_ln776' <Predicate = true> <Delay = 0.00>
ST_1 : Operation 64 [1/1] (0.38ns)   --->   "%store_ln776 = store i5 %add_ln776, i5 %i" [./sha3.hpp:776]   --->   Operation 64 'store' 'store_ln776' <Predicate = (!icmp_ln776)> <Delay = 0.38>
ST_1 : Operation 65 [1/1] (0.00ns)   --->   "%br_ln776 = br void %for.inc21" [./sha3.hpp:776]   --->   Operation 65 'br' 'br_ln776' <Predicate = (!icmp_ln776)> <Delay = 0.00>
ST_1 : Operation 124 [1/1] (0.00ns)   --->   "%stateArray_1213_load = load i64 %stateArray_1213"   --->   Operation 124 'load' 'stateArray_1213_load' <Predicate = (icmp_ln776)> <Delay = 0.00>
ST_1 : Operation 125 [1/1] (0.00ns)   --->   "%stateArray_1_1_load = load i64 %stateArray_1_1"   --->   Operation 125 'load' 'stateArray_1_1_load' <Predicate = (icmp_ln776)> <Delay = 0.00>
ST_1 : Operation 126 [1/1] (0.00ns)   --->   "%stateArray_2_1_load = load i64 %stateArray_2_1"   --->   Operation 126 'load' 'stateArray_2_1_load' <Predicate = (icmp_ln776)> <Delay = 0.00>
ST_1 : Operation 127 [1/1] (0.00ns)   --->   "%stateArray_3_1_load = load i64 %stateArray_3_1"   --->   Operation 127 'load' 'stateArray_3_1_load' <Predicate = (icmp_ln776)> <Delay = 0.00>
ST_1 : Operation 128 [1/1] (0.00ns)   --->   "%stateArray_4_1_load = load i64 %stateArray_4_1"   --->   Operation 128 'load' 'stateArray_4_1_load' <Predicate = (icmp_ln776)> <Delay = 0.00>
ST_1 : Operation 129 [1/1] (0.00ns)   --->   "%stateArray_5_1_load = load i64 %stateArray_5_1"   --->   Operation 129 'load' 'stateArray_5_1_load' <Predicate = (icmp_ln776)> <Delay = 0.00>
ST_1 : Operation 130 [1/1] (0.00ns)   --->   "%stateArray_6_1_load = load i64 %stateArray_6_1"   --->   Operation 130 'load' 'stateArray_6_1_load' <Predicate = (icmp_ln776)> <Delay = 0.00>
ST_1 : Operation 131 [1/1] (0.00ns)   --->   "%stateArray_7_1_load = load i64 %stateArray_7_1"   --->   Operation 131 'load' 'stateArray_7_1_load' <Predicate = (icmp_ln776)> <Delay = 0.00>
ST_1 : Operation 132 [1/1] (0.00ns)   --->   "%stateArray_8_1_load = load i64 %stateArray_8_1"   --->   Operation 132 'load' 'stateArray_8_1_load' <Predicate = (icmp_ln776)> <Delay = 0.00>
ST_1 : Operation 133 [1/1] (0.00ns)   --->   "%stateArray_9_1_load = load i64 %stateArray_9_1"   --->   Operation 133 'load' 'stateArray_9_1_load' <Predicate = (icmp_ln776)> <Delay = 0.00>
ST_1 : Operation 134 [1/1] (0.00ns)   --->   "%stateArray_10_1_load = load i64 %stateArray_10_1"   --->   Operation 134 'load' 'stateArray_10_1_load' <Predicate = (icmp_ln776)> <Delay = 0.00>
ST_1 : Operation 135 [1/1] (0.00ns)   --->   "%stateArray_11_1_load = load i64 %stateArray_11_1"   --->   Operation 135 'load' 'stateArray_11_1_load' <Predicate = (icmp_ln776)> <Delay = 0.00>
ST_1 : Operation 136 [1/1] (0.00ns)   --->   "%stateArray_12_1_load = load i64 %stateArray_12_1"   --->   Operation 136 'load' 'stateArray_12_1_load' <Predicate = (icmp_ln776)> <Delay = 0.00>
ST_1 : Operation 137 [1/1] (0.00ns)   --->   "%stateArray_13_1_load = load i64 %stateArray_13_1"   --->   Operation 137 'load' 'stateArray_13_1_load' <Predicate = (icmp_ln776)> <Delay = 0.00>
ST_1 : Operation 138 [1/1] (0.00ns)   --->   "%stateArray_14_1_load = load i64 %stateArray_14_1"   --->   Operation 138 'load' 'stateArray_14_1_load' <Predicate = (icmp_ln776)> <Delay = 0.00>
ST_1 : Operation 139 [1/1] (0.00ns)   --->   "%stateArray_15_1_load = load i64 %stateArray_15_1"   --->   Operation 139 'load' 'stateArray_15_1_load' <Predicate = (icmp_ln776)> <Delay = 0.00>
ST_1 : Operation 140 [1/1] (0.00ns)   --->   "%stateArray_16_1_load = load i64 %stateArray_16_1"   --->   Operation 140 'load' 'stateArray_16_1_load' <Predicate = (icmp_ln776)> <Delay = 0.00>
ST_1 : Operation 141 [1/1] (0.00ns)   --->   "%write_ln0 = write void @_ssdm_op_Write.ap_auto.i64P0A, i64 %stateArray_16_1_out, i64 %stateArray_16_1_load"   --->   Operation 141 'write' 'write_ln0' <Predicate = (icmp_ln776)> <Delay = 0.00>
ST_1 : Operation 142 [1/1] (0.00ns)   --->   "%write_ln0 = write void @_ssdm_op_Write.ap_auto.i64P0A, i64 %stateArray_15_1_out, i64 %stateArray_15_1_load"   --->   Operation 142 'write' 'write_ln0' <Predicate = (icmp_ln776)> <Delay = 0.00>
ST_1 : Operation 143 [1/1] (0.00ns)   --->   "%write_ln0 = write void @_ssdm_op_Write.ap_auto.i64P0A, i64 %stateArray_14_1_out, i64 %stateArray_14_1_load"   --->   Operation 143 'write' 'write_ln0' <Predicate = (icmp_ln776)> <Delay = 0.00>
ST_1 : Operation 144 [1/1] (0.00ns)   --->   "%write_ln0 = write void @_ssdm_op_Write.ap_auto.i64P0A, i64 %stateArray_13_1_out, i64 %stateArray_13_1_load"   --->   Operation 144 'write' 'write_ln0' <Predicate = (icmp_ln776)> <Delay = 0.00>
ST_1 : Operation 145 [1/1] (0.00ns)   --->   "%write_ln0 = write void @_ssdm_op_Write.ap_auto.i64P0A, i64 %stateArray_12_1_out, i64 %stateArray_12_1_load"   --->   Operation 145 'write' 'write_ln0' <Predicate = (icmp_ln776)> <Delay = 0.00>
ST_1 : Operation 146 [1/1] (0.00ns)   --->   "%write_ln0 = write void @_ssdm_op_Write.ap_auto.i64P0A, i64 %stateArray_11_1_out, i64 %stateArray_11_1_load"   --->   Operation 146 'write' 'write_ln0' <Predicate = (icmp_ln776)> <Delay = 0.00>
ST_1 : Operation 147 [1/1] (0.00ns)   --->   "%write_ln0 = write void @_ssdm_op_Write.ap_auto.i64P0A, i64 %stateArray_10_1_out, i64 %stateArray_10_1_load"   --->   Operation 147 'write' 'write_ln0' <Predicate = (icmp_ln776)> <Delay = 0.00>
ST_1 : Operation 148 [1/1] (0.00ns)   --->   "%write_ln0 = write void @_ssdm_op_Write.ap_auto.i64P0A, i64 %stateArray_9_1_out, i64 %stateArray_9_1_load"   --->   Operation 148 'write' 'write_ln0' <Predicate = (icmp_ln776)> <Delay = 0.00>
ST_1 : Operation 149 [1/1] (0.00ns)   --->   "%write_ln0 = write void @_ssdm_op_Write.ap_auto.i64P0A, i64 %stateArray_8_1_out, i64 %stateArray_8_1_load"   --->   Operation 149 'write' 'write_ln0' <Predicate = (icmp_ln776)> <Delay = 0.00>
ST_1 : Operation 150 [1/1] (0.00ns)   --->   "%write_ln0 = write void @_ssdm_op_Write.ap_auto.i64P0A, i64 %stateArray_7_1_out, i64 %stateArray_7_1_load"   --->   Operation 150 'write' 'write_ln0' <Predicate = (icmp_ln776)> <Delay = 0.00>
ST_1 : Operation 151 [1/1] (0.00ns)   --->   "%write_ln0 = write void @_ssdm_op_Write.ap_auto.i64P0A, i64 %stateArray_6_1_out, i64 %stateArray_6_1_load"   --->   Operation 151 'write' 'write_ln0' <Predicate = (icmp_ln776)> <Delay = 0.00>
ST_1 : Operation 152 [1/1] (0.00ns)   --->   "%write_ln0 = write void @_ssdm_op_Write.ap_auto.i64P0A, i64 %stateArray_5_1_out, i64 %stateArray_5_1_load"   --->   Operation 152 'write' 'write_ln0' <Predicate = (icmp_ln776)> <Delay = 0.00>
ST_1 : Operation 153 [1/1] (0.00ns)   --->   "%write_ln0 = write void @_ssdm_op_Write.ap_auto.i64P0A, i64 %stateArray_4_1_out, i64 %stateArray_4_1_load"   --->   Operation 153 'write' 'write_ln0' <Predicate = (icmp_ln776)> <Delay = 0.00>
ST_1 : Operation 154 [1/1] (0.00ns)   --->   "%write_ln0 = write void @_ssdm_op_Write.ap_auto.i64P0A, i64 %stateArray_3_1_out, i64 %stateArray_3_1_load"   --->   Operation 154 'write' 'write_ln0' <Predicate = (icmp_ln776)> <Delay = 0.00>
ST_1 : Operation 155 [1/1] (0.00ns)   --->   "%write_ln0 = write void @_ssdm_op_Write.ap_auto.i64P0A, i64 %stateArray_2_1_out, i64 %stateArray_2_1_load"   --->   Operation 155 'write' 'write_ln0' <Predicate = (icmp_ln776)> <Delay = 0.00>
ST_1 : Operation 156 [1/1] (0.00ns)   --->   "%write_ln0 = write void @_ssdm_op_Write.ap_auto.i64P0A, i64 %stateArray_1_1_out, i64 %stateArray_1_1_load"   --->   Operation 156 'write' 'write_ln0' <Predicate = (icmp_ln776)> <Delay = 0.00>
ST_1 : Operation 157 [1/1] (0.00ns)   --->   "%write_ln0 = write void @_ssdm_op_Write.ap_auto.i64P0A, i64 %stateArray_1213_out, i64 %stateArray_1213_load"   --->   Operation 157 'write' 'write_ln0' <Predicate = (icmp_ln776)> <Delay = 0.00>
ST_1 : Operation 158 [1/1] (0.38ns)   --->   "%ret_ln0 = ret"   --->   Operation 158 'ret' 'ret_ln0' <Predicate = (icmp_ln776)> <Delay = 0.38>

State 2 <SV = 1> <Delay = 2.08>
ST_2 : Operation 66 [1/1] (0.00ns)   --->   "%stateArray_1213_load_1 = load i64 %stateArray_1213" [./sha3.hpp:779]   --->   Operation 66 'load' 'stateArray_1213_load_1' <Predicate = (i_2 == 0)> <Delay = 0.00>
ST_2 : Operation 67 [1/1] (0.00ns)   --->   "%stateArray_1_1_load_1 = load i64 %stateArray_1_1" [./sha3.hpp:779]   --->   Operation 67 'load' 'stateArray_1_1_load_1' <Predicate = (i_2 == 1)> <Delay = 0.00>
ST_2 : Operation 68 [1/1] (0.00ns)   --->   "%stateArray_2_1_load_1 = load i64 %stateArray_2_1" [./sha3.hpp:779]   --->   Operation 68 'load' 'stateArray_2_1_load_1' <Predicate = (i_2 == 2)> <Delay = 0.00>
ST_2 : Operation 69 [1/1] (0.00ns)   --->   "%stateArray_3_1_load_1 = load i64 %stateArray_3_1" [./sha3.hpp:779]   --->   Operation 69 'load' 'stateArray_3_1_load_1' <Predicate = (i_2 == 3)> <Delay = 0.00>
ST_2 : Operation 70 [1/1] (0.00ns)   --->   "%stateArray_4_1_load_1 = load i64 %stateArray_4_1" [./sha3.hpp:779]   --->   Operation 70 'load' 'stateArray_4_1_load_1' <Predicate = (i_2 == 4)> <Delay = 0.00>
ST_2 : Operation 71 [1/1] (0.00ns)   --->   "%stateArray_5_1_load_1 = load i64 %stateArray_5_1" [./sha3.hpp:779]   --->   Operation 71 'load' 'stateArray_5_1_load_1' <Predicate = (i_2 == 5)> <Delay = 0.00>
ST_2 : Operation 72 [1/1] (0.00ns)   --->   "%stateArray_6_1_load_1 = load i64 %stateArray_6_1" [./sha3.hpp:779]   --->   Operation 72 'load' 'stateArray_6_1_load_1' <Predicate = (i_2 == 6)> <Delay = 0.00>
ST_2 : Operation 73 [1/1] (0.00ns)   --->   "%stateArray_7_1_load_1 = load i64 %stateArray_7_1" [./sha3.hpp:779]   --->   Operation 73 'load' 'stateArray_7_1_load_1' <Predicate = (i_2 == 7)> <Delay = 0.00>
ST_2 : Operation 74 [1/1] (0.00ns)   --->   "%stateArray_8_1_load_1 = load i64 %stateArray_8_1" [./sha3.hpp:779]   --->   Operation 74 'load' 'stateArray_8_1_load_1' <Predicate = (i_2 == 8)> <Delay = 0.00>
ST_2 : Operation 75 [1/1] (0.00ns)   --->   "%stateArray_9_1_load_1 = load i64 %stateArray_9_1" [./sha3.hpp:779]   --->   Operation 75 'load' 'stateArray_9_1_load_1' <Predicate = (i_2 == 9)> <Delay = 0.00>
ST_2 : Operation 76 [1/1] (0.00ns)   --->   "%stateArray_10_1_load_1 = load i64 %stateArray_10_1" [./sha3.hpp:779]   --->   Operation 76 'load' 'stateArray_10_1_load_1' <Predicate = (i_2 == 10)> <Delay = 0.00>
ST_2 : Operation 77 [1/1] (0.00ns)   --->   "%stateArray_11_1_load_1 = load i64 %stateArray_11_1" [./sha3.hpp:779]   --->   Operation 77 'load' 'stateArray_11_1_load_1' <Predicate = (i_2 == 11)> <Delay = 0.00>
ST_2 : Operation 78 [1/1] (0.00ns)   --->   "%stateArray_12_1_load_1 = load i64 %stateArray_12_1" [./sha3.hpp:779]   --->   Operation 78 'load' 'stateArray_12_1_load_1' <Predicate = (i_2 == 12)> <Delay = 0.00>
ST_2 : Operation 79 [1/1] (0.00ns)   --->   "%stateArray_13_1_load_1 = load i64 %stateArray_13_1" [./sha3.hpp:779]   --->   Operation 79 'load' 'stateArray_13_1_load_1' <Predicate = (i_2 == 13)> <Delay = 0.00>
ST_2 : Operation 80 [1/1] (0.00ns)   --->   "%stateArray_14_1_load_1 = load i64 %stateArray_14_1" [./sha3.hpp:779]   --->   Operation 80 'load' 'stateArray_14_1_load_1' <Predicate = (i_2 == 14)> <Delay = 0.00>
ST_2 : Operation 81 [1/1] (0.00ns)   --->   "%stateArray_15_1_load_1 = load i64 %stateArray_15_1" [./sha3.hpp:779]   --->   Operation 81 'load' 'stateArray_15_1_load_1' <Predicate = (i_2 == 15)> <Delay = 0.00>
ST_2 : Operation 82 [1/1] (0.00ns)   --->   "%stateArray_16_1_load_1 = load i64 %stateArray_16_1" [./sha3.hpp:779]   --->   Operation 82 'load' 'stateArray_16_1_load_1' <Predicate = (i_2 == 16)> <Delay = 0.00>
ST_2 : Operation 83 [1/1] (0.00ns)   --->   "%specpipeline_ln777 = specpipeline void @_ssdm_op_SpecPipeline, i32 1, i32 0, i32 0, i32 0, void @empty_34" [./sha3.hpp:777]   --->   Operation 83 'specpipeline' 'specpipeline_ln777' <Predicate = true> <Delay = 0.00>
ST_2 : Operation 84 [1/1] (0.00ns)   --->   "%speclooptripcount_ln776 = speclooptripcount void @_ssdm_op_SpecLoopTripCount, i64 17, i64 17, i64 17" [./sha3.hpp:776]   --->   Operation 84 'speclooptripcount' 'speclooptripcount_ln776' <Predicate = true> <Delay = 0.00>
ST_2 : Operation 85 [1/1] (0.00ns)   --->   "%specloopname_ln776 = specloopname void @_ssdm_op_SpecLoopName, void @empty_37" [./sha3.hpp:776]   --->   Operation 85 'specloopname' 'specloopname_ln776' <Predicate = true> <Delay = 0.00>
ST_2 : Operation 86 [1/1] ( I:1.40ns O:1.40ns )   --->   "%msgReg = read i64 @_ssdm_op_Read.ap_fifo.volatile.i64P0A, i64 %msgStrm" [./sha3.hpp:778]   --->   Operation 86 'read' 'msgReg' <Predicate = true> <Delay = 1.40> <CoreInst = "FIFO_SRL">   --->   Core 80 'FIFO_SRL' <Latency = 0> <II = 1> <Delay = 1.40> <Storage> <Opcode : 'read' 'write' 'nbread' 'nbwrite'> <Ports = 0> <Width = 64> <Depth = 2> <FIFO>
ST_2 : Operation 87 [1/1] (0.62ns)   --->   "%tmp_1 = sparsemux i64 @_ssdm_op_SparseMux.ap_auto.17i64.i64.i5, i5 0, i64 %stateArray_1213_load_1, i5 1, i64 %stateArray_1_1_load_1, i5 2, i64 %stateArray_2_1_load_1, i5 3, i64 %stateArray_3_1_load_1, i5 4, i64 %stateArray_4_1_load_1, i5 5, i64 %stateArray_5_1_load_1, i5 6, i64 %stateArray_6_1_load_1, i5 7, i64 %stateArray_7_1_load_1, i5 8, i64 %stateArray_8_1_load_1, i5 9, i64 %stateArray_9_1_load_1, i5 10, i64 %stateArray_10_1_load_1, i5 11, i64 %stateArray_11_1_load_1, i5 12, i64 %stateArray_12_1_load_1, i5 13, i64 %stateArray_13_1_load_1, i5 14, i64 %stateArray_14_1_load_1, i5 15, i64 %stateArray_15_1_load_1, i5 16, i64 %stateArray_16_1_load_1, i64 0, i5 %i_2" [./sha3.hpp:779]   --->   Operation 87 'sparsemux' 'tmp_1' <Predicate = true> <Delay = 0.62> <CoreInst = "BinarySparseMux_DontCare">   --->   Core 159 'BinarySparseMux_DontCare' <Latency = 0> <II = 1> <Delay = 0.62> <FuncUnit> <Opcode : 'sparsemux'> <InPorts = 2> <OutPorts = 1>
ST_2 : Operation 88 [1/1] (0.28ns)   --->   "%stateArray = xor i64 %msgReg, i64 %tmp_1" [./sha3.hpp:779]   --->   Operation 88 'xor' 'stateArray' <Predicate = true> <Delay = 0.28> <CoreInst = "LogicGate">   --->   Core 74 'LogicGate' <Latency = 0> <II = 1> <Delay = 0.28> <FuncUnit> <Opcode : 'and' 'or' 'xor'> <InPorts = 2> <OutPorts = 1>
ST_2 : Operation 89 [1/1] (0.70ns)   --->   "%switch_ln779 = switch i5 %i_2, void %V22.i624859.case.16, i5 0, void %for.inc21.split.V22.i624859.exit_crit_edge, i5 1, void %V22.i624859.case.1, i5 2, void %V22.i624859.case.2, i5 3, void %V22.i624859.case.3, i5 4, void %V22.i624859.case.4, i5 5, void %V22.i624859.case.5, i5 6, void %V22.i624859.case.6, i5 7, void %V22.i624859.case.7, i5 8, void %V22.i624859.case.8, i5 9, void %V22.i624859.case.9, i5 10, void %V22.i624859.case.10, i5 11, void %V22.i624859.case.11, i5 12, void %V22.i624859.case.12, i5 13, void %V22.i624859.case.13, i5 14, void %V22.i624859.case.14, i5 15, void %V22.i624859.case.15" [./sha3.hpp:779]   --->   Operation 89 'switch' 'switch_ln779' <Predicate = true> <Delay = 0.70>
ST_2 : Operation 90 [1/1] (0.38ns)   --->   "%store_ln779 = store i64 %stateArray, i64 %stateArray_15_1" [./sha3.hpp:779]   --->   Operation 90 'store' 'store_ln779' <Predicate = (i_2 == 15)> <Delay = 0.38>
ST_2 : Operation 91 [1/1] (0.00ns)   --->   "%br_ln779 = br void %V22.i624859.exit" [./sha3.hpp:779]   --->   Operation 91 'br' 'br_ln779' <Predicate = (i_2 == 15)> <Delay = 0.00>
ST_2 : Operation 92 [1/1] (0.38ns)   --->   "%store_ln779 = store i64 %stateArray, i64 %stateArray_14_1" [./sha3.hpp:779]   --->   Operation 92 'store' 'store_ln779' <Predicate = (i_2 == 14)> <Delay = 0.38>
ST_2 : Operation 93 [1/1] (0.00ns)   --->   "%br_ln779 = br void %V22.i624859.exit" [./sha3.hpp:779]   --->   Operation 93 'br' 'br_ln779' <Predicate = (i_2 == 14)> <Delay = 0.00>
ST_2 : Operation 94 [1/1] (0.38ns)   --->   "%store_ln779 = store i64 %stateArray, i64 %stateArray_13_1" [./sha3.hpp:779]   --->   Operation 94 'store' 'store_ln779' <Predicate = (i_2 == 13)> <Delay = 0.38>
ST_2 : Operation 95 [1/1] (0.00ns)   --->   "%br_ln779 = br void %V22.i624859.exit" [./sha3.hpp:779]   --->   Operation 95 'br' 'br_ln779' <Predicate = (i_2 == 13)> <Delay = 0.00>
ST_2 : Operation 96 [1/1] (0.38ns)   --->   "%store_ln779 = store i64 %stateArray, i64 %stateArray_12_1" [./sha3.hpp:779]   --->   Operation 96 'store' 'store_ln779' <Predicate = (i_2 == 12)> <Delay = 0.38>
ST_2 : Operation 97 [1/1] (0.00ns)   --->   "%br_ln779 = br void %V22.i624859.exit" [./sha3.hpp:779]   --->   Operation 97 'br' 'br_ln779' <Predicate = (i_2 == 12)> <Delay = 0.00>
ST_2 : Operation 98 [1/1] (0.38ns)   --->   "%store_ln779 = store i64 %stateArray, i64 %stateArray_11_1" [./sha3.hpp:779]   --->   Operation 98 'store' 'store_ln779' <Predicate = (i_2 == 11)> <Delay = 0.38>
ST_2 : Operation 99 [1/1] (0.00ns)   --->   "%br_ln779 = br void %V22.i624859.exit" [./sha3.hpp:779]   --->   Operation 99 'br' 'br_ln779' <Predicate = (i_2 == 11)> <Delay = 0.00>
ST_2 : Operation 100 [1/1] (0.38ns)   --->   "%store_ln779 = store i64 %stateArray, i64 %stateArray_10_1" [./sha3.hpp:779]   --->   Operation 100 'store' 'store_ln779' <Predicate = (i_2 == 10)> <Delay = 0.38>
ST_2 : Operation 101 [1/1] (0.00ns)   --->   "%br_ln779 = br void %V22.i624859.exit" [./sha3.hpp:779]   --->   Operation 101 'br' 'br_ln779' <Predicate = (i_2 == 10)> <Delay = 0.00>
ST_2 : Operation 102 [1/1] (0.38ns)   --->   "%store_ln779 = store i64 %stateArray, i64 %stateArray_9_1" [./sha3.hpp:779]   --->   Operation 102 'store' 'store_ln779' <Predicate = (i_2 == 9)> <Delay = 0.38>
ST_2 : Operation 103 [1/1] (0.00ns)   --->   "%br_ln779 = br void %V22.i624859.exit" [./sha3.hpp:779]   --->   Operation 103 'br' 'br_ln779' <Predicate = (i_2 == 9)> <Delay = 0.00>
ST_2 : Operation 104 [1/1] (0.38ns)   --->   "%store_ln779 = store i64 %stateArray, i64 %stateArray_8_1" [./sha3.hpp:779]   --->   Operation 104 'store' 'store_ln779' <Predicate = (i_2 == 8)> <Delay = 0.38>
ST_2 : Operation 105 [1/1] (0.00ns)   --->   "%br_ln779 = br void %V22.i624859.exit" [./sha3.hpp:779]   --->   Operation 105 'br' 'br_ln779' <Predicate = (i_2 == 8)> <Delay = 0.00>
ST_2 : Operation 106 [1/1] (0.38ns)   --->   "%store_ln779 = store i64 %stateArray, i64 %stateArray_7_1" [./sha3.hpp:779]   --->   Operation 106 'store' 'store_ln779' <Predicate = (i_2 == 7)> <Delay = 0.38>
ST_2 : Operation 107 [1/1] (0.00ns)   --->   "%br_ln779 = br void %V22.i624859.exit" [./sha3.hpp:779]   --->   Operation 107 'br' 'br_ln779' <Predicate = (i_2 == 7)> <Delay = 0.00>
ST_2 : Operation 108 [1/1] (0.38ns)   --->   "%store_ln779 = store i64 %stateArray, i64 %stateArray_6_1" [./sha3.hpp:779]   --->   Operation 108 'store' 'store_ln779' <Predicate = (i_2 == 6)> <Delay = 0.38>
ST_2 : Operation 109 [1/1] (0.00ns)   --->   "%br_ln779 = br void %V22.i624859.exit" [./sha3.hpp:779]   --->   Operation 109 'br' 'br_ln779' <Predicate = (i_2 == 6)> <Delay = 0.00>
ST_2 : Operation 110 [1/1] (0.38ns)   --->   "%store_ln779 = store i64 %stateArray, i64 %stateArray_5_1" [./sha3.hpp:779]   --->   Operation 110 'store' 'store_ln779' <Predicate = (i_2 == 5)> <Delay = 0.38>
ST_2 : Operation 111 [1/1] (0.00ns)   --->   "%br_ln779 = br void %V22.i624859.exit" [./sha3.hpp:779]   --->   Operation 111 'br' 'br_ln779' <Predicate = (i_2 == 5)> <Delay = 0.00>
ST_2 : Operation 112 [1/1] (0.38ns)   --->   "%store_ln779 = store i64 %stateArray, i64 %stateArray_4_1" [./sha3.hpp:779]   --->   Operation 112 'store' 'store_ln779' <Predicate = (i_2 == 4)> <Delay = 0.38>
ST_2 : Operation 113 [1/1] (0.00ns)   --->   "%br_ln779 = br void %V22.i624859.exit" [./sha3.hpp:779]   --->   Operation 113 'br' 'br_ln779' <Predicate = (i_2 == 4)> <Delay = 0.00>
ST_2 : Operation 114 [1/1] (0.38ns)   --->   "%store_ln779 = store i64 %stateArray, i64 %stateArray_3_1" [./sha3.hpp:779]   --->   Operation 114 'store' 'store_ln779' <Predicate = (i_2 == 3)> <Delay = 0.38>
ST_2 : Operation 115 [1/1] (0.00ns)   --->   "%br_ln779 = br void %V22.i624859.exit" [./sha3.hpp:779]   --->   Operation 115 'br' 'br_ln779' <Predicate = (i_2 == 3)> <Delay = 0.00>
ST_2 : Operation 116 [1/1] (0.38ns)   --->   "%store_ln779 = store i64 %stateArray, i64 %stateArray_2_1" [./sha3.hpp:779]   --->   Operation 116 'store' 'store_ln779' <Predicate = (i_2 == 2)> <Delay = 0.38>
ST_2 : Operation 117 [1/1] (0.00ns)   --->   "%br_ln779 = br void %V22.i624859.exit" [./sha3.hpp:779]   --->   Operation 117 'br' 'br_ln779' <Predicate = (i_2 == 2)> <Delay = 0.00>
ST_2 : Operation 118 [1/1] (0.38ns)   --->   "%store_ln779 = store i64 %stateArray, i64 %stateArray_1_1" [./sha3.hpp:779]   --->   Operation 118 'store' 'store_ln779' <Predicate = (i_2 == 1)> <Delay = 0.38>
ST_2 : Operation 119 [1/1] (0.00ns)   --->   "%br_ln779 = br void %V22.i624859.exit" [./sha3.hpp:779]   --->   Operation 119 'br' 'br_ln779' <Predicate = (i_2 == 1)> <Delay = 0.00>
ST_2 : Operation 120 [1/1] (0.38ns)   --->   "%store_ln779 = store i64 %stateArray, i64 %stateArray_1213" [./sha3.hpp:779]   --->   Operation 120 'store' 'store_ln779' <Predicate = (i_2 == 0)> <Delay = 0.38>
ST_2 : Operation 121 [1/1] (0.00ns)   --->   "%br_ln779 = br void %V22.i624859.exit" [./sha3.hpp:779]   --->   Operation 121 'br' 'br_ln779' <Predicate = (i_2 == 0)> <Delay = 0.00>
ST_2 : Operation 122 [1/1] (0.38ns)   --->   "%store_ln779 = store i64 %stateArray, i64 %stateArray_16_1" [./sha3.hpp:779]   --->   Operation 122 'store' 'store_ln779' <Predicate = (i_2 != 0 & i_2 != 1 & i_2 != 2 & i_2 != 3 & i_2 != 4 & i_2 != 5 & i_2 != 6 & i_2 != 7 & i_2 != 8 & i_2 != 9 & i_2 != 10 & i_2 != 11 & i_2 != 12 & i_2 != 13 & i_2 != 14 & i_2 != 15)> <Delay = 0.38>
ST_2 : Operation 123 [1/1] (0.00ns)   --->   "%br_ln779 = br void %V22.i624859.exit" [./sha3.hpp:779]   --->   Operation 123 'br' 'br_ln779' <Predicate = (i_2 != 0 & i_2 != 1 & i_2 != 2 & i_2 != 3 & i_2 != 4 & i_2 != 5 & i_2 != 6 & i_2 != 7 & i_2 != 8 & i_2 != 9 & i_2 != 10 & i_2 != 11 & i_2 != 12 & i_2 != 13 & i_2 != 14 & i_2 != 15)> <Delay = 0.00>


============================================================
+ Verbose Summary: Timing violations
============================================================
Target clock period: 5.000ns, clock uncertainty: 0.000ns.

 <State 1>: 1.481ns
The critical path consists of the following:
	'store' operation 0 bit ('store_ln776', ./sha3.hpp:776) of constant 0 on local variable 'i', ./sha3.hpp:776 [89]  (0.387 ns)
	'load' operation 5 bit ('i', ./sha3.hpp:776) on local variable 'i', ./sha3.hpp:776 [92]  (0.000 ns)
	'icmp' operation 1 bit ('icmp_ln776', ./sha3.hpp:776) [93]  (0.707 ns)
	'store' operation 0 bit ('store_ln776', ./sha3.hpp:776) of variable 'add_ln776', ./sha3.hpp:776 on local variable 'i', ./sha3.hpp:776 [173]  (0.387 ns)

 <State 2>: 2.085ns
The critical path consists of the following:
	fifo read operation ('msgReg', ./sha3.hpp:778) on port 'msgStrm' (./sha3.hpp:778) [117]  (1.409 ns)
	'xor' operation 64 bit ('stateArray', ./sha3.hpp:779) [119]  (0.289 ns)
	'store' operation 0 bit ('store_ln779', ./sha3.hpp:779) of variable 'stateArray', ./sha3.hpp:779 on local variable 'stateArray_2_1' [161]  (0.387 ns)


============================================================
+ Verbose Summary: Binding
============================================================
N/A
* FSMD analyzer results:
  - Output states:
 - Input state : 
  - Chain level:
	State 1
	State 2


============================================================
+ Verbose Summary: Datapath Resource usage 
============================================================
N/A
