

================================================================
== Vitis HLS Report for 'build_VOLE'
================================================================
* Date:           Mon Nov 17 18:42:05 2025

* Version:        2025.1 (Build 6135595 on May 21 2025)
* Project:        hls_component
* Solution:       hls (Vivado IP Flow Target)
* Product family: virtexuplus
* Target device:  xcu250-figd2104-2L-e


================================================================
== Performance Estimates
================================================================
+ Timing: 
    * Summary: 
    +--------+---------+----------+------------+
    |  Clock |  Target | Estimated| Uncertainty|
    +--------+---------+----------+------------+
    |ap_clk  |  5.00 ns|  3.444 ns|        0 ns|
    +--------+---------+----------+------------+

+ Latency: 
    * Summary: 
    +---------+---------+-----------+-----------+-------+-------+------------------------------------------------+
    |  Latency (cycles) |   Latency (absolute)  |    Interval   |                    Pipeline                    |
    |   min   |   max   |    min    |    max    |  min  |  max  |                      Type                      |
    +---------+---------+-----------+-----------+-------+-------+------------------------------------------------+
    |    10114|    10114|  50.570 us|  50.570 us|  10113|  10113|  loop auto-rewind stp (delay=0 clock cycles(s))|
    +---------+---------+-----------+-----------+-------+-------+------------------------------------------------+

    + Detail: 
        * Instance: 
        N/A

        * Loop: 
        +----------------------------------+---------+---------+----------+-----------+-----------+-------+----------+
        |                                  |  Latency (cycles) | Iteration|  Initiation Interval  |  Trip |          |
        |             Loop Name            |   min   |   max   |  Latency |  achieved |   target  | Count | Pipelined|
        +----------------------------------+---------+---------+----------+-----------+-----------+-------+----------+
        |- PROCESS_BATCHES_PROCESS_CHUNKS  |    10112|    10112|         2|          1|          1|  10112|       yes|
        +----------------------------------+---------+---------+----------+-----------+-----------+-------+----------+



================================================================
== Utilization Estimates
================================================================
* Summary: 
+---------------------+---------+-------+---------+---------+------+
|         Name        | BRAM_18K|  DSP  |    FF   |   LUT   | URAM |
+---------------------+---------+-------+---------+---------+------+
|DSP                  |        -|      -|        -|        -|     -|
|Expression           |        -|      -|        0|     1147|     -|
|FIFO                 |        -|      -|        -|        -|     -|
|Instance             |        -|      -|        -|        -|     -|
|Memory               |        -|      -|        -|        -|     -|
|Multiplexer          |        -|      -|        0|     1278|     -|
|Register             |        -|      -|       40|        -|     -|
+---------------------+---------+-------+---------+---------+------+
|Total                |        0|      0|       40|     2425|     0|
+---------------------+---------+-------+---------+---------+------+
|Available SLR        |     1344|   3072|   864000|   432000|   320|
+---------------------+---------+-------+---------+---------+------+
|Utilization SLR (%)  |        0|      0|       ~0|       ~0|     0|
+---------------------+---------+-------+---------+---------+------+
|Available            |     5376|  12288|  3456000|  1728000|  1280|
+---------------------+---------+-------+---------+---------+------+
|Utilization (%)      |        0|      0|       ~0|       ~0|     0|
+---------------------+---------+-------+---------+---------+------+

+ Detail: 
    * Instance: 
    N/A

    * DSP: 
    N/A

    * Memory: 
    N/A

    * FIFO: 
    N/A

    * Expression: 
    +---------------------------------------+----------+----+---+-----+------------+------------+
    |             Variable Name             | Operation| DSP| FF| LUT | Bitwidth P0| Bitwidth P1|
    +---------------------------------------+----------+----+---+-----+------------+------------+
    |add_ln48_1_fu_1409_p2                  |         +|   0|  0|   14|           7|           1|
    |add_ln48_fu_1400_p2                    |         +|   0|  0|   21|          14|           1|
    |add_ln49_fu_1569_p2                    |         +|   0|  0|   15|           8|           1|
    |ap_condition_1610                      |       and|   0|  0|    2|           1|           1|
    |cmp76_fu_1433_p2                       |      icmp|   0|  0|   14|           7|           1|
    |icmp_ln48_fu_1394_p2                   |      icmp|   0|  0|   21|          14|          14|
    |icmp_ln49_fu_1415_p2                   |      icmp|   0|  0|   15|           8|           8|
    |ap_block_pp0_stage0_01001_grp1         |        or|   0|  0|    2|           1|           1|
    |ap_block_state2_pp0_stage0_iter1_grp1  |        or|   0|  0|    2|           1|           1|
    |s_5_fu_1575_p3                         |    select|   0|  0|    8|           1|           1|
    |select_ln48_fu_1421_p3                 |    select|   0|  0|    7|           1|           7|
    |ap_enable_pp0                          |       xor|   0|  0|    2|           1|           2|
    |u_strm_din                             |       xor|   0|  0|  256|         256|         256|
    |xor_ln71_fu_1598_p2                    |       xor|   0|  0|  256|         256|         256|
    |xor_ln72_1_fu_1738_p2                  |       xor|   0|  0|  256|         256|         256|
    |xor_ln72_fu_1668_p2                    |       xor|   0|  0|  256|         256|         256|
    +---------------------------------------+----------+----+---+-----+------------+------------+
    |Total                                  |          |   0|  0| 1147|        1088|        1063|
    +---------------------------------------+----------+----+---+-----+------------+------------+

    * Multiplexer: 
    +--------------------------------------+----+-----------+-----+-----------+
    |                 Name                 | LUT| Input Size| Bits| Total Bits|
    +--------------------------------------+----+-----------+-----+-----------+
    |ap_done_int                           |   9|          2|    1|          2|
    |ap_enable_reg_pp0_iter1               |   9|          2|    1|          2|
    |ap_sig_allocacmp_indvar_flatten_load  |   9|          2|   14|         28|
    |ap_sig_allocacmp_s_4                  |   9|          2|    8|         16|
    |ap_sig_allocacmp_t_load               |   9|          2|    7|         14|
    |indvar_flatten_fu_442                 |   9|          2|   14|         28|
    |r_strm_0_blk_n                        |   9|          2|    1|          2|
    |r_strm_1_blk_n                        |   9|          2|    1|          2|
    |r_strm_2_blk_n                        |   9|          2|    1|          2|
    |r_strm_3_blk_n                        |   9|          2|    1|          2|
    |real_start                            |   9|          2|    1|          2|
    |s_fu_434                              |   9|          2|    8|         16|
    |t_fu_438                              |   9|          2|    7|         14|
    |u_strm_blk_n                          |   9|          2|    1|          2|
    |v_strm_0_0_blk_n                      |   9|          2|    1|          2|
    |v_strm_0_1_blk_n                      |   9|          2|    1|          2|
    |v_strm_10_0_blk_n                     |   9|          2|    1|          2|
    |v_strm_10_1_blk_n                     |   9|          2|    1|          2|
    |v_strm_11_0_blk_n                     |   9|          2|    1|          2|
    |v_strm_11_1_blk_n                     |   9|          2|    1|          2|
    |v_strm_12_0_blk_n                     |   9|          2|    1|          2|
    |v_strm_12_1_blk_n                     |   9|          2|    1|          2|
    |v_strm_13_0_blk_n                     |   9|          2|    1|          2|
    |v_strm_13_1_blk_n                     |   9|          2|    1|          2|
    |v_strm_14_0_blk_n                     |   9|          2|    1|          2|
    |v_strm_14_1_blk_n                     |   9|          2|    1|          2|
    |v_strm_15_0_blk_n                     |   9|          2|    1|          2|
    |v_strm_15_1_blk_n                     |   9|          2|    1|          2|
    |v_strm_16_0_blk_n                     |   9|          2|    1|          2|
    |v_strm_16_1_blk_n                     |   9|          2|    1|          2|
    |v_strm_17_0_blk_n                     |   9|          2|    1|          2|
    |v_strm_17_1_blk_n                     |   9|          2|    1|          2|
    |v_strm_18_0_blk_n                     |   9|          2|    1|          2|
    |v_strm_18_1_blk_n                     |   9|          2|    1|          2|
    |v_strm_19_0_blk_n                     |   9|          2|    1|          2|
    |v_strm_19_1_blk_n                     |   9|          2|    1|          2|
    |v_strm_1_0_blk_n                      |   9|          2|    1|          2|
    |v_strm_1_1_blk_n                      |   9|          2|    1|          2|
    |v_strm_20_0_blk_n                     |   9|          2|    1|          2|
    |v_strm_20_1_blk_n                     |   9|          2|    1|          2|
    |v_strm_21_0_blk_n                     |   9|          2|    1|          2|
    |v_strm_21_1_blk_n                     |   9|          2|    1|          2|
    |v_strm_22_0_blk_n                     |   9|          2|    1|          2|
    |v_strm_22_1_blk_n                     |   9|          2|    1|          2|
    |v_strm_23_0_blk_n                     |   9|          2|    1|          2|
    |v_strm_23_1_blk_n                     |   9|          2|    1|          2|
    |v_strm_24_0_blk_n                     |   9|          2|    1|          2|
    |v_strm_24_1_blk_n                     |   9|          2|    1|          2|
    |v_strm_25_0_blk_n                     |   9|          2|    1|          2|
    |v_strm_25_1_blk_n                     |   9|          2|    1|          2|
    |v_strm_26_0_blk_n                     |   9|          2|    1|          2|
    |v_strm_26_1_blk_n                     |   9|          2|    1|          2|
    |v_strm_27_0_blk_n                     |   9|          2|    1|          2|
    |v_strm_27_1_blk_n                     |   9|          2|    1|          2|
    |v_strm_28_0_blk_n                     |   9|          2|    1|          2|
    |v_strm_28_1_blk_n                     |   9|          2|    1|          2|
    |v_strm_29_0_blk_n                     |   9|          2|    1|          2|
    |v_strm_29_1_blk_n                     |   9|          2|    1|          2|
    |v_strm_2_0_blk_n                      |   9|          2|    1|          2|
    |v_strm_2_1_blk_n                      |   9|          2|    1|          2|
    |v_strm_30_0_blk_n                     |   9|          2|    1|          2|
    |v_strm_30_1_blk_n                     |   9|          2|    1|          2|
    |v_strm_31_0_blk_n                     |   9|          2|    1|          2|
    |v_strm_31_1_blk_n                     |   9|          2|    1|          2|
    |v_strm_32_0_blk_n                     |   9|          2|    1|          2|
    |v_strm_32_1_blk_n                     |   9|          2|    1|          2|
    |v_strm_33_0_blk_n                     |   9|          2|    1|          2|
    |v_strm_33_1_blk_n                     |   9|          2|    1|          2|
    |v_strm_34_0_blk_n                     |   9|          2|    1|          2|
    |v_strm_34_1_blk_n                     |   9|          2|    1|          2|
    |v_strm_35_0_blk_n                     |   9|          2|    1|          2|
    |v_strm_35_1_blk_n                     |   9|          2|    1|          2|
    |v_strm_36_0_blk_n                     |   9|          2|    1|          2|
    |v_strm_36_1_blk_n                     |   9|          2|    1|          2|
    |v_strm_37_0_blk_n                     |   9|          2|    1|          2|
    |v_strm_37_1_blk_n                     |   9|          2|    1|          2|
    |v_strm_38_0_blk_n                     |   9|          2|    1|          2|
    |v_strm_38_1_blk_n                     |   9|          2|    1|          2|
    |v_strm_39_0_blk_n                     |   9|          2|    1|          2|
    |v_strm_39_1_blk_n                     |   9|          2|    1|          2|
    |v_strm_3_0_blk_n                      |   9|          2|    1|          2|
    |v_strm_3_1_blk_n                      |   9|          2|    1|          2|
    |v_strm_40_0_blk_n                     |   9|          2|    1|          2|
    |v_strm_40_1_blk_n                     |   9|          2|    1|          2|
    |v_strm_41_0_blk_n                     |   9|          2|    1|          2|
    |v_strm_41_1_blk_n                     |   9|          2|    1|          2|
    |v_strm_42_0_blk_n                     |   9|          2|    1|          2|
    |v_strm_42_1_blk_n                     |   9|          2|    1|          2|
    |v_strm_43_0_blk_n                     |   9|          2|    1|          2|
    |v_strm_43_1_blk_n                     |   9|          2|    1|          2|
    |v_strm_44_0_blk_n                     |   9|          2|    1|          2|
    |v_strm_44_1_blk_n                     |   9|          2|    1|          2|
    |v_strm_45_0_blk_n                     |   9|          2|    1|          2|
    |v_strm_45_1_blk_n                     |   9|          2|    1|          2|
    |v_strm_46_0_blk_n                     |   9|          2|    1|          2|
    |v_strm_46_1_blk_n                     |   9|          2|    1|          2|
    |v_strm_47_0_blk_n                     |   9|          2|    1|          2|
    |v_strm_47_1_blk_n                     |   9|          2|    1|          2|
    |v_strm_48_0_blk_n                     |   9|          2|    1|          2|
    |v_strm_48_1_blk_n                     |   9|          2|    1|          2|
    |v_strm_49_0_blk_n                     |   9|          2|    1|          2|
    |v_strm_49_1_blk_n                     |   9|          2|    1|          2|
    |v_strm_4_0_blk_n                      |   9|          2|    1|          2|
    |v_strm_4_1_blk_n                      |   9|          2|    1|          2|
    |v_strm_50_0_blk_n                     |   9|          2|    1|          2|
    |v_strm_50_1_blk_n                     |   9|          2|    1|          2|
    |v_strm_51_0_blk_n                     |   9|          2|    1|          2|
    |v_strm_51_1_blk_n                     |   9|          2|    1|          2|
    |v_strm_52_0_blk_n                     |   9|          2|    1|          2|
    |v_strm_52_1_blk_n                     |   9|          2|    1|          2|
    |v_strm_53_0_blk_n                     |   9|          2|    1|          2|
    |v_strm_53_1_blk_n                     |   9|          2|    1|          2|
    |v_strm_54_0_blk_n                     |   9|          2|    1|          2|
    |v_strm_54_1_blk_n                     |   9|          2|    1|          2|
    |v_strm_55_0_blk_n                     |   9|          2|    1|          2|
    |v_strm_55_1_blk_n                     |   9|          2|    1|          2|
    |v_strm_56_0_blk_n                     |   9|          2|    1|          2|
    |v_strm_56_1_blk_n                     |   9|          2|    1|          2|
    |v_strm_57_0_blk_n                     |   9|          2|    1|          2|
    |v_strm_57_1_blk_n                     |   9|          2|    1|          2|
    |v_strm_58_0_blk_n                     |   9|          2|    1|          2|
    |v_strm_58_1_blk_n                     |   9|          2|    1|          2|
    |v_strm_59_0_blk_n                     |   9|          2|    1|          2|
    |v_strm_59_1_blk_n                     |   9|          2|    1|          2|
    |v_strm_5_0_blk_n                      |   9|          2|    1|          2|
    |v_strm_5_1_blk_n                      |   9|          2|    1|          2|
    |v_strm_60_0_blk_n                     |   9|          2|    1|          2|
    |v_strm_60_1_blk_n                     |   9|          2|    1|          2|
    |v_strm_61_0_blk_n                     |   9|          2|    1|          2|
    |v_strm_61_1_blk_n                     |   9|          2|    1|          2|
    |v_strm_62_0_blk_n                     |   9|          2|    1|          2|
    |v_strm_62_1_blk_n                     |   9|          2|    1|          2|
    |v_strm_63_0_blk_n                     |   9|          2|    1|          2|
    |v_strm_63_1_blk_n                     |   9|          2|    1|          2|
    |v_strm_6_0_blk_n                      |   9|          2|    1|          2|
    |v_strm_6_1_blk_n                      |   9|          2|    1|          2|
    |v_strm_7_0_blk_n                      |   9|          2|    1|          2|
    |v_strm_7_1_blk_n                      |   9|          2|    1|          2|
    |v_strm_8_0_blk_n                      |   9|          2|    1|          2|
    |v_strm_8_1_blk_n                      |   9|          2|    1|          2|
    |v_strm_9_0_blk_n                      |   9|          2|    1|          2|
    |v_strm_9_1_blk_n                      |   9|          2|    1|          2|
    +--------------------------------------+----+-----------+-----+-----------+
    |Total                                 |1278|        284|  194|        388|
    +--------------------------------------+----+-----------+-----+-----------+

    * Register: 
    +-------------------------+----+----+-----+-----------+
    |           Name          | FF | LUT| Bits| Const Bits|
    +-------------------------+----+----+-----+-----------+
    |ap_CS_fsm                |   1|   0|    1|          0|
    |ap_done_reg              |   1|   0|    1|          0|
    |ap_enable_reg_pp0_iter1  |   1|   0|    1|          0|
    |cmp76_reg_1779           |   1|   0|    1|          0|
    |indvar_flatten_fu_442    |  14|   0|   14|          0|
    |s_fu_434                 |   8|   0|    8|          0|
    |start_once_reg           |   1|   0|    1|          0|
    |t_fu_438                 |   7|   0|    7|          0|
    |trunc_ln48_reg_1775      |   6|   0|    6|          0|
    +-------------------------+----+----+-----+-----------+
    |Total                    |  40|   0|   40|          0|
    +-------------------------+----+----+-----+-----------+



================================================================
== Interface
================================================================
* Summary: 
+----------------------------+-----+-----+------------+--------------+--------------+
|          RTL Ports         | Dir | Bits|  Protocol  | Source Object|    C Type    |
+----------------------------+-----+-----+------------+--------------+--------------+
|ap_clk                      |   in|    1|  ap_ctrl_hs|    build_VOLE|  return value|
|ap_rst                      |   in|    1|  ap_ctrl_hs|    build_VOLE|  return value|
|ap_start                    |   in|    1|  ap_ctrl_hs|    build_VOLE|  return value|
|start_full_n                |   in|    1|  ap_ctrl_hs|    build_VOLE|  return value|
|ap_done                     |  out|    1|  ap_ctrl_hs|    build_VOLE|  return value|
|ap_continue                 |   in|    1|  ap_ctrl_hs|    build_VOLE|  return value|
|ap_idle                     |  out|    1|  ap_ctrl_hs|    build_VOLE|  return value|
|ap_ready                    |  out|    1|  ap_ctrl_hs|    build_VOLE|  return value|
|start_out                   |  out|    1|  ap_ctrl_hs|    build_VOLE|  return value|
|start_write                 |  out|    1|  ap_ctrl_hs|    build_VOLE|  return value|
|r_strm_0_dout               |   in|  256|     ap_fifo|      r_strm_0|       pointer|
|r_strm_0_empty_n            |   in|    1|     ap_fifo|      r_strm_0|       pointer|
|r_strm_0_read               |  out|    1|     ap_fifo|      r_strm_0|       pointer|
|r_strm_0_num_data_valid     |   in|    3|     ap_fifo|      r_strm_0|       pointer|
|r_strm_0_fifo_cap           |   in|    3|     ap_fifo|      r_strm_0|       pointer|
|r_strm_1_dout               |   in|  256|     ap_fifo|      r_strm_1|       pointer|
|r_strm_1_empty_n            |   in|    1|     ap_fifo|      r_strm_1|       pointer|
|r_strm_1_read               |  out|    1|     ap_fifo|      r_strm_1|       pointer|
|r_strm_1_num_data_valid     |   in|    3|     ap_fifo|      r_strm_1|       pointer|
|r_strm_1_fifo_cap           |   in|    3|     ap_fifo|      r_strm_1|       pointer|
|r_strm_2_dout               |   in|  256|     ap_fifo|      r_strm_2|       pointer|
|r_strm_2_empty_n            |   in|    1|     ap_fifo|      r_strm_2|       pointer|
|r_strm_2_read               |  out|    1|     ap_fifo|      r_strm_2|       pointer|
|r_strm_2_num_data_valid     |   in|    3|     ap_fifo|      r_strm_2|       pointer|
|r_strm_2_fifo_cap           |   in|    3|     ap_fifo|      r_strm_2|       pointer|
|r_strm_3_dout               |   in|  256|     ap_fifo|      r_strm_3|       pointer|
|r_strm_3_empty_n            |   in|    1|     ap_fifo|      r_strm_3|       pointer|
|r_strm_3_read               |  out|    1|     ap_fifo|      r_strm_3|       pointer|
|r_strm_3_num_data_valid     |   in|    3|     ap_fifo|      r_strm_3|       pointer|
|r_strm_3_fifo_cap           |   in|    3|     ap_fifo|      r_strm_3|       pointer|
|v_strm_62_0_din             |  out|  256|     ap_fifo|   v_strm_62_0|       pointer|
|v_strm_62_0_full_n          |   in|    1|     ap_fifo|   v_strm_62_0|       pointer|
|v_strm_62_0_write           |  out|    1|     ap_fifo|   v_strm_62_0|       pointer|
|v_strm_62_0_num_data_valid  |   in|   32|     ap_fifo|   v_strm_62_0|       pointer|
|v_strm_62_0_fifo_cap        |   in|   32|     ap_fifo|   v_strm_62_0|       pointer|
|v_strm_62_1_din             |  out|  256|     ap_fifo|   v_strm_62_1|       pointer|
|v_strm_62_1_full_n          |   in|    1|     ap_fifo|   v_strm_62_1|       pointer|
|v_strm_62_1_write           |  out|    1|     ap_fifo|   v_strm_62_1|       pointer|
|v_strm_62_1_num_data_valid  |   in|   32|     ap_fifo|   v_strm_62_1|       pointer|
|v_strm_62_1_fifo_cap        |   in|   32|     ap_fifo|   v_strm_62_1|       pointer|
|v_strm_61_0_din             |  out|  256|     ap_fifo|   v_strm_61_0|       pointer|
|v_strm_61_0_full_n          |   in|    1|     ap_fifo|   v_strm_61_0|       pointer|
|v_strm_61_0_write           |  out|    1|     ap_fifo|   v_strm_61_0|       pointer|
|v_strm_61_0_num_data_valid  |   in|   32|     ap_fifo|   v_strm_61_0|       pointer|
|v_strm_61_0_fifo_cap        |   in|   32|     ap_fifo|   v_strm_61_0|       pointer|
|v_strm_61_1_din             |  out|  256|     ap_fifo|   v_strm_61_1|       pointer|
|v_strm_61_1_full_n          |   in|    1|     ap_fifo|   v_strm_61_1|       pointer|
|v_strm_61_1_write           |  out|    1|     ap_fifo|   v_strm_61_1|       pointer|
|v_strm_61_1_num_data_valid  |   in|   32|     ap_fifo|   v_strm_61_1|       pointer|
|v_strm_61_1_fifo_cap        |   in|   32|     ap_fifo|   v_strm_61_1|       pointer|
|v_strm_60_0_din             |  out|  256|     ap_fifo|   v_strm_60_0|       pointer|
|v_strm_60_0_full_n          |   in|    1|     ap_fifo|   v_strm_60_0|       pointer|
|v_strm_60_0_write           |  out|    1|     ap_fifo|   v_strm_60_0|       pointer|
|v_strm_60_0_num_data_valid  |   in|   32|     ap_fifo|   v_strm_60_0|       pointer|
|v_strm_60_0_fifo_cap        |   in|   32|     ap_fifo|   v_strm_60_0|       pointer|
|v_strm_60_1_din             |  out|  256|     ap_fifo|   v_strm_60_1|       pointer|
|v_strm_60_1_full_n          |   in|    1|     ap_fifo|   v_strm_60_1|       pointer|
|v_strm_60_1_write           |  out|    1|     ap_fifo|   v_strm_60_1|       pointer|
|v_strm_60_1_num_data_valid  |   in|   32|     ap_fifo|   v_strm_60_1|       pointer|
|v_strm_60_1_fifo_cap        |   in|   32|     ap_fifo|   v_strm_60_1|       pointer|
|v_strm_59_0_din             |  out|  256|     ap_fifo|   v_strm_59_0|       pointer|
|v_strm_59_0_full_n          |   in|    1|     ap_fifo|   v_strm_59_0|       pointer|
|v_strm_59_0_write           |  out|    1|     ap_fifo|   v_strm_59_0|       pointer|
|v_strm_59_0_num_data_valid  |   in|   32|     ap_fifo|   v_strm_59_0|       pointer|
|v_strm_59_0_fifo_cap        |   in|   32|     ap_fifo|   v_strm_59_0|       pointer|
|v_strm_59_1_din             |  out|  256|     ap_fifo|   v_strm_59_1|       pointer|
|v_strm_59_1_full_n          |   in|    1|     ap_fifo|   v_strm_59_1|       pointer|
|v_strm_59_1_write           |  out|    1|     ap_fifo|   v_strm_59_1|       pointer|
|v_strm_59_1_num_data_valid  |   in|   32|     ap_fifo|   v_strm_59_1|       pointer|
|v_strm_59_1_fifo_cap        |   in|   32|     ap_fifo|   v_strm_59_1|       pointer|
|v_strm_58_0_din             |  out|  256|     ap_fifo|   v_strm_58_0|       pointer|
|v_strm_58_0_full_n          |   in|    1|     ap_fifo|   v_strm_58_0|       pointer|
|v_strm_58_0_write           |  out|    1|     ap_fifo|   v_strm_58_0|       pointer|
|v_strm_58_0_num_data_valid  |   in|   32|     ap_fifo|   v_strm_58_0|       pointer|
|v_strm_58_0_fifo_cap        |   in|   32|     ap_fifo|   v_strm_58_0|       pointer|
|v_strm_58_1_din             |  out|  256|     ap_fifo|   v_strm_58_1|       pointer|
|v_strm_58_1_full_n          |   in|    1|     ap_fifo|   v_strm_58_1|       pointer|
|v_strm_58_1_write           |  out|    1|     ap_fifo|   v_strm_58_1|       pointer|
|v_strm_58_1_num_data_valid  |   in|   32|     ap_fifo|   v_strm_58_1|       pointer|
|v_strm_58_1_fifo_cap        |   in|   32|     ap_fifo|   v_strm_58_1|       pointer|
|v_strm_57_0_din             |  out|  256|     ap_fifo|   v_strm_57_0|       pointer|
|v_strm_57_0_full_n          |   in|    1|     ap_fifo|   v_strm_57_0|       pointer|
|v_strm_57_0_write           |  out|    1|     ap_fifo|   v_strm_57_0|       pointer|
|v_strm_57_0_num_data_valid  |   in|   32|     ap_fifo|   v_strm_57_0|       pointer|
|v_strm_57_0_fifo_cap        |   in|   32|     ap_fifo|   v_strm_57_0|       pointer|
|v_strm_57_1_din             |  out|  256|     ap_fifo|   v_strm_57_1|       pointer|
|v_strm_57_1_full_n          |   in|    1|     ap_fifo|   v_strm_57_1|       pointer|
|v_strm_57_1_write           |  out|    1|     ap_fifo|   v_strm_57_1|       pointer|
|v_strm_57_1_num_data_valid  |   in|   32|     ap_fifo|   v_strm_57_1|       pointer|
|v_strm_57_1_fifo_cap        |   in|   32|     ap_fifo|   v_strm_57_1|       pointer|
|v_strm_56_0_din             |  out|  256|     ap_fifo|   v_strm_56_0|       pointer|
|v_strm_56_0_full_n          |   in|    1|     ap_fifo|   v_strm_56_0|       pointer|
|v_strm_56_0_write           |  out|    1|     ap_fifo|   v_strm_56_0|       pointer|
|v_strm_56_0_num_data_valid  |   in|   32|     ap_fifo|   v_strm_56_0|       pointer|
|v_strm_56_0_fifo_cap        |   in|   32|     ap_fifo|   v_strm_56_0|       pointer|
|v_strm_56_1_din             |  out|  256|     ap_fifo|   v_strm_56_1|       pointer|
|v_strm_56_1_full_n          |   in|    1|     ap_fifo|   v_strm_56_1|       pointer|
|v_strm_56_1_write           |  out|    1|     ap_fifo|   v_strm_56_1|       pointer|
|v_strm_56_1_num_data_valid  |   in|   32|     ap_fifo|   v_strm_56_1|       pointer|
|v_strm_56_1_fifo_cap        |   in|   32|     ap_fifo|   v_strm_56_1|       pointer|
|v_strm_55_0_din             |  out|  256|     ap_fifo|   v_strm_55_0|       pointer|
|v_strm_55_0_full_n          |   in|    1|     ap_fifo|   v_strm_55_0|       pointer|
|v_strm_55_0_write           |  out|    1|     ap_fifo|   v_strm_55_0|       pointer|
|v_strm_55_0_num_data_valid  |   in|   32|     ap_fifo|   v_strm_55_0|       pointer|
|v_strm_55_0_fifo_cap        |   in|   32|     ap_fifo|   v_strm_55_0|       pointer|
|v_strm_55_1_din             |  out|  256|     ap_fifo|   v_strm_55_1|       pointer|
|v_strm_55_1_full_n          |   in|    1|     ap_fifo|   v_strm_55_1|       pointer|
|v_strm_55_1_write           |  out|    1|     ap_fifo|   v_strm_55_1|       pointer|
|v_strm_55_1_num_data_valid  |   in|   32|     ap_fifo|   v_strm_55_1|       pointer|
|v_strm_55_1_fifo_cap        |   in|   32|     ap_fifo|   v_strm_55_1|       pointer|
|v_strm_54_0_din             |  out|  256|     ap_fifo|   v_strm_54_0|       pointer|
|v_strm_54_0_full_n          |   in|    1|     ap_fifo|   v_strm_54_0|       pointer|
|v_strm_54_0_write           |  out|    1|     ap_fifo|   v_strm_54_0|       pointer|
|v_strm_54_0_num_data_valid  |   in|   32|     ap_fifo|   v_strm_54_0|       pointer|
|v_strm_54_0_fifo_cap        |   in|   32|     ap_fifo|   v_strm_54_0|       pointer|
|v_strm_54_1_din             |  out|  256|     ap_fifo|   v_strm_54_1|       pointer|
|v_strm_54_1_full_n          |   in|    1|     ap_fifo|   v_strm_54_1|       pointer|
|v_strm_54_1_write           |  out|    1|     ap_fifo|   v_strm_54_1|       pointer|
|v_strm_54_1_num_data_valid  |   in|   32|     ap_fifo|   v_strm_54_1|       pointer|
|v_strm_54_1_fifo_cap        |   in|   32|     ap_fifo|   v_strm_54_1|       pointer|
|v_strm_53_0_din             |  out|  256|     ap_fifo|   v_strm_53_0|       pointer|
|v_strm_53_0_full_n          |   in|    1|     ap_fifo|   v_strm_53_0|       pointer|
|v_strm_53_0_write           |  out|    1|     ap_fifo|   v_strm_53_0|       pointer|
|v_strm_53_0_num_data_valid  |   in|   32|     ap_fifo|   v_strm_53_0|       pointer|
|v_strm_53_0_fifo_cap        |   in|   32|     ap_fifo|   v_strm_53_0|       pointer|
|v_strm_53_1_din             |  out|  256|     ap_fifo|   v_strm_53_1|       pointer|
|v_strm_53_1_full_n          |   in|    1|     ap_fifo|   v_strm_53_1|       pointer|
|v_strm_53_1_write           |  out|    1|     ap_fifo|   v_strm_53_1|       pointer|
|v_strm_53_1_num_data_valid  |   in|   32|     ap_fifo|   v_strm_53_1|       pointer|
|v_strm_53_1_fifo_cap        |   in|   32|     ap_fifo|   v_strm_53_1|       pointer|
|v_strm_52_0_din             |  out|  256|     ap_fifo|   v_strm_52_0|       pointer|
|v_strm_52_0_full_n          |   in|    1|     ap_fifo|   v_strm_52_0|       pointer|
|v_strm_52_0_write           |  out|    1|     ap_fifo|   v_strm_52_0|       pointer|
|v_strm_52_0_num_data_valid  |   in|   32|     ap_fifo|   v_strm_52_0|       pointer|
|v_strm_52_0_fifo_cap        |   in|   32|     ap_fifo|   v_strm_52_0|       pointer|
|v_strm_52_1_din             |  out|  256|     ap_fifo|   v_strm_52_1|       pointer|
|v_strm_52_1_full_n          |   in|    1|     ap_fifo|   v_strm_52_1|       pointer|
|v_strm_52_1_write           |  out|    1|     ap_fifo|   v_strm_52_1|       pointer|
|v_strm_52_1_num_data_valid  |   in|   32|     ap_fifo|   v_strm_52_1|       pointer|
|v_strm_52_1_fifo_cap        |   in|   32|     ap_fifo|   v_strm_52_1|       pointer|
|v_strm_51_0_din             |  out|  256|     ap_fifo|   v_strm_51_0|       pointer|
|v_strm_51_0_full_n          |   in|    1|     ap_fifo|   v_strm_51_0|       pointer|
|v_strm_51_0_write           |  out|    1|     ap_fifo|   v_strm_51_0|       pointer|
|v_strm_51_0_num_data_valid  |   in|   32|     ap_fifo|   v_strm_51_0|       pointer|
|v_strm_51_0_fifo_cap        |   in|   32|     ap_fifo|   v_strm_51_0|       pointer|
|v_strm_51_1_din             |  out|  256|     ap_fifo|   v_strm_51_1|       pointer|
|v_strm_51_1_full_n          |   in|    1|     ap_fifo|   v_strm_51_1|       pointer|
|v_strm_51_1_write           |  out|    1|     ap_fifo|   v_strm_51_1|       pointer|
|v_strm_51_1_num_data_valid  |   in|   32|     ap_fifo|   v_strm_51_1|       pointer|
|v_strm_51_1_fifo_cap        |   in|   32|     ap_fifo|   v_strm_51_1|       pointer|
|v_strm_50_0_din             |  out|  256|     ap_fifo|   v_strm_50_0|       pointer|
|v_strm_50_0_full_n          |   in|    1|     ap_fifo|   v_strm_50_0|       pointer|
|v_strm_50_0_write           |  out|    1|     ap_fifo|   v_strm_50_0|       pointer|
|v_strm_50_0_num_data_valid  |   in|   32|     ap_fifo|   v_strm_50_0|       pointer|
|v_strm_50_0_fifo_cap        |   in|   32|     ap_fifo|   v_strm_50_0|       pointer|
|v_strm_50_1_din             |  out|  256|     ap_fifo|   v_strm_50_1|       pointer|
|v_strm_50_1_full_n          |   in|    1|     ap_fifo|   v_strm_50_1|       pointer|
|v_strm_50_1_write           |  out|    1|     ap_fifo|   v_strm_50_1|       pointer|
|v_strm_50_1_num_data_valid  |   in|   32|     ap_fifo|   v_strm_50_1|       pointer|
|v_strm_50_1_fifo_cap        |   in|   32|     ap_fifo|   v_strm_50_1|       pointer|
|v_strm_49_0_din             |  out|  256|     ap_fifo|   v_strm_49_0|       pointer|
|v_strm_49_0_full_n          |   in|    1|     ap_fifo|   v_strm_49_0|       pointer|
|v_strm_49_0_write           |  out|    1|     ap_fifo|   v_strm_49_0|       pointer|
|v_strm_49_0_num_data_valid  |   in|   32|     ap_fifo|   v_strm_49_0|       pointer|
|v_strm_49_0_fifo_cap        |   in|   32|     ap_fifo|   v_strm_49_0|       pointer|
|v_strm_49_1_din             |  out|  256|     ap_fifo|   v_strm_49_1|       pointer|
|v_strm_49_1_full_n          |   in|    1|     ap_fifo|   v_strm_49_1|       pointer|
|v_strm_49_1_write           |  out|    1|     ap_fifo|   v_strm_49_1|       pointer|
|v_strm_49_1_num_data_valid  |   in|   32|     ap_fifo|   v_strm_49_1|       pointer|
|v_strm_49_1_fifo_cap        |   in|   32|     ap_fifo|   v_strm_49_1|       pointer|
|v_strm_48_0_din             |  out|  256|     ap_fifo|   v_strm_48_0|       pointer|
|v_strm_48_0_full_n          |   in|    1|     ap_fifo|   v_strm_48_0|       pointer|
|v_strm_48_0_write           |  out|    1|     ap_fifo|   v_strm_48_0|       pointer|
|v_strm_48_0_num_data_valid  |   in|   32|     ap_fifo|   v_strm_48_0|       pointer|
|v_strm_48_0_fifo_cap        |   in|   32|     ap_fifo|   v_strm_48_0|       pointer|
|v_strm_48_1_din             |  out|  256|     ap_fifo|   v_strm_48_1|       pointer|
|v_strm_48_1_full_n          |   in|    1|     ap_fifo|   v_strm_48_1|       pointer|
|v_strm_48_1_write           |  out|    1|     ap_fifo|   v_strm_48_1|       pointer|
|v_strm_48_1_num_data_valid  |   in|   32|     ap_fifo|   v_strm_48_1|       pointer|
|v_strm_48_1_fifo_cap        |   in|   32|     ap_fifo|   v_strm_48_1|       pointer|
|v_strm_47_0_din             |  out|  256|     ap_fifo|   v_strm_47_0|       pointer|
|v_strm_47_0_full_n          |   in|    1|     ap_fifo|   v_strm_47_0|       pointer|
|v_strm_47_0_write           |  out|    1|     ap_fifo|   v_strm_47_0|       pointer|
|v_strm_47_0_num_data_valid  |   in|   32|     ap_fifo|   v_strm_47_0|       pointer|
|v_strm_47_0_fifo_cap        |   in|   32|     ap_fifo|   v_strm_47_0|       pointer|
|v_strm_47_1_din             |  out|  256|     ap_fifo|   v_strm_47_1|       pointer|
|v_strm_47_1_full_n          |   in|    1|     ap_fifo|   v_strm_47_1|       pointer|
|v_strm_47_1_write           |  out|    1|     ap_fifo|   v_strm_47_1|       pointer|
|v_strm_47_1_num_data_valid  |   in|   32|     ap_fifo|   v_strm_47_1|       pointer|
|v_strm_47_1_fifo_cap        |   in|   32|     ap_fifo|   v_strm_47_1|       pointer|
|v_strm_46_0_din             |  out|  256|     ap_fifo|   v_strm_46_0|       pointer|
|v_strm_46_0_full_n          |   in|    1|     ap_fifo|   v_strm_46_0|       pointer|
|v_strm_46_0_write           |  out|    1|     ap_fifo|   v_strm_46_0|       pointer|
|v_strm_46_0_num_data_valid  |   in|   32|     ap_fifo|   v_strm_46_0|       pointer|
|v_strm_46_0_fifo_cap        |   in|   32|     ap_fifo|   v_strm_46_0|       pointer|
|v_strm_46_1_din             |  out|  256|     ap_fifo|   v_strm_46_1|       pointer|
|v_strm_46_1_full_n          |   in|    1|     ap_fifo|   v_strm_46_1|       pointer|
|v_strm_46_1_write           |  out|    1|     ap_fifo|   v_strm_46_1|       pointer|
|v_strm_46_1_num_data_valid  |   in|   32|     ap_fifo|   v_strm_46_1|       pointer|
|v_strm_46_1_fifo_cap        |   in|   32|     ap_fifo|   v_strm_46_1|       pointer|
|v_strm_45_0_din             |  out|  256|     ap_fifo|   v_strm_45_0|       pointer|
|v_strm_45_0_full_n          |   in|    1|     ap_fifo|   v_strm_45_0|       pointer|
|v_strm_45_0_write           |  out|    1|     ap_fifo|   v_strm_45_0|       pointer|
|v_strm_45_0_num_data_valid  |   in|   32|     ap_fifo|   v_strm_45_0|       pointer|
|v_strm_45_0_fifo_cap        |   in|   32|     ap_fifo|   v_strm_45_0|       pointer|
|v_strm_45_1_din             |  out|  256|     ap_fifo|   v_strm_45_1|       pointer|
|v_strm_45_1_full_n          |   in|    1|     ap_fifo|   v_strm_45_1|       pointer|
|v_strm_45_1_write           |  out|    1|     ap_fifo|   v_strm_45_1|       pointer|
|v_strm_45_1_num_data_valid  |   in|   32|     ap_fifo|   v_strm_45_1|       pointer|
|v_strm_45_1_fifo_cap        |   in|   32|     ap_fifo|   v_strm_45_1|       pointer|
|v_strm_44_0_din             |  out|  256|     ap_fifo|   v_strm_44_0|       pointer|
|v_strm_44_0_full_n          |   in|    1|     ap_fifo|   v_strm_44_0|       pointer|
|v_strm_44_0_write           |  out|    1|     ap_fifo|   v_strm_44_0|       pointer|
|v_strm_44_0_num_data_valid  |   in|   32|     ap_fifo|   v_strm_44_0|       pointer|
|v_strm_44_0_fifo_cap        |   in|   32|     ap_fifo|   v_strm_44_0|       pointer|
|v_strm_44_1_din             |  out|  256|     ap_fifo|   v_strm_44_1|       pointer|
|v_strm_44_1_full_n          |   in|    1|     ap_fifo|   v_strm_44_1|       pointer|
|v_strm_44_1_write           |  out|    1|     ap_fifo|   v_strm_44_1|       pointer|
|v_strm_44_1_num_data_valid  |   in|   32|     ap_fifo|   v_strm_44_1|       pointer|
|v_strm_44_1_fifo_cap        |   in|   32|     ap_fifo|   v_strm_44_1|       pointer|
|v_strm_43_0_din             |  out|  256|     ap_fifo|   v_strm_43_0|       pointer|
|v_strm_43_0_full_n          |   in|    1|     ap_fifo|   v_strm_43_0|       pointer|
|v_strm_43_0_write           |  out|    1|     ap_fifo|   v_strm_43_0|       pointer|
|v_strm_43_0_num_data_valid  |   in|   32|     ap_fifo|   v_strm_43_0|       pointer|
|v_strm_43_0_fifo_cap        |   in|   32|     ap_fifo|   v_strm_43_0|       pointer|
|v_strm_43_1_din             |  out|  256|     ap_fifo|   v_strm_43_1|       pointer|
|v_strm_43_1_full_n          |   in|    1|     ap_fifo|   v_strm_43_1|       pointer|
|v_strm_43_1_write           |  out|    1|     ap_fifo|   v_strm_43_1|       pointer|
|v_strm_43_1_num_data_valid  |   in|   32|     ap_fifo|   v_strm_43_1|       pointer|
|v_strm_43_1_fifo_cap        |   in|   32|     ap_fifo|   v_strm_43_1|       pointer|
|v_strm_42_0_din             |  out|  256|     ap_fifo|   v_strm_42_0|       pointer|
|v_strm_42_0_full_n          |   in|    1|     ap_fifo|   v_strm_42_0|       pointer|
|v_strm_42_0_write           |  out|    1|     ap_fifo|   v_strm_42_0|       pointer|
|v_strm_42_0_num_data_valid  |   in|   32|     ap_fifo|   v_strm_42_0|       pointer|
|v_strm_42_0_fifo_cap        |   in|   32|     ap_fifo|   v_strm_42_0|       pointer|
|v_strm_42_1_din             |  out|  256|     ap_fifo|   v_strm_42_1|       pointer|
|v_strm_42_1_full_n          |   in|    1|     ap_fifo|   v_strm_42_1|       pointer|
|v_strm_42_1_write           |  out|    1|     ap_fifo|   v_strm_42_1|       pointer|
|v_strm_42_1_num_data_valid  |   in|   32|     ap_fifo|   v_strm_42_1|       pointer|
|v_strm_42_1_fifo_cap        |   in|   32|     ap_fifo|   v_strm_42_1|       pointer|
|v_strm_41_0_din             |  out|  256|     ap_fifo|   v_strm_41_0|       pointer|
|v_strm_41_0_full_n          |   in|    1|     ap_fifo|   v_strm_41_0|       pointer|
|v_strm_41_0_write           |  out|    1|     ap_fifo|   v_strm_41_0|       pointer|
|v_strm_41_0_num_data_valid  |   in|   32|     ap_fifo|   v_strm_41_0|       pointer|
|v_strm_41_0_fifo_cap        |   in|   32|     ap_fifo|   v_strm_41_0|       pointer|
|v_strm_41_1_din             |  out|  256|     ap_fifo|   v_strm_41_1|       pointer|
|v_strm_41_1_full_n          |   in|    1|     ap_fifo|   v_strm_41_1|       pointer|
|v_strm_41_1_write           |  out|    1|     ap_fifo|   v_strm_41_1|       pointer|
|v_strm_41_1_num_data_valid  |   in|   32|     ap_fifo|   v_strm_41_1|       pointer|
|v_strm_41_1_fifo_cap        |   in|   32|     ap_fifo|   v_strm_41_1|       pointer|
|v_strm_40_0_din             |  out|  256|     ap_fifo|   v_strm_40_0|       pointer|
|v_strm_40_0_full_n          |   in|    1|     ap_fifo|   v_strm_40_0|       pointer|
|v_strm_40_0_write           |  out|    1|     ap_fifo|   v_strm_40_0|       pointer|
|v_strm_40_0_num_data_valid  |   in|   32|     ap_fifo|   v_strm_40_0|       pointer|
|v_strm_40_0_fifo_cap        |   in|   32|     ap_fifo|   v_strm_40_0|       pointer|
|v_strm_40_1_din             |  out|  256|     ap_fifo|   v_strm_40_1|       pointer|
|v_strm_40_1_full_n          |   in|    1|     ap_fifo|   v_strm_40_1|       pointer|
|v_strm_40_1_write           |  out|    1|     ap_fifo|   v_strm_40_1|       pointer|
|v_strm_40_1_num_data_valid  |   in|   32|     ap_fifo|   v_strm_40_1|       pointer|
|v_strm_40_1_fifo_cap        |   in|   32|     ap_fifo|   v_strm_40_1|       pointer|
|v_strm_39_0_din             |  out|  256|     ap_fifo|   v_strm_39_0|       pointer|
|v_strm_39_0_full_n          |   in|    1|     ap_fifo|   v_strm_39_0|       pointer|
|v_strm_39_0_write           |  out|    1|     ap_fifo|   v_strm_39_0|       pointer|
|v_strm_39_0_num_data_valid  |   in|   32|     ap_fifo|   v_strm_39_0|       pointer|
|v_strm_39_0_fifo_cap        |   in|   32|     ap_fifo|   v_strm_39_0|       pointer|
|v_strm_39_1_din             |  out|  256|     ap_fifo|   v_strm_39_1|       pointer|
|v_strm_39_1_full_n          |   in|    1|     ap_fifo|   v_strm_39_1|       pointer|
|v_strm_39_1_write           |  out|    1|     ap_fifo|   v_strm_39_1|       pointer|
|v_strm_39_1_num_data_valid  |   in|   32|     ap_fifo|   v_strm_39_1|       pointer|
|v_strm_39_1_fifo_cap        |   in|   32|     ap_fifo|   v_strm_39_1|       pointer|
|v_strm_38_0_din             |  out|  256|     ap_fifo|   v_strm_38_0|       pointer|
|v_strm_38_0_full_n          |   in|    1|     ap_fifo|   v_strm_38_0|       pointer|
|v_strm_38_0_write           |  out|    1|     ap_fifo|   v_strm_38_0|       pointer|
|v_strm_38_0_num_data_valid  |   in|   32|     ap_fifo|   v_strm_38_0|       pointer|
|v_strm_38_0_fifo_cap        |   in|   32|     ap_fifo|   v_strm_38_0|       pointer|
|v_strm_38_1_din             |  out|  256|     ap_fifo|   v_strm_38_1|       pointer|
|v_strm_38_1_full_n          |   in|    1|     ap_fifo|   v_strm_38_1|       pointer|
|v_strm_38_1_write           |  out|    1|     ap_fifo|   v_strm_38_1|       pointer|
|v_strm_38_1_num_data_valid  |   in|   32|     ap_fifo|   v_strm_38_1|       pointer|
|v_strm_38_1_fifo_cap        |   in|   32|     ap_fifo|   v_strm_38_1|       pointer|
|v_strm_37_0_din             |  out|  256|     ap_fifo|   v_strm_37_0|       pointer|
|v_strm_37_0_full_n          |   in|    1|     ap_fifo|   v_strm_37_0|       pointer|
|v_strm_37_0_write           |  out|    1|     ap_fifo|   v_strm_37_0|       pointer|
|v_strm_37_0_num_data_valid  |   in|   32|     ap_fifo|   v_strm_37_0|       pointer|
|v_strm_37_0_fifo_cap        |   in|   32|     ap_fifo|   v_strm_37_0|       pointer|
|v_strm_37_1_din             |  out|  256|     ap_fifo|   v_strm_37_1|       pointer|
|v_strm_37_1_full_n          |   in|    1|     ap_fifo|   v_strm_37_1|       pointer|
|v_strm_37_1_write           |  out|    1|     ap_fifo|   v_strm_37_1|       pointer|
|v_strm_37_1_num_data_valid  |   in|   32|     ap_fifo|   v_strm_37_1|       pointer|
|v_strm_37_1_fifo_cap        |   in|   32|     ap_fifo|   v_strm_37_1|       pointer|
|v_strm_36_0_din             |  out|  256|     ap_fifo|   v_strm_36_0|       pointer|
|v_strm_36_0_full_n          |   in|    1|     ap_fifo|   v_strm_36_0|       pointer|
|v_strm_36_0_write           |  out|    1|     ap_fifo|   v_strm_36_0|       pointer|
|v_strm_36_0_num_data_valid  |   in|   32|     ap_fifo|   v_strm_36_0|       pointer|
|v_strm_36_0_fifo_cap        |   in|   32|     ap_fifo|   v_strm_36_0|       pointer|
|v_strm_36_1_din             |  out|  256|     ap_fifo|   v_strm_36_1|       pointer|
|v_strm_36_1_full_n          |   in|    1|     ap_fifo|   v_strm_36_1|       pointer|
|v_strm_36_1_write           |  out|    1|     ap_fifo|   v_strm_36_1|       pointer|
|v_strm_36_1_num_data_valid  |   in|   32|     ap_fifo|   v_strm_36_1|       pointer|
|v_strm_36_1_fifo_cap        |   in|   32|     ap_fifo|   v_strm_36_1|       pointer|
|v_strm_35_0_din             |  out|  256|     ap_fifo|   v_strm_35_0|       pointer|
|v_strm_35_0_full_n          |   in|    1|     ap_fifo|   v_strm_35_0|       pointer|
|v_strm_35_0_write           |  out|    1|     ap_fifo|   v_strm_35_0|       pointer|
|v_strm_35_0_num_data_valid  |   in|   32|     ap_fifo|   v_strm_35_0|       pointer|
|v_strm_35_0_fifo_cap        |   in|   32|     ap_fifo|   v_strm_35_0|       pointer|
|v_strm_35_1_din             |  out|  256|     ap_fifo|   v_strm_35_1|       pointer|
|v_strm_35_1_full_n          |   in|    1|     ap_fifo|   v_strm_35_1|       pointer|
|v_strm_35_1_write           |  out|    1|     ap_fifo|   v_strm_35_1|       pointer|
|v_strm_35_1_num_data_valid  |   in|   32|     ap_fifo|   v_strm_35_1|       pointer|
|v_strm_35_1_fifo_cap        |   in|   32|     ap_fifo|   v_strm_35_1|       pointer|
|v_strm_34_0_din             |  out|  256|     ap_fifo|   v_strm_34_0|       pointer|
|v_strm_34_0_full_n          |   in|    1|     ap_fifo|   v_strm_34_0|       pointer|
|v_strm_34_0_write           |  out|    1|     ap_fifo|   v_strm_34_0|       pointer|
|v_strm_34_0_num_data_valid  |   in|   32|     ap_fifo|   v_strm_34_0|       pointer|
|v_strm_34_0_fifo_cap        |   in|   32|     ap_fifo|   v_strm_34_0|       pointer|
|v_strm_34_1_din             |  out|  256|     ap_fifo|   v_strm_34_1|       pointer|
|v_strm_34_1_full_n          |   in|    1|     ap_fifo|   v_strm_34_1|       pointer|
|v_strm_34_1_write           |  out|    1|     ap_fifo|   v_strm_34_1|       pointer|
|v_strm_34_1_num_data_valid  |   in|   32|     ap_fifo|   v_strm_34_1|       pointer|
|v_strm_34_1_fifo_cap        |   in|   32|     ap_fifo|   v_strm_34_1|       pointer|
|v_strm_33_0_din             |  out|  256|     ap_fifo|   v_strm_33_0|       pointer|
|v_strm_33_0_full_n          |   in|    1|     ap_fifo|   v_strm_33_0|       pointer|
|v_strm_33_0_write           |  out|    1|     ap_fifo|   v_strm_33_0|       pointer|
|v_strm_33_0_num_data_valid  |   in|   32|     ap_fifo|   v_strm_33_0|       pointer|
|v_strm_33_0_fifo_cap        |   in|   32|     ap_fifo|   v_strm_33_0|       pointer|
|v_strm_33_1_din             |  out|  256|     ap_fifo|   v_strm_33_1|       pointer|
|v_strm_33_1_full_n          |   in|    1|     ap_fifo|   v_strm_33_1|       pointer|
|v_strm_33_1_write           |  out|    1|     ap_fifo|   v_strm_33_1|       pointer|
|v_strm_33_1_num_data_valid  |   in|   32|     ap_fifo|   v_strm_33_1|       pointer|
|v_strm_33_1_fifo_cap        |   in|   32|     ap_fifo|   v_strm_33_1|       pointer|
|v_strm_32_0_din             |  out|  256|     ap_fifo|   v_strm_32_0|       pointer|
|v_strm_32_0_full_n          |   in|    1|     ap_fifo|   v_strm_32_0|       pointer|
|v_strm_32_0_write           |  out|    1|     ap_fifo|   v_strm_32_0|       pointer|
|v_strm_32_0_num_data_valid  |   in|   32|     ap_fifo|   v_strm_32_0|       pointer|
|v_strm_32_0_fifo_cap        |   in|   32|     ap_fifo|   v_strm_32_0|       pointer|
|v_strm_32_1_din             |  out|  256|     ap_fifo|   v_strm_32_1|       pointer|
|v_strm_32_1_full_n          |   in|    1|     ap_fifo|   v_strm_32_1|       pointer|
|v_strm_32_1_write           |  out|    1|     ap_fifo|   v_strm_32_1|       pointer|
|v_strm_32_1_num_data_valid  |   in|   32|     ap_fifo|   v_strm_32_1|       pointer|
|v_strm_32_1_fifo_cap        |   in|   32|     ap_fifo|   v_strm_32_1|       pointer|
|v_strm_31_0_din             |  out|  256|     ap_fifo|   v_strm_31_0|       pointer|
|v_strm_31_0_full_n          |   in|    1|     ap_fifo|   v_strm_31_0|       pointer|
|v_strm_31_0_write           |  out|    1|     ap_fifo|   v_strm_31_0|       pointer|
|v_strm_31_0_num_data_valid  |   in|   32|     ap_fifo|   v_strm_31_0|       pointer|
|v_strm_31_0_fifo_cap        |   in|   32|     ap_fifo|   v_strm_31_0|       pointer|
|v_strm_31_1_din             |  out|  256|     ap_fifo|   v_strm_31_1|       pointer|
|v_strm_31_1_full_n          |   in|    1|     ap_fifo|   v_strm_31_1|       pointer|
|v_strm_31_1_write           |  out|    1|     ap_fifo|   v_strm_31_1|       pointer|
|v_strm_31_1_num_data_valid  |   in|   32|     ap_fifo|   v_strm_31_1|       pointer|
|v_strm_31_1_fifo_cap        |   in|   32|     ap_fifo|   v_strm_31_1|       pointer|
|v_strm_30_0_din             |  out|  256|     ap_fifo|   v_strm_30_0|       pointer|
|v_strm_30_0_full_n          |   in|    1|     ap_fifo|   v_strm_30_0|       pointer|
|v_strm_30_0_write           |  out|    1|     ap_fifo|   v_strm_30_0|       pointer|
|v_strm_30_0_num_data_valid  |   in|   32|     ap_fifo|   v_strm_30_0|       pointer|
|v_strm_30_0_fifo_cap        |   in|   32|     ap_fifo|   v_strm_30_0|       pointer|
|v_strm_30_1_din             |  out|  256|     ap_fifo|   v_strm_30_1|       pointer|
|v_strm_30_1_full_n          |   in|    1|     ap_fifo|   v_strm_30_1|       pointer|
|v_strm_30_1_write           |  out|    1|     ap_fifo|   v_strm_30_1|       pointer|
|v_strm_30_1_num_data_valid  |   in|   32|     ap_fifo|   v_strm_30_1|       pointer|
|v_strm_30_1_fifo_cap        |   in|   32|     ap_fifo|   v_strm_30_1|       pointer|
|v_strm_29_0_din             |  out|  256|     ap_fifo|   v_strm_29_0|       pointer|
|v_strm_29_0_full_n          |   in|    1|     ap_fifo|   v_strm_29_0|       pointer|
|v_strm_29_0_write           |  out|    1|     ap_fifo|   v_strm_29_0|       pointer|
|v_strm_29_0_num_data_valid  |   in|   32|     ap_fifo|   v_strm_29_0|       pointer|
|v_strm_29_0_fifo_cap        |   in|   32|     ap_fifo|   v_strm_29_0|       pointer|
|v_strm_29_1_din             |  out|  256|     ap_fifo|   v_strm_29_1|       pointer|
|v_strm_29_1_full_n          |   in|    1|     ap_fifo|   v_strm_29_1|       pointer|
|v_strm_29_1_write           |  out|    1|     ap_fifo|   v_strm_29_1|       pointer|
|v_strm_29_1_num_data_valid  |   in|   32|     ap_fifo|   v_strm_29_1|       pointer|
|v_strm_29_1_fifo_cap        |   in|   32|     ap_fifo|   v_strm_29_1|       pointer|
|v_strm_28_0_din             |  out|  256|     ap_fifo|   v_strm_28_0|       pointer|
|v_strm_28_0_full_n          |   in|    1|     ap_fifo|   v_strm_28_0|       pointer|
|v_strm_28_0_write           |  out|    1|     ap_fifo|   v_strm_28_0|       pointer|
|v_strm_28_0_num_data_valid  |   in|   32|     ap_fifo|   v_strm_28_0|       pointer|
|v_strm_28_0_fifo_cap        |   in|   32|     ap_fifo|   v_strm_28_0|       pointer|
|v_strm_28_1_din             |  out|  256|     ap_fifo|   v_strm_28_1|       pointer|
|v_strm_28_1_full_n          |   in|    1|     ap_fifo|   v_strm_28_1|       pointer|
|v_strm_28_1_write           |  out|    1|     ap_fifo|   v_strm_28_1|       pointer|
|v_strm_28_1_num_data_valid  |   in|   32|     ap_fifo|   v_strm_28_1|       pointer|
|v_strm_28_1_fifo_cap        |   in|   32|     ap_fifo|   v_strm_28_1|       pointer|
|v_strm_27_0_din             |  out|  256|     ap_fifo|   v_strm_27_0|       pointer|
|v_strm_27_0_full_n          |   in|    1|     ap_fifo|   v_strm_27_0|       pointer|
|v_strm_27_0_write           |  out|    1|     ap_fifo|   v_strm_27_0|       pointer|
|v_strm_27_0_num_data_valid  |   in|   32|     ap_fifo|   v_strm_27_0|       pointer|
|v_strm_27_0_fifo_cap        |   in|   32|     ap_fifo|   v_strm_27_0|       pointer|
|v_strm_27_1_din             |  out|  256|     ap_fifo|   v_strm_27_1|       pointer|
|v_strm_27_1_full_n          |   in|    1|     ap_fifo|   v_strm_27_1|       pointer|
|v_strm_27_1_write           |  out|    1|     ap_fifo|   v_strm_27_1|       pointer|
|v_strm_27_1_num_data_valid  |   in|   32|     ap_fifo|   v_strm_27_1|       pointer|
|v_strm_27_1_fifo_cap        |   in|   32|     ap_fifo|   v_strm_27_1|       pointer|
|v_strm_26_0_din             |  out|  256|     ap_fifo|   v_strm_26_0|       pointer|
|v_strm_26_0_full_n          |   in|    1|     ap_fifo|   v_strm_26_0|       pointer|
|v_strm_26_0_write           |  out|    1|     ap_fifo|   v_strm_26_0|       pointer|
|v_strm_26_0_num_data_valid  |   in|   32|     ap_fifo|   v_strm_26_0|       pointer|
|v_strm_26_0_fifo_cap        |   in|   32|     ap_fifo|   v_strm_26_0|       pointer|
|v_strm_26_1_din             |  out|  256|     ap_fifo|   v_strm_26_1|       pointer|
|v_strm_26_1_full_n          |   in|    1|     ap_fifo|   v_strm_26_1|       pointer|
|v_strm_26_1_write           |  out|    1|     ap_fifo|   v_strm_26_1|       pointer|
|v_strm_26_1_num_data_valid  |   in|   32|     ap_fifo|   v_strm_26_1|       pointer|
|v_strm_26_1_fifo_cap        |   in|   32|     ap_fifo|   v_strm_26_1|       pointer|
|v_strm_25_0_din             |  out|  256|     ap_fifo|   v_strm_25_0|       pointer|
|v_strm_25_0_full_n          |   in|    1|     ap_fifo|   v_strm_25_0|       pointer|
|v_strm_25_0_write           |  out|    1|     ap_fifo|   v_strm_25_0|       pointer|
|v_strm_25_0_num_data_valid  |   in|   32|     ap_fifo|   v_strm_25_0|       pointer|
|v_strm_25_0_fifo_cap        |   in|   32|     ap_fifo|   v_strm_25_0|       pointer|
|v_strm_25_1_din             |  out|  256|     ap_fifo|   v_strm_25_1|       pointer|
|v_strm_25_1_full_n          |   in|    1|     ap_fifo|   v_strm_25_1|       pointer|
|v_strm_25_1_write           |  out|    1|     ap_fifo|   v_strm_25_1|       pointer|
|v_strm_25_1_num_data_valid  |   in|   32|     ap_fifo|   v_strm_25_1|       pointer|
|v_strm_25_1_fifo_cap        |   in|   32|     ap_fifo|   v_strm_25_1|       pointer|
|v_strm_24_0_din             |  out|  256|     ap_fifo|   v_strm_24_0|       pointer|
|v_strm_24_0_full_n          |   in|    1|     ap_fifo|   v_strm_24_0|       pointer|
|v_strm_24_0_write           |  out|    1|     ap_fifo|   v_strm_24_0|       pointer|
|v_strm_24_0_num_data_valid  |   in|   32|     ap_fifo|   v_strm_24_0|       pointer|
|v_strm_24_0_fifo_cap        |   in|   32|     ap_fifo|   v_strm_24_0|       pointer|
|v_strm_24_1_din             |  out|  256|     ap_fifo|   v_strm_24_1|       pointer|
|v_strm_24_1_full_n          |   in|    1|     ap_fifo|   v_strm_24_1|       pointer|
|v_strm_24_1_write           |  out|    1|     ap_fifo|   v_strm_24_1|       pointer|
|v_strm_24_1_num_data_valid  |   in|   32|     ap_fifo|   v_strm_24_1|       pointer|
|v_strm_24_1_fifo_cap        |   in|   32|     ap_fifo|   v_strm_24_1|       pointer|
|v_strm_23_0_din             |  out|  256|     ap_fifo|   v_strm_23_0|       pointer|
|v_strm_23_0_full_n          |   in|    1|     ap_fifo|   v_strm_23_0|       pointer|
|v_strm_23_0_write           |  out|    1|     ap_fifo|   v_strm_23_0|       pointer|
|v_strm_23_0_num_data_valid  |   in|   32|     ap_fifo|   v_strm_23_0|       pointer|
|v_strm_23_0_fifo_cap        |   in|   32|     ap_fifo|   v_strm_23_0|       pointer|
|v_strm_23_1_din             |  out|  256|     ap_fifo|   v_strm_23_1|       pointer|
|v_strm_23_1_full_n          |   in|    1|     ap_fifo|   v_strm_23_1|       pointer|
|v_strm_23_1_write           |  out|    1|     ap_fifo|   v_strm_23_1|       pointer|
|v_strm_23_1_num_data_valid  |   in|   32|     ap_fifo|   v_strm_23_1|       pointer|
|v_strm_23_1_fifo_cap        |   in|   32|     ap_fifo|   v_strm_23_1|       pointer|
|v_strm_22_0_din             |  out|  256|     ap_fifo|   v_strm_22_0|       pointer|
|v_strm_22_0_full_n          |   in|    1|     ap_fifo|   v_strm_22_0|       pointer|
|v_strm_22_0_write           |  out|    1|     ap_fifo|   v_strm_22_0|       pointer|
|v_strm_22_0_num_data_valid  |   in|   32|     ap_fifo|   v_strm_22_0|       pointer|
|v_strm_22_0_fifo_cap        |   in|   32|     ap_fifo|   v_strm_22_0|       pointer|
|v_strm_22_1_din             |  out|  256|     ap_fifo|   v_strm_22_1|       pointer|
|v_strm_22_1_full_n          |   in|    1|     ap_fifo|   v_strm_22_1|       pointer|
|v_strm_22_1_write           |  out|    1|     ap_fifo|   v_strm_22_1|       pointer|
|v_strm_22_1_num_data_valid  |   in|   32|     ap_fifo|   v_strm_22_1|       pointer|
|v_strm_22_1_fifo_cap        |   in|   32|     ap_fifo|   v_strm_22_1|       pointer|
|v_strm_21_0_din             |  out|  256|     ap_fifo|   v_strm_21_0|       pointer|
|v_strm_21_0_full_n          |   in|    1|     ap_fifo|   v_strm_21_0|       pointer|
|v_strm_21_0_write           |  out|    1|     ap_fifo|   v_strm_21_0|       pointer|
|v_strm_21_0_num_data_valid  |   in|   32|     ap_fifo|   v_strm_21_0|       pointer|
|v_strm_21_0_fifo_cap        |   in|   32|     ap_fifo|   v_strm_21_0|       pointer|
|v_strm_21_1_din             |  out|  256|     ap_fifo|   v_strm_21_1|       pointer|
|v_strm_21_1_full_n          |   in|    1|     ap_fifo|   v_strm_21_1|       pointer|
|v_strm_21_1_write           |  out|    1|     ap_fifo|   v_strm_21_1|       pointer|
|v_strm_21_1_num_data_valid  |   in|   32|     ap_fifo|   v_strm_21_1|       pointer|
|v_strm_21_1_fifo_cap        |   in|   32|     ap_fifo|   v_strm_21_1|       pointer|
|v_strm_20_0_din             |  out|  256|     ap_fifo|   v_strm_20_0|       pointer|
|v_strm_20_0_full_n          |   in|    1|     ap_fifo|   v_strm_20_0|       pointer|
|v_strm_20_0_write           |  out|    1|     ap_fifo|   v_strm_20_0|       pointer|
|v_strm_20_0_num_data_valid  |   in|   32|     ap_fifo|   v_strm_20_0|       pointer|
|v_strm_20_0_fifo_cap        |   in|   32|     ap_fifo|   v_strm_20_0|       pointer|
|v_strm_20_1_din             |  out|  256|     ap_fifo|   v_strm_20_1|       pointer|
|v_strm_20_1_full_n          |   in|    1|     ap_fifo|   v_strm_20_1|       pointer|
|v_strm_20_1_write           |  out|    1|     ap_fifo|   v_strm_20_1|       pointer|
|v_strm_20_1_num_data_valid  |   in|   32|     ap_fifo|   v_strm_20_1|       pointer|
|v_strm_20_1_fifo_cap        |   in|   32|     ap_fifo|   v_strm_20_1|       pointer|
|v_strm_19_0_din             |  out|  256|     ap_fifo|   v_strm_19_0|       pointer|
|v_strm_19_0_full_n          |   in|    1|     ap_fifo|   v_strm_19_0|       pointer|
|v_strm_19_0_write           |  out|    1|     ap_fifo|   v_strm_19_0|       pointer|
|v_strm_19_0_num_data_valid  |   in|   32|     ap_fifo|   v_strm_19_0|       pointer|
|v_strm_19_0_fifo_cap        |   in|   32|     ap_fifo|   v_strm_19_0|       pointer|
|v_strm_19_1_din             |  out|  256|     ap_fifo|   v_strm_19_1|       pointer|
|v_strm_19_1_full_n          |   in|    1|     ap_fifo|   v_strm_19_1|       pointer|
|v_strm_19_1_write           |  out|    1|     ap_fifo|   v_strm_19_1|       pointer|
|v_strm_19_1_num_data_valid  |   in|   32|     ap_fifo|   v_strm_19_1|       pointer|
|v_strm_19_1_fifo_cap        |   in|   32|     ap_fifo|   v_strm_19_1|       pointer|
|v_strm_18_0_din             |  out|  256|     ap_fifo|   v_strm_18_0|       pointer|
|v_strm_18_0_full_n          |   in|    1|     ap_fifo|   v_strm_18_0|       pointer|
|v_strm_18_0_write           |  out|    1|     ap_fifo|   v_strm_18_0|       pointer|
|v_strm_18_0_num_data_valid  |   in|   32|     ap_fifo|   v_strm_18_0|       pointer|
|v_strm_18_0_fifo_cap        |   in|   32|     ap_fifo|   v_strm_18_0|       pointer|
|v_strm_18_1_din             |  out|  256|     ap_fifo|   v_strm_18_1|       pointer|
|v_strm_18_1_full_n          |   in|    1|     ap_fifo|   v_strm_18_1|       pointer|
|v_strm_18_1_write           |  out|    1|     ap_fifo|   v_strm_18_1|       pointer|
|v_strm_18_1_num_data_valid  |   in|   32|     ap_fifo|   v_strm_18_1|       pointer|
|v_strm_18_1_fifo_cap        |   in|   32|     ap_fifo|   v_strm_18_1|       pointer|
|v_strm_17_0_din             |  out|  256|     ap_fifo|   v_strm_17_0|       pointer|
|v_strm_17_0_full_n          |   in|    1|     ap_fifo|   v_strm_17_0|       pointer|
|v_strm_17_0_write           |  out|    1|     ap_fifo|   v_strm_17_0|       pointer|
|v_strm_17_0_num_data_valid  |   in|   32|     ap_fifo|   v_strm_17_0|       pointer|
|v_strm_17_0_fifo_cap        |   in|   32|     ap_fifo|   v_strm_17_0|       pointer|
|v_strm_17_1_din             |  out|  256|     ap_fifo|   v_strm_17_1|       pointer|
|v_strm_17_1_full_n          |   in|    1|     ap_fifo|   v_strm_17_1|       pointer|
|v_strm_17_1_write           |  out|    1|     ap_fifo|   v_strm_17_1|       pointer|
|v_strm_17_1_num_data_valid  |   in|   32|     ap_fifo|   v_strm_17_1|       pointer|
|v_strm_17_1_fifo_cap        |   in|   32|     ap_fifo|   v_strm_17_1|       pointer|
|v_strm_16_0_din             |  out|  256|     ap_fifo|   v_strm_16_0|       pointer|
|v_strm_16_0_full_n          |   in|    1|     ap_fifo|   v_strm_16_0|       pointer|
|v_strm_16_0_write           |  out|    1|     ap_fifo|   v_strm_16_0|       pointer|
|v_strm_16_0_num_data_valid  |   in|   32|     ap_fifo|   v_strm_16_0|       pointer|
|v_strm_16_0_fifo_cap        |   in|   32|     ap_fifo|   v_strm_16_0|       pointer|
|v_strm_16_1_din             |  out|  256|     ap_fifo|   v_strm_16_1|       pointer|
|v_strm_16_1_full_n          |   in|    1|     ap_fifo|   v_strm_16_1|       pointer|
|v_strm_16_1_write           |  out|    1|     ap_fifo|   v_strm_16_1|       pointer|
|v_strm_16_1_num_data_valid  |   in|   32|     ap_fifo|   v_strm_16_1|       pointer|
|v_strm_16_1_fifo_cap        |   in|   32|     ap_fifo|   v_strm_16_1|       pointer|
|v_strm_15_0_din             |  out|  256|     ap_fifo|   v_strm_15_0|       pointer|
|v_strm_15_0_full_n          |   in|    1|     ap_fifo|   v_strm_15_0|       pointer|
|v_strm_15_0_write           |  out|    1|     ap_fifo|   v_strm_15_0|       pointer|
|v_strm_15_0_num_data_valid  |   in|   32|     ap_fifo|   v_strm_15_0|       pointer|
|v_strm_15_0_fifo_cap        |   in|   32|     ap_fifo|   v_strm_15_0|       pointer|
|v_strm_15_1_din             |  out|  256|     ap_fifo|   v_strm_15_1|       pointer|
|v_strm_15_1_full_n          |   in|    1|     ap_fifo|   v_strm_15_1|       pointer|
|v_strm_15_1_write           |  out|    1|     ap_fifo|   v_strm_15_1|       pointer|
|v_strm_15_1_num_data_valid  |   in|   32|     ap_fifo|   v_strm_15_1|       pointer|
|v_strm_15_1_fifo_cap        |   in|   32|     ap_fifo|   v_strm_15_1|       pointer|
|v_strm_14_0_din             |  out|  256|     ap_fifo|   v_strm_14_0|       pointer|
|v_strm_14_0_full_n          |   in|    1|     ap_fifo|   v_strm_14_0|       pointer|
|v_strm_14_0_write           |  out|    1|     ap_fifo|   v_strm_14_0|       pointer|
|v_strm_14_0_num_data_valid  |   in|   32|     ap_fifo|   v_strm_14_0|       pointer|
|v_strm_14_0_fifo_cap        |   in|   32|     ap_fifo|   v_strm_14_0|       pointer|
|v_strm_14_1_din             |  out|  256|     ap_fifo|   v_strm_14_1|       pointer|
|v_strm_14_1_full_n          |   in|    1|     ap_fifo|   v_strm_14_1|       pointer|
|v_strm_14_1_write           |  out|    1|     ap_fifo|   v_strm_14_1|       pointer|
|v_strm_14_1_num_data_valid  |   in|   32|     ap_fifo|   v_strm_14_1|       pointer|
|v_strm_14_1_fifo_cap        |   in|   32|     ap_fifo|   v_strm_14_1|       pointer|
|v_strm_13_0_din             |  out|  256|     ap_fifo|   v_strm_13_0|       pointer|
|v_strm_13_0_full_n          |   in|    1|     ap_fifo|   v_strm_13_0|       pointer|
|v_strm_13_0_write           |  out|    1|     ap_fifo|   v_strm_13_0|       pointer|
|v_strm_13_0_num_data_valid  |   in|   32|     ap_fifo|   v_strm_13_0|       pointer|
|v_strm_13_0_fifo_cap        |   in|   32|     ap_fifo|   v_strm_13_0|       pointer|
|v_strm_13_1_din             |  out|  256|     ap_fifo|   v_strm_13_1|       pointer|
|v_strm_13_1_full_n          |   in|    1|     ap_fifo|   v_strm_13_1|       pointer|
|v_strm_13_1_write           |  out|    1|     ap_fifo|   v_strm_13_1|       pointer|
|v_strm_13_1_num_data_valid  |   in|   32|     ap_fifo|   v_strm_13_1|       pointer|
|v_strm_13_1_fifo_cap        |   in|   32|     ap_fifo|   v_strm_13_1|       pointer|
|v_strm_12_0_din             |  out|  256|     ap_fifo|   v_strm_12_0|       pointer|
|v_strm_12_0_full_n          |   in|    1|     ap_fifo|   v_strm_12_0|       pointer|
|v_strm_12_0_write           |  out|    1|     ap_fifo|   v_strm_12_0|       pointer|
|v_strm_12_0_num_data_valid  |   in|   32|     ap_fifo|   v_strm_12_0|       pointer|
|v_strm_12_0_fifo_cap        |   in|   32|     ap_fifo|   v_strm_12_0|       pointer|
|v_strm_12_1_din             |  out|  256|     ap_fifo|   v_strm_12_1|       pointer|
|v_strm_12_1_full_n          |   in|    1|     ap_fifo|   v_strm_12_1|       pointer|
|v_strm_12_1_write           |  out|    1|     ap_fifo|   v_strm_12_1|       pointer|
|v_strm_12_1_num_data_valid  |   in|   32|     ap_fifo|   v_strm_12_1|       pointer|
|v_strm_12_1_fifo_cap        |   in|   32|     ap_fifo|   v_strm_12_1|       pointer|
|v_strm_11_0_din             |  out|  256|     ap_fifo|   v_strm_11_0|       pointer|
|v_strm_11_0_full_n          |   in|    1|     ap_fifo|   v_strm_11_0|       pointer|
|v_strm_11_0_write           |  out|    1|     ap_fifo|   v_strm_11_0|       pointer|
|v_strm_11_0_num_data_valid  |   in|   32|     ap_fifo|   v_strm_11_0|       pointer|
|v_strm_11_0_fifo_cap        |   in|   32|     ap_fifo|   v_strm_11_0|       pointer|
|v_strm_11_1_din             |  out|  256|     ap_fifo|   v_strm_11_1|       pointer|
|v_strm_11_1_full_n          |   in|    1|     ap_fifo|   v_strm_11_1|       pointer|
|v_strm_11_1_write           |  out|    1|     ap_fifo|   v_strm_11_1|       pointer|
|v_strm_11_1_num_data_valid  |   in|   32|     ap_fifo|   v_strm_11_1|       pointer|
|v_strm_11_1_fifo_cap        |   in|   32|     ap_fifo|   v_strm_11_1|       pointer|
|v_strm_10_0_din             |  out|  256|     ap_fifo|   v_strm_10_0|       pointer|
|v_strm_10_0_full_n          |   in|    1|     ap_fifo|   v_strm_10_0|       pointer|
|v_strm_10_0_write           |  out|    1|     ap_fifo|   v_strm_10_0|       pointer|
|v_strm_10_0_num_data_valid  |   in|   32|     ap_fifo|   v_strm_10_0|       pointer|
|v_strm_10_0_fifo_cap        |   in|   32|     ap_fifo|   v_strm_10_0|       pointer|
|v_strm_10_1_din             |  out|  256|     ap_fifo|   v_strm_10_1|       pointer|
|v_strm_10_1_full_n          |   in|    1|     ap_fifo|   v_strm_10_1|       pointer|
|v_strm_10_1_write           |  out|    1|     ap_fifo|   v_strm_10_1|       pointer|
|v_strm_10_1_num_data_valid  |   in|   32|     ap_fifo|   v_strm_10_1|       pointer|
|v_strm_10_1_fifo_cap        |   in|   32|     ap_fifo|   v_strm_10_1|       pointer|
|v_strm_9_0_din              |  out|  256|     ap_fifo|    v_strm_9_0|       pointer|
|v_strm_9_0_full_n           |   in|    1|     ap_fifo|    v_strm_9_0|       pointer|
|v_strm_9_0_write            |  out|    1|     ap_fifo|    v_strm_9_0|       pointer|
|v_strm_9_0_num_data_valid   |   in|   32|     ap_fifo|    v_strm_9_0|       pointer|
|v_strm_9_0_fifo_cap         |   in|   32|     ap_fifo|    v_strm_9_0|       pointer|
|v_strm_9_1_din              |  out|  256|     ap_fifo|    v_strm_9_1|       pointer|
|v_strm_9_1_full_n           |   in|    1|     ap_fifo|    v_strm_9_1|       pointer|
|v_strm_9_1_write            |  out|    1|     ap_fifo|    v_strm_9_1|       pointer|
|v_strm_9_1_num_data_valid   |   in|   32|     ap_fifo|    v_strm_9_1|       pointer|
|v_strm_9_1_fifo_cap         |   in|   32|     ap_fifo|    v_strm_9_1|       pointer|
|v_strm_8_0_din              |  out|  256|     ap_fifo|    v_strm_8_0|       pointer|
|v_strm_8_0_full_n           |   in|    1|     ap_fifo|    v_strm_8_0|       pointer|
|v_strm_8_0_write            |  out|    1|     ap_fifo|    v_strm_8_0|       pointer|
|v_strm_8_0_num_data_valid   |   in|   32|     ap_fifo|    v_strm_8_0|       pointer|
|v_strm_8_0_fifo_cap         |   in|   32|     ap_fifo|    v_strm_8_0|       pointer|
|v_strm_8_1_din              |  out|  256|     ap_fifo|    v_strm_8_1|       pointer|
|v_strm_8_1_full_n           |   in|    1|     ap_fifo|    v_strm_8_1|       pointer|
|v_strm_8_1_write            |  out|    1|     ap_fifo|    v_strm_8_1|       pointer|
|v_strm_8_1_num_data_valid   |   in|   32|     ap_fifo|    v_strm_8_1|       pointer|
|v_strm_8_1_fifo_cap         |   in|   32|     ap_fifo|    v_strm_8_1|       pointer|
|v_strm_7_0_din              |  out|  256|     ap_fifo|    v_strm_7_0|       pointer|
|v_strm_7_0_full_n           |   in|    1|     ap_fifo|    v_strm_7_0|       pointer|
|v_strm_7_0_write            |  out|    1|     ap_fifo|    v_strm_7_0|       pointer|
|v_strm_7_0_num_data_valid   |   in|   32|     ap_fifo|    v_strm_7_0|       pointer|
|v_strm_7_0_fifo_cap         |   in|   32|     ap_fifo|    v_strm_7_0|       pointer|
|v_strm_7_1_din              |  out|  256|     ap_fifo|    v_strm_7_1|       pointer|
|v_strm_7_1_full_n           |   in|    1|     ap_fifo|    v_strm_7_1|       pointer|
|v_strm_7_1_write            |  out|    1|     ap_fifo|    v_strm_7_1|       pointer|
|v_strm_7_1_num_data_valid   |   in|   32|     ap_fifo|    v_strm_7_1|       pointer|
|v_strm_7_1_fifo_cap         |   in|   32|     ap_fifo|    v_strm_7_1|       pointer|
|v_strm_6_0_din              |  out|  256|     ap_fifo|    v_strm_6_0|       pointer|
|v_strm_6_0_full_n           |   in|    1|     ap_fifo|    v_strm_6_0|       pointer|
|v_strm_6_0_write            |  out|    1|     ap_fifo|    v_strm_6_0|       pointer|
|v_strm_6_0_num_data_valid   |   in|   32|     ap_fifo|    v_strm_6_0|       pointer|
|v_strm_6_0_fifo_cap         |   in|   32|     ap_fifo|    v_strm_6_0|       pointer|
|v_strm_6_1_din              |  out|  256|     ap_fifo|    v_strm_6_1|       pointer|
|v_strm_6_1_full_n           |   in|    1|     ap_fifo|    v_strm_6_1|       pointer|
|v_strm_6_1_write            |  out|    1|     ap_fifo|    v_strm_6_1|       pointer|
|v_strm_6_1_num_data_valid   |   in|   32|     ap_fifo|    v_strm_6_1|       pointer|
|v_strm_6_1_fifo_cap         |   in|   32|     ap_fifo|    v_strm_6_1|       pointer|
|v_strm_5_0_din              |  out|  256|     ap_fifo|    v_strm_5_0|       pointer|
|v_strm_5_0_full_n           |   in|    1|     ap_fifo|    v_strm_5_0|       pointer|
|v_strm_5_0_write            |  out|    1|     ap_fifo|    v_strm_5_0|       pointer|
|v_strm_5_0_num_data_valid   |   in|   32|     ap_fifo|    v_strm_5_0|       pointer|
|v_strm_5_0_fifo_cap         |   in|   32|     ap_fifo|    v_strm_5_0|       pointer|
|v_strm_5_1_din              |  out|  256|     ap_fifo|    v_strm_5_1|       pointer|
|v_strm_5_1_full_n           |   in|    1|     ap_fifo|    v_strm_5_1|       pointer|
|v_strm_5_1_write            |  out|    1|     ap_fifo|    v_strm_5_1|       pointer|
|v_strm_5_1_num_data_valid   |   in|   32|     ap_fifo|    v_strm_5_1|       pointer|
|v_strm_5_1_fifo_cap         |   in|   32|     ap_fifo|    v_strm_5_1|       pointer|
|v_strm_4_0_din              |  out|  256|     ap_fifo|    v_strm_4_0|       pointer|
|v_strm_4_0_full_n           |   in|    1|     ap_fifo|    v_strm_4_0|       pointer|
|v_strm_4_0_write            |  out|    1|     ap_fifo|    v_strm_4_0|       pointer|
|v_strm_4_0_num_data_valid   |   in|   32|     ap_fifo|    v_strm_4_0|       pointer|
|v_strm_4_0_fifo_cap         |   in|   32|     ap_fifo|    v_strm_4_0|       pointer|
|v_strm_4_1_din              |  out|  256|     ap_fifo|    v_strm_4_1|       pointer|
|v_strm_4_1_full_n           |   in|    1|     ap_fifo|    v_strm_4_1|       pointer|
|v_strm_4_1_write            |  out|    1|     ap_fifo|    v_strm_4_1|       pointer|
|v_strm_4_1_num_data_valid   |   in|   32|     ap_fifo|    v_strm_4_1|       pointer|
|v_strm_4_1_fifo_cap         |   in|   32|     ap_fifo|    v_strm_4_1|       pointer|
|v_strm_3_0_din              |  out|  256|     ap_fifo|    v_strm_3_0|       pointer|
|v_strm_3_0_full_n           |   in|    1|     ap_fifo|    v_strm_3_0|       pointer|
|v_strm_3_0_write            |  out|    1|     ap_fifo|    v_strm_3_0|       pointer|
|v_strm_3_0_num_data_valid   |   in|   32|     ap_fifo|    v_strm_3_0|       pointer|
|v_strm_3_0_fifo_cap         |   in|   32|     ap_fifo|    v_strm_3_0|       pointer|
|v_strm_3_1_din              |  out|  256|     ap_fifo|    v_strm_3_1|       pointer|
|v_strm_3_1_full_n           |   in|    1|     ap_fifo|    v_strm_3_1|       pointer|
|v_strm_3_1_write            |  out|    1|     ap_fifo|    v_strm_3_1|       pointer|
|v_strm_3_1_num_data_valid   |   in|   32|     ap_fifo|    v_strm_3_1|       pointer|
|v_strm_3_1_fifo_cap         |   in|   32|     ap_fifo|    v_strm_3_1|       pointer|
|v_strm_2_0_din              |  out|  256|     ap_fifo|    v_strm_2_0|       pointer|
|v_strm_2_0_full_n           |   in|    1|     ap_fifo|    v_strm_2_0|       pointer|
|v_strm_2_0_write            |  out|    1|     ap_fifo|    v_strm_2_0|       pointer|
|v_strm_2_0_num_data_valid   |   in|   32|     ap_fifo|    v_strm_2_0|       pointer|
|v_strm_2_0_fifo_cap         |   in|   32|     ap_fifo|    v_strm_2_0|       pointer|
|v_strm_2_1_din              |  out|  256|     ap_fifo|    v_strm_2_1|       pointer|
|v_strm_2_1_full_n           |   in|    1|     ap_fifo|    v_strm_2_1|       pointer|
|v_strm_2_1_write            |  out|    1|     ap_fifo|    v_strm_2_1|       pointer|
|v_strm_2_1_num_data_valid   |   in|   32|     ap_fifo|    v_strm_2_1|       pointer|
|v_strm_2_1_fifo_cap         |   in|   32|     ap_fifo|    v_strm_2_1|       pointer|
|v_strm_1_0_din              |  out|  256|     ap_fifo|    v_strm_1_0|       pointer|
|v_strm_1_0_full_n           |   in|    1|     ap_fifo|    v_strm_1_0|       pointer|
|v_strm_1_0_write            |  out|    1|     ap_fifo|    v_strm_1_0|       pointer|
|v_strm_1_0_num_data_valid   |   in|   32|     ap_fifo|    v_strm_1_0|       pointer|
|v_strm_1_0_fifo_cap         |   in|   32|     ap_fifo|    v_strm_1_0|       pointer|
|v_strm_1_1_din              |  out|  256|     ap_fifo|    v_strm_1_1|       pointer|
|v_strm_1_1_full_n           |   in|    1|     ap_fifo|    v_strm_1_1|       pointer|
|v_strm_1_1_write            |  out|    1|     ap_fifo|    v_strm_1_1|       pointer|
|v_strm_1_1_num_data_valid   |   in|   32|     ap_fifo|    v_strm_1_1|       pointer|
|v_strm_1_1_fifo_cap         |   in|   32|     ap_fifo|    v_strm_1_1|       pointer|
|v_strm_0_0_din              |  out|  256|     ap_fifo|    v_strm_0_0|       pointer|
|v_strm_0_0_full_n           |   in|    1|     ap_fifo|    v_strm_0_0|       pointer|
|v_strm_0_0_write            |  out|    1|     ap_fifo|    v_strm_0_0|       pointer|
|v_strm_0_0_num_data_valid   |   in|   32|     ap_fifo|    v_strm_0_0|       pointer|
|v_strm_0_0_fifo_cap         |   in|   32|     ap_fifo|    v_strm_0_0|       pointer|
|v_strm_0_1_din              |  out|  256|     ap_fifo|    v_strm_0_1|       pointer|
|v_strm_0_1_full_n           |   in|    1|     ap_fifo|    v_strm_0_1|       pointer|
|v_strm_0_1_write            |  out|    1|     ap_fifo|    v_strm_0_1|       pointer|
|v_strm_0_1_num_data_valid   |   in|   32|     ap_fifo|    v_strm_0_1|       pointer|
|v_strm_0_1_fifo_cap         |   in|   32|     ap_fifo|    v_strm_0_1|       pointer|
|v_strm_63_0_din             |  out|  256|     ap_fifo|   v_strm_63_0|       pointer|
|v_strm_63_0_full_n          |   in|    1|     ap_fifo|   v_strm_63_0|       pointer|
|v_strm_63_0_write           |  out|    1|     ap_fifo|   v_strm_63_0|       pointer|
|v_strm_63_0_num_data_valid  |   in|   32|     ap_fifo|   v_strm_63_0|       pointer|
|v_strm_63_0_fifo_cap        |   in|   32|     ap_fifo|   v_strm_63_0|       pointer|
|v_strm_63_1_din             |  out|  256|     ap_fifo|   v_strm_63_1|       pointer|
|v_strm_63_1_full_n          |   in|    1|     ap_fifo|   v_strm_63_1|       pointer|
|v_strm_63_1_write           |  out|    1|     ap_fifo|   v_strm_63_1|       pointer|
|v_strm_63_1_num_data_valid  |   in|   32|     ap_fifo|   v_strm_63_1|       pointer|
|v_strm_63_1_fifo_cap        |   in|   32|     ap_fifo|   v_strm_63_1|       pointer|
|u_strm_din                  |  out|  256|     ap_fifo|        u_strm|       pointer|
|u_strm_full_n               |   in|    1|     ap_fifo|        u_strm|       pointer|
|u_strm_write                |  out|    1|     ap_fifo|        u_strm|       pointer|
|u_strm_num_data_valid       |   in|   32|     ap_fifo|        u_strm|       pointer|
|u_strm_fifo_cap             |   in|   32|     ap_fifo|        u_strm|       pointer|
+----------------------------+-----+-----+------------+--------------+--------------+

