

================================================================
== Vitis HLS Report for 'chal1'
================================================================
* Date:           Mon Nov 17 18:42:05 2025

* Version:        2025.1 (Build 6135595 on May 21 2025)
* Project:        hls_component
* Solution:       hls (Vivado IP Flow Target)
* Product family: virtexuplus
* Target device:  xcu250-figd2104-2L-e


================================================================
== Performance Estimates
================================================================
+ Timing: 
    * Summary: 
    +--------+---------+----------+------------+
    |  Clock |  Target | Estimated| Uncertainty|
    +--------+---------+----------+------------+
    |ap_clk  |  5.00 ns|  4.913 ns|        0 ns|
    +--------+---------+----------+------------+

+ Latency: 
    * Summary: 
    +---------+---------+-----------+----------+-----+-----+---------+
    |  Latency (cycles) |  Latency (absolute)  |  Interval | Pipeline|
    |   min   |   max   |    min    |    max   | min | max |   Type  |
    +---------+---------+-----------+----------+-----+-----+---------+
    |        9|      166|  45.000 ns|  0.830 us|    9|  166|       no|
    +---------+---------+-----------+----------+-----+-----+---------+

    + Detail: 
        * Instance: 
        +---------------------------+----------------+---------+---------+----------+----------+-----+-----+---------+
        |                           |                |  Latency (cycles) |  Latency (absolute) |  Interval | Pipeline|
        |          Instance         |     Module     |   min   |   max   |    min   |    max   | min | max |   Type  |
        +---------------------------+----------------+---------+---------+----------+----------+-----+-----+---------+
        |grp_shakeXOF_32u_s_fu_255  |shakeXOF_32u_s  |        1|      158|  5.000 ns|  0.790 us|    1|  158|       no|
        +---------------------------+----------------+---------+---------+----------+----------+-----+-----+---------+

        * Loop: 
        N/A



================================================================
== Utilization Estimates
================================================================
* Summary: 
+---------------------+---------+-------+---------+---------+------+
|         Name        | BRAM_18K|  DSP  |    FF   |   LUT   | URAM |
+---------------------+---------+-------+---------+---------+------+
|DSP                  |        -|      -|        -|        -|     -|
|Expression           |        -|      -|        0|        6|     -|
|FIFO                 |        -|      -|      799|      465|     -|
|Instance             |        -|      -|    25770|   218706|     -|
|Memory               |        -|      -|        -|        -|     -|
|Multiplexer          |        -|      -|        0|      150|     -|
|Register             |        -|      -|      266|        -|     -|
+---------------------+---------+-------+---------+---------+------+
|Total                |        0|      0|    26835|   219327|     0|
+---------------------+---------+-------+---------+---------+------+
|Available SLR        |     1344|   3072|   864000|   432000|   320|
+---------------------+---------+-------+---------+---------+------+
|Utilization SLR (%)  |        0|      0|        3|       50|     0|
+---------------------+---------+-------+---------+---------+------+
|Available            |     5376|  12288|  3456000|  1728000|  1280|
+---------------------+---------+-------+---------+---------+------+
|Utilization (%)      |        0|      0|       ~0|       12|     0|
+---------------------+---------+-------+---------+---------+------+

+ Detail: 
    * Instance: 
    +---------------------------+----------------+---------+----+-------+--------+-----+
    |          Instance         |     Module     | BRAM_18K| DSP|   FF  |   LUT  | URAM|
    +---------------------------+----------------+---------+----+-------+--------+-----+
    |grp_shakeXOF_32u_s_fu_255  |shakeXOF_32u_s  |        0|   0|  25770|  218706|    0|
    +---------------------------+----------------+---------+----+-------+--------+-----+
    |Total                      |                |        0|   0|  25770|  218706|    0|
    +---------------------------+----------------+---------+----+-------+--------+-----+

    * DSP: 
    N/A

    * Memory: 
    N/A

    * FIFO: 
    +----------------------+---------+-----+----+-----+------+-----+---------+
    |         Name         | BRAM_18K|  FF | LUT| URAM| Depth| Bits| Size:D*B|
    +----------------------+---------+-----+----+-----+------+-----+---------+
    |digestStrm_fifo_U     |        0|  516|   0|    -|     2|  256|      512|
    |endDigestStrm_fifo_U  |        0|    8|   0|    -|     2|    1|        2|
    |endMsgLenStrm_fifo_U  |        0|    8|   0|    -|     2|    1|        2|
    |msgLenStrm_fifo_U     |        0|  260|   0|    -|     2|  128|      256|
    |msgStrm_fifo_U        |        0|    7|   0|    -|    16|   64|     1024|
    +----------------------+---------+-----+----+-----+------+-----+---------+
    |Total                 |        0|  799|   0|    0|    24|  450|     1796|
    +----------------------+---------+-----+----+-----+------+-----+---------+

    * Expression: 
    +-----------------+----------+----+---+----+------------+------------+
    |  Variable Name  | Operation| DSP| FF| LUT| Bitwidth P0| Bitwidth P1|
    +-----------------+----------+----+---+----+------------+------------+
    |ap_block_state1  |        or|   0|  0|   2|           1|           1|
    |ap_block_state2  |        or|   0|  0|   2|           1|           1|
    |ap_block_state9  |        or|   0|  0|   2|           1|           1|
    +-----------------+----------+----+---+----+------------+------------+
    |Total            |          |   0|  0|   6|           3|           3|
    +-----------------+----------+----+---+----+------------+------------+

    * Multiplexer: 
    +---------------------+----+-----------+-----+-----------+
    |         Name        | LUT| Input Size| Bits| Total Bits|
    +---------------------+----+-----------+-----+-----------+
    |ap_NS_fsm            |  54|         10|    1|         10|
    |digestStrm_write     |   9|          2|    1|          2|
    |endDigestStrm_write  |   9|          2|    1|          2|
    |endMsgLenStrm_din    |  14|          3|    1|          3|
    |endMsgLenStrm_read   |   9|          2|    1|          2|
    |msgLenStrm_read      |   9|          2|    1|          2|
    |msgStrm_din          |  37|          7|   64|        448|
    |msgStrm_read         |   9|          2|    1|          2|
    +---------------------+----+-----------+-----+-----------+
    |Total                | 150|         30|   71|        471|
    +---------------------+----+-----------+-----+-----------+

    * Register: 
    +----------------------------------------+----+----+-----+-----------+
    |                  Name                  | FF | LUT| Bits| Const Bits|
    +----------------------------------------+----+----+-----+-----------+
    |ap_CS_fsm                               |   9|   0|    9|          0|
    |grp_shakeXOF_32u_s_fu_255_ap_start_reg  |   1|   0|    1|          0|
    |p_0_reg_1253                            |  64|   0|   64|          0|
    |p_8_reg_1243                            |  64|   0|   64|          0|
    |p_9_reg_1248                            |  64|   0|   64|          0|
    |p_s_reg_1238                            |  64|   0|   64|          0|
    +----------------------------------------+----+----+-----+-----------+
    |Total                                   | 266|   0|  266|          0|
    +----------------------------------------+----+----+-----+-----------+



================================================================
== Interface
================================================================
* Summary: 
+--------------+-----+-----+------------+--------------+--------------+
|   RTL Ports  | Dir | Bits|  Protocol  | Source Object|    C Type    |
+--------------+-----+-----+------------+--------------+--------------+
|ap_clk        |   in|    1|  ap_ctrl_hs|         chal1|  return value|
|ap_rst        |   in|    1|  ap_ctrl_hs|         chal1|  return value|
|ap_start      |   in|    1|  ap_ctrl_hs|         chal1|  return value|
|ap_done       |  out|    1|  ap_ctrl_hs|         chal1|  return value|
|ap_idle       |  out|    1|  ap_ctrl_hs|         chal1|  return value|
|ap_ready      |  out|    1|  ap_ctrl_hs|         chal1|  return value|
|ap_return_0   |  out|    2|  ap_ctrl_hs|         chal1|  return value|
|ap_return_1   |  out|    2|  ap_ctrl_hs|         chal1|  return value|
|ap_return_2   |  out|    2|  ap_ctrl_hs|         chal1|  return value|
|ap_return_3   |  out|    2|  ap_ctrl_hs|         chal1|  return value|
|ap_return_4   |  out|    2|  ap_ctrl_hs|         chal1|  return value|
|ap_return_5   |  out|    2|  ap_ctrl_hs|         chal1|  return value|
|ap_return_6   |  out|    2|  ap_ctrl_hs|         chal1|  return value|
|ap_return_7   |  out|    2|  ap_ctrl_hs|         chal1|  return value|
|ap_return_8   |  out|    2|  ap_ctrl_hs|         chal1|  return value|
|ap_return_9   |  out|    2|  ap_ctrl_hs|         chal1|  return value|
|ap_return_10  |  out|    2|  ap_ctrl_hs|         chal1|  return value|
|ap_return_11  |  out|    2|  ap_ctrl_hs|         chal1|  return value|
|ap_return_12  |  out|    2|  ap_ctrl_hs|         chal1|  return value|
|ap_return_13  |  out|    2|  ap_ctrl_hs|         chal1|  return value|
|ap_return_14  |  out|    2|  ap_ctrl_hs|         chal1|  return value|
|ap_return_15  |  out|    2|  ap_ctrl_hs|         chal1|  return value|
|ap_return_16  |  out|    2|  ap_ctrl_hs|         chal1|  return value|
|ap_return_17  |  out|    2|  ap_ctrl_hs|         chal1|  return value|
|ap_return_18  |  out|    2|  ap_ctrl_hs|         chal1|  return value|
|ap_return_19  |  out|    2|  ap_ctrl_hs|         chal1|  return value|
|ap_return_20  |  out|    2|  ap_ctrl_hs|         chal1|  return value|
|ap_return_21  |  out|    2|  ap_ctrl_hs|         chal1|  return value|
|ap_return_22  |  out|    2|  ap_ctrl_hs|         chal1|  return value|
|ap_return_23  |  out|    2|  ap_ctrl_hs|         chal1|  return value|
|ap_return_24  |  out|    2|  ap_ctrl_hs|         chal1|  return value|
|ap_return_25  |  out|    2|  ap_ctrl_hs|         chal1|  return value|
|ap_return_26  |  out|    2|  ap_ctrl_hs|         chal1|  return value|
|ap_return_27  |  out|    2|  ap_ctrl_hs|         chal1|  return value|
|ap_return_28  |  out|    2|  ap_ctrl_hs|         chal1|  return value|
|ap_return_29  |  out|    2|  ap_ctrl_hs|         chal1|  return value|
|ap_return_30  |  out|    2|  ap_ctrl_hs|         chal1|  return value|
|ap_return_31  |  out|    2|  ap_ctrl_hs|         chal1|  return value|
|ap_return_32  |  out|    2|  ap_ctrl_hs|         chal1|  return value|
|ap_return_33  |  out|    2|  ap_ctrl_hs|         chal1|  return value|
|ap_return_34  |  out|    2|  ap_ctrl_hs|         chal1|  return value|
|ap_return_35  |  out|    2|  ap_ctrl_hs|         chal1|  return value|
|ap_return_36  |  out|    2|  ap_ctrl_hs|         chal1|  return value|
|ap_return_37  |  out|    2|  ap_ctrl_hs|         chal1|  return value|
|ap_return_38  |  out|    2|  ap_ctrl_hs|         chal1|  return value|
|ap_return_39  |  out|    2|  ap_ctrl_hs|         chal1|  return value|
|ap_return_40  |  out|    2|  ap_ctrl_hs|         chal1|  return value|
|ap_return_41  |  out|    2|  ap_ctrl_hs|         chal1|  return value|
|ap_return_42  |  out|    2|  ap_ctrl_hs|         chal1|  return value|
|ap_return_43  |  out|    2|  ap_ctrl_hs|         chal1|  return value|
|ap_return_44  |  out|    2|  ap_ctrl_hs|         chal1|  return value|
|ap_return_45  |  out|    2|  ap_ctrl_hs|         chal1|  return value|
|ap_return_46  |  out|    2|  ap_ctrl_hs|         chal1|  return value|
|ap_return_47  |  out|    2|  ap_ctrl_hs|         chal1|  return value|
|ap_return_48  |  out|    2|  ap_ctrl_hs|         chal1|  return value|
|ap_return_49  |  out|    2|  ap_ctrl_hs|         chal1|  return value|
|ap_return_50  |  out|    2|  ap_ctrl_hs|         chal1|  return value|
|ap_return_51  |  out|    2|  ap_ctrl_hs|         chal1|  return value|
|ap_return_52  |  out|    2|  ap_ctrl_hs|         chal1|  return value|
|ap_return_53  |  out|    2|  ap_ctrl_hs|         chal1|  return value|
|ap_return_54  |  out|    2|  ap_ctrl_hs|         chal1|  return value|
|ap_return_55  |  out|    2|  ap_ctrl_hs|         chal1|  return value|
|ap_return_56  |  out|    2|  ap_ctrl_hs|         chal1|  return value|
|ap_return_57  |  out|    2|  ap_ctrl_hs|         chal1|  return value|
|ap_return_58  |  out|    2|  ap_ctrl_hs|         chal1|  return value|
|ap_return_59  |  out|    2|  ap_ctrl_hs|         chal1|  return value|
|ap_return_60  |  out|    2|  ap_ctrl_hs|         chal1|  return value|
|ap_return_61  |  out|    2|  ap_ctrl_hs|         chal1|  return value|
|ap_return_62  |  out|    2|  ap_ctrl_hs|         chal1|  return value|
|ap_return_63  |  out|    2|  ap_ctrl_hs|         chal1|  return value|
|ap_return_64  |  out|  128|  ap_ctrl_hs|         chal1|  return value|
|hcom_val      |   in|  256|     ap_none|      hcom_val|        scalar|
|iv_val        |   in|  128|     ap_none|        iv_val|        scalar|
+--------------+-----+-----+------------+--------------+--------------+

