

================================================================
== Vitis HLS Report for 'combineVOLEs'
================================================================
* Date:           Mon Nov 17 18:42:24 2025

* Version:        2025.1 (Build 6135595 on May 21 2025)
* Project:        hls_component
* Solution:       hls (Vivado IP Flow Target)
* Product family: virtexuplus
* Target device:  xcu250-figd2104-2L-e


================================================================
== Performance Estimates
================================================================
+ Timing: 
    * Summary: 
    +--------+---------+----------+------------+
    |  Clock |  Target | Estimated| Uncertainty|
    +--------+---------+----------+------------+
    |ap_clk  |  5.00 ns|  4.978 ns|        0 ns|
    +--------+---------+----------+------------+

+ Latency: 
    * Summary: 
    +---------+---------+-----------+-----------+------+------+---------+
    |  Latency (cycles) |   Latency (absolute)  |   Interval  | Pipeline|
    |   min   |   max   |    min    |    max    |  min |  max |   Type  |
    +---------+---------+-----------+-----------+------+------+---------+
    |     2993|     2993|  14.965 us|  14.965 us|  2993|  2993|       no|
    +---------+---------+-----------+-----------+------+------+---------+

    + Detail: 
        * Instance: 
        +--------------------------+----------------+---------+---------+-----------+-----------+-----+-----+---------+
        |                          |                |  Latency (cycles) |   Latency (absolute)  |  Interval | Pipeline|
        |         Instance         |     Module     |   min   |   max   |    min    |    max    | min | max |   Type  |
        +--------------------------+----------------+---------+---------+-----------+-----------+-----+-----+---------+
        |grp_gf128_multiply_fu_59  |gf128_multiply  |        7|        7|  35.000 ns|  35.000 ns|    1|    1|      yes|
        |grp_gf128_multiply_fu_65  |gf128_multiply  |        7|        7|  35.000 ns|  35.000 ns|    1|    1|      yes|
        +--------------------------+----------------+---------+---------+-----------+-----------+-----+-----+---------+

        * Loop: 
        +-------------------+---------+---------+----------+-----------+-----------+------+----------+
        |                   |  Latency (cycles) | Iteration|  Initiation Interval  | Trip |          |
        |     Loop Name     |   min   |   max   |  Latency |  achieved |   target  | Count| Pipelined|
        +-------------------+---------+---------+----------+-----------+-----------+------+----------+
        |- VITIS_LOOP_57_1  |     2992|     2992|        11|          -|          -|   272|        no|
        +-------------------+---------+---------+----------+-----------+-----------+------+----------+



================================================================
== Utilization Estimates
================================================================
* Summary: 
+---------------------+---------+-------+---------+---------+------+
|         Name        | BRAM_18K|  DSP  |    FF   |   LUT   | URAM |
+---------------------+---------+-------+---------+---------+------+
|DSP                  |        -|      -|        -|        -|     -|
|Expression           |        -|      -|        0|      160|     -|
|FIFO                 |        -|      -|        -|        -|     -|
|Instance             |        -|      -|    18178|   122810|     -|
|Memory               |        -|      -|        -|        -|     -|
|Multiplexer          |        -|      -|        0|       92|     -|
|Register             |        -|      -|      405|        -|     -|
+---------------------+---------+-------+---------+---------+------+
|Total                |        0|      0|    18583|   123062|     0|
+---------------------+---------+-------+---------+---------+------+
|Available SLR        |     1344|   3072|   864000|   432000|   320|
+---------------------+---------+-------+---------+---------+------+
|Utilization SLR (%)  |        0|      0|        2|       28|     0|
+---------------------+---------+-------+---------+---------+------+
|Available            |     5376|  12288|  3456000|  1728000|  1280|
+---------------------+---------+-------+---------+---------+------+
|Utilization (%)      |        0|      0|       ~0|        7|     0|
+---------------------+---------+-------+---------+---------+------+

+ Detail: 
    * Instance: 
    +--------------------------+----------------+---------+----+------+-------+-----+
    |         Instance         |     Module     | BRAM_18K| DSP|  FF  |  LUT  | URAM|
    +--------------------------+----------------+---------+----+------+-------+-----+
    |grp_gf128_multiply_fu_59  |gf128_multiply  |        0|   0|  9089|  61405|    0|
    |grp_gf128_multiply_fu_65  |gf128_multiply  |        0|   0|  9089|  61405|    0|
    +--------------------------+----------------+---------+----+------+-------+-----+
    |Total                     |                |        0|   0| 18178| 122810|    0|
    +--------------------------+----------------+---------+----+------+-------+-----+

    * DSP: 
    N/A

    * Memory: 
    N/A

    * FIFO: 
    N/A

    * Expression: 
    +--------------------+----------+----+---+-----+------------+------------+
    |    Variable Name   | Operation| DSP| FF| LUT | Bitwidth P0| Bitwidth P1|
    +--------------------+----------+----+---+-----+------------+------------+
    |add_ln57_fu_99_p2   |         +|   0|  0|   16|           9|           1|
    |icmp_ln57_fu_93_p2  |      icmp|   0|  0|   16|           9|           9|
    |acc_1_fu_120_p2     |       xor|   0|  0|  128|         128|         128|
    +--------------------+----------+----+---+-----+------------+------------+
    |Total               |          |   0|  0|  160|         146|         138|
    +--------------------+----------+----+---+-----+------------+------------+

    * Multiplexer: 
    +-------------+----+-----------+-----+-----------+
    |     Name    | LUT| Input Size| Bits| Total Bits|
    +-------------+----+-----------+-----+-----------+
    |acc_fu_38    |   9|          2|  128|        256|
    |ap_NS_fsm    |  65|         13|    1|         13|
    |i_fu_42      |   9|          2|    9|         18|
    |power_fu_34  |   9|          2|  128|        256|
    +-------------+----+-----------+-----+-----------+
    |Total        |  92|         19|  266|        543|
    +-------------+----+-----------+-----+-----------+

    * Register: 
    +-------------------+-----+----+-----+-----------+
    |        Name       |  FF | LUT| Bits| Const Bits|
    +-------------------+-----+----+-----+-----------+
    |acc_fu_38          |  128|   0|  128|          0|
    |ap_CS_fsm          |   12|   0|   12|          0|
    |i_fu_42            |    9|   0|    9|          0|
    |power_fu_34        |  128|   0|  128|          0|
    |vals_load_reg_165  |  128|   0|  128|          0|
    +-------------------+-----+----+-----+-----------+
    |Total              |  405|   0|  405|          0|
    +-------------------+-----+----+-----+-----------+



================================================================
== Interface
================================================================
* Summary: 
+---------------+-----+-----+------------+--------------+--------------+
|   RTL Ports   | Dir | Bits|  Protocol  | Source Object|    C Type    |
+---------------+-----+-----+------------+--------------+--------------+
|ap_clk         |   in|    1|  ap_ctrl_hs|  combineVOLEs|  return value|
|ap_rst         |   in|    1|  ap_ctrl_hs|  combineVOLEs|  return value|
|ap_start       |   in|    1|  ap_ctrl_hs|  combineVOLEs|  return value|
|ap_done        |  out|    1|  ap_ctrl_hs|  combineVOLEs|  return value|
|ap_idle        |  out|    1|  ap_ctrl_hs|  combineVOLEs|  return value|
|ap_ready       |  out|    1|  ap_ctrl_hs|  combineVOLEs|  return value|
|ap_return      |  out|  128|  ap_ctrl_hs|  combineVOLEs|  return value|
|vals_address0  |  out|    9|   ap_memory|          vals|         array|
|vals_ce0       |  out|    1|   ap_memory|          vals|         array|
|vals_q0        |   in|  128|   ap_memory|          vals|         array|
+---------------+-----+-----+------------+--------------+--------------+

