

================================================================
== Vitis HLS Report for 'gf128_clmul'
================================================================
* Date:           Mon Nov 17 18:42:24 2025

* Version:        2025.1 (Build 6135595 on May 21 2025)
* Project:        hls_component
* Solution:       hls (Vivado IP Flow Target)
* Product family: virtexuplus
* Target device:  xcu250-figd2104-2L-e


================================================================
== Performance Estimates
================================================================
+ Timing: 
    * Summary: 
    +--------+---------+----------+------------+
    |  Clock |  Target | Estimated| Uncertainty|
    +--------+---------+----------+------------+
    |ap_clk  |  5.00 ns|  4.978 ns|        0 ns|
    +--------+---------+----------+------------+

+ Latency: 
    * Summary: 
    +---------+---------+-----------+-----------+-----+-----+---------+
    |  Latency (cycles) |   Latency (absolute)  |  Interval | Pipeline|
    |   min   |   max   |    min    |    max    | min | max |   Type  |
    +---------+---------+-----------+-----------+-----+-----+---------+
    |        5|        5|  25.000 ns|  25.000 ns|    1|    1|      yes|
    +---------+---------+-----------+-----------+-----+-----+---------+

    + Detail: 
        * Instance: 
        N/A

        * Loop: 
        N/A



================================================================
== Utilization Estimates
================================================================
* Summary: 
+---------------------+---------+-------+---------+---------+------+
|         Name        | BRAM_18K|  DSP  |    FF   |   LUT   | URAM |
+---------------------+---------+-------+---------+---------+------+
|DSP                  |        -|      -|        -|        -|     -|
|Expression           |        -|      -|        0|    58411|     -|
|FIFO                 |        -|      -|        -|        -|     -|
|Instance             |        -|      -|        -|        -|     -|
|Memory               |        -|      -|        -|        -|     -|
|Multiplexer          |        -|      -|        0|       14|     -|
|Register             |        -|      -|     8322|     2176|     -|
+---------------------+---------+-------+---------+---------+------+
|Total                |        0|      0|     8322|    60601|     0|
+---------------------+---------+-------+---------+---------+------+
|Available SLR        |     1344|   3072|   864000|   432000|   320|
+---------------------+---------+-------+---------+---------+------+
|Utilization SLR (%)  |        0|      0|       ~0|       14|     0|
+---------------------+---------+-------+---------+---------+------+
|Available            |     5376|  12288|  3456000|  1728000|  1280|
+---------------------+---------+-------+---------+---------+------+
|Utilization (%)      |        0|      0|       ~0|        3|     0|
+---------------------+---------+-------+---------+---------+------+

+ Detail: 
    * Instance: 
    N/A

    * DSP: 
    N/A

    * Memory: 
    N/A

    * FIFO: 
    N/A

    * Expression: 
    +----------------------------+----------+----+---+-----+------------+------------+
    |        Variable Name       | Operation| DSP| FF| LUT | Bitwidth P0| Bitwidth P1|
    +----------------------------+----------+----+---+-----+------------+------------+
    |or_ln10_10_fu_1740_p2       |        or|   0|  0|    2|           1|           1|
    |or_ln10_11_fu_2747_p2       |        or|   0|  0|    2|           1|           1|
    |or_ln10_12_fu_2863_p2       |        or|   0|  0|    2|           1|           1|
    |or_ln10_13_fu_2875_p2       |        or|   0|  0|    2|           1|           1|
    |or_ln10_14_fu_2880_p2       |        or|   0|  0|    2|           1|           1|
    |or_ln10_15_fu_2997_p2       |        or|   0|  0|    2|           1|           1|
    |or_ln10_16_fu_3113_p2       |        or|   0|  0|    2|           1|           1|
    |or_ln10_17_fu_3125_p2       |        or|   0|  0|    2|           1|           1|
    |or_ln10_18_fu_3130_p2       |        or|   0|  0|    2|           1|           1|
    |or_ln10_19_fu_3143_p2       |        or|   0|  0|    2|           1|           1|
    |or_ln10_1_fu_1358_p2        |        or|   0|  0|    2|           1|           1|
    |or_ln10_20_fu_3149_p2       |        or|   0|  0|    2|           1|           1|
    |or_ln10_21_fu_3153_p2       |        or|   0|  0|    2|           1|           1|
    |or_ln10_22_fu_3167_p2       |        or|   0|  0|    2|           1|           1|
    |or_ln10_23_fu_3173_p2       |        or|   0|  0|    2|           1|           1|
    |or_ln10_24_fu_3178_p2       |        or|   0|  0|    2|           1|           1|
    |or_ln10_25_fu_3183_p2       |        or|   0|  0|    2|           1|           1|
    |or_ln10_26_fu_3297_p2       |        or|   0|  0|    2|           1|           1|
    |or_ln10_27_fu_3413_p2       |        or|   0|  0|    2|           1|           1|
    |or_ln10_28_fu_3425_p2       |        or|   0|  0|    2|           1|           1|
    |or_ln10_29_fu_3430_p2       |        or|   0|  0|    2|           1|           1|
    |or_ln10_2_fu_1372_p2        |        or|   0|  0|    2|           1|           1|
    |or_ln10_30_fu_3544_p2       |        or|   0|  0|    2|           1|           1|
    |or_ln10_31_fu_3660_p2       |        or|   0|  0|    2|           1|           1|
    |or_ln10_32_fu_3672_p2       |        or|   0|  0|    2|           1|           1|
    |or_ln10_33_fu_3677_p2       |        or|   0|  0|    2|           1|           1|
    |or_ln10_34_fu_3690_p2       |        or|   0|  0|    2|           1|           1|
    |or_ln10_35_fu_3696_p2       |        or|   0|  0|    2|           1|           1|
    |or_ln10_36_fu_3700_p2       |        or|   0|  0|    2|           1|           1|
    |or_ln10_37_fu_3818_p2       |        or|   0|  0|    2|           1|           1|
    |or_ln10_38_fu_3934_p2       |        or|   0|  0|    2|           1|           1|
    |or_ln10_39_fu_3946_p2       |        or|   0|  0|    2|           1|           1|
    |or_ln10_3_fu_1378_p2        |        or|   0|  0|    2|           1|           1|
    |or_ln10_40_fu_3951_p2       |        or|   0|  0|    2|           1|           1|
    |or_ln10_41_fu_4068_p2       |        or|   0|  0|    2|           1|           1|
    |or_ln10_42_fu_4184_p2       |        or|   0|  0|    2|           1|           1|
    |or_ln10_43_fu_4196_p2       |        or|   0|  0|    2|           1|           1|
    |or_ln10_44_fu_4201_p2       |        or|   0|  0|    2|           1|           1|
    |or_ln10_45_fu_4214_p2       |        or|   0|  0|    2|           1|           1|
    |or_ln10_46_fu_4220_p2       |        or|   0|  0|    2|           1|           1|
    |or_ln10_47_fu_4224_p2       |        or|   0|  0|    2|           1|           1|
    |or_ln10_48_fu_4238_p2       |        or|   0|  0|    2|           1|           1|
    |or_ln10_49_fu_4244_p2       |        or|   0|  0|    2|           1|           1|
    |or_ln10_4_fu_1536_p2        |        or|   0|  0|    2|           1|           1|
    |or_ln10_50_fu_4249_p2       |        or|   0|  0|    2|           1|           1|
    |or_ln10_51_fu_4254_p2       |        or|   0|  0|    2|           1|           1|
    |or_ln10_52_fu_4268_p2       |        or|   0|  0|    2|           1|           1|
    |or_ln10_53_fu_4272_p2       |        or|   0|  0|    2|           1|           1|
    |or_ln10_54_fu_4277_p2       |        or|   0|  0|    2|           1|           1|
    |or_ln10_55_fu_4283_p2       |        or|   0|  0|    2|           1|           1|
    |or_ln10_56_fu_4288_p2       |        or|   0|  0|    2|           1|           1|
    |or_ln10_57_fu_4386_p2       |        or|   0|  0|    2|           1|           1|
    |or_ln10_58_fu_4515_p2       |        or|   0|  0|    2|           1|           1|
    |or_ln10_59_fu_4527_p2       |        or|   0|  0|    2|           1|           1|
    |or_ln10_5_fu_1694_p2        |        or|   0|  0|    2|           1|           1|
    |or_ln10_60_fu_4532_p2       |        or|   0|  0|    2|           1|           1|
    |or_ln10_61_fu_4645_p2       |        or|   0|  0|    2|           1|           1|
    |or_ln10_62_fu_4761_p2       |        or|   0|  0|    2|           1|           1|
    |or_ln10_63_fu_4773_p2       |        or|   0|  0|    2|           1|           1|
    |or_ln10_64_fu_4778_p2       |        or|   0|  0|    2|           1|           1|
    |or_ln10_65_fu_4791_p2       |        or|   0|  0|    2|           1|           1|
    |or_ln10_66_fu_4797_p2       |        or|   0|  0|    2|           1|           1|
    |or_ln10_67_fu_4801_p2       |        or|   0|  0|    2|           1|           1|
    |or_ln10_68_fu_4907_p2       |        or|   0|  0|    2|           1|           1|
    |or_ln10_69_fu_5023_p2       |        or|   0|  0|    2|           1|           1|
    |or_ln10_6_fu_1708_p2        |        or|   0|  0|    2|           1|           1|
    |or_ln10_70_fu_5035_p2       |        or|   0|  0|    2|           1|           1|
    |or_ln10_71_fu_5040_p2       |        or|   0|  0|    2|           1|           1|
    |or_ln10_72_fu_5157_p2       |        or|   0|  0|    2|           1|           1|
    |or_ln10_73_fu_5169_p2       |        or|   0|  0|    2|           1|           1|
    |or_ln10_74_fu_5174_p2       |        or|   0|  0|    2|           1|           1|
    |or_ln10_75_fu_5231_p2       |        or|   0|  0|    2|           1|           1|
    |or_ln10_76_fu_5235_p2       |        or|   0|  0|    2|           1|           1|
    |or_ln10_77_fu_5239_p2       |        or|   0|  0|    2|           1|           1|
    |or_ln10_78_fu_5244_p2       |        or|   0|  0|    2|           1|           1|
    |or_ln10_79_fu_5250_p2       |        or|   0|  0|    2|           1|           1|
    |or_ln10_7_fu_1714_p2        |        or|   0|  0|    2|           1|           1|
    |or_ln10_80_fu_5254_p2       |        or|   0|  0|    2|           1|           1|
    |or_ln10_81_fu_5260_p2       |        or|   0|  0|    2|           1|           1|
    |or_ln10_82_fu_5265_p2       |        or|   0|  0|    2|           1|           1|
    |or_ln10_83_fu_5270_p2       |        or|   0|  0|    2|           1|           1|
    |or_ln10_84_fu_5276_p2       |        or|   0|  0|    2|           1|           1|
    |or_ln10_85_fu_5282_p2       |        or|   0|  0|    2|           1|           1|
    |or_ln10_86_fu_5288_p2       |        or|   0|  0|    2|           1|           1|
    |or_ln10_87_fu_5292_p2       |        or|   0|  0|    2|           1|           1|
    |or_ln10_88_fu_5297_p2       |        or|   0|  0|    2|           1|           1|
    |or_ln10_89_fu_5303_p2       |        or|   0|  0|    2|           1|           1|
    |or_ln10_8_fu_1728_p2        |        or|   0|  0|    2|           1|           1|
    |or_ln10_90_fu_5309_p2       |        or|   0|  0|    2|           1|           1|
    |or_ln10_91_fu_5315_p2       |        or|   0|  0|    2|           1|           1|
    |or_ln10_92_fu_5319_p2       |        or|   0|  0|    2|           1|           1|
    |or_ln10_93_fu_5324_p2       |        or|   0|  0|    2|           1|           1|
    |or_ln10_94_fu_5330_p2       |        or|   0|  0|    2|           1|           1|
    |or_ln10_95_fu_5334_p2       |        or|   0|  0|    2|           1|           1|
    |or_ln10_96_fu_5338_p2       |        or|   0|  0|    2|           1|           1|
    |or_ln10_97_fu_5344_p2       |        or|   0|  0|    2|           1|           1|
    |or_ln10_9_fu_1734_p2        |        or|   0|  0|    2|           1|           1|
    |or_ln10_fu_1200_p2          |        or|   0|  0|    2|           1|           1|
    |or_ln12_10_fu_6026_p2       |        or|   0|  0|    2|           1|           1|
    |or_ln12_11_fu_6144_p2       |        or|   0|  0|    2|           1|           1|
    |or_ln12_12_fu_6260_p2       |        or|   0|  0|    2|           1|           1|
    |or_ln12_13_fu_6272_p2       |        or|   0|  0|    2|           1|           1|
    |or_ln12_14_fu_6277_p2       |        or|   0|  0|    2|           1|           1|
    |or_ln12_1_fu_5736_p2        |        or|   0|  0|    2|           1|           1|
    |or_ln12_2_fu_5748_p2        |        or|   0|  0|    2|           1|           1|
    |or_ln12_3_fu_5753_p2        |        or|   0|  0|    2|           1|           1|
    |or_ln12_4_fu_5870_p2        |        or|   0|  0|    2|           1|           1|
    |or_ln12_5_fu_5986_p2        |        or|   0|  0|    2|           1|           1|
    |or_ln12_6_fu_5998_p2        |        or|   0|  0|    2|           1|           1|
    |or_ln12_7_fu_6003_p2        |        or|   0|  0|    2|           1|           1|
    |or_ln12_8_fu_6016_p2        |        or|   0|  0|    2|           1|           1|
    |or_ln12_9_fu_6022_p2        |        or|   0|  0|    2|           1|           1|
    |or_ln12_fu_5620_p2          |        or|   0|  0|    2|           1|           1|
    |or_ln16_10_fu_6499_p2       |        or|   0|  0|    2|           1|           1|
    |or_ln16_11_fu_6488_p2       |        or|   0|  0|    2|           1|           1|
    |or_ln16_12_fu_6494_p2       |        or|   0|  0|    2|           1|           1|
    |or_ln16_1_fu_6436_p2        |        or|   0|  0|    2|           1|           1|
    |or_ln16_2_fu_6414_p2        |        or|   0|  0|    2|           1|           1|
    |or_ln16_3_fu_6431_p2        |        or|   0|  0|    2|           1|           1|
    |or_ln16_4_fu_6449_p2        |        or|   0|  0|    2|           1|           1|
    |or_ln16_5_fu_6465_p2        |        or|   0|  0|    2|           1|           1|
    |or_ln16_6_fu_6455_p2        |        or|   0|  0|    2|           1|           1|
    |or_ln16_7_fu_6460_p2        |        or|   0|  0|    2|           1|           1|
    |or_ln16_8_fu_6479_p2        |        or|   0|  0|    2|           1|           1|
    |or_ln16_9_fu_6483_p2        |        or|   0|  0|    2|           1|           1|
    |or_ln16_fu_6418_p2          |        or|   0|  0|    2|           1|           1|
    |select_ln10_10_fu_3001_p3   |    select|   0|  0|  144|           1|         156|
    |select_ln10_11_fu_3117_p3   |    select|   0|  0|  148|           1|         160|
    |select_ln10_12_fu_3135_p3   |    select|   0|  0|  148|           1|         160|
    |select_ln10_13_fu_3159_p3   |    select|   0|  0|  148|           1|         160|
    |select_ln10_14_fu_3189_p3   |    select|   0|  0|  148|           1|         160|
    |select_ln10_15_fu_3301_p3   |    select|   0|  0|  151|           1|         164|
    |select_ln10_16_fu_3417_p3   |    select|   0|  0|  155|           1|         168|
    |select_ln10_17_fu_3435_p3   |    select|   0|  0|  155|           1|         168|
    |select_ln10_18_fu_3548_p3   |    select|   0|  0|  159|           1|         172|
    |select_ln10_19_fu_3664_p3   |    select|   0|  0|  163|           1|         176|
    |select_ln10_1_fu_1364_p3    |    select|   0|  0|  129|           1|         136|
    |select_ln10_20_fu_3682_p3   |    select|   0|  0|  163|           1|         176|
    |select_ln10_21_fu_3706_p3   |    select|   0|  0|  163|           1|         176|
    |select_ln10_22_fu_3822_p3   |    select|   0|  0|  166|           1|         180|
    |select_ln10_23_fu_3938_p3   |    select|   0|  0|  170|           1|         184|
    |select_ln10_24_fu_3956_p3   |    select|   0|  0|  170|           1|         184|
    |select_ln10_25_fu_4072_p3   |    select|   0|  0|  174|           1|         188|
    |select_ln10_26_fu_4188_p3   |    select|   0|  0|  178|           1|         192|
    |select_ln10_27_fu_4206_p3   |    select|   0|  0|  178|           1|         192|
    |select_ln10_28_fu_4230_p3   |    select|   0|  0|  178|           1|         192|
    |select_ln10_29_fu_4260_p3   |    select|   0|  0|  178|           1|         192|
    |select_ln10_2_fu_1384_p3    |    select|   0|  0|  129|           1|         136|
    |select_ln10_30_fu_4393_p3   |    select|   0|  0|  178|           1|         192|
    |select_ln10_31_fu_4405_p3   |    select|   0|  0|  181|           1|         196|
    |select_ln10_32_fu_4519_p3   |    select|   0|  0|  185|           1|         200|
    |select_ln10_33_fu_4537_p3   |    select|   0|  0|  185|           1|         200|
    |select_ln10_34_fu_4649_p3   |    select|   0|  0|  189|           1|         204|
    |select_ln10_35_fu_4765_p3   |    select|   0|  0|  193|           1|         208|
    |select_ln10_36_fu_4783_p3   |    select|   0|  0|  193|           1|         208|
    |select_ln10_37_fu_5359_p3   |    select|   0|  0|  193|           1|         208|
    |select_ln10_38_fu_4911_p3   |    select|   0|  0|  196|           1|         212|
    |select_ln10_39_fu_5027_p3   |    select|   0|  0|  200|           1|         216|
    |select_ln10_3_fu_1542_p3    |    select|   0|  0|  132|           1|         140|
    |select_ln10_40_fu_5045_p3   |    select|   0|  0|  200|           1|         216|
    |select_ln10_41_fu_5161_p3   |    select|   0|  0|  204|           1|         220|
    |select_ln10_42_fu_5179_p3   |    select|   0|  0|  204|           1|         220|
    |select_ln10_43_fu_5426_p3   |    select|   0|  0|  208|           1|         224|
    |select_ln10_44_fu_5505_p3   |    select|   0|  0|  209|           1|         227|
    |select_ln10_45_fu_5512_p3   |    select|   0|  0|  209|           1|         227|
    |select_ln10_46_fu_5519_p3   |    select|   0|  0|  209|           1|         227|
    |select_ln10_47_fu_5526_p3   |    select|   0|  0|  209|           1|         227|
    |select_ln10_48_fu_5533_p3   |    select|   0|  0|  209|           1|         227|
    |select_ln10_4_fu_1700_p3    |    select|   0|  0|  135|           1|         144|
    |select_ln10_5_fu_1720_p3    |    select|   0|  0|  135|           1|         144|
    |select_ln10_6_fu_1746_p3    |    select|   0|  0|  135|           1|         144|
    |select_ln10_7_fu_2751_p3    |    select|   0|  0|  138|           1|         148|
    |select_ln10_8_fu_2867_p3    |    select|   0|  0|  141|           1|         152|
    |select_ln10_9_fu_2885_p3    |    select|   0|  0|  141|           1|         152|
    |select_ln10_fu_1206_p3      |    select|   0|  0|  126|           1|         132|
    |select_ln12_100_fu_5551_p3  |    select|   0|  0|  209|           1|         228|
    |select_ln12_101_fu_5579_p3  |    select|   0|  0|  210|           1|         229|
    |select_ln12_102_fu_5593_p3  |    select|   0|  0|  210|           1|         230|
    |select_ln12_103_fu_5624_p3  |    select|   0|  0|  210|           1|         230|
    |select_ln12_104_fu_5643_p3  |    select|   0|  0|  210|           1|         231|
    |select_ln12_105_fu_5657_p3  |    select|   0|  0|  211|           1|         232|
    |select_ln12_106_fu_5695_p3  |    select|   0|  0|  211|           1|         233|
    |select_ln12_107_fu_5709_p3  |    select|   0|  0|  212|           1|         234|
    |select_ln12_108_fu_5740_p3  |    select|   0|  0|  212|           1|         234|
    |select_ln12_109_fu_5758_p3  |    select|   0|  0|  212|           1|         234|
    |select_ln12_10_fu_1446_p3   |    select|   0|  0|  130|           1|         138|
    |select_ln12_110_fu_5773_p3  |    select|   0|  0|  212|           1|         235|
    |select_ln12_111_fu_5787_p3  |    select|   0|  0|  212|           1|         236|
    |select_ln12_112_fu_5829_p3  |    select|   0|  0|  213|           1|         237|
    |select_ln12_113_fu_5843_p3  |    select|   0|  0|  213|           1|         238|
    |select_ln12_114_fu_5874_p3  |    select|   0|  0|  213|           1|         238|
    |select_ln12_115_fu_5893_p3  |    select|   0|  0|  214|           1|         239|
    |select_ln12_116_fu_5907_p3  |    select|   0|  0|  214|           1|         240|
    |select_ln12_117_fu_5945_p3  |    select|   0|  0|  214|           1|         241|
    |select_ln12_118_fu_5959_p3  |    select|   0|  0|  215|           1|         242|
    |select_ln12_119_fu_5990_p3  |    select|   0|  0|  215|           1|         242|
    |select_ln12_11_fu_1484_p3   |    select|   0|  0|  131|           1|         139|
    |select_ln12_120_fu_6008_p3  |    select|   0|  0|  215|           1|         242|
    |select_ln12_121_fu_6032_p3  |    select|   0|  0|  215|           1|         242|
    |select_ln12_122_fu_6051_p3  |    select|   0|  0|  215|           1|         243|
    |select_ln12_123_fu_6065_p3  |    select|   0|  0|  216|           1|         244|
    |select_ln12_124_fu_6103_p3  |    select|   0|  0|  216|           1|         245|
    |select_ln12_125_fu_6127_p3  |    select|   0|  0|  216|           1|         246|
    |select_ln12_126_fu_6148_p3  |    select|   0|  0|  216|           1|         246|
    |select_ln12_127_fu_6167_p3  |    select|   0|  0|  217|           1|         247|
    |select_ln12_128_fu_6191_p3  |    select|   0|  0|  217|           1|         248|
    |select_ln12_129_fu_6219_p3  |    select|   0|  0|  218|           1|         249|
    |select_ln12_12_fu_1518_p3   |    select|   0|  0|  132|           1|         140|
    |select_ln12_130_fu_6243_p3  |    select|   0|  0|  218|           1|         250|
    |select_ln12_131_fu_6264_p3  |    select|   0|  0|  218|           1|         250|
    |select_ln12_132_fu_6282_p3  |    select|   0|  0|  218|           1|         250|
    |select_ln12_133_fu_6301_p3  |    select|   0|  0|  218|           1|         251|
    |select_ln12_134_fu_6325_p3  |    select|   0|  0|  219|           1|         252|
    |select_ln12_135_fu_6353_p3  |    select|   0|  0|  219|           1|         253|
    |select_ln12_136_fu_6367_p3  |    select|   0|  0|  220|           1|         254|
    |select_ln12_137_fu_6381_p3  |    select|   0|  0|  220|           1|         255|
    |select_ln12_13_fu_1570_p3   |    select|   0|  0|  133|           1|         141|
    |select_ln12_14_fu_1604_p3   |    select|   0|  0|  133|           1|         142|
    |select_ln12_15_fu_1642_p3   |    select|   0|  0|  134|           1|         143|
    |select_ln12_16_fu_1676_p3   |    select|   0|  0|  135|           1|         144|
    |select_ln12_17_fu_1770_p3   |    select|   0|  0|  136|           1|         145|
    |select_ln12_18_fu_1804_p3   |    select|   0|  0|  137|           1|         146|
    |select_ln12_19_fu_2706_p3   |    select|   0|  0|  137|           1|         147|
    |select_ln12_1_fu_1076_p3    |    select|   0|  0|  123|           1|         129|
    |select_ln12_20_fu_2730_p3   |    select|   0|  0|  138|           1|         148|
    |select_ln12_21_fu_2770_p3   |    select|   0|  0|  139|           1|         149|
    |select_ln12_22_fu_2794_p3   |    select|   0|  0|  140|           1|         150|
    |select_ln12_23_fu_2822_p3   |    select|   0|  0|  140|           1|         151|
    |select_ln12_24_fu_2846_p3   |    select|   0|  0|  141|           1|         152|
    |select_ln12_25_fu_2904_p3   |    select|   0|  0|  142|           1|         153|
    |select_ln12_26_fu_2928_p3   |    select|   0|  0|  143|           1|         154|
    |select_ln12_27_fu_2956_p3   |    select|   0|  0|  144|           1|         155|
    |select_ln12_28_fu_2980_p3   |    select|   0|  0|  144|           1|         156|
    |select_ln12_29_fu_3020_p3   |    select|   0|  0|  145|           1|         157|
    |select_ln12_2_fu_1110_p3    |    select|   0|  0|  124|           1|         130|
    |select_ln12_30_fu_3044_p3   |    select|   0|  0|  146|           1|         158|
    |select_ln12_31_fu_3072_p3   |    select|   0|  0|  147|           1|         159|
    |select_ln12_32_fu_3096_p3   |    select|   0|  0|  148|           1|         160|
    |select_ln12_33_fu_3204_p3   |    select|   0|  0|  148|           1|         161|
    |select_ln12_34_fu_3228_p3   |    select|   0|  0|  149|           1|         162|
    |select_ln12_35_fu_3256_p3   |    select|   0|  0|  150|           1|         163|
    |select_ln12_36_fu_3280_p3   |    select|   0|  0|  151|           1|         164|
    |select_ln12_37_fu_3320_p3   |    select|   0|  0|  152|           1|         165|
    |select_ln12_38_fu_3344_p3   |    select|   0|  0|  153|           1|         166|
    |select_ln12_39_fu_3372_p3   |    select|   0|  0|  154|           1|         167|
    |select_ln12_3_fu_1148_p3    |    select|   0|  0|  125|           1|         131|
    |select_ln12_40_fu_3396_p3   |    select|   0|  0|  155|           1|         168|
    |select_ln12_41_fu_3450_p3   |    select|   0|  0|  156|           1|         169|
    |select_ln12_42_fu_3474_p3   |    select|   0|  0|  157|           1|         170|
    |select_ln12_43_fu_3503_p3   |    select|   0|  0|  158|           1|         171|
    |select_ln12_44_fu_3527_p3   |    select|   0|  0|  159|           1|         172|
    |select_ln12_45_fu_3567_p3   |    select|   0|  0|  160|           1|         173|
    |select_ln12_46_fu_3591_p3   |    select|   0|  0|  161|           1|         174|
    |select_ln12_47_fu_3619_p3   |    select|   0|  0|  162|           1|         175|
    |select_ln12_48_fu_3643_p3   |    select|   0|  0|  163|           1|         176|
    |select_ln12_49_fu_3725_p3   |    select|   0|  0|  163|           1|         177|
    |select_ln12_4_fu_1182_p3    |    select|   0|  0|  126|           1|         132|
    |select_ln12_50_fu_3749_p3   |    select|   0|  0|  164|           1|         178|
    |select_ln12_51_fu_3777_p3   |    select|   0|  0|  165|           1|         179|
    |select_ln12_52_fu_3801_p3   |    select|   0|  0|  166|           1|         180|
    |select_ln12_53_fu_3841_p3   |    select|   0|  0|  167|           1|         181|
    |select_ln12_54_fu_3865_p3   |    select|   0|  0|  168|           1|         182|
    |select_ln12_55_fu_3893_p3   |    select|   0|  0|  169|           1|         183|
    |select_ln12_56_fu_3917_p3   |    select|   0|  0|  170|           1|         184|
    |select_ln12_57_fu_3975_p3   |    select|   0|  0|  171|           1|         185|
    |select_ln12_58_fu_3999_p3   |    select|   0|  0|  172|           1|         186|
    |select_ln12_59_fu_4027_p3   |    select|   0|  0|  173|           1|         187|
    |select_ln12_5_fu_1234_p3    |    select|   0|  0|  126|           1|         133|
    |select_ln12_60_fu_4051_p3   |    select|   0|  0|  174|           1|         188|
    |select_ln12_61_fu_4091_p3   |    select|   0|  0|  175|           1|         189|
    |select_ln12_62_fu_4115_p3   |    select|   0|  0|  176|           1|         190|
    |select_ln12_63_fu_4143_p3   |    select|   0|  0|  177|           1|         191|
    |select_ln12_64_fu_4167_p3   |    select|   0|  0|  178|           1|         192|
    |select_ln12_65_fu_4301_p3   |    select|   0|  0|  178|           1|         193|
    |select_ln12_66_fu_4325_p3   |    select|   0|  0|  179|           1|         194|
    |select_ln12_67_fu_4349_p3   |    select|   0|  0|  180|           1|         195|
    |select_ln12_68_fu_4373_p3   |    select|   0|  0|  181|           1|         196|
    |select_ln12_69_fu_4422_p3   |    select|   0|  0|  182|           1|         197|
    |select_ln12_6_fu_1268_p3    |    select|   0|  0|  127|           1|         134|
    |select_ln12_70_fu_4446_p3   |    select|   0|  0|  183|           1|         198|
    |select_ln12_71_fu_4474_p3   |    select|   0|  0|  184|           1|         199|
    |select_ln12_72_fu_4498_p3   |    select|   0|  0|  185|           1|         200|
    |select_ln12_73_fu_4552_p3   |    select|   0|  0|  186|           1|         201|
    |select_ln12_74_fu_4576_p3   |    select|   0|  0|  187|           1|         202|
    |select_ln12_75_fu_4604_p3   |    select|   0|  0|  188|           1|         203|
    |select_ln12_76_fu_4628_p3   |    select|   0|  0|  189|           1|         204|
    |select_ln12_77_fu_4668_p3   |    select|   0|  0|  190|           1|         205|
    |select_ln12_78_fu_4692_p3   |    select|   0|  0|  191|           1|         206|
    |select_ln12_79_fu_4720_p3   |    select|   0|  0|  192|           1|         207|
    |select_ln12_7_fu_1306_p3    |    select|   0|  0|  128|           1|         135|
    |select_ln12_80_fu_4744_p3   |    select|   0|  0|  193|           1|         208|
    |select_ln12_81_fu_4814_p3   |    select|   0|  0|  193|           1|         209|
    |select_ln12_82_fu_4838_p3   |    select|   0|  0|  194|           1|         210|
    |select_ln12_83_fu_4866_p3   |    select|   0|  0|  195|           1|         211|
    |select_ln12_84_fu_4890_p3   |    select|   0|  0|  196|           1|         212|
    |select_ln12_85_fu_4930_p3   |    select|   0|  0|  197|           1|         213|
    |select_ln12_86_fu_4954_p3   |    select|   0|  0|  198|           1|         214|
    |select_ln12_87_fu_4982_p3   |    select|   0|  0|  199|           1|         215|
    |select_ln12_88_fu_5006_p3   |    select|   0|  0|  200|           1|         216|
    |select_ln12_89_fu_5064_p3   |    select|   0|  0|  201|           1|         217|
    |select_ln12_8_fu_1340_p3    |    select|   0|  0|  129|           1|         136|
    |select_ln12_90_fu_5088_p3   |    select|   0|  0|  202|           1|         218|
    |select_ln12_91_fu_5116_p3   |    select|   0|  0|  203|           1|         219|
    |select_ln12_92_fu_5140_p3   |    select|   0|  0|  204|           1|         220|
    |select_ln12_93_fu_5194_p3   |    select|   0|  0|  205|           1|         221|
    |select_ln12_94_fu_5218_p3   |    select|   0|  0|  206|           1|         222|
    |select_ln12_95_fu_5385_p3   |    select|   0|  0|  207|           1|         223|
    |select_ln12_96_fu_5409_p3   |    select|   0|  0|  208|           1|         224|
    |select_ln12_97_fu_5444_p3   |    select|   0|  0|  208|           1|         225|
    |select_ln12_98_fu_5458_p3   |    select|   0|  0|  208|           1|         226|
    |select_ln12_99_fu_5472_p3   |    select|   0|  0|  209|           1|         227|
    |select_ln12_9_fu_1412_p3    |    select|   0|  0|  130|           1|         137|
    |select_ln12_fu_1048_p3      |    select|   0|  0|  123|           1|         128|
    |select_ln16_1_fu_6441_p3    |    select|   0|  0|  220|           1|         255|
    |select_ln16_2_fu_6471_p3    |    select|   0|  0|  220|           1|         255|
    |select_ln16_3_fu_6505_p3    |    select|   0|  0|  220|           1|         255|
    |select_ln16_fu_6423_p3      |    select|   0|  0|  220|           1|         255|
    |xor_ln12_100_fu_5600_p2     |       xor|   0|  0|  228|         229|         229|
    |xor_ln12_101_fu_5610_p2     |       xor|   0|  0|  229|         230|         230|
    |xor_ln12_102_fu_5664_p2     |       xor|   0|  0|  230|         231|         231|
    |xor_ln12_103_fu_5674_p2     |       xor|   0|  0|  231|         232|         232|
    |xor_ln12_104_fu_5716_p2     |       xor|   0|  0|  232|         233|         233|
    |xor_ln12_105_fu_5726_p2     |       xor|   0|  0|  233|         234|         234|
    |xor_ln12_106_fu_5794_p2     |       xor|   0|  0|  234|         235|         235|
    |xor_ln12_107_fu_5804_p2     |       xor|   0|  0|  235|         236|         236|
    |xor_ln12_108_fu_5850_p2     |       xor|   0|  0|  236|         237|         237|
    |xor_ln12_109_fu_5860_p2     |       xor|   0|  0|  237|         238|         238|
    |xor_ln12_10_fu_1492_p2      |       xor|   0|  0|  139|         139|         139|
    |xor_ln12_110_fu_5914_p2     |       xor|   0|  0|  238|         239|         239|
    |xor_ln12_111_fu_5924_p2     |       xor|   0|  0|  239|         240|         240|
    |xor_ln12_112_fu_5966_p2     |       xor|   0|  0|  240|         241|         241|
    |xor_ln12_113_fu_5976_p2     |       xor|   0|  0|  241|         242|         242|
    |xor_ln12_114_fu_6072_p2     |       xor|   0|  0|  242|         243|         243|
    |xor_ln12_115_fu_6082_p2     |       xor|   0|  0|  243|         244|         244|
    |xor_ln12_116_fu_6110_p2     |       xor|   0|  0|  244|         245|         245|
    |xor_ln12_117_fu_6134_p2     |       xor|   0|  0|  245|         246|         246|
    |xor_ln12_118_fu_6174_p2     |       xor|   0|  0|  246|         247|         247|
    |xor_ln12_119_fu_6198_p2     |       xor|   0|  0|  247|         248|         248|
    |xor_ln12_11_fu_1526_p2      |       xor|   0|  0|  140|         140|         140|
    |xor_ln12_120_fu_6226_p2     |       xor|   0|  0|  248|         249|         249|
    |xor_ln12_121_fu_6250_p2     |       xor|   0|  0|  249|         250|         250|
    |xor_ln12_122_fu_6308_p2     |       xor|   0|  0|  250|         251|         251|
    |xor_ln12_123_fu_6332_p2     |       xor|   0|  0|  251|         252|         252|
    |xor_ln12_124_fu_6388_p2     |       xor|   0|  0|  252|         253|         253|
    |xor_ln12_125_fu_6398_p2     |       xor|   0|  0|  253|         254|         254|
    |xor_ln12_126_fu_6408_p2     |       xor|   0|  0|  254|         255|         255|
    |xor_ln12_12_fu_1578_p2      |       xor|   0|  0|  141|         141|         141|
    |xor_ln12_13_fu_1612_p2      |       xor|   0|  0|  142|         142|         142|
    |xor_ln12_14_fu_1650_p2      |       xor|   0|  0|  143|         143|         143|
    |xor_ln12_15_fu_1684_p2      |       xor|   0|  0|  144|         144|         144|
    |xor_ln12_16_fu_1778_p2      |       xor|   0|  0|  145|         145|         145|
    |xor_ln12_17_fu_1812_p2      |       xor|   0|  0|  146|         146|         146|
    |xor_ln12_18_fu_2713_p2      |       xor|   0|  0|  147|         147|         147|
    |xor_ln12_19_fu_2737_p2      |       xor|   0|  0|  148|         148|         148|
    |xor_ln12_1_fu_1118_p2       |       xor|   0|  0|  130|         130|         130|
    |xor_ln12_20_fu_2777_p2      |       xor|   0|  0|  149|         149|         149|
    |xor_ln12_21_fu_2801_p2      |       xor|   0|  0|  150|         150|         150|
    |xor_ln12_22_fu_2829_p2      |       xor|   0|  0|  151|         151|         151|
    |xor_ln12_23_fu_2853_p2      |       xor|   0|  0|  152|         152|         152|
    |xor_ln12_24_fu_2911_p2      |       xor|   0|  0|  153|         153|         153|
    |xor_ln12_25_fu_2935_p2      |       xor|   0|  0|  154|         154|         154|
    |xor_ln12_26_fu_2963_p2      |       xor|   0|  0|  155|         155|         155|
    |xor_ln12_27_fu_2987_p2      |       xor|   0|  0|  156|         156|         156|
    |xor_ln12_28_fu_3027_p2      |       xor|   0|  0|  157|         157|         157|
    |xor_ln12_29_fu_3051_p2      |       xor|   0|  0|  158|         158|         158|
    |xor_ln12_2_fu_1156_p2       |       xor|   0|  0|  131|         131|         131|
    |xor_ln12_30_fu_3079_p2      |       xor|   0|  0|  159|         159|         159|
    |xor_ln12_31_fu_3103_p2      |       xor|   0|  0|  160|         160|         160|
    |xor_ln12_32_fu_3211_p2      |       xor|   0|  0|  161|         161|         161|
    |xor_ln12_33_fu_3235_p2      |       xor|   0|  0|  162|         162|         162|
    |xor_ln12_34_fu_3263_p2      |       xor|   0|  0|  163|         163|         163|
    |xor_ln12_35_fu_3287_p2      |       xor|   0|  0|  164|         164|         164|
    |xor_ln12_36_fu_3327_p2      |       xor|   0|  0|  165|         165|         165|
    |xor_ln12_37_fu_3351_p2      |       xor|   0|  0|  166|         166|         166|
    |xor_ln12_38_fu_3379_p2      |       xor|   0|  0|  167|         167|         167|
    |xor_ln12_39_fu_3403_p2      |       xor|   0|  0|  168|         168|         168|
    |xor_ln12_3_fu_1190_p2       |       xor|   0|  0|  132|         132|         132|
    |xor_ln12_40_fu_3457_p2      |       xor|   0|  0|  169|         169|         169|
    |xor_ln12_41_fu_3481_p2      |       xor|   0|  0|  170|         170|         170|
    |xor_ln12_42_fu_3510_p2      |       xor|   0|  0|  171|         171|         171|
    |xor_ln12_43_fu_3534_p2      |       xor|   0|  0|  172|         172|         172|
    |xor_ln12_44_fu_3574_p2      |       xor|   0|  0|  173|         173|         173|
    |xor_ln12_45_fu_3598_p2      |       xor|   0|  0|  174|         174|         174|
    |xor_ln12_46_fu_3626_p2      |       xor|   0|  0|  175|         175|         175|
    |xor_ln12_47_fu_3650_p2      |       xor|   0|  0|  176|         176|         176|
    |xor_ln12_48_fu_3732_p2      |       xor|   0|  0|  177|         177|         177|
    |xor_ln12_49_fu_3756_p2      |       xor|   0|  0|  178|         178|         178|
    |xor_ln12_4_fu_1242_p2       |       xor|   0|  0|  133|         133|         133|
    |xor_ln12_50_fu_3784_p2      |       xor|   0|  0|  179|         179|         179|
    |xor_ln12_51_fu_3808_p2      |       xor|   0|  0|  180|         180|         180|
    |xor_ln12_52_fu_3848_p2      |       xor|   0|  0|  181|         181|         181|
    |xor_ln12_53_fu_3872_p2      |       xor|   0|  0|  182|         182|         182|
    |xor_ln12_54_fu_3900_p2      |       xor|   0|  0|  183|         183|         183|
    |xor_ln12_55_fu_3924_p2      |       xor|   0|  0|  184|         184|         184|
    |xor_ln12_56_fu_3982_p2      |       xor|   0|  0|  185|         185|         185|
    |xor_ln12_57_fu_4006_p2      |       xor|   0|  0|  186|         186|         186|
    |xor_ln12_58_fu_4034_p2      |       xor|   0|  0|  187|         187|         187|
    |xor_ln12_59_fu_4058_p2      |       xor|   0|  0|  188|         188|         188|
    |xor_ln12_5_fu_1276_p2       |       xor|   0|  0|  134|         134|         134|
    |xor_ln12_60_fu_4098_p2      |       xor|   0|  0|  189|         189|         189|
    |xor_ln12_61_fu_4122_p2      |       xor|   0|  0|  190|         190|         190|
    |xor_ln12_62_fu_4150_p2      |       xor|   0|  0|  191|         191|         191|
    |xor_ln12_63_fu_4174_p2      |       xor|   0|  0|  192|         192|         192|
    |xor_ln12_64_fu_4308_p2      |       xor|   0|  0|  192|         193|         193|
    |xor_ln12_65_fu_4332_p2      |       xor|   0|  0|  193|         194|         194|
    |xor_ln12_66_fu_4356_p2      |       xor|   0|  0|  194|         195|         195|
    |xor_ln12_67_fu_4380_p2      |       xor|   0|  0|  195|         196|         196|
    |xor_ln12_68_fu_4429_p2      |       xor|   0|  0|  196|         197|         197|
    |xor_ln12_69_fu_4453_p2      |       xor|   0|  0|  197|         198|         198|
    |xor_ln12_6_fu_1314_p2       |       xor|   0|  0|  135|         135|         135|
    |xor_ln12_70_fu_4481_p2      |       xor|   0|  0|  198|         199|         199|
    |xor_ln12_71_fu_4505_p2      |       xor|   0|  0|  199|         200|         200|
    |xor_ln12_72_fu_4559_p2      |       xor|   0|  0|  200|         201|         201|
    |xor_ln12_73_fu_4583_p2      |       xor|   0|  0|  201|         202|         202|
    |xor_ln12_74_fu_4611_p2      |       xor|   0|  0|  202|         203|         203|
    |xor_ln12_75_fu_4635_p2      |       xor|   0|  0|  203|         204|         204|
    |xor_ln12_76_fu_4675_p2      |       xor|   0|  0|  204|         205|         205|
    |xor_ln12_77_fu_4699_p2      |       xor|   0|  0|  205|         206|         206|
    |xor_ln12_78_fu_4727_p2      |       xor|   0|  0|  206|         207|         207|
    |xor_ln12_79_fu_4751_p2      |       xor|   0|  0|  207|         208|         208|
    |xor_ln12_7_fu_1348_p2       |       xor|   0|  0|  136|         136|         136|
    |xor_ln12_80_fu_4821_p2      |       xor|   0|  0|  208|         209|         209|
    |xor_ln12_81_fu_4845_p2      |       xor|   0|  0|  209|         210|         210|
    |xor_ln12_82_fu_4873_p2      |       xor|   0|  0|  210|         211|         211|
    |xor_ln12_83_fu_4897_p2      |       xor|   0|  0|  211|         212|         212|
    |xor_ln12_84_fu_4937_p2      |       xor|   0|  0|  212|         213|         213|
    |xor_ln12_85_fu_4961_p2      |       xor|   0|  0|  213|         214|         214|
    |xor_ln12_86_fu_4989_p2      |       xor|   0|  0|  214|         215|         215|
    |xor_ln12_87_fu_5013_p2      |       xor|   0|  0|  215|         216|         216|
    |xor_ln12_88_fu_5071_p2      |       xor|   0|  0|  216|         217|         217|
    |xor_ln12_89_fu_5095_p2      |       xor|   0|  0|  217|         218|         218|
    |xor_ln12_8_fu_1420_p2       |       xor|   0|  0|  137|         137|         137|
    |xor_ln12_90_fu_5123_p2      |       xor|   0|  0|  218|         219|         219|
    |xor_ln12_91_fu_5147_p2      |       xor|   0|  0|  219|         220|         220|
    |xor_ln12_92_fu_5201_p2      |       xor|   0|  0|  220|         221|         221|
    |xor_ln12_93_fu_5225_p2      |       xor|   0|  0|  221|         222|         222|
    |xor_ln12_94_fu_5392_p2      |       xor|   0|  0|  222|         223|         223|
    |xor_ln12_95_fu_5416_p2      |       xor|   0|  0|  223|         224|         224|
    |xor_ln12_96_fu_5479_p2      |       xor|   0|  0|  224|         225|         225|
    |xor_ln12_97_fu_5489_p2      |       xor|   0|  0|  225|         226|         226|
    |xor_ln12_98_fu_5499_p2      |       xor|   0|  0|  226|         227|         227|
    |xor_ln12_99_fu_5558_p2      |       xor|   0|  0|  227|         228|         228|
    |xor_ln12_9_fu_1454_p2       |       xor|   0|  0|  138|         138|         138|
    |xor_ln12_fu_1084_p2         |       xor|   0|  0|  129|         129|         129|
    +----------------------------+----------+----+---+-----+------------+------------+
    |Total                       |          |   0|  0|58411|       24701|       61437|
    +----------------------------+----------+----+---+-----+------------+------------+

    * Multiplexer: 
    +-----------+----+-----------+-----+-----------+
    |    Name   | LUT| Input Size| Bits| Total Bits|
    +-----------+----+-----------+-----+-----------+
    |ap_return  |  14|          3|  255|        765|
    +-----------+----+-----------+-----+-----------+
    |Total      |  14|          3|  255|        765|
    +-----------+----+-----------+-----+-----------+

    * Register: 
    +---------------------------------------+-----+----+-----+-----------+
    |                  Name                 |  FF | LUT| Bits| Const Bits|
    +---------------------------------------+-----+----+-----+-----------+
    |a_int_reg                              |  128|   0|  128|          0|
    |a_read_reg_6513                        |  128|   0|  128|          0|
    |ap_ce_reg                              |    1|   0|    1|          0|
    |ap_return_int_reg                      |  255|   0|  255|          0|
    |b_int_reg                              |  128|   0|  128|          0|
    |or_ln10_10_reg_6652                    |    1|   0|    1|          0|
    |or_ln10_25_reg_7332                    |    1|   0|    1|          0|
    |or_ln10_25_reg_7332_pp0_iter2_reg      |    1|   0|    1|          0|
    |or_ln10_26_reg_7342                    |    1|   0|    1|          0|
    |or_ln10_29_reg_7347                    |    1|   0|    1|          0|
    |or_ln10_3_reg_6647                     |    1|   0|    1|          0|
    |or_ln10_56_reg_7368                    |    1|   0|    1|          0|
    |or_ln10_57_reg_7385                    |    1|   0|    1|          0|
    |or_ln10_67_reg_7406                    |    1|   0|    1|          0|
    |or_ln10_75_reg_7422                    |    1|   0|    1|          0|
    |or_ln10_77_reg_7427                    |    1|   0|    1|          0|
    |or_ln10_80_reg_7432                    |    1|   0|    1|          0|
    |or_ln10_85_reg_7437                    |    1|   0|    1|          0|
    |or_ln10_90_reg_7442                    |    1|   0|    1|          0|
    |or_ln10_97_reg_7447                    |    1|   0|    1|          0|
    |or_ln10_97_reg_7447_pp0_iter4_reg      |    1|   0|    1|          0|
    |or_ln10_reg_6642                       |    1|   0|    1|          0|
    |or_ln12_3_reg_7458                     |    1|   0|    1|          0|
    |or_ln12_reg_7453                       |    1|   0|    1|          0|
    |select_ln10_14_reg_7337                |  160|   0|  160|          0|
    |select_ln10_14_reg_7337_pp0_iter2_reg  |  160|   0|  160|          0|
    |select_ln10_17_reg_7352                |  168|   0|  168|          0|
    |select_ln10_29_reg_7363                |  192|   0|  192|          0|
    |select_ln10_30_reg_7391                |  192|   0|  192|          0|
    |select_ln10_33_reg_7396                |  200|   0|  200|          0|
    |select_ln10_36_reg_7401                |  208|   0|  208|          0|
    |select_ln10_42_reg_7411                |  220|   0|  220|          0|
    |select_ln10_6_reg_6657                 |  144|   0|  144|          0|
    |select_ln12_109_reg_7463               |  234|   0|  234|          0|
    |select_ln12_reg_6626                   |  128|   0|  128|          0|
    |tmp_417_reg_6637                       |    1|   0|    1|          0|
    |tmp_432_reg_6662                       |    1|   0|    1|          0|
    |tmp_433_reg_6667                       |    1|   0|    1|          0|
    |tmp_434_reg_6678                       |    1|   0|    1|          0|
    |tmp_435_reg_6684                       |    1|   0|    1|          0|
    |tmp_436_reg_6690                       |    1|   0|    1|          0|
    |tmp_437_reg_6696                       |    1|   0|    1|          0|
    |tmp_438_reg_6702                       |    1|   0|    1|          0|
    |tmp_439_reg_6708                       |    1|   0|    1|          0|
    |tmp_440_reg_6714                       |    1|   0|    1|          0|
    |tmp_441_reg_6720                       |    1|   0|    1|          0|
    |tmp_442_reg_6726                       |    1|   0|    1|          0|
    |tmp_443_reg_6732                       |    1|   0|    1|          0|
    |tmp_444_reg_6738                       |    1|   0|    1|          0|
    |tmp_445_reg_6744                       |    1|   0|    1|          0|
    |tmp_446_reg_6750                       |    1|   0|    1|          0|
    |tmp_447_reg_6756                       |    1|   0|    1|          0|
    |tmp_448_reg_6762                       |    1|   0|    1|          0|
    |tmp_448_reg_6762_pp0_iter1_reg         |    1|   0|    1|          0|
    |tmp_449_reg_6768                       |    1|   0|    1|          0|
    |tmp_449_reg_6768_pp0_iter1_reg         |    1|   0|    1|          0|
    |tmp_450_reg_6774                       |    1|   0|    1|          0|
    |tmp_451_reg_6780                       |    1|   0|    1|          0|
    |tmp_452_reg_6786                       |    1|   0|    1|          0|
    |tmp_453_reg_6792                       |    1|   0|    1|          0|
    |tmp_454_reg_6798                       |    1|   0|    1|          0|
    |tmp_455_reg_6804                       |    1|   0|    1|          0|
    |tmp_456_reg_6810                       |    1|   0|    1|          0|
    |tmp_456_reg_6810_pp0_iter1_reg         |    1|   0|    1|          0|
    |tmp_457_reg_6816                       |    1|   0|    1|          0|
    |tmp_457_reg_6816_pp0_iter1_reg         |    1|   0|    1|          0|
    |tmp_458_reg_6822                       |    1|   0|    1|          0|
    |tmp_458_reg_6822_pp0_iter1_reg         |    1|   0|    1|          0|
    |tmp_459_reg_6828                       |    1|   0|    1|          0|
    |tmp_459_reg_6828_pp0_iter1_reg         |    1|   0|    1|          0|
    |tmp_460_reg_6834                       |    1|   0|    1|          0|
    |tmp_460_reg_6834_pp0_iter1_reg         |    1|   0|    1|          0|
    |tmp_461_reg_6840                       |    1|   0|    1|          0|
    |tmp_461_reg_6840_pp0_iter1_reg         |    1|   0|    1|          0|
    |tmp_462_reg_6846                       |    1|   0|    1|          0|
    |tmp_462_reg_6846_pp0_iter1_reg         |    1|   0|    1|          0|
    |tmp_463_reg_6852                       |    1|   0|    1|          0|
    |tmp_463_reg_6852_pp0_iter1_reg         |    1|   0|    1|          0|
    |tmp_464_reg_6858                       |    1|   0|    1|          0|
    |tmp_464_reg_6858_pp0_iter1_reg         |    1|   0|    1|          0|
    |tmp_465_reg_6864                       |    1|   0|    1|          0|
    |tmp_465_reg_6864_pp0_iter1_reg         |    1|   0|    1|          0|
    |tmp_466_reg_6870                       |    1|   0|    1|          0|
    |tmp_466_reg_6870_pp0_iter1_reg         |    1|   0|    1|          0|
    |tmp_467_reg_6876                       |    1|   0|    1|          0|
    |tmp_467_reg_6876_pp0_iter1_reg         |    1|   0|    1|          0|
    |tmp_468_reg_6882                       |    1|   0|    1|          0|
    |tmp_468_reg_6882_pp0_iter1_reg         |    1|   0|    1|          0|
    |tmp_469_reg_6888                       |    1|   0|    1|          0|
    |tmp_469_reg_6888_pp0_iter1_reg         |    1|   0|    1|          0|
    |tmp_470_reg_6894                       |    1|   0|    1|          0|
    |tmp_470_reg_6894_pp0_iter1_reg         |    1|   0|    1|          0|
    |tmp_471_reg_6900                       |    1|   0|    1|          0|
    |tmp_471_reg_6900_pp0_iter1_reg         |    1|   0|    1|          0|
    |tmp_472_reg_6906                       |    1|   0|    1|          0|
    |tmp_472_reg_6906_pp0_iter1_reg         |    1|   0|    1|          0|
    |tmp_473_reg_6912                       |    1|   0|    1|          0|
    |tmp_473_reg_6912_pp0_iter1_reg         |    1|   0|    1|          0|
    |tmp_474_reg_6918                       |    1|   0|    1|          0|
    |tmp_474_reg_6918_pp0_iter1_reg         |    1|   0|    1|          0|
    |tmp_475_reg_6924                       |    1|   0|    1|          0|
    |tmp_475_reg_6924_pp0_iter1_reg         |    1|   0|    1|          0|
    |tmp_476_reg_6930                       |    1|   0|    1|          0|
    |tmp_476_reg_6930_pp0_iter1_reg         |    1|   0|    1|          0|
    |tmp_477_reg_6936                       |    1|   0|    1|          0|
    |tmp_477_reg_6936_pp0_iter1_reg         |    1|   0|    1|          0|
    |tmp_478_reg_6942                       |    1|   0|    1|          0|
    |tmp_478_reg_6942_pp0_iter1_reg         |    1|   0|    1|          0|
    |tmp_479_reg_6948                       |    1|   0|    1|          0|
    |tmp_479_reg_6948_pp0_iter1_reg         |    1|   0|    1|          0|
    |tmp_480_reg_6954                       |    1|   0|    1|          0|
    |tmp_481_reg_6960                       |    1|   0|    1|          0|
    |tmp_482_reg_6966                       |    1|   0|    1|          0|
    |tmp_482_reg_6966_pp0_iter1_reg         |    1|   0|    1|          0|
    |tmp_483_reg_6972                       |    1|   0|    1|          0|
    |tmp_483_reg_6972_pp0_iter1_reg         |    1|   0|    1|          0|
    |tmp_484_reg_6978                       |    1|   0|    1|          0|
    |tmp_485_reg_6984                       |    1|   0|    1|          0|
    |tmp_486_reg_6990                       |    1|   0|    1|          0|
    |tmp_487_reg_6996                       |    1|   0|    1|          0|
    |tmp_488_reg_7002                       |    1|   0|    1|          0|
    |tmp_489_reg_7008                       |    1|   0|    1|          0|
    |tmp_490_reg_7014                       |    1|   0|    1|          0|
    |tmp_491_reg_7020                       |    1|   0|    1|          0|
    |tmp_492_reg_7026                       |    1|   0|    1|          0|
    |tmp_493_reg_7032                       |    1|   0|    1|          0|
    |tmp_494_reg_7038                       |    1|   0|    1|          0|
    |tmp_495_reg_7044                       |    1|   0|    1|          0|
    |tmp_496_reg_7050                       |    1|   0|    1|          0|
    |tmp_497_reg_7056                       |    1|   0|    1|          0|
    |tmp_498_reg_7062                       |    1|   0|    1|          0|
    |tmp_499_reg_7068                       |    1|   0|    1|          0|
    |tmp_500_reg_7074                       |    1|   0|    1|          0|
    |tmp_501_reg_7080                       |    1|   0|    1|          0|
    |tmp_502_reg_7086                       |    1|   0|    1|          0|
    |tmp_503_reg_7092                       |    1|   0|    1|          0|
    |tmp_504_reg_7098                       |    1|   0|    1|          0|
    |tmp_505_reg_7104                       |    1|   0|    1|          0|
    |tmp_506_reg_7110                       |    1|   0|    1|          0|
    |tmp_507_reg_7116                       |    1|   0|    1|          0|
    |tmp_508_reg_7122                       |    1|   0|    1|          0|
    |tmp_509_reg_7128                       |    1|   0|    1|          0|
    |tmp_510_reg_7134                       |    1|   0|    1|          0|
    |tmp_511_reg_7140                       |    1|   0|    1|          0|
    |tmp_512_reg_7146                       |    1|   0|    1|          0|
    |tmp_513_reg_7152                       |    1|   0|    1|          0|
    |tmp_514_reg_7158                       |    1|   0|    1|          0|
    |tmp_515_reg_7164                       |    1|   0|    1|          0|
    |tmp_516_reg_7170                       |    1|   0|    1|          0|
    |tmp_517_reg_7176                       |    1|   0|    1|          0|
    |tmp_518_reg_7182                       |    1|   0|    1|          0|
    |tmp_519_reg_7188                       |    1|   0|    1|          0|
    |tmp_520_reg_7194                       |    1|   0|    1|          0|
    |tmp_521_reg_7200                       |    1|   0|    1|          0|
    |tmp_522_reg_7206                       |    1|   0|    1|          0|
    |tmp_523_reg_7212                       |    1|   0|    1|          0|
    |tmp_524_reg_7218                       |    1|   0|    1|          0|
    |tmp_525_reg_7224                       |    1|   0|    1|          0|
    |tmp_526_reg_7230                       |    1|   0|    1|          0|
    |tmp_527_reg_7236                       |    1|   0|    1|          0|
    |tmp_528_reg_7242                       |    1|   0|    1|          0|
    |tmp_529_reg_7248                       |    1|   0|    1|          0|
    |tmp_530_reg_7254                       |    1|   0|    1|          0|
    |tmp_531_reg_7260                       |    1|   0|    1|          0|
    |tmp_532_reg_7266                       |    1|   0|    1|          0|
    |tmp_533_reg_7272                       |    1|   0|    1|          0|
    |tmp_534_reg_7278                       |    1|   0|    1|          0|
    |tmp_535_reg_7284                       |    1|   0|    1|          0|
    |tmp_536_reg_7290                       |    1|   0|    1|          0|
    |tmp_537_reg_7296                       |    1|   0|    1|          0|
    |tmp_538_reg_7302                       |    1|   0|    1|          0|
    |tmp_539_reg_7308                       |    1|   0|    1|          0|
    |tmp_540_reg_7314                       |    1|   0|    1|          0|
    |tmp_541_reg_7320                       |    1|   0|    1|          0|
    |tmp_542_reg_7326                       |    1|   0|    1|          0|
    |tmp_reg_6632                           |    1|   0|    1|          0|
    |xor_ln12_107_reg_7468                  |  236|   0|  236|          0|
    |xor_ln12_17_reg_6672                   |  146|   0|  146|          0|
    |xor_ln12_41_reg_7357                   |  170|   0|  170|          0|
    |xor_ln12_65_reg_7374                   |  194|   0|  194|          0|
    |xor_ln12_67_reg_7379                   |  196|   0|  196|          0|
    |xor_ln12_93_reg_7416                   |  222|   0|  222|          0|
    |a_read_reg_6513                        |   64|  32|  128|          0|
    |or_ln10_10_reg_6652                    |   64|  32|    1|          0|
    |or_ln10_3_reg_6647                     |   64|  32|    1|          0|
    |or_ln10_reg_6642                       |   64|  32|    1|          0|
    |select_ln12_reg_6626                   |   64|  32|  128|          0|
    |tmp_417_reg_6637                       |   64|  32|    1|          0|
    |tmp_480_reg_6954                       |   64|  32|    1|          0|
    |tmp_481_reg_6960                       |   64|  32|    1|          0|
    |tmp_484_reg_6978                       |   64|  32|    1|          0|
    |tmp_485_reg_6984                       |   64|  32|    1|          0|
    |tmp_486_reg_6990                       |   64|  32|    1|          0|
    |tmp_487_reg_6996                       |   64|  32|    1|          0|
    |tmp_488_reg_7002                       |   64|  32|    1|          0|
    |tmp_489_reg_7008                       |   64|  32|    1|          0|
    |tmp_490_reg_7014                       |   64|  32|    1|          0|
    |tmp_491_reg_7020                       |   64|  32|    1|          0|
    |tmp_492_reg_7026                       |   64|  32|    1|          0|
    |tmp_493_reg_7032                       |   64|  32|    1|          0|
    |tmp_494_reg_7038                       |   64|  32|    1|          0|
    |tmp_495_reg_7044                       |   64|  32|    1|          0|
    |tmp_496_reg_7050                       |   64|  32|    1|          0|
    |tmp_497_reg_7056                       |   64|  32|    1|          0|
    |tmp_498_reg_7062                       |   64|  32|    1|          0|
    |tmp_499_reg_7068                       |   64|  32|    1|          0|
    |tmp_500_reg_7074                       |   64|  32|    1|          0|
    |tmp_501_reg_7080                       |   64|  32|    1|          0|
    |tmp_502_reg_7086                       |   64|  32|    1|          0|
    |tmp_503_reg_7092                       |   64|  32|    1|          0|
    |tmp_504_reg_7098                       |   64|  32|    1|          0|
    |tmp_505_reg_7104                       |   64|  32|    1|          0|
    |tmp_506_reg_7110                       |   64|  32|    1|          0|
    |tmp_507_reg_7116                       |   64|  32|    1|          0|
    |tmp_508_reg_7122                       |   64|  32|    1|          0|
    |tmp_509_reg_7128                       |   64|  32|    1|          0|
    |tmp_510_reg_7134                       |   64|  32|    1|          0|
    |tmp_511_reg_7140                       |   64|  32|    1|          0|
    |tmp_512_reg_7146                       |   64|  32|    1|          0|
    |tmp_513_reg_7152                       |   64|  32|    1|          0|
    |tmp_514_reg_7158                       |   64|  32|    1|          0|
    |tmp_515_reg_7164                       |   64|  32|    1|          0|
    |tmp_516_reg_7170                       |   64|  32|    1|          0|
    |tmp_517_reg_7176                       |   64|  32|    1|          0|
    |tmp_518_reg_7182                       |   64|  32|    1|          0|
    |tmp_519_reg_7188                       |   64|  32|    1|          0|
    |tmp_520_reg_7194                       |   64|  32|    1|          0|
    |tmp_521_reg_7200                       |   64|  32|    1|          0|
    |tmp_522_reg_7206                       |   64|  32|    1|          0|
    |tmp_523_reg_7212                       |   64|  32|    1|          0|
    |tmp_524_reg_7218                       |   64|  32|    1|          0|
    |tmp_525_reg_7224                       |   64|  32|    1|          0|
    |tmp_526_reg_7230                       |   64|  32|    1|          0|
    |tmp_527_reg_7236                       |   64|  32|    1|          0|
    |tmp_528_reg_7242                       |   64|  32|    1|          0|
    |tmp_529_reg_7248                       |   64|  32|    1|          0|
    |tmp_530_reg_7254                       |   64|  32|    1|          0|
    |tmp_531_reg_7260                       |   64|  32|    1|          0|
    |tmp_532_reg_7266                       |   64|  32|    1|          0|
    |tmp_533_reg_7272                       |   64|  32|    1|          0|
    |tmp_534_reg_7278                       |   64|  32|    1|          0|
    |tmp_535_reg_7284                       |   64|  32|    1|          0|
    |tmp_536_reg_7290                       |   64|  32|    1|          0|
    |tmp_537_reg_7296                       |   64|  32|    1|          0|
    |tmp_538_reg_7302                       |   64|  32|    1|          0|
    |tmp_539_reg_7308                       |   64|  32|    1|          0|
    |tmp_540_reg_7314                       |   64|  32|    1|          0|
    |tmp_541_reg_7320                       |   64|  32|    1|          0|
    |tmp_542_reg_7326                       |   64|  32|    1|          0|
    |tmp_reg_6632                           |   64|  32|    1|          0|
    +---------------------------------------+-----+----+-----+-----------+
    |Total                                  | 8322|2176| 4292|          0|
    +---------------------------------------+-----+----+-----+-----------+



================================================================
== Interface
================================================================
* Summary: 
+-----------+-----+-----+------------+--------------+--------------+
| RTL Ports | Dir | Bits|  Protocol  | Source Object|    C Type    |
+-----------+-----+-----+------------+--------------+--------------+
|ap_clk     |   in|    1|  ap_ctrl_hs|   gf128_clmul|  return value|
|ap_rst     |   in|    1|  ap_ctrl_hs|   gf128_clmul|  return value|
|ap_return  |  out|  255|  ap_ctrl_hs|   gf128_clmul|  return value|
|ap_ce      |   in|    1|  ap_ctrl_hs|   gf128_clmul|  return value|
|a          |   in|  128|     ap_none|             a|        scalar|
|b          |   in|  128|     ap_none|             b|        scalar|
+-----------+-----+-----+------------+--------------+--------------+

