

================================================================
== Vitis HLS Report for 'mem_transfer_Pipeline_WRITE_V'
================================================================
* Date:           Mon Nov 17 18:42:06 2025

* Version:        2025.1 (Build 6135595 on May 21 2025)
* Project:        hls_component
* Solution:       hls (Vivado IP Flow Target)
* Product family: virtexuplus
* Target device:  xcu250-figd2104-2L-e


================================================================
== Performance Estimates
================================================================
+ Timing: 
    * Summary: 
    +--------+---------+----------+------------+
    |  Clock |  Target | Estimated| Uncertainty|
    +--------+---------+----------+------------+
    |ap_clk  |  5.00 ns|  4.696 ns|        0 ns|
    +--------+---------+----------+------------+

+ Latency: 
    * Summary: 
    +---------+---------+----------+----------+-----+-----+------------------------------------------------+
    |  Latency (cycles) |  Latency (absolute) |  Interval |                    Pipeline                    |
    |   min   |   max   |    min   |    max   | min | max |                      Type                      |
    +---------+---------+----------+----------+-----+-----+------------------------------------------------+
    |      130|      130|  0.650 us|  0.650 us|  129|  129|  loop auto-rewind stp (delay=0 clock cycles(s))|
    +---------+---------+----------+----------+-----+-----+------------------------------------------------+

    + Detail: 
        * Instance: 
        N/A

        * Loop: 
        +-----------+---------+---------+----------+-----------+-----------+------+----------+
        |           |  Latency (cycles) | Iteration|  Initiation Interval  | Trip |          |
        | Loop Name |   min   |   max   |  Latency |  achieved |   target  | Count| Pipelined|
        +-----------+---------+---------+----------+-----------+-----------+------+----------+
        |- WRITE_V  |      128|      128|         1|          1|          1|   128|       yes|
        +-----------+---------+---------+----------+-----------+-----------+------+----------+



================================================================
== Utilization Estimates
================================================================
* Summary: 
+---------------------+---------+-------+---------+---------+------+
|         Name        | BRAM_18K|  DSP  |    FF   |   LUT   | URAM |
+---------------------+---------+-------+---------+---------+------+
|DSP                  |        -|      -|        -|        -|     -|
|Expression           |        -|      -|        0|       85|     -|
|FIFO                 |        -|      -|        -|        -|     -|
|Instance             |        -|      -|        0|    17408|     -|
|Memory               |        -|      -|        -|        -|     -|
|Multiplexer          |        -|      -|        0|       27|     -|
|Register             |        -|      -|       11|        -|     -|
+---------------------+---------+-------+---------+---------+------+
|Total                |        0|      0|       11|    17520|     0|
+---------------------+---------+-------+---------+---------+------+
|Available SLR        |     1344|   3072|   864000|   432000|   320|
+---------------------+---------+-------+---------+---------+------+
|Utilization SLR (%)  |        0|      0|       ~0|        4|     0|
+---------------------+---------+-------+---------+---------+------+
|Available            |     5376|  12288|  3456000|  1728000|  1280|
+---------------------+---------+-------+---------+---------+------+
|Utilization (%)      |        0|      0|       ~0|        1|     0|
+---------------------+---------+-------+---------+---------+------+

+ Detail: 
    * Instance: 
    +-------------------------------------+-------------------------------+---------+----+---+-----+-----+
    |               Instance              |             Module            | BRAM_18K| DSP| FF| LUT | URAM|
    +-------------------------------------+-------------------------------+---------+----+---+-----+-----+
    |bitselect_1ns_256ns_8ns_1_1_1_U961   |bitselect_1ns_256ns_8ns_1_1_1  |        0|   0|  0|   68|    0|
    |bitselect_1ns_256ns_8ns_1_1_1_U962   |bitselect_1ns_256ns_8ns_1_1_1  |        0|   0|  0|   68|    0|
    |bitselect_1ns_256ns_8ns_1_1_1_U963   |bitselect_1ns_256ns_8ns_1_1_1  |        0|   0|  0|   68|    0|
    |bitselect_1ns_256ns_8ns_1_1_1_U964   |bitselect_1ns_256ns_8ns_1_1_1  |        0|   0|  0|   68|    0|
    |bitselect_1ns_256ns_8ns_1_1_1_U965   |bitselect_1ns_256ns_8ns_1_1_1  |        0|   0|  0|   68|    0|
    |bitselect_1ns_256ns_8ns_1_1_1_U966   |bitselect_1ns_256ns_8ns_1_1_1  |        0|   0|  0|   68|    0|
    |bitselect_1ns_256ns_8ns_1_1_1_U967   |bitselect_1ns_256ns_8ns_1_1_1  |        0|   0|  0|   68|    0|
    |bitselect_1ns_256ns_8ns_1_1_1_U968   |bitselect_1ns_256ns_8ns_1_1_1  |        0|   0|  0|   68|    0|
    |bitselect_1ns_256ns_8ns_1_1_1_U969   |bitselect_1ns_256ns_8ns_1_1_1  |        0|   0|  0|   68|    0|
    |bitselect_1ns_256ns_8ns_1_1_1_U970   |bitselect_1ns_256ns_8ns_1_1_1  |        0|   0|  0|   68|    0|
    |bitselect_1ns_256ns_8ns_1_1_1_U971   |bitselect_1ns_256ns_8ns_1_1_1  |        0|   0|  0|   68|    0|
    |bitselect_1ns_256ns_8ns_1_1_1_U972   |bitselect_1ns_256ns_8ns_1_1_1  |        0|   0|  0|   68|    0|
    |bitselect_1ns_256ns_8ns_1_1_1_U973   |bitselect_1ns_256ns_8ns_1_1_1  |        0|   0|  0|   68|    0|
    |bitselect_1ns_256ns_8ns_1_1_1_U974   |bitselect_1ns_256ns_8ns_1_1_1  |        0|   0|  0|   68|    0|
    |bitselect_1ns_256ns_8ns_1_1_1_U975   |bitselect_1ns_256ns_8ns_1_1_1  |        0|   0|  0|   68|    0|
    |bitselect_1ns_256ns_8ns_1_1_1_U976   |bitselect_1ns_256ns_8ns_1_1_1  |        0|   0|  0|   68|    0|
    |bitselect_1ns_256ns_8ns_1_1_1_U977   |bitselect_1ns_256ns_8ns_1_1_1  |        0|   0|  0|   68|    0|
    |bitselect_1ns_256ns_8ns_1_1_1_U978   |bitselect_1ns_256ns_8ns_1_1_1  |        0|   0|  0|   68|    0|
    |bitselect_1ns_256ns_8ns_1_1_1_U979   |bitselect_1ns_256ns_8ns_1_1_1  |        0|   0|  0|   68|    0|
    |bitselect_1ns_256ns_8ns_1_1_1_U980   |bitselect_1ns_256ns_8ns_1_1_1  |        0|   0|  0|   68|    0|
    |bitselect_1ns_256ns_8ns_1_1_1_U981   |bitselect_1ns_256ns_8ns_1_1_1  |        0|   0|  0|   68|    0|
    |bitselect_1ns_256ns_8ns_1_1_1_U982   |bitselect_1ns_256ns_8ns_1_1_1  |        0|   0|  0|   68|    0|
    |bitselect_1ns_256ns_8ns_1_1_1_U983   |bitselect_1ns_256ns_8ns_1_1_1  |        0|   0|  0|   68|    0|
    |bitselect_1ns_256ns_8ns_1_1_1_U984   |bitselect_1ns_256ns_8ns_1_1_1  |        0|   0|  0|   68|    0|
    |bitselect_1ns_256ns_8ns_1_1_1_U985   |bitselect_1ns_256ns_8ns_1_1_1  |        0|   0|  0|   68|    0|
    |bitselect_1ns_256ns_8ns_1_1_1_U986   |bitselect_1ns_256ns_8ns_1_1_1  |        0|   0|  0|   68|    0|
    |bitselect_1ns_256ns_8ns_1_1_1_U987   |bitselect_1ns_256ns_8ns_1_1_1  |        0|   0|  0|   68|    0|
    |bitselect_1ns_256ns_8ns_1_1_1_U988   |bitselect_1ns_256ns_8ns_1_1_1  |        0|   0|  0|   68|    0|
    |bitselect_1ns_256ns_8ns_1_1_1_U989   |bitselect_1ns_256ns_8ns_1_1_1  |        0|   0|  0|   68|    0|
    |bitselect_1ns_256ns_8ns_1_1_1_U990   |bitselect_1ns_256ns_8ns_1_1_1  |        0|   0|  0|   68|    0|
    |bitselect_1ns_256ns_8ns_1_1_1_U991   |bitselect_1ns_256ns_8ns_1_1_1  |        0|   0|  0|   68|    0|
    |bitselect_1ns_256ns_8ns_1_1_1_U992   |bitselect_1ns_256ns_8ns_1_1_1  |        0|   0|  0|   68|    0|
    |bitselect_1ns_256ns_8ns_1_1_1_U993   |bitselect_1ns_256ns_8ns_1_1_1  |        0|   0|  0|   68|    0|
    |bitselect_1ns_256ns_8ns_1_1_1_U994   |bitselect_1ns_256ns_8ns_1_1_1  |        0|   0|  0|   68|    0|
    |bitselect_1ns_256ns_8ns_1_1_1_U995   |bitselect_1ns_256ns_8ns_1_1_1  |        0|   0|  0|   68|    0|
    |bitselect_1ns_256ns_8ns_1_1_1_U996   |bitselect_1ns_256ns_8ns_1_1_1  |        0|   0|  0|   68|    0|
    |bitselect_1ns_256ns_8ns_1_1_1_U997   |bitselect_1ns_256ns_8ns_1_1_1  |        0|   0|  0|   68|    0|
    |bitselect_1ns_256ns_8ns_1_1_1_U998   |bitselect_1ns_256ns_8ns_1_1_1  |        0|   0|  0|   68|    0|
    |bitselect_1ns_256ns_8ns_1_1_1_U999   |bitselect_1ns_256ns_8ns_1_1_1  |        0|   0|  0|   68|    0|
    |bitselect_1ns_256ns_8ns_1_1_1_U1000  |bitselect_1ns_256ns_8ns_1_1_1  |        0|   0|  0|   68|    0|
    |bitselect_1ns_256ns_8ns_1_1_1_U1001  |bitselect_1ns_256ns_8ns_1_1_1  |        0|   0|  0|   68|    0|
    |bitselect_1ns_256ns_8ns_1_1_1_U1002  |bitselect_1ns_256ns_8ns_1_1_1  |        0|   0|  0|   68|    0|
    |bitselect_1ns_256ns_8ns_1_1_1_U1003  |bitselect_1ns_256ns_8ns_1_1_1  |        0|   0|  0|   68|    0|
    |bitselect_1ns_256ns_8ns_1_1_1_U1004  |bitselect_1ns_256ns_8ns_1_1_1  |        0|   0|  0|   68|    0|
    |bitselect_1ns_256ns_8ns_1_1_1_U1005  |bitselect_1ns_256ns_8ns_1_1_1  |        0|   0|  0|   68|    0|
    |bitselect_1ns_256ns_8ns_1_1_1_U1006  |bitselect_1ns_256ns_8ns_1_1_1  |        0|   0|  0|   68|    0|
    |bitselect_1ns_256ns_8ns_1_1_1_U1007  |bitselect_1ns_256ns_8ns_1_1_1  |        0|   0|  0|   68|    0|
    |bitselect_1ns_256ns_8ns_1_1_1_U1008  |bitselect_1ns_256ns_8ns_1_1_1  |        0|   0|  0|   68|    0|
    |bitselect_1ns_256ns_8ns_1_1_1_U1009  |bitselect_1ns_256ns_8ns_1_1_1  |        0|   0|  0|   68|    0|
    |bitselect_1ns_256ns_8ns_1_1_1_U1010  |bitselect_1ns_256ns_8ns_1_1_1  |        0|   0|  0|   68|    0|
    |bitselect_1ns_256ns_8ns_1_1_1_U1011  |bitselect_1ns_256ns_8ns_1_1_1  |        0|   0|  0|   68|    0|
    |bitselect_1ns_256ns_8ns_1_1_1_U1012  |bitselect_1ns_256ns_8ns_1_1_1  |        0|   0|  0|   68|    0|
    |bitselect_1ns_256ns_8ns_1_1_1_U1013  |bitselect_1ns_256ns_8ns_1_1_1  |        0|   0|  0|   68|    0|
    |bitselect_1ns_256ns_8ns_1_1_1_U1014  |bitselect_1ns_256ns_8ns_1_1_1  |        0|   0|  0|   68|    0|
    |bitselect_1ns_256ns_8ns_1_1_1_U1015  |bitselect_1ns_256ns_8ns_1_1_1  |        0|   0|  0|   68|    0|
    |bitselect_1ns_256ns_8ns_1_1_1_U1016  |bitselect_1ns_256ns_8ns_1_1_1  |        0|   0|  0|   68|    0|
    |bitselect_1ns_256ns_8ns_1_1_1_U1017  |bitselect_1ns_256ns_8ns_1_1_1  |        0|   0|  0|   68|    0|
    |bitselect_1ns_256ns_8ns_1_1_1_U1018  |bitselect_1ns_256ns_8ns_1_1_1  |        0|   0|  0|   68|    0|
    |bitselect_1ns_256ns_8ns_1_1_1_U1019  |bitselect_1ns_256ns_8ns_1_1_1  |        0|   0|  0|   68|    0|
    |bitselect_1ns_256ns_8ns_1_1_1_U1020  |bitselect_1ns_256ns_8ns_1_1_1  |        0|   0|  0|   68|    0|
    |bitselect_1ns_256ns_8ns_1_1_1_U1021  |bitselect_1ns_256ns_8ns_1_1_1  |        0|   0|  0|   68|    0|
    |bitselect_1ns_256ns_8ns_1_1_1_U1022  |bitselect_1ns_256ns_8ns_1_1_1  |        0|   0|  0|   68|    0|
    |bitselect_1ns_256ns_8ns_1_1_1_U1023  |bitselect_1ns_256ns_8ns_1_1_1  |        0|   0|  0|   68|    0|
    |bitselect_1ns_256ns_8ns_1_1_1_U1024  |bitselect_1ns_256ns_8ns_1_1_1  |        0|   0|  0|   68|    0|
    |bitselect_1ns_256ns_8ns_1_1_1_U1025  |bitselect_1ns_256ns_8ns_1_1_1  |        0|   0|  0|   68|    0|
    |bitselect_1ns_256ns_8ns_1_1_1_U1026  |bitselect_1ns_256ns_8ns_1_1_1  |        0|   0|  0|   68|    0|
    |bitselect_1ns_256ns_8ns_1_1_1_U1027  |bitselect_1ns_256ns_8ns_1_1_1  |        0|   0|  0|   68|    0|
    |bitselect_1ns_256ns_8ns_1_1_1_U1028  |bitselect_1ns_256ns_8ns_1_1_1  |        0|   0|  0|   68|    0|
    |bitselect_1ns_256ns_8ns_1_1_1_U1029  |bitselect_1ns_256ns_8ns_1_1_1  |        0|   0|  0|   68|    0|
    |bitselect_1ns_256ns_8ns_1_1_1_U1030  |bitselect_1ns_256ns_8ns_1_1_1  |        0|   0|  0|   68|    0|
    |bitselect_1ns_256ns_8ns_1_1_1_U1031  |bitselect_1ns_256ns_8ns_1_1_1  |        0|   0|  0|   68|    0|
    |bitselect_1ns_256ns_8ns_1_1_1_U1032  |bitselect_1ns_256ns_8ns_1_1_1  |        0|   0|  0|   68|    0|
    |bitselect_1ns_256ns_8ns_1_1_1_U1033  |bitselect_1ns_256ns_8ns_1_1_1  |        0|   0|  0|   68|    0|
    |bitselect_1ns_256ns_8ns_1_1_1_U1034  |bitselect_1ns_256ns_8ns_1_1_1  |        0|   0|  0|   68|    0|
    |bitselect_1ns_256ns_8ns_1_1_1_U1035  |bitselect_1ns_256ns_8ns_1_1_1  |        0|   0|  0|   68|    0|
    |bitselect_1ns_256ns_8ns_1_1_1_U1036  |bitselect_1ns_256ns_8ns_1_1_1  |        0|   0|  0|   68|    0|
    |bitselect_1ns_256ns_8ns_1_1_1_U1037  |bitselect_1ns_256ns_8ns_1_1_1  |        0|   0|  0|   68|    0|
    |bitselect_1ns_256ns_8ns_1_1_1_U1038  |bitselect_1ns_256ns_8ns_1_1_1  |        0|   0|  0|   68|    0|
    |bitselect_1ns_256ns_8ns_1_1_1_U1039  |bitselect_1ns_256ns_8ns_1_1_1  |        0|   0|  0|   68|    0|
    |bitselect_1ns_256ns_8ns_1_1_1_U1040  |bitselect_1ns_256ns_8ns_1_1_1  |        0|   0|  0|   68|    0|
    |bitselect_1ns_256ns_8ns_1_1_1_U1041  |bitselect_1ns_256ns_8ns_1_1_1  |        0|   0|  0|   68|    0|
    |bitselect_1ns_256ns_8ns_1_1_1_U1042  |bitselect_1ns_256ns_8ns_1_1_1  |        0|   0|  0|   68|    0|
    |bitselect_1ns_256ns_8ns_1_1_1_U1043  |bitselect_1ns_256ns_8ns_1_1_1  |        0|   0|  0|   68|    0|
    |bitselect_1ns_256ns_8ns_1_1_1_U1044  |bitselect_1ns_256ns_8ns_1_1_1  |        0|   0|  0|   68|    0|
    |bitselect_1ns_256ns_8ns_1_1_1_U1045  |bitselect_1ns_256ns_8ns_1_1_1  |        0|   0|  0|   68|    0|
    |bitselect_1ns_256ns_8ns_1_1_1_U1046  |bitselect_1ns_256ns_8ns_1_1_1  |        0|   0|  0|   68|    0|
    |bitselect_1ns_256ns_8ns_1_1_1_U1047  |bitselect_1ns_256ns_8ns_1_1_1  |        0|   0|  0|   68|    0|
    |bitselect_1ns_256ns_8ns_1_1_1_U1048  |bitselect_1ns_256ns_8ns_1_1_1  |        0|   0|  0|   68|    0|
    |bitselect_1ns_256ns_8ns_1_1_1_U1049  |bitselect_1ns_256ns_8ns_1_1_1  |        0|   0|  0|   68|    0|
    |bitselect_1ns_256ns_8ns_1_1_1_U1050  |bitselect_1ns_256ns_8ns_1_1_1  |        0|   0|  0|   68|    0|
    |bitselect_1ns_256ns_8ns_1_1_1_U1051  |bitselect_1ns_256ns_8ns_1_1_1  |        0|   0|  0|   68|    0|
    |bitselect_1ns_256ns_8ns_1_1_1_U1052  |bitselect_1ns_256ns_8ns_1_1_1  |        0|   0|  0|   68|    0|
    |bitselect_1ns_256ns_8ns_1_1_1_U1053  |bitselect_1ns_256ns_8ns_1_1_1  |        0|   0|  0|   68|    0|
    |bitselect_1ns_256ns_8ns_1_1_1_U1054  |bitselect_1ns_256ns_8ns_1_1_1  |        0|   0|  0|   68|    0|
    |bitselect_1ns_256ns_8ns_1_1_1_U1055  |bitselect_1ns_256ns_8ns_1_1_1  |        0|   0|  0|   68|    0|
    |bitselect_1ns_256ns_8ns_1_1_1_U1056  |bitselect_1ns_256ns_8ns_1_1_1  |        0|   0|  0|   68|    0|
    |bitselect_1ns_256ns_8ns_1_1_1_U1057  |bitselect_1ns_256ns_8ns_1_1_1  |        0|   0|  0|   68|    0|
    |bitselect_1ns_256ns_8ns_1_1_1_U1058  |bitselect_1ns_256ns_8ns_1_1_1  |        0|   0|  0|   68|    0|
    |bitselect_1ns_256ns_8ns_1_1_1_U1059  |bitselect_1ns_256ns_8ns_1_1_1  |        0|   0|  0|   68|    0|
    |bitselect_1ns_256ns_8ns_1_1_1_U1060  |bitselect_1ns_256ns_8ns_1_1_1  |        0|   0|  0|   68|    0|
    |bitselect_1ns_256ns_8ns_1_1_1_U1061  |bitselect_1ns_256ns_8ns_1_1_1  |        0|   0|  0|   68|    0|
    |bitselect_1ns_256ns_8ns_1_1_1_U1062  |bitselect_1ns_256ns_8ns_1_1_1  |        0|   0|  0|   68|    0|
    |bitselect_1ns_256ns_8ns_1_1_1_U1063  |bitselect_1ns_256ns_8ns_1_1_1  |        0|   0|  0|   68|    0|
    |bitselect_1ns_256ns_8ns_1_1_1_U1064  |bitselect_1ns_256ns_8ns_1_1_1  |        0|   0|  0|   68|    0|
    |bitselect_1ns_256ns_8ns_1_1_1_U1065  |bitselect_1ns_256ns_8ns_1_1_1  |        0|   0|  0|   68|    0|
    |bitselect_1ns_256ns_8ns_1_1_1_U1066  |bitselect_1ns_256ns_8ns_1_1_1  |        0|   0|  0|   68|    0|
    |bitselect_1ns_256ns_8ns_1_1_1_U1067  |bitselect_1ns_256ns_8ns_1_1_1  |        0|   0|  0|   68|    0|
    |bitselect_1ns_256ns_8ns_1_1_1_U1068  |bitselect_1ns_256ns_8ns_1_1_1  |        0|   0|  0|   68|    0|
    |bitselect_1ns_256ns_8ns_1_1_1_U1069  |bitselect_1ns_256ns_8ns_1_1_1  |        0|   0|  0|   68|    0|
    |bitselect_1ns_256ns_8ns_1_1_1_U1070  |bitselect_1ns_256ns_8ns_1_1_1  |        0|   0|  0|   68|    0|
    |bitselect_1ns_256ns_8ns_1_1_1_U1071  |bitselect_1ns_256ns_8ns_1_1_1  |        0|   0|  0|   68|    0|
    |bitselect_1ns_256ns_8ns_1_1_1_U1072  |bitselect_1ns_256ns_8ns_1_1_1  |        0|   0|  0|   68|    0|
    |bitselect_1ns_256ns_8ns_1_1_1_U1073  |bitselect_1ns_256ns_8ns_1_1_1  |        0|   0|  0|   68|    0|
    |bitselect_1ns_256ns_8ns_1_1_1_U1074  |bitselect_1ns_256ns_8ns_1_1_1  |        0|   0|  0|   68|    0|
    |bitselect_1ns_256ns_8ns_1_1_1_U1075  |bitselect_1ns_256ns_8ns_1_1_1  |        0|   0|  0|   68|    0|
    |bitselect_1ns_256ns_8ns_1_1_1_U1076  |bitselect_1ns_256ns_8ns_1_1_1  |        0|   0|  0|   68|    0|
    |bitselect_1ns_256ns_8ns_1_1_1_U1077  |bitselect_1ns_256ns_8ns_1_1_1  |        0|   0|  0|   68|    0|
    |bitselect_1ns_256ns_8ns_1_1_1_U1078  |bitselect_1ns_256ns_8ns_1_1_1  |        0|   0|  0|   68|    0|
    |bitselect_1ns_256ns_8ns_1_1_1_U1079  |bitselect_1ns_256ns_8ns_1_1_1  |        0|   0|  0|   68|    0|
    |bitselect_1ns_256ns_8ns_1_1_1_U1080  |bitselect_1ns_256ns_8ns_1_1_1  |        0|   0|  0|   68|    0|
    |bitselect_1ns_256ns_8ns_1_1_1_U1081  |bitselect_1ns_256ns_8ns_1_1_1  |        0|   0|  0|   68|    0|
    |bitselect_1ns_256ns_8ns_1_1_1_U1082  |bitselect_1ns_256ns_8ns_1_1_1  |        0|   0|  0|   68|    0|
    |bitselect_1ns_256ns_8ns_1_1_1_U1083  |bitselect_1ns_256ns_8ns_1_1_1  |        0|   0|  0|   68|    0|
    |bitselect_1ns_256ns_8ns_1_1_1_U1084  |bitselect_1ns_256ns_8ns_1_1_1  |        0|   0|  0|   68|    0|
    |bitselect_1ns_256ns_8ns_1_1_1_U1085  |bitselect_1ns_256ns_8ns_1_1_1  |        0|   0|  0|   68|    0|
    |bitselect_1ns_256ns_8ns_1_1_1_U1086  |bitselect_1ns_256ns_8ns_1_1_1  |        0|   0|  0|   68|    0|
    |bitselect_1ns_256ns_8ns_1_1_1_U1087  |bitselect_1ns_256ns_8ns_1_1_1  |        0|   0|  0|   68|    0|
    |bitselect_1ns_256ns_8ns_1_1_1_U1088  |bitselect_1ns_256ns_8ns_1_1_1  |        0|   0|  0|   68|    0|
    |bitselect_1ns_256ns_8ns_1_1_1_U1089  |bitselect_1ns_256ns_8ns_1_1_1  |        0|   0|  0|   68|    0|
    |bitselect_1ns_256ns_8ns_1_1_1_U1090  |bitselect_1ns_256ns_8ns_1_1_1  |        0|   0|  0|   68|    0|
    |bitselect_1ns_256ns_8ns_1_1_1_U1091  |bitselect_1ns_256ns_8ns_1_1_1  |        0|   0|  0|   68|    0|
    |bitselect_1ns_256ns_8ns_1_1_1_U1092  |bitselect_1ns_256ns_8ns_1_1_1  |        0|   0|  0|   68|    0|
    |bitselect_1ns_256ns_8ns_1_1_1_U1093  |bitselect_1ns_256ns_8ns_1_1_1  |        0|   0|  0|   68|    0|
    |bitselect_1ns_256ns_8ns_1_1_1_U1094  |bitselect_1ns_256ns_8ns_1_1_1  |        0|   0|  0|   68|    0|
    |bitselect_1ns_256ns_8ns_1_1_1_U1095  |bitselect_1ns_256ns_8ns_1_1_1  |        0|   0|  0|   68|    0|
    |bitselect_1ns_256ns_8ns_1_1_1_U1096  |bitselect_1ns_256ns_8ns_1_1_1  |        0|   0|  0|   68|    0|
    |bitselect_1ns_256ns_8ns_1_1_1_U1097  |bitselect_1ns_256ns_8ns_1_1_1  |        0|   0|  0|   68|    0|
    |bitselect_1ns_256ns_8ns_1_1_1_U1098  |bitselect_1ns_256ns_8ns_1_1_1  |        0|   0|  0|   68|    0|
    |bitselect_1ns_256ns_8ns_1_1_1_U1099  |bitselect_1ns_256ns_8ns_1_1_1  |        0|   0|  0|   68|    0|
    |bitselect_1ns_256ns_8ns_1_1_1_U1100  |bitselect_1ns_256ns_8ns_1_1_1  |        0|   0|  0|   68|    0|
    |bitselect_1ns_256ns_8ns_1_1_1_U1101  |bitselect_1ns_256ns_8ns_1_1_1  |        0|   0|  0|   68|    0|
    |bitselect_1ns_256ns_8ns_1_1_1_U1102  |bitselect_1ns_256ns_8ns_1_1_1  |        0|   0|  0|   68|    0|
    |bitselect_1ns_256ns_8ns_1_1_1_U1103  |bitselect_1ns_256ns_8ns_1_1_1  |        0|   0|  0|   68|    0|
    |bitselect_1ns_256ns_8ns_1_1_1_U1104  |bitselect_1ns_256ns_8ns_1_1_1  |        0|   0|  0|   68|    0|
    |bitselect_1ns_256ns_8ns_1_1_1_U1105  |bitselect_1ns_256ns_8ns_1_1_1  |        0|   0|  0|   68|    0|
    |bitselect_1ns_256ns_8ns_1_1_1_U1106  |bitselect_1ns_256ns_8ns_1_1_1  |        0|   0|  0|   68|    0|
    |bitselect_1ns_256ns_8ns_1_1_1_U1107  |bitselect_1ns_256ns_8ns_1_1_1  |        0|   0|  0|   68|    0|
    |bitselect_1ns_256ns_8ns_1_1_1_U1108  |bitselect_1ns_256ns_8ns_1_1_1  |        0|   0|  0|   68|    0|
    |bitselect_1ns_256ns_8ns_1_1_1_U1109  |bitselect_1ns_256ns_8ns_1_1_1  |        0|   0|  0|   68|    0|
    |bitselect_1ns_256ns_8ns_1_1_1_U1110  |bitselect_1ns_256ns_8ns_1_1_1  |        0|   0|  0|   68|    0|
    |bitselect_1ns_256ns_8ns_1_1_1_U1111  |bitselect_1ns_256ns_8ns_1_1_1  |        0|   0|  0|   68|    0|
    |bitselect_1ns_256ns_8ns_1_1_1_U1112  |bitselect_1ns_256ns_8ns_1_1_1  |        0|   0|  0|   68|    0|
    |bitselect_1ns_256ns_8ns_1_1_1_U1113  |bitselect_1ns_256ns_8ns_1_1_1  |        0|   0|  0|   68|    0|
    |bitselect_1ns_256ns_8ns_1_1_1_U1114  |bitselect_1ns_256ns_8ns_1_1_1  |        0|   0|  0|   68|    0|
    |bitselect_1ns_256ns_8ns_1_1_1_U1115  |bitselect_1ns_256ns_8ns_1_1_1  |        0|   0|  0|   68|    0|
    |bitselect_1ns_256ns_8ns_1_1_1_U1116  |bitselect_1ns_256ns_8ns_1_1_1  |        0|   0|  0|   68|    0|
    |bitselect_1ns_256ns_8ns_1_1_1_U1117  |bitselect_1ns_256ns_8ns_1_1_1  |        0|   0|  0|   68|    0|
    |bitselect_1ns_256ns_8ns_1_1_1_U1118  |bitselect_1ns_256ns_8ns_1_1_1  |        0|   0|  0|   68|    0|
    |bitselect_1ns_256ns_8ns_1_1_1_U1119  |bitselect_1ns_256ns_8ns_1_1_1  |        0|   0|  0|   68|    0|
    |bitselect_1ns_256ns_8ns_1_1_1_U1120  |bitselect_1ns_256ns_8ns_1_1_1  |        0|   0|  0|   68|    0|
    |bitselect_1ns_256ns_8ns_1_1_1_U1121  |bitselect_1ns_256ns_8ns_1_1_1  |        0|   0|  0|   68|    0|
    |bitselect_1ns_256ns_8ns_1_1_1_U1122  |bitselect_1ns_256ns_8ns_1_1_1  |        0|   0|  0|   68|    0|
    |bitselect_1ns_256ns_8ns_1_1_1_U1123  |bitselect_1ns_256ns_8ns_1_1_1  |        0|   0|  0|   68|    0|
    |bitselect_1ns_256ns_8ns_1_1_1_U1124  |bitselect_1ns_256ns_8ns_1_1_1  |        0|   0|  0|   68|    0|
    |bitselect_1ns_256ns_8ns_1_1_1_U1125  |bitselect_1ns_256ns_8ns_1_1_1  |        0|   0|  0|   68|    0|
    |bitselect_1ns_256ns_8ns_1_1_1_U1126  |bitselect_1ns_256ns_8ns_1_1_1  |        0|   0|  0|   68|    0|
    |bitselect_1ns_256ns_8ns_1_1_1_U1127  |bitselect_1ns_256ns_8ns_1_1_1  |        0|   0|  0|   68|    0|
    |bitselect_1ns_256ns_8ns_1_1_1_U1128  |bitselect_1ns_256ns_8ns_1_1_1  |        0|   0|  0|   68|    0|
    |bitselect_1ns_256ns_8ns_1_1_1_U1129  |bitselect_1ns_256ns_8ns_1_1_1  |        0|   0|  0|   68|    0|
    |bitselect_1ns_256ns_8ns_1_1_1_U1130  |bitselect_1ns_256ns_8ns_1_1_1  |        0|   0|  0|   68|    0|
    |bitselect_1ns_256ns_8ns_1_1_1_U1131  |bitselect_1ns_256ns_8ns_1_1_1  |        0|   0|  0|   68|    0|
    |bitselect_1ns_256ns_8ns_1_1_1_U1132  |bitselect_1ns_256ns_8ns_1_1_1  |        0|   0|  0|   68|    0|
    |bitselect_1ns_256ns_8ns_1_1_1_U1133  |bitselect_1ns_256ns_8ns_1_1_1  |        0|   0|  0|   68|    0|
    |bitselect_1ns_256ns_8ns_1_1_1_U1134  |bitselect_1ns_256ns_8ns_1_1_1  |        0|   0|  0|   68|    0|
    |bitselect_1ns_256ns_8ns_1_1_1_U1135  |bitselect_1ns_256ns_8ns_1_1_1  |        0|   0|  0|   68|    0|
    |bitselect_1ns_256ns_8ns_1_1_1_U1136  |bitselect_1ns_256ns_8ns_1_1_1  |        0|   0|  0|   68|    0|
    |bitselect_1ns_256ns_8ns_1_1_1_U1137  |bitselect_1ns_256ns_8ns_1_1_1  |        0|   0|  0|   68|    0|
    |bitselect_1ns_256ns_8ns_1_1_1_U1138  |bitselect_1ns_256ns_8ns_1_1_1  |        0|   0|  0|   68|    0|
    |bitselect_1ns_256ns_8ns_1_1_1_U1139  |bitselect_1ns_256ns_8ns_1_1_1  |        0|   0|  0|   68|    0|
    |bitselect_1ns_256ns_8ns_1_1_1_U1140  |bitselect_1ns_256ns_8ns_1_1_1  |        0|   0|  0|   68|    0|
    |bitselect_1ns_256ns_8ns_1_1_1_U1141  |bitselect_1ns_256ns_8ns_1_1_1  |        0|   0|  0|   68|    0|
    |bitselect_1ns_256ns_8ns_1_1_1_U1142  |bitselect_1ns_256ns_8ns_1_1_1  |        0|   0|  0|   68|    0|
    |bitselect_1ns_256ns_8ns_1_1_1_U1143  |bitselect_1ns_256ns_8ns_1_1_1  |        0|   0|  0|   68|    0|
    |bitselect_1ns_256ns_8ns_1_1_1_U1144  |bitselect_1ns_256ns_8ns_1_1_1  |        0|   0|  0|   68|    0|
    |bitselect_1ns_256ns_8ns_1_1_1_U1145  |bitselect_1ns_256ns_8ns_1_1_1  |        0|   0|  0|   68|    0|
    |bitselect_1ns_256ns_8ns_1_1_1_U1146  |bitselect_1ns_256ns_8ns_1_1_1  |        0|   0|  0|   68|    0|
    |bitselect_1ns_256ns_8ns_1_1_1_U1147  |bitselect_1ns_256ns_8ns_1_1_1  |        0|   0|  0|   68|    0|
    |bitselect_1ns_256ns_8ns_1_1_1_U1148  |bitselect_1ns_256ns_8ns_1_1_1  |        0|   0|  0|   68|    0|
    |bitselect_1ns_256ns_8ns_1_1_1_U1149  |bitselect_1ns_256ns_8ns_1_1_1  |        0|   0|  0|   68|    0|
    |bitselect_1ns_256ns_8ns_1_1_1_U1150  |bitselect_1ns_256ns_8ns_1_1_1  |        0|   0|  0|   68|    0|
    |bitselect_1ns_256ns_8ns_1_1_1_U1151  |bitselect_1ns_256ns_8ns_1_1_1  |        0|   0|  0|   68|    0|
    |bitselect_1ns_256ns_8ns_1_1_1_U1152  |bitselect_1ns_256ns_8ns_1_1_1  |        0|   0|  0|   68|    0|
    |bitselect_1ns_256ns_8ns_1_1_1_U1153  |bitselect_1ns_256ns_8ns_1_1_1  |        0|   0|  0|   68|    0|
    |bitselect_1ns_256ns_8ns_1_1_1_U1154  |bitselect_1ns_256ns_8ns_1_1_1  |        0|   0|  0|   68|    0|
    |bitselect_1ns_256ns_8ns_1_1_1_U1155  |bitselect_1ns_256ns_8ns_1_1_1  |        0|   0|  0|   68|    0|
    |bitselect_1ns_256ns_8ns_1_1_1_U1156  |bitselect_1ns_256ns_8ns_1_1_1  |        0|   0|  0|   68|    0|
    |bitselect_1ns_256ns_8ns_1_1_1_U1157  |bitselect_1ns_256ns_8ns_1_1_1  |        0|   0|  0|   68|    0|
    |bitselect_1ns_256ns_8ns_1_1_1_U1158  |bitselect_1ns_256ns_8ns_1_1_1  |        0|   0|  0|   68|    0|
    |bitselect_1ns_256ns_8ns_1_1_1_U1159  |bitselect_1ns_256ns_8ns_1_1_1  |        0|   0|  0|   68|    0|
    |bitselect_1ns_256ns_8ns_1_1_1_U1160  |bitselect_1ns_256ns_8ns_1_1_1  |        0|   0|  0|   68|    0|
    |bitselect_1ns_256ns_8ns_1_1_1_U1161  |bitselect_1ns_256ns_8ns_1_1_1  |        0|   0|  0|   68|    0|
    |bitselect_1ns_256ns_8ns_1_1_1_U1162  |bitselect_1ns_256ns_8ns_1_1_1  |        0|   0|  0|   68|    0|
    |bitselect_1ns_256ns_8ns_1_1_1_U1163  |bitselect_1ns_256ns_8ns_1_1_1  |        0|   0|  0|   68|    0|
    |bitselect_1ns_256ns_8ns_1_1_1_U1164  |bitselect_1ns_256ns_8ns_1_1_1  |        0|   0|  0|   68|    0|
    |bitselect_1ns_256ns_8ns_1_1_1_U1165  |bitselect_1ns_256ns_8ns_1_1_1  |        0|   0|  0|   68|    0|
    |bitselect_1ns_256ns_8ns_1_1_1_U1166  |bitselect_1ns_256ns_8ns_1_1_1  |        0|   0|  0|   68|    0|
    |bitselect_1ns_256ns_8ns_1_1_1_U1167  |bitselect_1ns_256ns_8ns_1_1_1  |        0|   0|  0|   68|    0|
    |bitselect_1ns_256ns_8ns_1_1_1_U1168  |bitselect_1ns_256ns_8ns_1_1_1  |        0|   0|  0|   68|    0|
    |bitselect_1ns_256ns_8ns_1_1_1_U1169  |bitselect_1ns_256ns_8ns_1_1_1  |        0|   0|  0|   68|    0|
    |bitselect_1ns_256ns_8ns_1_1_1_U1170  |bitselect_1ns_256ns_8ns_1_1_1  |        0|   0|  0|   68|    0|
    |bitselect_1ns_256ns_8ns_1_1_1_U1171  |bitselect_1ns_256ns_8ns_1_1_1  |        0|   0|  0|   68|    0|
    |bitselect_1ns_256ns_8ns_1_1_1_U1172  |bitselect_1ns_256ns_8ns_1_1_1  |        0|   0|  0|   68|    0|
    |bitselect_1ns_256ns_8ns_1_1_1_U1173  |bitselect_1ns_256ns_8ns_1_1_1  |        0|   0|  0|   68|    0|
    |bitselect_1ns_256ns_8ns_1_1_1_U1174  |bitselect_1ns_256ns_8ns_1_1_1  |        0|   0|  0|   68|    0|
    |bitselect_1ns_256ns_8ns_1_1_1_U1175  |bitselect_1ns_256ns_8ns_1_1_1  |        0|   0|  0|   68|    0|
    |bitselect_1ns_256ns_8ns_1_1_1_U1176  |bitselect_1ns_256ns_8ns_1_1_1  |        0|   0|  0|   68|    0|
    |bitselect_1ns_256ns_8ns_1_1_1_U1177  |bitselect_1ns_256ns_8ns_1_1_1  |        0|   0|  0|   68|    0|
    |bitselect_1ns_256ns_8ns_1_1_1_U1178  |bitselect_1ns_256ns_8ns_1_1_1  |        0|   0|  0|   68|    0|
    |bitselect_1ns_256ns_8ns_1_1_1_U1179  |bitselect_1ns_256ns_8ns_1_1_1  |        0|   0|  0|   68|    0|
    |bitselect_1ns_256ns_8ns_1_1_1_U1180  |bitselect_1ns_256ns_8ns_1_1_1  |        0|   0|  0|   68|    0|
    |bitselect_1ns_256ns_8ns_1_1_1_U1181  |bitselect_1ns_256ns_8ns_1_1_1  |        0|   0|  0|   68|    0|
    |bitselect_1ns_256ns_8ns_1_1_1_U1182  |bitselect_1ns_256ns_8ns_1_1_1  |        0|   0|  0|   68|    0|
    |bitselect_1ns_256ns_8ns_1_1_1_U1183  |bitselect_1ns_256ns_8ns_1_1_1  |        0|   0|  0|   68|    0|
    |bitselect_1ns_256ns_8ns_1_1_1_U1184  |bitselect_1ns_256ns_8ns_1_1_1  |        0|   0|  0|   68|    0|
    |bitselect_1ns_256ns_8ns_1_1_1_U1185  |bitselect_1ns_256ns_8ns_1_1_1  |        0|   0|  0|   68|    0|
    |bitselect_1ns_256ns_8ns_1_1_1_U1186  |bitselect_1ns_256ns_8ns_1_1_1  |        0|   0|  0|   68|    0|
    |bitselect_1ns_256ns_8ns_1_1_1_U1187  |bitselect_1ns_256ns_8ns_1_1_1  |        0|   0|  0|   68|    0|
    |bitselect_1ns_256ns_8ns_1_1_1_U1188  |bitselect_1ns_256ns_8ns_1_1_1  |        0|   0|  0|   68|    0|
    |bitselect_1ns_256ns_8ns_1_1_1_U1189  |bitselect_1ns_256ns_8ns_1_1_1  |        0|   0|  0|   68|    0|
    |bitselect_1ns_256ns_8ns_1_1_1_U1190  |bitselect_1ns_256ns_8ns_1_1_1  |        0|   0|  0|   68|    0|
    |bitselect_1ns_256ns_8ns_1_1_1_U1191  |bitselect_1ns_256ns_8ns_1_1_1  |        0|   0|  0|   68|    0|
    |bitselect_1ns_256ns_8ns_1_1_1_U1192  |bitselect_1ns_256ns_8ns_1_1_1  |        0|   0|  0|   68|    0|
    |bitselect_1ns_256ns_8ns_1_1_1_U1193  |bitselect_1ns_256ns_8ns_1_1_1  |        0|   0|  0|   68|    0|
    |bitselect_1ns_256ns_8ns_1_1_1_U1194  |bitselect_1ns_256ns_8ns_1_1_1  |        0|   0|  0|   68|    0|
    |bitselect_1ns_256ns_8ns_1_1_1_U1195  |bitselect_1ns_256ns_8ns_1_1_1  |        0|   0|  0|   68|    0|
    |bitselect_1ns_256ns_8ns_1_1_1_U1196  |bitselect_1ns_256ns_8ns_1_1_1  |        0|   0|  0|   68|    0|
    |bitselect_1ns_256ns_8ns_1_1_1_U1197  |bitselect_1ns_256ns_8ns_1_1_1  |        0|   0|  0|   68|    0|
    |bitselect_1ns_256ns_8ns_1_1_1_U1198  |bitselect_1ns_256ns_8ns_1_1_1  |        0|   0|  0|   68|    0|
    |bitselect_1ns_256ns_8ns_1_1_1_U1199  |bitselect_1ns_256ns_8ns_1_1_1  |        0|   0|  0|   68|    0|
    |bitselect_1ns_256ns_8ns_1_1_1_U1200  |bitselect_1ns_256ns_8ns_1_1_1  |        0|   0|  0|   68|    0|
    |bitselect_1ns_256ns_8ns_1_1_1_U1201  |bitselect_1ns_256ns_8ns_1_1_1  |        0|   0|  0|   68|    0|
    |bitselect_1ns_256ns_8ns_1_1_1_U1202  |bitselect_1ns_256ns_8ns_1_1_1  |        0|   0|  0|   68|    0|
    |bitselect_1ns_256ns_8ns_1_1_1_U1203  |bitselect_1ns_256ns_8ns_1_1_1  |        0|   0|  0|   68|    0|
    |bitselect_1ns_256ns_8ns_1_1_1_U1204  |bitselect_1ns_256ns_8ns_1_1_1  |        0|   0|  0|   68|    0|
    |bitselect_1ns_256ns_8ns_1_1_1_U1205  |bitselect_1ns_256ns_8ns_1_1_1  |        0|   0|  0|   68|    0|
    |bitselect_1ns_256ns_8ns_1_1_1_U1206  |bitselect_1ns_256ns_8ns_1_1_1  |        0|   0|  0|   68|    0|
    |bitselect_1ns_256ns_8ns_1_1_1_U1207  |bitselect_1ns_256ns_8ns_1_1_1  |        0|   0|  0|   68|    0|
    |bitselect_1ns_256ns_8ns_1_1_1_U1208  |bitselect_1ns_256ns_8ns_1_1_1  |        0|   0|  0|   68|    0|
    |bitselect_1ns_256ns_8ns_1_1_1_U1209  |bitselect_1ns_256ns_8ns_1_1_1  |        0|   0|  0|   68|    0|
    |bitselect_1ns_256ns_8ns_1_1_1_U1210  |bitselect_1ns_256ns_8ns_1_1_1  |        0|   0|  0|   68|    0|
    |bitselect_1ns_256ns_8ns_1_1_1_U1211  |bitselect_1ns_256ns_8ns_1_1_1  |        0|   0|  0|   68|    0|
    |bitselect_1ns_256ns_8ns_1_1_1_U1212  |bitselect_1ns_256ns_8ns_1_1_1  |        0|   0|  0|   68|    0|
    |bitselect_1ns_256ns_8ns_1_1_1_U1213  |bitselect_1ns_256ns_8ns_1_1_1  |        0|   0|  0|   68|    0|
    |bitselect_1ns_256ns_8ns_1_1_1_U1214  |bitselect_1ns_256ns_8ns_1_1_1  |        0|   0|  0|   68|    0|
    |bitselect_1ns_256ns_8ns_1_1_1_U1215  |bitselect_1ns_256ns_8ns_1_1_1  |        0|   0|  0|   68|    0|
    |bitselect_1ns_256ns_8ns_1_1_1_U1216  |bitselect_1ns_256ns_8ns_1_1_1  |        0|   0|  0|   68|    0|
    +-------------------------------------+-------------------------------+---------+----+---+-----+-----+
    |Total                                |                               |        0|   0|  0|17408|    0|
    +-------------------------------------+-------------------------------+---------+----+---+-----+-----+

    * DSP: 
    N/A

    * Memory: 
    N/A

    * FIFO: 
    N/A

    * Expression: 
    +-------------------------+----------+----+---+----+------------+------------+
    |      Variable Name      | Operation| DSP| FF| LUT| Bitwidth P0| Bitwidth P1|
    +-------------------------+----------+----+---+----+------------+------------+
    |add_ln119_fu_3796_p2     |         +|   0|  0|  16|           9|           2|
    |add_ln130_fu_2451_p2     |         +|   0|  0|  23|          16|          16|
    |icmp_ln131_1_fu_3790_p2  |      icmp|   0|  0|  23|          16|          16|
    |icmp_ln131_fu_2481_p2    |      icmp|   0|  0|  23|          16|          16|
    +-------------------------+----------+----+---+----+------------+------------+
    |Total                    |          |   0|  0|  85|          57|          50|
    +-------------------------+----------+----+---+----+------------+------------+

    * Multiplexer: 
    +----------------------+----+-----------+-----+-----------+
    |         Name         | LUT| Input Size| Bits| Total Bits|
    +----------------------+----+-----------+-----+-----------+
    |ap_done_int           |   9|          2|    1|          2|
    |ap_sig_allocacmp_b_1  |   9|          2|    9|         18|
    |b_fu_324              |   9|          2|    9|         18|
    +----------------------+----+-----------+-----+-----------+
    |Total                 |  27|          6|   19|         38|
    +----------------------+----+-----------+-----+-----------+

    * Register: 
    +-------------+---+----+-----+-----------+
    |     Name    | FF| LUT| Bits| Const Bits|
    +-------------+---+----+-----+-----------+
    |ap_CS_fsm    |  1|   0|    1|          0|
    |ap_done_reg  |  1|   0|    1|          0|
    |b_fu_324     |  9|   0|    9|          0|
    +-------------+---+----+-----+-----------+
    |Total        | 11|   0|   11|          0|
    +-------------+---+----+-----+-----------+



================================================================
== Interface
================================================================
* Summary: 
+--------------+-----+-----+------------+-------------------------------+--------------+
|   RTL Ports  | Dir | Bits|  Protocol  |         Source Object         |    C Type    |
+--------------+-----+-----+------------+-------------------------------+--------------+
|ap_clk        |   in|    1|  ap_ctrl_hs|  mem_transfer_Pipeline_WRITE_V|  return value|
|ap_rst        |   in|    1|  ap_ctrl_hs|  mem_transfer_Pipeline_WRITE_V|  return value|
|ap_start      |   in|    1|  ap_ctrl_hs|  mem_transfer_Pipeline_WRITE_V|  return value|
|ap_done       |  out|    1|  ap_ctrl_hs|  mem_transfer_Pipeline_WRITE_V|  return value|
|ap_idle       |  out|    1|  ap_ctrl_hs|  mem_transfer_Pipeline_WRITE_V|  return value|
|ap_ready      |  out|    1|  ap_ctrl_hs|  mem_transfer_Pipeline_WRITE_V|  return value|
|empty_97      |   in|  256|     ap_none|                       empty_97|        scalar|
|empty_98      |   in|  256|     ap_none|                       empty_98|        scalar|
|empty_99      |   in|  256|     ap_none|                       empty_99|        scalar|
|empty_100     |   in|  256|     ap_none|                      empty_100|        scalar|
|empty_101     |   in|  256|     ap_none|                      empty_101|        scalar|
|empty_102     |   in|  256|     ap_none|                      empty_102|        scalar|
|empty_103     |   in|  256|     ap_none|                      empty_103|        scalar|
|empty_104     |   in|  256|     ap_none|                      empty_104|        scalar|
|empty_105     |   in|  256|     ap_none|                      empty_105|        scalar|
|empty_106     |   in|  256|     ap_none|                      empty_106|        scalar|
|empty_107     |   in|  256|     ap_none|                      empty_107|        scalar|
|empty_108     |   in|  256|     ap_none|                      empty_108|        scalar|
|empty_109     |   in|  256|     ap_none|                      empty_109|        scalar|
|empty_110     |   in|  256|     ap_none|                      empty_110|        scalar|
|empty_111     |   in|  256|     ap_none|                      empty_111|        scalar|
|empty_112     |   in|  256|     ap_none|                      empty_112|        scalar|
|empty_113     |   in|  256|     ap_none|                      empty_113|        scalar|
|empty_114     |   in|  256|     ap_none|                      empty_114|        scalar|
|empty_115     |   in|  256|     ap_none|                      empty_115|        scalar|
|empty_116     |   in|  256|     ap_none|                      empty_116|        scalar|
|empty_117     |   in|  256|     ap_none|                      empty_117|        scalar|
|empty_118     |   in|  256|     ap_none|                      empty_118|        scalar|
|empty_119     |   in|  256|     ap_none|                      empty_119|        scalar|
|empty_120     |   in|  256|     ap_none|                      empty_120|        scalar|
|empty_121     |   in|  256|     ap_none|                      empty_121|        scalar|
|empty_122     |   in|  256|     ap_none|                      empty_122|        scalar|
|empty_123     |   in|  256|     ap_none|                      empty_123|        scalar|
|empty_124     |   in|  256|     ap_none|                      empty_124|        scalar|
|empty_125     |   in|  256|     ap_none|                      empty_125|        scalar|
|empty_126     |   in|  256|     ap_none|                      empty_126|        scalar|
|empty_127     |   in|  256|     ap_none|                      empty_127|        scalar|
|empty_128     |   in|  256|     ap_none|                      empty_128|        scalar|
|empty_129     |   in|  256|     ap_none|                      empty_129|        scalar|
|empty_130     |   in|  256|     ap_none|                      empty_130|        scalar|
|empty_131     |   in|  256|     ap_none|                      empty_131|        scalar|
|empty_132     |   in|  256|     ap_none|                      empty_132|        scalar|
|empty_133     |   in|  256|     ap_none|                      empty_133|        scalar|
|empty_134     |   in|  256|     ap_none|                      empty_134|        scalar|
|empty_135     |   in|  256|     ap_none|                      empty_135|        scalar|
|empty_136     |   in|  256|     ap_none|                      empty_136|        scalar|
|empty_137     |   in|  256|     ap_none|                      empty_137|        scalar|
|empty_138     |   in|  256|     ap_none|                      empty_138|        scalar|
|empty_139     |   in|  256|     ap_none|                      empty_139|        scalar|
|empty_140     |   in|  256|     ap_none|                      empty_140|        scalar|
|empty_141     |   in|  256|     ap_none|                      empty_141|        scalar|
|empty_142     |   in|  256|     ap_none|                      empty_142|        scalar|
|empty_143     |   in|  256|     ap_none|                      empty_143|        scalar|
|empty_144     |   in|  256|     ap_none|                      empty_144|        scalar|
|empty_145     |   in|  256|     ap_none|                      empty_145|        scalar|
|empty_146     |   in|  256|     ap_none|                      empty_146|        scalar|
|empty_147     |   in|  256|     ap_none|                      empty_147|        scalar|
|empty_148     |   in|  256|     ap_none|                      empty_148|        scalar|
|empty_149     |   in|  256|     ap_none|                      empty_149|        scalar|
|empty_150     |   in|  256|     ap_none|                      empty_150|        scalar|
|empty_151     |   in|  256|     ap_none|                      empty_151|        scalar|
|empty_152     |   in|  256|     ap_none|                      empty_152|        scalar|
|empty_153     |   in|  256|     ap_none|                      empty_153|        scalar|
|empty_154     |   in|  256|     ap_none|                      empty_154|        scalar|
|empty_155     |   in|  256|     ap_none|                      empty_155|        scalar|
|empty_156     |   in|  256|     ap_none|                      empty_156|        scalar|
|empty_157     |   in|  256|     ap_none|                      empty_157|        scalar|
|empty_158     |   in|  256|     ap_none|                      empty_158|        scalar|
|empty_159     |   in|  256|     ap_none|                      empty_159|        scalar|
|empty_160     |   in|  256|     ap_none|                      empty_160|        scalar|
|empty_161     |   in|  256|     ap_none|                      empty_161|        scalar|
|empty_162     |   in|  256|     ap_none|                      empty_162|        scalar|
|empty_163     |   in|  256|     ap_none|                      empty_163|        scalar|
|empty_164     |   in|  256|     ap_none|                      empty_164|        scalar|
|empty_165     |   in|  256|     ap_none|                      empty_165|        scalar|
|empty_166     |   in|  256|     ap_none|                      empty_166|        scalar|
|empty_167     |   in|  256|     ap_none|                      empty_167|        scalar|
|empty_168     |   in|  256|     ap_none|                      empty_168|        scalar|
|empty_169     |   in|  256|     ap_none|                      empty_169|        scalar|
|empty_170     |   in|  256|     ap_none|                      empty_170|        scalar|
|empty_171     |   in|  256|     ap_none|                      empty_171|        scalar|
|empty_172     |   in|  256|     ap_none|                      empty_172|        scalar|
|empty_173     |   in|  256|     ap_none|                      empty_173|        scalar|
|empty_174     |   in|  256|     ap_none|                      empty_174|        scalar|
|empty_175     |   in|  256|     ap_none|                      empty_175|        scalar|
|empty_176     |   in|  256|     ap_none|                      empty_176|        scalar|
|empty_177     |   in|  256|     ap_none|                      empty_177|        scalar|
|empty_178     |   in|  256|     ap_none|                      empty_178|        scalar|
|empty_179     |   in|  256|     ap_none|                      empty_179|        scalar|
|empty_180     |   in|  256|     ap_none|                      empty_180|        scalar|
|empty_181     |   in|  256|     ap_none|                      empty_181|        scalar|
|empty_182     |   in|  256|     ap_none|                      empty_182|        scalar|
|empty_183     |   in|  256|     ap_none|                      empty_183|        scalar|
|empty_184     |   in|  256|     ap_none|                      empty_184|        scalar|
|empty_185     |   in|  256|     ap_none|                      empty_185|        scalar|
|empty_186     |   in|  256|     ap_none|                      empty_186|        scalar|
|empty_187     |   in|  256|     ap_none|                      empty_187|        scalar|
|empty_188     |   in|  256|     ap_none|                      empty_188|        scalar|
|empty_189     |   in|  256|     ap_none|                      empty_189|        scalar|
|empty_190     |   in|  256|     ap_none|                      empty_190|        scalar|
|empty_191     |   in|  256|     ap_none|                      empty_191|        scalar|
|empty_192     |   in|  256|     ap_none|                      empty_192|        scalar|
|empty_193     |   in|  256|     ap_none|                      empty_193|        scalar|
|empty_194     |   in|  256|     ap_none|                      empty_194|        scalar|
|empty_195     |   in|  256|     ap_none|                      empty_195|        scalar|
|empty_196     |   in|  256|     ap_none|                      empty_196|        scalar|
|empty_197     |   in|  256|     ap_none|                      empty_197|        scalar|
|empty_198     |   in|  256|     ap_none|                      empty_198|        scalar|
|empty_199     |   in|  256|     ap_none|                      empty_199|        scalar|
|empty_200     |   in|  256|     ap_none|                      empty_200|        scalar|
|empty_201     |   in|  256|     ap_none|                      empty_201|        scalar|
|empty_202     |   in|  256|     ap_none|                      empty_202|        scalar|
|empty_203     |   in|  256|     ap_none|                      empty_203|        scalar|
|empty_204     |   in|  256|     ap_none|                      empty_204|        scalar|
|empty_205     |   in|  256|     ap_none|                      empty_205|        scalar|
|empty_206     |   in|  256|     ap_none|                      empty_206|        scalar|
|empty_207     |   in|  256|     ap_none|                      empty_207|        scalar|
|empty_208     |   in|  256|     ap_none|                      empty_208|        scalar|
|empty_209     |   in|  256|     ap_none|                      empty_209|        scalar|
|empty_210     |   in|  256|     ap_none|                      empty_210|        scalar|
|empty_211     |   in|  256|     ap_none|                      empty_211|        scalar|
|empty_212     |   in|  256|     ap_none|                      empty_212|        scalar|
|empty_213     |   in|  256|     ap_none|                      empty_213|        scalar|
|empty_214     |   in|  256|     ap_none|                      empty_214|        scalar|
|empty_215     |   in|  256|     ap_none|                      empty_215|        scalar|
|empty_216     |   in|  256|     ap_none|                      empty_216|        scalar|
|empty_217     |   in|  256|     ap_none|                      empty_217|        scalar|
|empty_218     |   in|  256|     ap_none|                      empty_218|        scalar|
|empty_219     |   in|  256|     ap_none|                      empty_219|        scalar|
|empty_220     |   in|  256|     ap_none|                      empty_220|        scalar|
|empty_221     |   in|  256|     ap_none|                      empty_221|        scalar|
|empty_222     |   in|  256|     ap_none|                      empty_222|        scalar|
|empty_223     |   in|  256|     ap_none|                      empty_223|        scalar|
|empty         |   in|  256|     ap_none|                          empty|        scalar|
|s             |   in|    8|     ap_none|                              s|        scalar|
|V_1_address1  |  out|   18|   ap_memory|                            V_1|         array|
|V_1_ce1       |  out|    1|   ap_memory|                            V_1|         array|
|V_1_we1       |  out|    1|   ap_memory|                            V_1|         array|
|V_1_d1        |  out|  128|   ap_memory|                            V_1|         array|
|V_0_address1  |  out|   18|   ap_memory|                            V_0|         array|
|V_0_ce1       |  out|    1|   ap_memory|                            V_0|         array|
|V_0_we1       |  out|    1|   ap_memory|                            V_0|         array|
|V_0_d1        |  out|  128|   ap_memory|                            V_0|         array|
|tmp_165       |   in|   16|     ap_none|                        tmp_165|        scalar|
+--------------+-----+-----+------------+-------------------------------+--------------+

