

================================================================
== Vitis HLS Report for 'mem_transfer'
================================================================
* Date:           Mon Nov 17 18:42:06 2025

* Version:        2025.1 (Build 6135595 on May 21 2025)
* Project:        hls_component
* Solution:       hls (Vivado IP Flow Target)
* Product family: virtexuplus
* Target device:  xcu250-figd2104-2L-e


================================================================
== Performance Estimates
================================================================
+ Timing: 
    * Summary: 
    +--------+---------+----------+------------+
    |  Clock |  Target | Estimated| Uncertainty|
    +--------+---------+----------+------------+
    |ap_clk  |  5.00 ns|  4.696 ns|        0 ns|
    +--------+---------+----------+------------+

+ Latency: 
    * Summary: 
    +---------+---------+----------+----------+-------+-------+---------+
    |  Latency (cycles) |  Latency (absolute) |    Interval   | Pipeline|
    |   min   |   max   |    min   |    max   |  min  |  max  |   Type  |
    +---------+---------+----------+----------+-------+-------+---------+
    |    21015|    21015|  0.105 ms|  0.105 ms|  21015|  21015|       no|
    +---------+---------+----------+----------+-------+-------+---------+

    + Detail: 
        * Instance: 
        +--------------------------------------------+--------------------------------+---------+---------+----------+----------+-----+-----+------------------------------------------------+
        |                                            |                                |  Latency (cycles) |  Latency (absolute) |  Interval |                    Pipeline                    |
        |                  Instance                  |             Module             |   min   |   max   |    min   |    max   | min | max |                      Type                      |
        +--------------------------------------------+--------------------------------+---------+---------+----------+----------+-----+-----+------------------------------------------------+
        |grp_mem_transfer_Pipeline_UNPACK_U_fu_1090  |mem_transfer_Pipeline_UNPACK_U  |      130|      130|  0.650 us|  0.650 us|  129|  129|  loop auto-rewind stp (delay=0 clock cycles(s))|
        |grp_mem_transfer_Pipeline_WRITE_V_fu_1101   |mem_transfer_Pipeline_WRITE_V   |      130|      130|  0.650 us|  0.650 us|  129|  129|  loop auto-rewind stp (delay=0 clock cycles(s))|
        +--------------------------------------------+--------------------------------+---------+---------+----------+----------+-----+-----+------------------------------------------------+

        * Loop: 
        +--------------------+---------+---------+----------+-----------+-----------+------+----------+
        |                    |  Latency (cycles) | Iteration|  Initiation Interval  | Trip |          |
        |      Loop Name     |   min   |   max   |  Latency |  achieved |   target  | Count| Pipelined|
        +--------------------+---------+---------+----------+-----------+-----------+------+----------+
        |- VITIS_LOOP_100_1  |    21014|    21014|       133|          -|          -|   158|        no|
        +--------------------+---------+---------+----------+-----------+-----------+------+----------+



================================================================
== Utilization Estimates
================================================================
* Summary: 
+---------------------+---------+-------+---------+---------+------+
|         Name        | BRAM_18K|  DSP  |    FF   |   LUT   | URAM |
+---------------------+---------+-------+---------+---------+------+
|DSP                  |        -|      -|        -|        -|     -|
|Expression           |        -|      -|        0|       36|     -|
|FIFO                 |        -|      -|        -|        -|     -|
|Instance             |        -|      -|       22|    17768|     -|
|Memory               |        -|      -|        -|        -|     -|
|Multiplexer          |        -|      -|        0|     1205|     -|
|Register             |        -|      -|    33055|        -|     -|
+---------------------+---------+-------+---------+---------+------+
|Total                |        0|      0|    33077|    19009|     0|
+---------------------+---------+-------+---------+---------+------+
|Available SLR        |     1344|   3072|   864000|   432000|   320|
+---------------------+---------+-------+---------+---------+------+
|Utilization SLR (%)  |        0|      0|        3|        4|     0|
+---------------------+---------+-------+---------+---------+------+
|Available            |     5376|  12288|  3456000|  1728000|  1280|
+---------------------+---------+-------+---------+---------+------+
|Utilization (%)      |        0|      0|       ~0|        1|     0|
+---------------------+---------+-------+---------+---------+------+

+ Detail: 
    * Instance: 
    +--------------------------------------------+--------------------------------+---------+----+----+-------+-----+
    |                  Instance                  |             Module             | BRAM_18K| DSP| FF |  LUT  | URAM|
    +--------------------------------------------+--------------------------------+---------+----+----+-------+-----+
    |grp_mem_transfer_Pipeline_UNPACK_U_fu_1090  |mem_transfer_Pipeline_UNPACK_U  |        0|   0|  11|    248|    0|
    |grp_mem_transfer_Pipeline_WRITE_V_fu_1101   |mem_transfer_Pipeline_WRITE_V   |        0|   0|  11|  17520|    0|
    +--------------------------------------------+--------------------------------+---------+----+----+-------+-----+
    |Total                                       |                                |        0|   0|  22|  17768|    0|
    +--------------------------------------------+--------------------------------+---------+----+----+-------+-----+

    * DSP: 
    N/A

    * Memory: 
    N/A

    * FIFO: 
    N/A

    * Expression: 
    +---------------------------------+----------+----+---+----+------------+------------+
    |          Variable Name          | Operation| DSP| FF| LUT| Bitwidth P0| Bitwidth P1|
    +---------------------------------+----------+----+---+----+------------+------------+
    |add_ln100_fu_1253_p2             |         +|   0|  0|  15|           8|           1|
    |icmp_ln100_fu_1247_p2            |      icmp|   0|  0|  15|           8|           8|
    |ap_block_state1                  |        or|   0|  0|   2|           1|           1|
    |ap_block_state2                  |        or|   0|  0|   2|           1|           1|
    |ap_block_state4_on_subcall_done  |        or|   0|  0|   2|           1|           1|
    +---------------------------------+----------+----+---+----+------------+------------+
    |Total                            |          |   0|  0|  36|          19|          12|
    +---------------------------------+----------+----+---+----+------------+------------+

    * Multiplexer: 
    +-------------------+----+-----------+-----+-----------+
    |        Name       | LUT| Input Size| Bits| Total Bits|
    +-------------------+----+-----------+-----+-----------+
    |ap_NS_fsm          |  26|          5|    1|          5|
    |ap_done            |   9|          2|    1|          2|
    |s_fu_312           |   9|          2|    8|         16|
    |u_strm_blk_n       |   9|          2|    1|          2|
    |v_strm_0_0_blk_n   |   9|          2|    1|          2|
    |v_strm_0_1_blk_n   |   9|          2|    1|          2|
    |v_strm_10_0_blk_n  |   9|          2|    1|          2|
    |v_strm_10_1_blk_n  |   9|          2|    1|          2|
    |v_strm_11_0_blk_n  |   9|          2|    1|          2|
    |v_strm_11_1_blk_n  |   9|          2|    1|          2|
    |v_strm_12_0_blk_n  |   9|          2|    1|          2|
    |v_strm_12_1_blk_n  |   9|          2|    1|          2|
    |v_strm_13_0_blk_n  |   9|          2|    1|          2|
    |v_strm_13_1_blk_n  |   9|          2|    1|          2|
    |v_strm_14_0_blk_n  |   9|          2|    1|          2|
    |v_strm_14_1_blk_n  |   9|          2|    1|          2|
    |v_strm_15_0_blk_n  |   9|          2|    1|          2|
    |v_strm_15_1_blk_n  |   9|          2|    1|          2|
    |v_strm_16_0_blk_n  |   9|          2|    1|          2|
    |v_strm_16_1_blk_n  |   9|          2|    1|          2|
    |v_strm_17_0_blk_n  |   9|          2|    1|          2|
    |v_strm_17_1_blk_n  |   9|          2|    1|          2|
    |v_strm_18_0_blk_n  |   9|          2|    1|          2|
    |v_strm_18_1_blk_n  |   9|          2|    1|          2|
    |v_strm_19_0_blk_n  |   9|          2|    1|          2|
    |v_strm_19_1_blk_n  |   9|          2|    1|          2|
    |v_strm_1_0_blk_n   |   9|          2|    1|          2|
    |v_strm_1_1_blk_n   |   9|          2|    1|          2|
    |v_strm_20_0_blk_n  |   9|          2|    1|          2|
    |v_strm_20_1_blk_n  |   9|          2|    1|          2|
    |v_strm_21_0_blk_n  |   9|          2|    1|          2|
    |v_strm_21_1_blk_n  |   9|          2|    1|          2|
    |v_strm_22_0_blk_n  |   9|          2|    1|          2|
    |v_strm_22_1_blk_n  |   9|          2|    1|          2|
    |v_strm_23_0_blk_n  |   9|          2|    1|          2|
    |v_strm_23_1_blk_n  |   9|          2|    1|          2|
    |v_strm_24_0_blk_n  |   9|          2|    1|          2|
    |v_strm_24_1_blk_n  |   9|          2|    1|          2|
    |v_strm_25_0_blk_n  |   9|          2|    1|          2|
    |v_strm_25_1_blk_n  |   9|          2|    1|          2|
    |v_strm_26_0_blk_n  |   9|          2|    1|          2|
    |v_strm_26_1_blk_n  |   9|          2|    1|          2|
    |v_strm_27_0_blk_n  |   9|          2|    1|          2|
    |v_strm_27_1_blk_n  |   9|          2|    1|          2|
    |v_strm_28_0_blk_n  |   9|          2|    1|          2|
    |v_strm_28_1_blk_n  |   9|          2|    1|          2|
    |v_strm_29_0_blk_n  |   9|          2|    1|          2|
    |v_strm_29_1_blk_n  |   9|          2|    1|          2|
    |v_strm_2_0_blk_n   |   9|          2|    1|          2|
    |v_strm_2_1_blk_n   |   9|          2|    1|          2|
    |v_strm_30_0_blk_n  |   9|          2|    1|          2|
    |v_strm_30_1_blk_n  |   9|          2|    1|          2|
    |v_strm_31_0_blk_n  |   9|          2|    1|          2|
    |v_strm_31_1_blk_n  |   9|          2|    1|          2|
    |v_strm_32_0_blk_n  |   9|          2|    1|          2|
    |v_strm_32_1_blk_n  |   9|          2|    1|          2|
    |v_strm_33_0_blk_n  |   9|          2|    1|          2|
    |v_strm_33_1_blk_n  |   9|          2|    1|          2|
    |v_strm_34_0_blk_n  |   9|          2|    1|          2|
    |v_strm_34_1_blk_n  |   9|          2|    1|          2|
    |v_strm_35_0_blk_n  |   9|          2|    1|          2|
    |v_strm_35_1_blk_n  |   9|          2|    1|          2|
    |v_strm_36_0_blk_n  |   9|          2|    1|          2|
    |v_strm_36_1_blk_n  |   9|          2|    1|          2|
    |v_strm_37_0_blk_n  |   9|          2|    1|          2|
    |v_strm_37_1_blk_n  |   9|          2|    1|          2|
    |v_strm_38_0_blk_n  |   9|          2|    1|          2|
    |v_strm_38_1_blk_n  |   9|          2|    1|          2|
    |v_strm_39_0_blk_n  |   9|          2|    1|          2|
    |v_strm_39_1_blk_n  |   9|          2|    1|          2|
    |v_strm_3_0_blk_n   |   9|          2|    1|          2|
    |v_strm_3_1_blk_n   |   9|          2|    1|          2|
    |v_strm_40_0_blk_n  |   9|          2|    1|          2|
    |v_strm_40_1_blk_n  |   9|          2|    1|          2|
    |v_strm_41_0_blk_n  |   9|          2|    1|          2|
    |v_strm_41_1_blk_n  |   9|          2|    1|          2|
    |v_strm_42_0_blk_n  |   9|          2|    1|          2|
    |v_strm_42_1_blk_n  |   9|          2|    1|          2|
    |v_strm_43_0_blk_n  |   9|          2|    1|          2|
    |v_strm_43_1_blk_n  |   9|          2|    1|          2|
    |v_strm_44_0_blk_n  |   9|          2|    1|          2|
    |v_strm_44_1_blk_n  |   9|          2|    1|          2|
    |v_strm_45_0_blk_n  |   9|          2|    1|          2|
    |v_strm_45_1_blk_n  |   9|          2|    1|          2|
    |v_strm_46_0_blk_n  |   9|          2|    1|          2|
    |v_strm_46_1_blk_n  |   9|          2|    1|          2|
    |v_strm_47_0_blk_n  |   9|          2|    1|          2|
    |v_strm_47_1_blk_n  |   9|          2|    1|          2|
    |v_strm_48_0_blk_n  |   9|          2|    1|          2|
    |v_strm_48_1_blk_n  |   9|          2|    1|          2|
    |v_strm_49_0_blk_n  |   9|          2|    1|          2|
    |v_strm_49_1_blk_n  |   9|          2|    1|          2|
    |v_strm_4_0_blk_n   |   9|          2|    1|          2|
    |v_strm_4_1_blk_n   |   9|          2|    1|          2|
    |v_strm_50_0_blk_n  |   9|          2|    1|          2|
    |v_strm_50_1_blk_n  |   9|          2|    1|          2|
    |v_strm_51_0_blk_n  |   9|          2|    1|          2|
    |v_strm_51_1_blk_n  |   9|          2|    1|          2|
    |v_strm_52_0_blk_n  |   9|          2|    1|          2|
    |v_strm_52_1_blk_n  |   9|          2|    1|          2|
    |v_strm_53_0_blk_n  |   9|          2|    1|          2|
    |v_strm_53_1_blk_n  |   9|          2|    1|          2|
    |v_strm_54_0_blk_n  |   9|          2|    1|          2|
    |v_strm_54_1_blk_n  |   9|          2|    1|          2|
    |v_strm_55_0_blk_n  |   9|          2|    1|          2|
    |v_strm_55_1_blk_n  |   9|          2|    1|          2|
    |v_strm_56_0_blk_n  |   9|          2|    1|          2|
    |v_strm_56_1_blk_n  |   9|          2|    1|          2|
    |v_strm_57_0_blk_n  |   9|          2|    1|          2|
    |v_strm_57_1_blk_n  |   9|          2|    1|          2|
    |v_strm_58_0_blk_n  |   9|          2|    1|          2|
    |v_strm_58_1_blk_n  |   9|          2|    1|          2|
    |v_strm_59_0_blk_n  |   9|          2|    1|          2|
    |v_strm_59_1_blk_n  |   9|          2|    1|          2|
    |v_strm_5_0_blk_n   |   9|          2|    1|          2|
    |v_strm_5_1_blk_n   |   9|          2|    1|          2|
    |v_strm_60_0_blk_n  |   9|          2|    1|          2|
    |v_strm_60_1_blk_n  |   9|          2|    1|          2|
    |v_strm_61_0_blk_n  |   9|          2|    1|          2|
    |v_strm_61_1_blk_n  |   9|          2|    1|          2|
    |v_strm_62_0_blk_n  |   9|          2|    1|          2|
    |v_strm_62_1_blk_n  |   9|          2|    1|          2|
    |v_strm_63_0_blk_n  |   9|          2|    1|          2|
    |v_strm_63_1_blk_n  |   9|          2|    1|          2|
    |v_strm_6_0_blk_n   |   9|          2|    1|          2|
    |v_strm_6_1_blk_n   |   9|          2|    1|          2|
    |v_strm_7_0_blk_n   |   9|          2|    1|          2|
    |v_strm_7_1_blk_n   |   9|          2|    1|          2|
    |v_strm_8_0_blk_n   |   9|          2|    1|          2|
    |v_strm_8_1_blk_n   |   9|          2|    1|          2|
    |v_strm_9_0_blk_n   |   9|          2|    1|          2|
    |v_strm_9_1_blk_n   |   9|          2|    1|          2|
    +-------------------+----+-----------+-----+-----------+
    |Total              |1205|        267|  139|        281|
    +-------------------+----+-----------+-----+-----------+

    * Register: 
    +---------------------------------------------------------+-----+----+-----+-----------+
    |                           Name                          |  FF | LUT| Bits| Const Bits|
    +---------------------------------------------------------+-----+----+-----+-----------+
    |ap_CS_fsm                                                |    4|   0|    4|          0|
    |ap_done_reg                                              |    1|   0|    1|          0|
    |grp_mem_transfer_Pipeline_UNPACK_U_fu_1090_ap_start_reg  |    1|   0|    1|          0|
    |grp_mem_transfer_Pipeline_WRITE_V_fu_1101_ap_start_reg   |    1|   0|    1|          0|
    |s_1_reg_1546                                             |    8|   0|    8|          0|
    |s_fu_312                                                 |    8|   0|    8|          0|
    |tmp_165_reg_2201                                         |    8|   0|   16|          8|
    |u_t_reg_1556                                             |  256|   0|  256|          0|
    |v_strm_0_0_read_reg_1561                                 |  256|   0|  256|          0|
    |v_strm_0_1_read_reg_1566                                 |  256|   0|  256|          0|
    |v_strm_10_0_read_reg_1661                                |  256|   0|  256|          0|
    |v_strm_10_1_read_reg_1666                                |  256|   0|  256|          0|
    |v_strm_11_0_read_reg_1671                                |  256|   0|  256|          0|
    |v_strm_11_1_read_reg_1676                                |  256|   0|  256|          0|
    |v_strm_12_0_read_reg_1681                                |  256|   0|  256|          0|
    |v_strm_12_1_read_reg_1686                                |  256|   0|  256|          0|
    |v_strm_13_0_read_reg_1691                                |  256|   0|  256|          0|
    |v_strm_13_1_read_reg_1696                                |  256|   0|  256|          0|
    |v_strm_14_0_read_reg_1701                                |  256|   0|  256|          0|
    |v_strm_14_1_read_reg_1706                                |  256|   0|  256|          0|
    |v_strm_15_0_read_reg_1711                                |  256|   0|  256|          0|
    |v_strm_15_1_read_reg_1716                                |  256|   0|  256|          0|
    |v_strm_16_0_read_reg_1721                                |  256|   0|  256|          0|
    |v_strm_16_1_read_reg_1726                                |  256|   0|  256|          0|
    |v_strm_17_0_read_reg_1731                                |  256|   0|  256|          0|
    |v_strm_17_1_read_reg_1736                                |  256|   0|  256|          0|
    |v_strm_18_0_read_reg_1741                                |  256|   0|  256|          0|
    |v_strm_18_1_read_reg_1746                                |  256|   0|  256|          0|
    |v_strm_19_0_read_reg_1751                                |  256|   0|  256|          0|
    |v_strm_19_1_read_reg_1756                                |  256|   0|  256|          0|
    |v_strm_1_0_read_reg_1571                                 |  256|   0|  256|          0|
    |v_strm_1_1_read_reg_1576                                 |  256|   0|  256|          0|
    |v_strm_20_0_read_reg_1761                                |  256|   0|  256|          0|
    |v_strm_20_1_read_reg_1766                                |  256|   0|  256|          0|
    |v_strm_21_0_read_reg_1771                                |  256|   0|  256|          0|
    |v_strm_21_1_read_reg_1776                                |  256|   0|  256|          0|
    |v_strm_22_0_read_reg_1781                                |  256|   0|  256|          0|
    |v_strm_22_1_read_reg_1786                                |  256|   0|  256|          0|
    |v_strm_23_0_read_reg_1791                                |  256|   0|  256|          0|
    |v_strm_23_1_read_reg_1796                                |  256|   0|  256|          0|
    |v_strm_24_0_read_reg_1801                                |  256|   0|  256|          0|
    |v_strm_24_1_read_reg_1806                                |  256|   0|  256|          0|
    |v_strm_25_0_read_reg_1811                                |  256|   0|  256|          0|
    |v_strm_25_1_read_reg_1816                                |  256|   0|  256|          0|
    |v_strm_26_0_read_reg_1821                                |  256|   0|  256|          0|
    |v_strm_26_1_read_reg_1826                                |  256|   0|  256|          0|
    |v_strm_27_0_read_reg_1831                                |  256|   0|  256|          0|
    |v_strm_27_1_read_reg_1836                                |  256|   0|  256|          0|
    |v_strm_28_0_read_reg_1841                                |  256|   0|  256|          0|
    |v_strm_28_1_read_reg_1846                                |  256|   0|  256|          0|
    |v_strm_29_0_read_reg_1851                                |  256|   0|  256|          0|
    |v_strm_29_1_read_reg_1856                                |  256|   0|  256|          0|
    |v_strm_2_0_read_reg_1581                                 |  256|   0|  256|          0|
    |v_strm_2_1_read_reg_1586                                 |  256|   0|  256|          0|
    |v_strm_30_0_read_reg_1861                                |  256|   0|  256|          0|
    |v_strm_30_1_read_reg_1866                                |  256|   0|  256|          0|
    |v_strm_31_0_read_reg_1871                                |  256|   0|  256|          0|
    |v_strm_31_1_read_reg_1876                                |  256|   0|  256|          0|
    |v_strm_32_0_read_reg_1881                                |  256|   0|  256|          0|
    |v_strm_32_1_read_reg_1886                                |  256|   0|  256|          0|
    |v_strm_33_0_read_reg_1891                                |  256|   0|  256|          0|
    |v_strm_33_1_read_reg_1896                                |  256|   0|  256|          0|
    |v_strm_34_0_read_reg_1901                                |  256|   0|  256|          0|
    |v_strm_34_1_read_reg_1906                                |  256|   0|  256|          0|
    |v_strm_35_0_read_reg_1911                                |  256|   0|  256|          0|
    |v_strm_35_1_read_reg_1916                                |  256|   0|  256|          0|
    |v_strm_36_0_read_reg_1921                                |  256|   0|  256|          0|
    |v_strm_36_1_read_reg_1926                                |  256|   0|  256|          0|
    |v_strm_37_0_read_reg_1931                                |  256|   0|  256|          0|
    |v_strm_37_1_read_reg_1936                                |  256|   0|  256|          0|
    |v_strm_38_0_read_reg_1941                                |  256|   0|  256|          0|
    |v_strm_38_1_read_reg_1946                                |  256|   0|  256|          0|
    |v_strm_39_0_read_reg_1951                                |  256|   0|  256|          0|
    |v_strm_39_1_read_reg_1956                                |  256|   0|  256|          0|
    |v_strm_3_0_read_reg_1591                                 |  256|   0|  256|          0|
    |v_strm_3_1_read_reg_1596                                 |  256|   0|  256|          0|
    |v_strm_40_0_read_reg_1961                                |  256|   0|  256|          0|
    |v_strm_40_1_read_reg_1966                                |  256|   0|  256|          0|
    |v_strm_41_0_read_reg_1971                                |  256|   0|  256|          0|
    |v_strm_41_1_read_reg_1976                                |  256|   0|  256|          0|
    |v_strm_42_0_read_reg_1981                                |  256|   0|  256|          0|
    |v_strm_42_1_read_reg_1986                                |  256|   0|  256|          0|
    |v_strm_43_0_read_reg_1991                                |  256|   0|  256|          0|
    |v_strm_43_1_read_reg_1996                                |  256|   0|  256|          0|
    |v_strm_44_0_read_reg_2001                                |  256|   0|  256|          0|
    |v_strm_44_1_read_reg_2006                                |  256|   0|  256|          0|
    |v_strm_45_0_read_reg_2011                                |  256|   0|  256|          0|
    |v_strm_45_1_read_reg_2016                                |  256|   0|  256|          0|
    |v_strm_46_0_read_reg_2021                                |  256|   0|  256|          0|
    |v_strm_46_1_read_reg_2026                                |  256|   0|  256|          0|
    |v_strm_47_0_read_reg_2031                                |  256|   0|  256|          0|
    |v_strm_47_1_read_reg_2036                                |  256|   0|  256|          0|
    |v_strm_48_0_read_reg_2041                                |  256|   0|  256|          0|
    |v_strm_48_1_read_reg_2046                                |  256|   0|  256|          0|
    |v_strm_49_0_read_reg_2051                                |  256|   0|  256|          0|
    |v_strm_49_1_read_reg_2056                                |  256|   0|  256|          0|
    |v_strm_4_0_read_reg_1601                                 |  256|   0|  256|          0|
    |v_strm_4_1_read_reg_1606                                 |  256|   0|  256|          0|
    |v_strm_50_0_read_reg_2061                                |  256|   0|  256|          0|
    |v_strm_50_1_read_reg_2066                                |  256|   0|  256|          0|
    |v_strm_51_0_read_reg_2071                                |  256|   0|  256|          0|
    |v_strm_51_1_read_reg_2076                                |  256|   0|  256|          0|
    |v_strm_52_0_read_reg_2081                                |  256|   0|  256|          0|
    |v_strm_52_1_read_reg_2086                                |  256|   0|  256|          0|
    |v_strm_53_0_read_reg_2091                                |  256|   0|  256|          0|
    |v_strm_53_1_read_reg_2096                                |  256|   0|  256|          0|
    |v_strm_54_0_read_reg_2101                                |  256|   0|  256|          0|
    |v_strm_54_1_read_reg_2106                                |  256|   0|  256|          0|
    |v_strm_55_0_read_reg_2111                                |  256|   0|  256|          0|
    |v_strm_55_1_read_reg_2116                                |  256|   0|  256|          0|
    |v_strm_56_0_read_reg_2121                                |  256|   0|  256|          0|
    |v_strm_56_1_read_reg_2126                                |  256|   0|  256|          0|
    |v_strm_57_0_read_reg_2131                                |  256|   0|  256|          0|
    |v_strm_57_1_read_reg_2136                                |  256|   0|  256|          0|
    |v_strm_58_0_read_reg_2141                                |  256|   0|  256|          0|
    |v_strm_58_1_read_reg_2146                                |  256|   0|  256|          0|
    |v_strm_59_0_read_reg_2151                                |  256|   0|  256|          0|
    |v_strm_59_1_read_reg_2156                                |  256|   0|  256|          0|
    |v_strm_5_0_read_reg_1611                                 |  256|   0|  256|          0|
    |v_strm_5_1_read_reg_1616                                 |  256|   0|  256|          0|
    |v_strm_60_0_read_reg_2161                                |  256|   0|  256|          0|
    |v_strm_60_1_read_reg_2166                                |  256|   0|  256|          0|
    |v_strm_61_0_read_reg_2171                                |  256|   0|  256|          0|
    |v_strm_61_1_read_reg_2176                                |  256|   0|  256|          0|
    |v_strm_62_0_read_reg_2181                                |  256|   0|  256|          0|
    |v_strm_62_1_read_reg_2186                                |  256|   0|  256|          0|
    |v_strm_63_0_read_reg_2191                                |  256|   0|  256|          0|
    |v_strm_63_1_read_reg_2196                                |  256|   0|  256|          0|
    |v_strm_6_0_read_reg_1621                                 |  256|   0|  256|          0|
    |v_strm_6_1_read_reg_1626                                 |  256|   0|  256|          0|
    |v_strm_7_0_read_reg_1631                                 |  256|   0|  256|          0|
    |v_strm_7_1_read_reg_1636                                 |  256|   0|  256|          0|
    |v_strm_8_0_read_reg_1641                                 |  256|   0|  256|          0|
    |v_strm_8_1_read_reg_1646                                 |  256|   0|  256|          0|
    |v_strm_9_0_read_reg_1651                                 |  256|   0|  256|          0|
    |v_strm_9_1_read_reg_1656                                 |  256|   0|  256|          0|
    +---------------------------------------------------------+-----+----+-----+-----------+
    |Total                                                    |33055|   0|33063|          8|
    +---------------------------------------------------------+-----+----+-----+-----------+



================================================================
== Interface
================================================================
* Summary: 
+----------------------------+-----+-----+------------+--------------+--------------+
|          RTL Ports         | Dir | Bits|  Protocol  | Source Object|    C Type    |
+----------------------------+-----+-----+------------+--------------+--------------+
|ap_clk                      |   in|    1|  ap_ctrl_hs|  mem_transfer|  return value|
|ap_rst                      |   in|    1|  ap_ctrl_hs|  mem_transfer|  return value|
|ap_start                    |   in|    1|  ap_ctrl_hs|  mem_transfer|  return value|
|ap_done                     |  out|    1|  ap_ctrl_hs|  mem_transfer|  return value|
|ap_continue                 |   in|    1|  ap_ctrl_hs|  mem_transfer|  return value|
|ap_idle                     |  out|    1|  ap_ctrl_hs|  mem_transfer|  return value|
|ap_ready                    |  out|    1|  ap_ctrl_hs|  mem_transfer|  return value|
|u_strm_dout                 |   in|  256|     ap_fifo|        u_strm|       pointer|
|u_strm_empty_n              |   in|    1|     ap_fifo|        u_strm|       pointer|
|u_strm_read                 |  out|    1|     ap_fifo|        u_strm|       pointer|
|u_strm_num_data_valid       |   in|    3|     ap_fifo|        u_strm|       pointer|
|u_strm_fifo_cap             |   in|    3|     ap_fifo|        u_strm|       pointer|
|v_strm_0_0_dout             |   in|  256|     ap_fifo|    v_strm_0_0|       pointer|
|v_strm_0_0_empty_n          |   in|    1|     ap_fifo|    v_strm_0_0|       pointer|
|v_strm_0_0_read             |  out|    1|     ap_fifo|    v_strm_0_0|       pointer|
|v_strm_0_0_num_data_valid   |   in|    3|     ap_fifo|    v_strm_0_0|       pointer|
|v_strm_0_0_fifo_cap         |   in|    3|     ap_fifo|    v_strm_0_0|       pointer|
|v_strm_0_1_dout             |   in|  256|     ap_fifo|    v_strm_0_1|       pointer|
|v_strm_0_1_empty_n          |   in|    1|     ap_fifo|    v_strm_0_1|       pointer|
|v_strm_0_1_read             |  out|    1|     ap_fifo|    v_strm_0_1|       pointer|
|v_strm_0_1_num_data_valid   |   in|    3|     ap_fifo|    v_strm_0_1|       pointer|
|v_strm_0_1_fifo_cap         |   in|    3|     ap_fifo|    v_strm_0_1|       pointer|
|v_strm_1_0_dout             |   in|  256|     ap_fifo|    v_strm_1_0|       pointer|
|v_strm_1_0_empty_n          |   in|    1|     ap_fifo|    v_strm_1_0|       pointer|
|v_strm_1_0_read             |  out|    1|     ap_fifo|    v_strm_1_0|       pointer|
|v_strm_1_0_num_data_valid   |   in|    3|     ap_fifo|    v_strm_1_0|       pointer|
|v_strm_1_0_fifo_cap         |   in|    3|     ap_fifo|    v_strm_1_0|       pointer|
|v_strm_1_1_dout             |   in|  256|     ap_fifo|    v_strm_1_1|       pointer|
|v_strm_1_1_empty_n          |   in|    1|     ap_fifo|    v_strm_1_1|       pointer|
|v_strm_1_1_read             |  out|    1|     ap_fifo|    v_strm_1_1|       pointer|
|v_strm_1_1_num_data_valid   |   in|    3|     ap_fifo|    v_strm_1_1|       pointer|
|v_strm_1_1_fifo_cap         |   in|    3|     ap_fifo|    v_strm_1_1|       pointer|
|v_strm_2_0_dout             |   in|  256|     ap_fifo|    v_strm_2_0|       pointer|
|v_strm_2_0_empty_n          |   in|    1|     ap_fifo|    v_strm_2_0|       pointer|
|v_strm_2_0_read             |  out|    1|     ap_fifo|    v_strm_2_0|       pointer|
|v_strm_2_0_num_data_valid   |   in|    3|     ap_fifo|    v_strm_2_0|       pointer|
|v_strm_2_0_fifo_cap         |   in|    3|     ap_fifo|    v_strm_2_0|       pointer|
|v_strm_2_1_dout             |   in|  256|     ap_fifo|    v_strm_2_1|       pointer|
|v_strm_2_1_empty_n          |   in|    1|     ap_fifo|    v_strm_2_1|       pointer|
|v_strm_2_1_read             |  out|    1|     ap_fifo|    v_strm_2_1|       pointer|
|v_strm_2_1_num_data_valid   |   in|    3|     ap_fifo|    v_strm_2_1|       pointer|
|v_strm_2_1_fifo_cap         |   in|    3|     ap_fifo|    v_strm_2_1|       pointer|
|v_strm_3_0_dout             |   in|  256|     ap_fifo|    v_strm_3_0|       pointer|
|v_strm_3_0_empty_n          |   in|    1|     ap_fifo|    v_strm_3_0|       pointer|
|v_strm_3_0_read             |  out|    1|     ap_fifo|    v_strm_3_0|       pointer|
|v_strm_3_0_num_data_valid   |   in|    3|     ap_fifo|    v_strm_3_0|       pointer|
|v_strm_3_0_fifo_cap         |   in|    3|     ap_fifo|    v_strm_3_0|       pointer|
|v_strm_3_1_dout             |   in|  256|     ap_fifo|    v_strm_3_1|       pointer|
|v_strm_3_1_empty_n          |   in|    1|     ap_fifo|    v_strm_3_1|       pointer|
|v_strm_3_1_read             |  out|    1|     ap_fifo|    v_strm_3_1|       pointer|
|v_strm_3_1_num_data_valid   |   in|    3|     ap_fifo|    v_strm_3_1|       pointer|
|v_strm_3_1_fifo_cap         |   in|    3|     ap_fifo|    v_strm_3_1|       pointer|
|v_strm_4_0_dout             |   in|  256|     ap_fifo|    v_strm_4_0|       pointer|
|v_strm_4_0_empty_n          |   in|    1|     ap_fifo|    v_strm_4_0|       pointer|
|v_strm_4_0_read             |  out|    1|     ap_fifo|    v_strm_4_0|       pointer|
|v_strm_4_0_num_data_valid   |   in|    3|     ap_fifo|    v_strm_4_0|       pointer|
|v_strm_4_0_fifo_cap         |   in|    3|     ap_fifo|    v_strm_4_0|       pointer|
|v_strm_4_1_dout             |   in|  256|     ap_fifo|    v_strm_4_1|       pointer|
|v_strm_4_1_empty_n          |   in|    1|     ap_fifo|    v_strm_4_1|       pointer|
|v_strm_4_1_read             |  out|    1|     ap_fifo|    v_strm_4_1|       pointer|
|v_strm_4_1_num_data_valid   |   in|    3|     ap_fifo|    v_strm_4_1|       pointer|
|v_strm_4_1_fifo_cap         |   in|    3|     ap_fifo|    v_strm_4_1|       pointer|
|v_strm_5_0_dout             |   in|  256|     ap_fifo|    v_strm_5_0|       pointer|
|v_strm_5_0_empty_n          |   in|    1|     ap_fifo|    v_strm_5_0|       pointer|
|v_strm_5_0_read             |  out|    1|     ap_fifo|    v_strm_5_0|       pointer|
|v_strm_5_0_num_data_valid   |   in|    3|     ap_fifo|    v_strm_5_0|       pointer|
|v_strm_5_0_fifo_cap         |   in|    3|     ap_fifo|    v_strm_5_0|       pointer|
|v_strm_5_1_dout             |   in|  256|     ap_fifo|    v_strm_5_1|       pointer|
|v_strm_5_1_empty_n          |   in|    1|     ap_fifo|    v_strm_5_1|       pointer|
|v_strm_5_1_read             |  out|    1|     ap_fifo|    v_strm_5_1|       pointer|
|v_strm_5_1_num_data_valid   |   in|    3|     ap_fifo|    v_strm_5_1|       pointer|
|v_strm_5_1_fifo_cap         |   in|    3|     ap_fifo|    v_strm_5_1|       pointer|
|v_strm_6_0_dout             |   in|  256|     ap_fifo|    v_strm_6_0|       pointer|
|v_strm_6_0_empty_n          |   in|    1|     ap_fifo|    v_strm_6_0|       pointer|
|v_strm_6_0_read             |  out|    1|     ap_fifo|    v_strm_6_0|       pointer|
|v_strm_6_0_num_data_valid   |   in|    3|     ap_fifo|    v_strm_6_0|       pointer|
|v_strm_6_0_fifo_cap         |   in|    3|     ap_fifo|    v_strm_6_0|       pointer|
|v_strm_6_1_dout             |   in|  256|     ap_fifo|    v_strm_6_1|       pointer|
|v_strm_6_1_empty_n          |   in|    1|     ap_fifo|    v_strm_6_1|       pointer|
|v_strm_6_1_read             |  out|    1|     ap_fifo|    v_strm_6_1|       pointer|
|v_strm_6_1_num_data_valid   |   in|    3|     ap_fifo|    v_strm_6_1|       pointer|
|v_strm_6_1_fifo_cap         |   in|    3|     ap_fifo|    v_strm_6_1|       pointer|
|v_strm_7_0_dout             |   in|  256|     ap_fifo|    v_strm_7_0|       pointer|
|v_strm_7_0_empty_n          |   in|    1|     ap_fifo|    v_strm_7_0|       pointer|
|v_strm_7_0_read             |  out|    1|     ap_fifo|    v_strm_7_0|       pointer|
|v_strm_7_0_num_data_valid   |   in|    3|     ap_fifo|    v_strm_7_0|       pointer|
|v_strm_7_0_fifo_cap         |   in|    3|     ap_fifo|    v_strm_7_0|       pointer|
|v_strm_7_1_dout             |   in|  256|     ap_fifo|    v_strm_7_1|       pointer|
|v_strm_7_1_empty_n          |   in|    1|     ap_fifo|    v_strm_7_1|       pointer|
|v_strm_7_1_read             |  out|    1|     ap_fifo|    v_strm_7_1|       pointer|
|v_strm_7_1_num_data_valid   |   in|    3|     ap_fifo|    v_strm_7_1|       pointer|
|v_strm_7_1_fifo_cap         |   in|    3|     ap_fifo|    v_strm_7_1|       pointer|
|v_strm_8_0_dout             |   in|  256|     ap_fifo|    v_strm_8_0|       pointer|
|v_strm_8_0_empty_n          |   in|    1|     ap_fifo|    v_strm_8_0|       pointer|
|v_strm_8_0_read             |  out|    1|     ap_fifo|    v_strm_8_0|       pointer|
|v_strm_8_0_num_data_valid   |   in|    3|     ap_fifo|    v_strm_8_0|       pointer|
|v_strm_8_0_fifo_cap         |   in|    3|     ap_fifo|    v_strm_8_0|       pointer|
|v_strm_8_1_dout             |   in|  256|     ap_fifo|    v_strm_8_1|       pointer|
|v_strm_8_1_empty_n          |   in|    1|     ap_fifo|    v_strm_8_1|       pointer|
|v_strm_8_1_read             |  out|    1|     ap_fifo|    v_strm_8_1|       pointer|
|v_strm_8_1_num_data_valid   |   in|    3|     ap_fifo|    v_strm_8_1|       pointer|
|v_strm_8_1_fifo_cap         |   in|    3|     ap_fifo|    v_strm_8_1|       pointer|
|v_strm_9_0_dout             |   in|  256|     ap_fifo|    v_strm_9_0|       pointer|
|v_strm_9_0_empty_n          |   in|    1|     ap_fifo|    v_strm_9_0|       pointer|
|v_strm_9_0_read             |  out|    1|     ap_fifo|    v_strm_9_0|       pointer|
|v_strm_9_0_num_data_valid   |   in|    3|     ap_fifo|    v_strm_9_0|       pointer|
|v_strm_9_0_fifo_cap         |   in|    3|     ap_fifo|    v_strm_9_0|       pointer|
|v_strm_9_1_dout             |   in|  256|     ap_fifo|    v_strm_9_1|       pointer|
|v_strm_9_1_empty_n          |   in|    1|     ap_fifo|    v_strm_9_1|       pointer|
|v_strm_9_1_read             |  out|    1|     ap_fifo|    v_strm_9_1|       pointer|
|v_strm_9_1_num_data_valid   |   in|    3|     ap_fifo|    v_strm_9_1|       pointer|
|v_strm_9_1_fifo_cap         |   in|    3|     ap_fifo|    v_strm_9_1|       pointer|
|v_strm_10_0_dout            |   in|  256|     ap_fifo|   v_strm_10_0|       pointer|
|v_strm_10_0_empty_n         |   in|    1|     ap_fifo|   v_strm_10_0|       pointer|
|v_strm_10_0_read            |  out|    1|     ap_fifo|   v_strm_10_0|       pointer|
|v_strm_10_0_num_data_valid  |   in|    3|     ap_fifo|   v_strm_10_0|       pointer|
|v_strm_10_0_fifo_cap        |   in|    3|     ap_fifo|   v_strm_10_0|       pointer|
|v_strm_10_1_dout            |   in|  256|     ap_fifo|   v_strm_10_1|       pointer|
|v_strm_10_1_empty_n         |   in|    1|     ap_fifo|   v_strm_10_1|       pointer|
|v_strm_10_1_read            |  out|    1|     ap_fifo|   v_strm_10_1|       pointer|
|v_strm_10_1_num_data_valid  |   in|    3|     ap_fifo|   v_strm_10_1|       pointer|
|v_strm_10_1_fifo_cap        |   in|    3|     ap_fifo|   v_strm_10_1|       pointer|
|v_strm_11_0_dout            |   in|  256|     ap_fifo|   v_strm_11_0|       pointer|
|v_strm_11_0_empty_n         |   in|    1|     ap_fifo|   v_strm_11_0|       pointer|
|v_strm_11_0_read            |  out|    1|     ap_fifo|   v_strm_11_0|       pointer|
|v_strm_11_0_num_data_valid  |   in|    3|     ap_fifo|   v_strm_11_0|       pointer|
|v_strm_11_0_fifo_cap        |   in|    3|     ap_fifo|   v_strm_11_0|       pointer|
|v_strm_11_1_dout            |   in|  256|     ap_fifo|   v_strm_11_1|       pointer|
|v_strm_11_1_empty_n         |   in|    1|     ap_fifo|   v_strm_11_1|       pointer|
|v_strm_11_1_read            |  out|    1|     ap_fifo|   v_strm_11_1|       pointer|
|v_strm_11_1_num_data_valid  |   in|    3|     ap_fifo|   v_strm_11_1|       pointer|
|v_strm_11_1_fifo_cap        |   in|    3|     ap_fifo|   v_strm_11_1|       pointer|
|v_strm_12_0_dout            |   in|  256|     ap_fifo|   v_strm_12_0|       pointer|
|v_strm_12_0_empty_n         |   in|    1|     ap_fifo|   v_strm_12_0|       pointer|
|v_strm_12_0_read            |  out|    1|     ap_fifo|   v_strm_12_0|       pointer|
|v_strm_12_0_num_data_valid  |   in|    3|     ap_fifo|   v_strm_12_0|       pointer|
|v_strm_12_0_fifo_cap        |   in|    3|     ap_fifo|   v_strm_12_0|       pointer|
|v_strm_12_1_dout            |   in|  256|     ap_fifo|   v_strm_12_1|       pointer|
|v_strm_12_1_empty_n         |   in|    1|     ap_fifo|   v_strm_12_1|       pointer|
|v_strm_12_1_read            |  out|    1|     ap_fifo|   v_strm_12_1|       pointer|
|v_strm_12_1_num_data_valid  |   in|    3|     ap_fifo|   v_strm_12_1|       pointer|
|v_strm_12_1_fifo_cap        |   in|    3|     ap_fifo|   v_strm_12_1|       pointer|
|v_strm_13_0_dout            |   in|  256|     ap_fifo|   v_strm_13_0|       pointer|
|v_strm_13_0_empty_n         |   in|    1|     ap_fifo|   v_strm_13_0|       pointer|
|v_strm_13_0_read            |  out|    1|     ap_fifo|   v_strm_13_0|       pointer|
|v_strm_13_0_num_data_valid  |   in|    3|     ap_fifo|   v_strm_13_0|       pointer|
|v_strm_13_0_fifo_cap        |   in|    3|     ap_fifo|   v_strm_13_0|       pointer|
|v_strm_13_1_dout            |   in|  256|     ap_fifo|   v_strm_13_1|       pointer|
|v_strm_13_1_empty_n         |   in|    1|     ap_fifo|   v_strm_13_1|       pointer|
|v_strm_13_1_read            |  out|    1|     ap_fifo|   v_strm_13_1|       pointer|
|v_strm_13_1_num_data_valid  |   in|    3|     ap_fifo|   v_strm_13_1|       pointer|
|v_strm_13_1_fifo_cap        |   in|    3|     ap_fifo|   v_strm_13_1|       pointer|
|v_strm_14_0_dout            |   in|  256|     ap_fifo|   v_strm_14_0|       pointer|
|v_strm_14_0_empty_n         |   in|    1|     ap_fifo|   v_strm_14_0|       pointer|
|v_strm_14_0_read            |  out|    1|     ap_fifo|   v_strm_14_0|       pointer|
|v_strm_14_0_num_data_valid  |   in|    3|     ap_fifo|   v_strm_14_0|       pointer|
|v_strm_14_0_fifo_cap        |   in|    3|     ap_fifo|   v_strm_14_0|       pointer|
|v_strm_14_1_dout            |   in|  256|     ap_fifo|   v_strm_14_1|       pointer|
|v_strm_14_1_empty_n         |   in|    1|     ap_fifo|   v_strm_14_1|       pointer|
|v_strm_14_1_read            |  out|    1|     ap_fifo|   v_strm_14_1|       pointer|
|v_strm_14_1_num_data_valid  |   in|    3|     ap_fifo|   v_strm_14_1|       pointer|
|v_strm_14_1_fifo_cap        |   in|    3|     ap_fifo|   v_strm_14_1|       pointer|
|v_strm_15_0_dout            |   in|  256|     ap_fifo|   v_strm_15_0|       pointer|
|v_strm_15_0_empty_n         |   in|    1|     ap_fifo|   v_strm_15_0|       pointer|
|v_strm_15_0_read            |  out|    1|     ap_fifo|   v_strm_15_0|       pointer|
|v_strm_15_0_num_data_valid  |   in|    3|     ap_fifo|   v_strm_15_0|       pointer|
|v_strm_15_0_fifo_cap        |   in|    3|     ap_fifo|   v_strm_15_0|       pointer|
|v_strm_15_1_dout            |   in|  256|     ap_fifo|   v_strm_15_1|       pointer|
|v_strm_15_1_empty_n         |   in|    1|     ap_fifo|   v_strm_15_1|       pointer|
|v_strm_15_1_read            |  out|    1|     ap_fifo|   v_strm_15_1|       pointer|
|v_strm_15_1_num_data_valid  |   in|    3|     ap_fifo|   v_strm_15_1|       pointer|
|v_strm_15_1_fifo_cap        |   in|    3|     ap_fifo|   v_strm_15_1|       pointer|
|v_strm_16_0_dout            |   in|  256|     ap_fifo|   v_strm_16_0|       pointer|
|v_strm_16_0_empty_n         |   in|    1|     ap_fifo|   v_strm_16_0|       pointer|
|v_strm_16_0_read            |  out|    1|     ap_fifo|   v_strm_16_0|       pointer|
|v_strm_16_0_num_data_valid  |   in|    3|     ap_fifo|   v_strm_16_0|       pointer|
|v_strm_16_0_fifo_cap        |   in|    3|     ap_fifo|   v_strm_16_0|       pointer|
|v_strm_16_1_dout            |   in|  256|     ap_fifo|   v_strm_16_1|       pointer|
|v_strm_16_1_empty_n         |   in|    1|     ap_fifo|   v_strm_16_1|       pointer|
|v_strm_16_1_read            |  out|    1|     ap_fifo|   v_strm_16_1|       pointer|
|v_strm_16_1_num_data_valid  |   in|    3|     ap_fifo|   v_strm_16_1|       pointer|
|v_strm_16_1_fifo_cap        |   in|    3|     ap_fifo|   v_strm_16_1|       pointer|
|v_strm_17_0_dout            |   in|  256|     ap_fifo|   v_strm_17_0|       pointer|
|v_strm_17_0_empty_n         |   in|    1|     ap_fifo|   v_strm_17_0|       pointer|
|v_strm_17_0_read            |  out|    1|     ap_fifo|   v_strm_17_0|       pointer|
|v_strm_17_0_num_data_valid  |   in|    3|     ap_fifo|   v_strm_17_0|       pointer|
|v_strm_17_0_fifo_cap        |   in|    3|     ap_fifo|   v_strm_17_0|       pointer|
|v_strm_17_1_dout            |   in|  256|     ap_fifo|   v_strm_17_1|       pointer|
|v_strm_17_1_empty_n         |   in|    1|     ap_fifo|   v_strm_17_1|       pointer|
|v_strm_17_1_read            |  out|    1|     ap_fifo|   v_strm_17_1|       pointer|
|v_strm_17_1_num_data_valid  |   in|    3|     ap_fifo|   v_strm_17_1|       pointer|
|v_strm_17_1_fifo_cap        |   in|    3|     ap_fifo|   v_strm_17_1|       pointer|
|v_strm_18_0_dout            |   in|  256|     ap_fifo|   v_strm_18_0|       pointer|
|v_strm_18_0_empty_n         |   in|    1|     ap_fifo|   v_strm_18_0|       pointer|
|v_strm_18_0_read            |  out|    1|     ap_fifo|   v_strm_18_0|       pointer|
|v_strm_18_0_num_data_valid  |   in|    3|     ap_fifo|   v_strm_18_0|       pointer|
|v_strm_18_0_fifo_cap        |   in|    3|     ap_fifo|   v_strm_18_0|       pointer|
|v_strm_18_1_dout            |   in|  256|     ap_fifo|   v_strm_18_1|       pointer|
|v_strm_18_1_empty_n         |   in|    1|     ap_fifo|   v_strm_18_1|       pointer|
|v_strm_18_1_read            |  out|    1|     ap_fifo|   v_strm_18_1|       pointer|
|v_strm_18_1_num_data_valid  |   in|    3|     ap_fifo|   v_strm_18_1|       pointer|
|v_strm_18_1_fifo_cap        |   in|    3|     ap_fifo|   v_strm_18_1|       pointer|
|v_strm_19_0_dout            |   in|  256|     ap_fifo|   v_strm_19_0|       pointer|
|v_strm_19_0_empty_n         |   in|    1|     ap_fifo|   v_strm_19_0|       pointer|
|v_strm_19_0_read            |  out|    1|     ap_fifo|   v_strm_19_0|       pointer|
|v_strm_19_0_num_data_valid  |   in|    3|     ap_fifo|   v_strm_19_0|       pointer|
|v_strm_19_0_fifo_cap        |   in|    3|     ap_fifo|   v_strm_19_0|       pointer|
|v_strm_19_1_dout            |   in|  256|     ap_fifo|   v_strm_19_1|       pointer|
|v_strm_19_1_empty_n         |   in|    1|     ap_fifo|   v_strm_19_1|       pointer|
|v_strm_19_1_read            |  out|    1|     ap_fifo|   v_strm_19_1|       pointer|
|v_strm_19_1_num_data_valid  |   in|    3|     ap_fifo|   v_strm_19_1|       pointer|
|v_strm_19_1_fifo_cap        |   in|    3|     ap_fifo|   v_strm_19_1|       pointer|
|v_strm_20_0_dout            |   in|  256|     ap_fifo|   v_strm_20_0|       pointer|
|v_strm_20_0_empty_n         |   in|    1|     ap_fifo|   v_strm_20_0|       pointer|
|v_strm_20_0_read            |  out|    1|     ap_fifo|   v_strm_20_0|       pointer|
|v_strm_20_0_num_data_valid  |   in|    3|     ap_fifo|   v_strm_20_0|       pointer|
|v_strm_20_0_fifo_cap        |   in|    3|     ap_fifo|   v_strm_20_0|       pointer|
|v_strm_20_1_dout            |   in|  256|     ap_fifo|   v_strm_20_1|       pointer|
|v_strm_20_1_empty_n         |   in|    1|     ap_fifo|   v_strm_20_1|       pointer|
|v_strm_20_1_read            |  out|    1|     ap_fifo|   v_strm_20_1|       pointer|
|v_strm_20_1_num_data_valid  |   in|    3|     ap_fifo|   v_strm_20_1|       pointer|
|v_strm_20_1_fifo_cap        |   in|    3|     ap_fifo|   v_strm_20_1|       pointer|
|v_strm_21_0_dout            |   in|  256|     ap_fifo|   v_strm_21_0|       pointer|
|v_strm_21_0_empty_n         |   in|    1|     ap_fifo|   v_strm_21_0|       pointer|
|v_strm_21_0_read            |  out|    1|     ap_fifo|   v_strm_21_0|       pointer|
|v_strm_21_0_num_data_valid  |   in|    3|     ap_fifo|   v_strm_21_0|       pointer|
|v_strm_21_0_fifo_cap        |   in|    3|     ap_fifo|   v_strm_21_0|       pointer|
|v_strm_21_1_dout            |   in|  256|     ap_fifo|   v_strm_21_1|       pointer|
|v_strm_21_1_empty_n         |   in|    1|     ap_fifo|   v_strm_21_1|       pointer|
|v_strm_21_1_read            |  out|    1|     ap_fifo|   v_strm_21_1|       pointer|
|v_strm_21_1_num_data_valid  |   in|    3|     ap_fifo|   v_strm_21_1|       pointer|
|v_strm_21_1_fifo_cap        |   in|    3|     ap_fifo|   v_strm_21_1|       pointer|
|v_strm_22_0_dout            |   in|  256|     ap_fifo|   v_strm_22_0|       pointer|
|v_strm_22_0_empty_n         |   in|    1|     ap_fifo|   v_strm_22_0|       pointer|
|v_strm_22_0_read            |  out|    1|     ap_fifo|   v_strm_22_0|       pointer|
|v_strm_22_0_num_data_valid  |   in|    3|     ap_fifo|   v_strm_22_0|       pointer|
|v_strm_22_0_fifo_cap        |   in|    3|     ap_fifo|   v_strm_22_0|       pointer|
|v_strm_22_1_dout            |   in|  256|     ap_fifo|   v_strm_22_1|       pointer|
|v_strm_22_1_empty_n         |   in|    1|     ap_fifo|   v_strm_22_1|       pointer|
|v_strm_22_1_read            |  out|    1|     ap_fifo|   v_strm_22_1|       pointer|
|v_strm_22_1_num_data_valid  |   in|    3|     ap_fifo|   v_strm_22_1|       pointer|
|v_strm_22_1_fifo_cap        |   in|    3|     ap_fifo|   v_strm_22_1|       pointer|
|v_strm_23_0_dout            |   in|  256|     ap_fifo|   v_strm_23_0|       pointer|
|v_strm_23_0_empty_n         |   in|    1|     ap_fifo|   v_strm_23_0|       pointer|
|v_strm_23_0_read            |  out|    1|     ap_fifo|   v_strm_23_0|       pointer|
|v_strm_23_0_num_data_valid  |   in|    3|     ap_fifo|   v_strm_23_0|       pointer|
|v_strm_23_0_fifo_cap        |   in|    3|     ap_fifo|   v_strm_23_0|       pointer|
|v_strm_23_1_dout            |   in|  256|     ap_fifo|   v_strm_23_1|       pointer|
|v_strm_23_1_empty_n         |   in|    1|     ap_fifo|   v_strm_23_1|       pointer|
|v_strm_23_1_read            |  out|    1|     ap_fifo|   v_strm_23_1|       pointer|
|v_strm_23_1_num_data_valid  |   in|    3|     ap_fifo|   v_strm_23_1|       pointer|
|v_strm_23_1_fifo_cap        |   in|    3|     ap_fifo|   v_strm_23_1|       pointer|
|v_strm_24_0_dout            |   in|  256|     ap_fifo|   v_strm_24_0|       pointer|
|v_strm_24_0_empty_n         |   in|    1|     ap_fifo|   v_strm_24_0|       pointer|
|v_strm_24_0_read            |  out|    1|     ap_fifo|   v_strm_24_0|       pointer|
|v_strm_24_0_num_data_valid  |   in|    3|     ap_fifo|   v_strm_24_0|       pointer|
|v_strm_24_0_fifo_cap        |   in|    3|     ap_fifo|   v_strm_24_0|       pointer|
|v_strm_24_1_dout            |   in|  256|     ap_fifo|   v_strm_24_1|       pointer|
|v_strm_24_1_empty_n         |   in|    1|     ap_fifo|   v_strm_24_1|       pointer|
|v_strm_24_1_read            |  out|    1|     ap_fifo|   v_strm_24_1|       pointer|
|v_strm_24_1_num_data_valid  |   in|    3|     ap_fifo|   v_strm_24_1|       pointer|
|v_strm_24_1_fifo_cap        |   in|    3|     ap_fifo|   v_strm_24_1|       pointer|
|v_strm_25_0_dout            |   in|  256|     ap_fifo|   v_strm_25_0|       pointer|
|v_strm_25_0_empty_n         |   in|    1|     ap_fifo|   v_strm_25_0|       pointer|
|v_strm_25_0_read            |  out|    1|     ap_fifo|   v_strm_25_0|       pointer|
|v_strm_25_0_num_data_valid  |   in|    3|     ap_fifo|   v_strm_25_0|       pointer|
|v_strm_25_0_fifo_cap        |   in|    3|     ap_fifo|   v_strm_25_0|       pointer|
|v_strm_25_1_dout            |   in|  256|     ap_fifo|   v_strm_25_1|       pointer|
|v_strm_25_1_empty_n         |   in|    1|     ap_fifo|   v_strm_25_1|       pointer|
|v_strm_25_1_read            |  out|    1|     ap_fifo|   v_strm_25_1|       pointer|
|v_strm_25_1_num_data_valid  |   in|    3|     ap_fifo|   v_strm_25_1|       pointer|
|v_strm_25_1_fifo_cap        |   in|    3|     ap_fifo|   v_strm_25_1|       pointer|
|v_strm_26_0_dout            |   in|  256|     ap_fifo|   v_strm_26_0|       pointer|
|v_strm_26_0_empty_n         |   in|    1|     ap_fifo|   v_strm_26_0|       pointer|
|v_strm_26_0_read            |  out|    1|     ap_fifo|   v_strm_26_0|       pointer|
|v_strm_26_0_num_data_valid  |   in|    3|     ap_fifo|   v_strm_26_0|       pointer|
|v_strm_26_0_fifo_cap        |   in|    3|     ap_fifo|   v_strm_26_0|       pointer|
|v_strm_26_1_dout            |   in|  256|     ap_fifo|   v_strm_26_1|       pointer|
|v_strm_26_1_empty_n         |   in|    1|     ap_fifo|   v_strm_26_1|       pointer|
|v_strm_26_1_read            |  out|    1|     ap_fifo|   v_strm_26_1|       pointer|
|v_strm_26_1_num_data_valid  |   in|    3|     ap_fifo|   v_strm_26_1|       pointer|
|v_strm_26_1_fifo_cap        |   in|    3|     ap_fifo|   v_strm_26_1|       pointer|
|v_strm_27_0_dout            |   in|  256|     ap_fifo|   v_strm_27_0|       pointer|
|v_strm_27_0_empty_n         |   in|    1|     ap_fifo|   v_strm_27_0|       pointer|
|v_strm_27_0_read            |  out|    1|     ap_fifo|   v_strm_27_0|       pointer|
|v_strm_27_0_num_data_valid  |   in|    3|     ap_fifo|   v_strm_27_0|       pointer|
|v_strm_27_0_fifo_cap        |   in|    3|     ap_fifo|   v_strm_27_0|       pointer|
|v_strm_27_1_dout            |   in|  256|     ap_fifo|   v_strm_27_1|       pointer|
|v_strm_27_1_empty_n         |   in|    1|     ap_fifo|   v_strm_27_1|       pointer|
|v_strm_27_1_read            |  out|    1|     ap_fifo|   v_strm_27_1|       pointer|
|v_strm_27_1_num_data_valid  |   in|    3|     ap_fifo|   v_strm_27_1|       pointer|
|v_strm_27_1_fifo_cap        |   in|    3|     ap_fifo|   v_strm_27_1|       pointer|
|v_strm_28_0_dout            |   in|  256|     ap_fifo|   v_strm_28_0|       pointer|
|v_strm_28_0_empty_n         |   in|    1|     ap_fifo|   v_strm_28_0|       pointer|
|v_strm_28_0_read            |  out|    1|     ap_fifo|   v_strm_28_0|       pointer|
|v_strm_28_0_num_data_valid  |   in|    3|     ap_fifo|   v_strm_28_0|       pointer|
|v_strm_28_0_fifo_cap        |   in|    3|     ap_fifo|   v_strm_28_0|       pointer|
|v_strm_28_1_dout            |   in|  256|     ap_fifo|   v_strm_28_1|       pointer|
|v_strm_28_1_empty_n         |   in|    1|     ap_fifo|   v_strm_28_1|       pointer|
|v_strm_28_1_read            |  out|    1|     ap_fifo|   v_strm_28_1|       pointer|
|v_strm_28_1_num_data_valid  |   in|    3|     ap_fifo|   v_strm_28_1|       pointer|
|v_strm_28_1_fifo_cap        |   in|    3|     ap_fifo|   v_strm_28_1|       pointer|
|v_strm_29_0_dout            |   in|  256|     ap_fifo|   v_strm_29_0|       pointer|
|v_strm_29_0_empty_n         |   in|    1|     ap_fifo|   v_strm_29_0|       pointer|
|v_strm_29_0_read            |  out|    1|     ap_fifo|   v_strm_29_0|       pointer|
|v_strm_29_0_num_data_valid  |   in|    3|     ap_fifo|   v_strm_29_0|       pointer|
|v_strm_29_0_fifo_cap        |   in|    3|     ap_fifo|   v_strm_29_0|       pointer|
|v_strm_29_1_dout            |   in|  256|     ap_fifo|   v_strm_29_1|       pointer|
|v_strm_29_1_empty_n         |   in|    1|     ap_fifo|   v_strm_29_1|       pointer|
|v_strm_29_1_read            |  out|    1|     ap_fifo|   v_strm_29_1|       pointer|
|v_strm_29_1_num_data_valid  |   in|    3|     ap_fifo|   v_strm_29_1|       pointer|
|v_strm_29_1_fifo_cap        |   in|    3|     ap_fifo|   v_strm_29_1|       pointer|
|v_strm_30_0_dout            |   in|  256|     ap_fifo|   v_strm_30_0|       pointer|
|v_strm_30_0_empty_n         |   in|    1|     ap_fifo|   v_strm_30_0|       pointer|
|v_strm_30_0_read            |  out|    1|     ap_fifo|   v_strm_30_0|       pointer|
|v_strm_30_0_num_data_valid  |   in|    3|     ap_fifo|   v_strm_30_0|       pointer|
|v_strm_30_0_fifo_cap        |   in|    3|     ap_fifo|   v_strm_30_0|       pointer|
|v_strm_30_1_dout            |   in|  256|     ap_fifo|   v_strm_30_1|       pointer|
|v_strm_30_1_empty_n         |   in|    1|     ap_fifo|   v_strm_30_1|       pointer|
|v_strm_30_1_read            |  out|    1|     ap_fifo|   v_strm_30_1|       pointer|
|v_strm_30_1_num_data_valid  |   in|    3|     ap_fifo|   v_strm_30_1|       pointer|
|v_strm_30_1_fifo_cap        |   in|    3|     ap_fifo|   v_strm_30_1|       pointer|
|v_strm_31_0_dout            |   in|  256|     ap_fifo|   v_strm_31_0|       pointer|
|v_strm_31_0_empty_n         |   in|    1|     ap_fifo|   v_strm_31_0|       pointer|
|v_strm_31_0_read            |  out|    1|     ap_fifo|   v_strm_31_0|       pointer|
|v_strm_31_0_num_data_valid  |   in|    3|     ap_fifo|   v_strm_31_0|       pointer|
|v_strm_31_0_fifo_cap        |   in|    3|     ap_fifo|   v_strm_31_0|       pointer|
|v_strm_31_1_dout            |   in|  256|     ap_fifo|   v_strm_31_1|       pointer|
|v_strm_31_1_empty_n         |   in|    1|     ap_fifo|   v_strm_31_1|       pointer|
|v_strm_31_1_read            |  out|    1|     ap_fifo|   v_strm_31_1|       pointer|
|v_strm_31_1_num_data_valid  |   in|    3|     ap_fifo|   v_strm_31_1|       pointer|
|v_strm_31_1_fifo_cap        |   in|    3|     ap_fifo|   v_strm_31_1|       pointer|
|v_strm_32_0_dout            |   in|  256|     ap_fifo|   v_strm_32_0|       pointer|
|v_strm_32_0_empty_n         |   in|    1|     ap_fifo|   v_strm_32_0|       pointer|
|v_strm_32_0_read            |  out|    1|     ap_fifo|   v_strm_32_0|       pointer|
|v_strm_32_0_num_data_valid  |   in|    3|     ap_fifo|   v_strm_32_0|       pointer|
|v_strm_32_0_fifo_cap        |   in|    3|     ap_fifo|   v_strm_32_0|       pointer|
|v_strm_32_1_dout            |   in|  256|     ap_fifo|   v_strm_32_1|       pointer|
|v_strm_32_1_empty_n         |   in|    1|     ap_fifo|   v_strm_32_1|       pointer|
|v_strm_32_1_read            |  out|    1|     ap_fifo|   v_strm_32_1|       pointer|
|v_strm_32_1_num_data_valid  |   in|    3|     ap_fifo|   v_strm_32_1|       pointer|
|v_strm_32_1_fifo_cap        |   in|    3|     ap_fifo|   v_strm_32_1|       pointer|
|v_strm_33_0_dout            |   in|  256|     ap_fifo|   v_strm_33_0|       pointer|
|v_strm_33_0_empty_n         |   in|    1|     ap_fifo|   v_strm_33_0|       pointer|
|v_strm_33_0_read            |  out|    1|     ap_fifo|   v_strm_33_0|       pointer|
|v_strm_33_0_num_data_valid  |   in|    3|     ap_fifo|   v_strm_33_0|       pointer|
|v_strm_33_0_fifo_cap        |   in|    3|     ap_fifo|   v_strm_33_0|       pointer|
|v_strm_33_1_dout            |   in|  256|     ap_fifo|   v_strm_33_1|       pointer|
|v_strm_33_1_empty_n         |   in|    1|     ap_fifo|   v_strm_33_1|       pointer|
|v_strm_33_1_read            |  out|    1|     ap_fifo|   v_strm_33_1|       pointer|
|v_strm_33_1_num_data_valid  |   in|    3|     ap_fifo|   v_strm_33_1|       pointer|
|v_strm_33_1_fifo_cap        |   in|    3|     ap_fifo|   v_strm_33_1|       pointer|
|v_strm_34_0_dout            |   in|  256|     ap_fifo|   v_strm_34_0|       pointer|
|v_strm_34_0_empty_n         |   in|    1|     ap_fifo|   v_strm_34_0|       pointer|
|v_strm_34_0_read            |  out|    1|     ap_fifo|   v_strm_34_0|       pointer|
|v_strm_34_0_num_data_valid  |   in|    3|     ap_fifo|   v_strm_34_0|       pointer|
|v_strm_34_0_fifo_cap        |   in|    3|     ap_fifo|   v_strm_34_0|       pointer|
|v_strm_34_1_dout            |   in|  256|     ap_fifo|   v_strm_34_1|       pointer|
|v_strm_34_1_empty_n         |   in|    1|     ap_fifo|   v_strm_34_1|       pointer|
|v_strm_34_1_read            |  out|    1|     ap_fifo|   v_strm_34_1|       pointer|
|v_strm_34_1_num_data_valid  |   in|    3|     ap_fifo|   v_strm_34_1|       pointer|
|v_strm_34_1_fifo_cap        |   in|    3|     ap_fifo|   v_strm_34_1|       pointer|
|v_strm_35_0_dout            |   in|  256|     ap_fifo|   v_strm_35_0|       pointer|
|v_strm_35_0_empty_n         |   in|    1|     ap_fifo|   v_strm_35_0|       pointer|
|v_strm_35_0_read            |  out|    1|     ap_fifo|   v_strm_35_0|       pointer|
|v_strm_35_0_num_data_valid  |   in|    3|     ap_fifo|   v_strm_35_0|       pointer|
|v_strm_35_0_fifo_cap        |   in|    3|     ap_fifo|   v_strm_35_0|       pointer|
|v_strm_35_1_dout            |   in|  256|     ap_fifo|   v_strm_35_1|       pointer|
|v_strm_35_1_empty_n         |   in|    1|     ap_fifo|   v_strm_35_1|       pointer|
|v_strm_35_1_read            |  out|    1|     ap_fifo|   v_strm_35_1|       pointer|
|v_strm_35_1_num_data_valid  |   in|    3|     ap_fifo|   v_strm_35_1|       pointer|
|v_strm_35_1_fifo_cap        |   in|    3|     ap_fifo|   v_strm_35_1|       pointer|
|v_strm_36_0_dout            |   in|  256|     ap_fifo|   v_strm_36_0|       pointer|
|v_strm_36_0_empty_n         |   in|    1|     ap_fifo|   v_strm_36_0|       pointer|
|v_strm_36_0_read            |  out|    1|     ap_fifo|   v_strm_36_0|       pointer|
|v_strm_36_0_num_data_valid  |   in|    3|     ap_fifo|   v_strm_36_0|       pointer|
|v_strm_36_0_fifo_cap        |   in|    3|     ap_fifo|   v_strm_36_0|       pointer|
|v_strm_36_1_dout            |   in|  256|     ap_fifo|   v_strm_36_1|       pointer|
|v_strm_36_1_empty_n         |   in|    1|     ap_fifo|   v_strm_36_1|       pointer|
|v_strm_36_1_read            |  out|    1|     ap_fifo|   v_strm_36_1|       pointer|
|v_strm_36_1_num_data_valid  |   in|    3|     ap_fifo|   v_strm_36_1|       pointer|
|v_strm_36_1_fifo_cap        |   in|    3|     ap_fifo|   v_strm_36_1|       pointer|
|v_strm_37_0_dout            |   in|  256|     ap_fifo|   v_strm_37_0|       pointer|
|v_strm_37_0_empty_n         |   in|    1|     ap_fifo|   v_strm_37_0|       pointer|
|v_strm_37_0_read            |  out|    1|     ap_fifo|   v_strm_37_0|       pointer|
|v_strm_37_0_num_data_valid  |   in|    3|     ap_fifo|   v_strm_37_0|       pointer|
|v_strm_37_0_fifo_cap        |   in|    3|     ap_fifo|   v_strm_37_0|       pointer|
|v_strm_37_1_dout            |   in|  256|     ap_fifo|   v_strm_37_1|       pointer|
|v_strm_37_1_empty_n         |   in|    1|     ap_fifo|   v_strm_37_1|       pointer|
|v_strm_37_1_read            |  out|    1|     ap_fifo|   v_strm_37_1|       pointer|
|v_strm_37_1_num_data_valid  |   in|    3|     ap_fifo|   v_strm_37_1|       pointer|
|v_strm_37_1_fifo_cap        |   in|    3|     ap_fifo|   v_strm_37_1|       pointer|
|v_strm_38_0_dout            |   in|  256|     ap_fifo|   v_strm_38_0|       pointer|
|v_strm_38_0_empty_n         |   in|    1|     ap_fifo|   v_strm_38_0|       pointer|
|v_strm_38_0_read            |  out|    1|     ap_fifo|   v_strm_38_0|       pointer|
|v_strm_38_0_num_data_valid  |   in|    3|     ap_fifo|   v_strm_38_0|       pointer|
|v_strm_38_0_fifo_cap        |   in|    3|     ap_fifo|   v_strm_38_0|       pointer|
|v_strm_38_1_dout            |   in|  256|     ap_fifo|   v_strm_38_1|       pointer|
|v_strm_38_1_empty_n         |   in|    1|     ap_fifo|   v_strm_38_1|       pointer|
|v_strm_38_1_read            |  out|    1|     ap_fifo|   v_strm_38_1|       pointer|
|v_strm_38_1_num_data_valid  |   in|    3|     ap_fifo|   v_strm_38_1|       pointer|
|v_strm_38_1_fifo_cap        |   in|    3|     ap_fifo|   v_strm_38_1|       pointer|
|v_strm_39_0_dout            |   in|  256|     ap_fifo|   v_strm_39_0|       pointer|
|v_strm_39_0_empty_n         |   in|    1|     ap_fifo|   v_strm_39_0|       pointer|
|v_strm_39_0_read            |  out|    1|     ap_fifo|   v_strm_39_0|       pointer|
|v_strm_39_0_num_data_valid  |   in|    3|     ap_fifo|   v_strm_39_0|       pointer|
|v_strm_39_0_fifo_cap        |   in|    3|     ap_fifo|   v_strm_39_0|       pointer|
|v_strm_39_1_dout            |   in|  256|     ap_fifo|   v_strm_39_1|       pointer|
|v_strm_39_1_empty_n         |   in|    1|     ap_fifo|   v_strm_39_1|       pointer|
|v_strm_39_1_read            |  out|    1|     ap_fifo|   v_strm_39_1|       pointer|
|v_strm_39_1_num_data_valid  |   in|    3|     ap_fifo|   v_strm_39_1|       pointer|
|v_strm_39_1_fifo_cap        |   in|    3|     ap_fifo|   v_strm_39_1|       pointer|
|v_strm_40_0_dout            |   in|  256|     ap_fifo|   v_strm_40_0|       pointer|
|v_strm_40_0_empty_n         |   in|    1|     ap_fifo|   v_strm_40_0|       pointer|
|v_strm_40_0_read            |  out|    1|     ap_fifo|   v_strm_40_0|       pointer|
|v_strm_40_0_num_data_valid  |   in|    3|     ap_fifo|   v_strm_40_0|       pointer|
|v_strm_40_0_fifo_cap        |   in|    3|     ap_fifo|   v_strm_40_0|       pointer|
|v_strm_40_1_dout            |   in|  256|     ap_fifo|   v_strm_40_1|       pointer|
|v_strm_40_1_empty_n         |   in|    1|     ap_fifo|   v_strm_40_1|       pointer|
|v_strm_40_1_read            |  out|    1|     ap_fifo|   v_strm_40_1|       pointer|
|v_strm_40_1_num_data_valid  |   in|    3|     ap_fifo|   v_strm_40_1|       pointer|
|v_strm_40_1_fifo_cap        |   in|    3|     ap_fifo|   v_strm_40_1|       pointer|
|v_strm_41_0_dout            |   in|  256|     ap_fifo|   v_strm_41_0|       pointer|
|v_strm_41_0_empty_n         |   in|    1|     ap_fifo|   v_strm_41_0|       pointer|
|v_strm_41_0_read            |  out|    1|     ap_fifo|   v_strm_41_0|       pointer|
|v_strm_41_0_num_data_valid  |   in|    3|     ap_fifo|   v_strm_41_0|       pointer|
|v_strm_41_0_fifo_cap        |   in|    3|     ap_fifo|   v_strm_41_0|       pointer|
|v_strm_41_1_dout            |   in|  256|     ap_fifo|   v_strm_41_1|       pointer|
|v_strm_41_1_empty_n         |   in|    1|     ap_fifo|   v_strm_41_1|       pointer|
|v_strm_41_1_read            |  out|    1|     ap_fifo|   v_strm_41_1|       pointer|
|v_strm_41_1_num_data_valid  |   in|    3|     ap_fifo|   v_strm_41_1|       pointer|
|v_strm_41_1_fifo_cap        |   in|    3|     ap_fifo|   v_strm_41_1|       pointer|
|v_strm_42_0_dout            |   in|  256|     ap_fifo|   v_strm_42_0|       pointer|
|v_strm_42_0_empty_n         |   in|    1|     ap_fifo|   v_strm_42_0|       pointer|
|v_strm_42_0_read            |  out|    1|     ap_fifo|   v_strm_42_0|       pointer|
|v_strm_42_0_num_data_valid  |   in|    3|     ap_fifo|   v_strm_42_0|       pointer|
|v_strm_42_0_fifo_cap        |   in|    3|     ap_fifo|   v_strm_42_0|       pointer|
|v_strm_42_1_dout            |   in|  256|     ap_fifo|   v_strm_42_1|       pointer|
|v_strm_42_1_empty_n         |   in|    1|     ap_fifo|   v_strm_42_1|       pointer|
|v_strm_42_1_read            |  out|    1|     ap_fifo|   v_strm_42_1|       pointer|
|v_strm_42_1_num_data_valid  |   in|    3|     ap_fifo|   v_strm_42_1|       pointer|
|v_strm_42_1_fifo_cap        |   in|    3|     ap_fifo|   v_strm_42_1|       pointer|
|v_strm_43_0_dout            |   in|  256|     ap_fifo|   v_strm_43_0|       pointer|
|v_strm_43_0_empty_n         |   in|    1|     ap_fifo|   v_strm_43_0|       pointer|
|v_strm_43_0_read            |  out|    1|     ap_fifo|   v_strm_43_0|       pointer|
|v_strm_43_0_num_data_valid  |   in|    3|     ap_fifo|   v_strm_43_0|       pointer|
|v_strm_43_0_fifo_cap        |   in|    3|     ap_fifo|   v_strm_43_0|       pointer|
|v_strm_43_1_dout            |   in|  256|     ap_fifo|   v_strm_43_1|       pointer|
|v_strm_43_1_empty_n         |   in|    1|     ap_fifo|   v_strm_43_1|       pointer|
|v_strm_43_1_read            |  out|    1|     ap_fifo|   v_strm_43_1|       pointer|
|v_strm_43_1_num_data_valid  |   in|    3|     ap_fifo|   v_strm_43_1|       pointer|
|v_strm_43_1_fifo_cap        |   in|    3|     ap_fifo|   v_strm_43_1|       pointer|
|v_strm_44_0_dout            |   in|  256|     ap_fifo|   v_strm_44_0|       pointer|
|v_strm_44_0_empty_n         |   in|    1|     ap_fifo|   v_strm_44_0|       pointer|
|v_strm_44_0_read            |  out|    1|     ap_fifo|   v_strm_44_0|       pointer|
|v_strm_44_0_num_data_valid  |   in|    3|     ap_fifo|   v_strm_44_0|       pointer|
|v_strm_44_0_fifo_cap        |   in|    3|     ap_fifo|   v_strm_44_0|       pointer|
|v_strm_44_1_dout            |   in|  256|     ap_fifo|   v_strm_44_1|       pointer|
|v_strm_44_1_empty_n         |   in|    1|     ap_fifo|   v_strm_44_1|       pointer|
|v_strm_44_1_read            |  out|    1|     ap_fifo|   v_strm_44_1|       pointer|
|v_strm_44_1_num_data_valid  |   in|    3|     ap_fifo|   v_strm_44_1|       pointer|
|v_strm_44_1_fifo_cap        |   in|    3|     ap_fifo|   v_strm_44_1|       pointer|
|v_strm_45_0_dout            |   in|  256|     ap_fifo|   v_strm_45_0|       pointer|
|v_strm_45_0_empty_n         |   in|    1|     ap_fifo|   v_strm_45_0|       pointer|
|v_strm_45_0_read            |  out|    1|     ap_fifo|   v_strm_45_0|       pointer|
|v_strm_45_0_num_data_valid  |   in|    3|     ap_fifo|   v_strm_45_0|       pointer|
|v_strm_45_0_fifo_cap        |   in|    3|     ap_fifo|   v_strm_45_0|       pointer|
|v_strm_45_1_dout            |   in|  256|     ap_fifo|   v_strm_45_1|       pointer|
|v_strm_45_1_empty_n         |   in|    1|     ap_fifo|   v_strm_45_1|       pointer|
|v_strm_45_1_read            |  out|    1|     ap_fifo|   v_strm_45_1|       pointer|
|v_strm_45_1_num_data_valid  |   in|    3|     ap_fifo|   v_strm_45_1|       pointer|
|v_strm_45_1_fifo_cap        |   in|    3|     ap_fifo|   v_strm_45_1|       pointer|
|v_strm_46_0_dout            |   in|  256|     ap_fifo|   v_strm_46_0|       pointer|
|v_strm_46_0_empty_n         |   in|    1|     ap_fifo|   v_strm_46_0|       pointer|
|v_strm_46_0_read            |  out|    1|     ap_fifo|   v_strm_46_0|       pointer|
|v_strm_46_0_num_data_valid  |   in|    3|     ap_fifo|   v_strm_46_0|       pointer|
|v_strm_46_0_fifo_cap        |   in|    3|     ap_fifo|   v_strm_46_0|       pointer|
|v_strm_46_1_dout            |   in|  256|     ap_fifo|   v_strm_46_1|       pointer|
|v_strm_46_1_empty_n         |   in|    1|     ap_fifo|   v_strm_46_1|       pointer|
|v_strm_46_1_read            |  out|    1|     ap_fifo|   v_strm_46_1|       pointer|
|v_strm_46_1_num_data_valid  |   in|    3|     ap_fifo|   v_strm_46_1|       pointer|
|v_strm_46_1_fifo_cap        |   in|    3|     ap_fifo|   v_strm_46_1|       pointer|
|v_strm_47_0_dout            |   in|  256|     ap_fifo|   v_strm_47_0|       pointer|
|v_strm_47_0_empty_n         |   in|    1|     ap_fifo|   v_strm_47_0|       pointer|
|v_strm_47_0_read            |  out|    1|     ap_fifo|   v_strm_47_0|       pointer|
|v_strm_47_0_num_data_valid  |   in|    3|     ap_fifo|   v_strm_47_0|       pointer|
|v_strm_47_0_fifo_cap        |   in|    3|     ap_fifo|   v_strm_47_0|       pointer|
|v_strm_47_1_dout            |   in|  256|     ap_fifo|   v_strm_47_1|       pointer|
|v_strm_47_1_empty_n         |   in|    1|     ap_fifo|   v_strm_47_1|       pointer|
|v_strm_47_1_read            |  out|    1|     ap_fifo|   v_strm_47_1|       pointer|
|v_strm_47_1_num_data_valid  |   in|    3|     ap_fifo|   v_strm_47_1|       pointer|
|v_strm_47_1_fifo_cap        |   in|    3|     ap_fifo|   v_strm_47_1|       pointer|
|v_strm_48_0_dout            |   in|  256|     ap_fifo|   v_strm_48_0|       pointer|
|v_strm_48_0_empty_n         |   in|    1|     ap_fifo|   v_strm_48_0|       pointer|
|v_strm_48_0_read            |  out|    1|     ap_fifo|   v_strm_48_0|       pointer|
|v_strm_48_0_num_data_valid  |   in|    3|     ap_fifo|   v_strm_48_0|       pointer|
|v_strm_48_0_fifo_cap        |   in|    3|     ap_fifo|   v_strm_48_0|       pointer|
|v_strm_48_1_dout            |   in|  256|     ap_fifo|   v_strm_48_1|       pointer|
|v_strm_48_1_empty_n         |   in|    1|     ap_fifo|   v_strm_48_1|       pointer|
|v_strm_48_1_read            |  out|    1|     ap_fifo|   v_strm_48_1|       pointer|
|v_strm_48_1_num_data_valid  |   in|    3|     ap_fifo|   v_strm_48_1|       pointer|
|v_strm_48_1_fifo_cap        |   in|    3|     ap_fifo|   v_strm_48_1|       pointer|
|v_strm_49_0_dout            |   in|  256|     ap_fifo|   v_strm_49_0|       pointer|
|v_strm_49_0_empty_n         |   in|    1|     ap_fifo|   v_strm_49_0|       pointer|
|v_strm_49_0_read            |  out|    1|     ap_fifo|   v_strm_49_0|       pointer|
|v_strm_49_0_num_data_valid  |   in|    3|     ap_fifo|   v_strm_49_0|       pointer|
|v_strm_49_0_fifo_cap        |   in|    3|     ap_fifo|   v_strm_49_0|       pointer|
|v_strm_49_1_dout            |   in|  256|     ap_fifo|   v_strm_49_1|       pointer|
|v_strm_49_1_empty_n         |   in|    1|     ap_fifo|   v_strm_49_1|       pointer|
|v_strm_49_1_read            |  out|    1|     ap_fifo|   v_strm_49_1|       pointer|
|v_strm_49_1_num_data_valid  |   in|    3|     ap_fifo|   v_strm_49_1|       pointer|
|v_strm_49_1_fifo_cap        |   in|    3|     ap_fifo|   v_strm_49_1|       pointer|
|v_strm_50_0_dout            |   in|  256|     ap_fifo|   v_strm_50_0|       pointer|
|v_strm_50_0_empty_n         |   in|    1|     ap_fifo|   v_strm_50_0|       pointer|
|v_strm_50_0_read            |  out|    1|     ap_fifo|   v_strm_50_0|       pointer|
|v_strm_50_0_num_data_valid  |   in|    3|     ap_fifo|   v_strm_50_0|       pointer|
|v_strm_50_0_fifo_cap        |   in|    3|     ap_fifo|   v_strm_50_0|       pointer|
|v_strm_50_1_dout            |   in|  256|     ap_fifo|   v_strm_50_1|       pointer|
|v_strm_50_1_empty_n         |   in|    1|     ap_fifo|   v_strm_50_1|       pointer|
|v_strm_50_1_read            |  out|    1|     ap_fifo|   v_strm_50_1|       pointer|
|v_strm_50_1_num_data_valid  |   in|    3|     ap_fifo|   v_strm_50_1|       pointer|
|v_strm_50_1_fifo_cap        |   in|    3|     ap_fifo|   v_strm_50_1|       pointer|
|v_strm_51_0_dout            |   in|  256|     ap_fifo|   v_strm_51_0|       pointer|
|v_strm_51_0_empty_n         |   in|    1|     ap_fifo|   v_strm_51_0|       pointer|
|v_strm_51_0_read            |  out|    1|     ap_fifo|   v_strm_51_0|       pointer|
|v_strm_51_0_num_data_valid  |   in|    3|     ap_fifo|   v_strm_51_0|       pointer|
|v_strm_51_0_fifo_cap        |   in|    3|     ap_fifo|   v_strm_51_0|       pointer|
|v_strm_51_1_dout            |   in|  256|     ap_fifo|   v_strm_51_1|       pointer|
|v_strm_51_1_empty_n         |   in|    1|     ap_fifo|   v_strm_51_1|       pointer|
|v_strm_51_1_read            |  out|    1|     ap_fifo|   v_strm_51_1|       pointer|
|v_strm_51_1_num_data_valid  |   in|    3|     ap_fifo|   v_strm_51_1|       pointer|
|v_strm_51_1_fifo_cap        |   in|    3|     ap_fifo|   v_strm_51_1|       pointer|
|v_strm_52_0_dout            |   in|  256|     ap_fifo|   v_strm_52_0|       pointer|
|v_strm_52_0_empty_n         |   in|    1|     ap_fifo|   v_strm_52_0|       pointer|
|v_strm_52_0_read            |  out|    1|     ap_fifo|   v_strm_52_0|       pointer|
|v_strm_52_0_num_data_valid  |   in|    3|     ap_fifo|   v_strm_52_0|       pointer|
|v_strm_52_0_fifo_cap        |   in|    3|     ap_fifo|   v_strm_52_0|       pointer|
|v_strm_52_1_dout            |   in|  256|     ap_fifo|   v_strm_52_1|       pointer|
|v_strm_52_1_empty_n         |   in|    1|     ap_fifo|   v_strm_52_1|       pointer|
|v_strm_52_1_read            |  out|    1|     ap_fifo|   v_strm_52_1|       pointer|
|v_strm_52_1_num_data_valid  |   in|    3|     ap_fifo|   v_strm_52_1|       pointer|
|v_strm_52_1_fifo_cap        |   in|    3|     ap_fifo|   v_strm_52_1|       pointer|
|v_strm_53_0_dout            |   in|  256|     ap_fifo|   v_strm_53_0|       pointer|
|v_strm_53_0_empty_n         |   in|    1|     ap_fifo|   v_strm_53_0|       pointer|
|v_strm_53_0_read            |  out|    1|     ap_fifo|   v_strm_53_0|       pointer|
|v_strm_53_0_num_data_valid  |   in|    3|     ap_fifo|   v_strm_53_0|       pointer|
|v_strm_53_0_fifo_cap        |   in|    3|     ap_fifo|   v_strm_53_0|       pointer|
|v_strm_53_1_dout            |   in|  256|     ap_fifo|   v_strm_53_1|       pointer|
|v_strm_53_1_empty_n         |   in|    1|     ap_fifo|   v_strm_53_1|       pointer|
|v_strm_53_1_read            |  out|    1|     ap_fifo|   v_strm_53_1|       pointer|
|v_strm_53_1_num_data_valid  |   in|    3|     ap_fifo|   v_strm_53_1|       pointer|
|v_strm_53_1_fifo_cap        |   in|    3|     ap_fifo|   v_strm_53_1|       pointer|
|v_strm_54_0_dout            |   in|  256|     ap_fifo|   v_strm_54_0|       pointer|
|v_strm_54_0_empty_n         |   in|    1|     ap_fifo|   v_strm_54_0|       pointer|
|v_strm_54_0_read            |  out|    1|     ap_fifo|   v_strm_54_0|       pointer|
|v_strm_54_0_num_data_valid  |   in|    3|     ap_fifo|   v_strm_54_0|       pointer|
|v_strm_54_0_fifo_cap        |   in|    3|     ap_fifo|   v_strm_54_0|       pointer|
|v_strm_54_1_dout            |   in|  256|     ap_fifo|   v_strm_54_1|       pointer|
|v_strm_54_1_empty_n         |   in|    1|     ap_fifo|   v_strm_54_1|       pointer|
|v_strm_54_1_read            |  out|    1|     ap_fifo|   v_strm_54_1|       pointer|
|v_strm_54_1_num_data_valid  |   in|    3|     ap_fifo|   v_strm_54_1|       pointer|
|v_strm_54_1_fifo_cap        |   in|    3|     ap_fifo|   v_strm_54_1|       pointer|
|v_strm_55_0_dout            |   in|  256|     ap_fifo|   v_strm_55_0|       pointer|
|v_strm_55_0_empty_n         |   in|    1|     ap_fifo|   v_strm_55_0|       pointer|
|v_strm_55_0_read            |  out|    1|     ap_fifo|   v_strm_55_0|       pointer|
|v_strm_55_0_num_data_valid  |   in|    3|     ap_fifo|   v_strm_55_0|       pointer|
|v_strm_55_0_fifo_cap        |   in|    3|     ap_fifo|   v_strm_55_0|       pointer|
|v_strm_55_1_dout            |   in|  256|     ap_fifo|   v_strm_55_1|       pointer|
|v_strm_55_1_empty_n         |   in|    1|     ap_fifo|   v_strm_55_1|       pointer|
|v_strm_55_1_read            |  out|    1|     ap_fifo|   v_strm_55_1|       pointer|
|v_strm_55_1_num_data_valid  |   in|    3|     ap_fifo|   v_strm_55_1|       pointer|
|v_strm_55_1_fifo_cap        |   in|    3|     ap_fifo|   v_strm_55_1|       pointer|
|v_strm_56_0_dout            |   in|  256|     ap_fifo|   v_strm_56_0|       pointer|
|v_strm_56_0_empty_n         |   in|    1|     ap_fifo|   v_strm_56_0|       pointer|
|v_strm_56_0_read            |  out|    1|     ap_fifo|   v_strm_56_0|       pointer|
|v_strm_56_0_num_data_valid  |   in|    3|     ap_fifo|   v_strm_56_0|       pointer|
|v_strm_56_0_fifo_cap        |   in|    3|     ap_fifo|   v_strm_56_0|       pointer|
|v_strm_56_1_dout            |   in|  256|     ap_fifo|   v_strm_56_1|       pointer|
|v_strm_56_1_empty_n         |   in|    1|     ap_fifo|   v_strm_56_1|       pointer|
|v_strm_56_1_read            |  out|    1|     ap_fifo|   v_strm_56_1|       pointer|
|v_strm_56_1_num_data_valid  |   in|    3|     ap_fifo|   v_strm_56_1|       pointer|
|v_strm_56_1_fifo_cap        |   in|    3|     ap_fifo|   v_strm_56_1|       pointer|
|v_strm_57_0_dout            |   in|  256|     ap_fifo|   v_strm_57_0|       pointer|
|v_strm_57_0_empty_n         |   in|    1|     ap_fifo|   v_strm_57_0|       pointer|
|v_strm_57_0_read            |  out|    1|     ap_fifo|   v_strm_57_0|       pointer|
|v_strm_57_0_num_data_valid  |   in|    3|     ap_fifo|   v_strm_57_0|       pointer|
|v_strm_57_0_fifo_cap        |   in|    3|     ap_fifo|   v_strm_57_0|       pointer|
|v_strm_57_1_dout            |   in|  256|     ap_fifo|   v_strm_57_1|       pointer|
|v_strm_57_1_empty_n         |   in|    1|     ap_fifo|   v_strm_57_1|       pointer|
|v_strm_57_1_read            |  out|    1|     ap_fifo|   v_strm_57_1|       pointer|
|v_strm_57_1_num_data_valid  |   in|    3|     ap_fifo|   v_strm_57_1|       pointer|
|v_strm_57_1_fifo_cap        |   in|    3|     ap_fifo|   v_strm_57_1|       pointer|
|v_strm_58_0_dout            |   in|  256|     ap_fifo|   v_strm_58_0|       pointer|
|v_strm_58_0_empty_n         |   in|    1|     ap_fifo|   v_strm_58_0|       pointer|
|v_strm_58_0_read            |  out|    1|     ap_fifo|   v_strm_58_0|       pointer|
|v_strm_58_0_num_data_valid  |   in|    3|     ap_fifo|   v_strm_58_0|       pointer|
|v_strm_58_0_fifo_cap        |   in|    3|     ap_fifo|   v_strm_58_0|       pointer|
|v_strm_58_1_dout            |   in|  256|     ap_fifo|   v_strm_58_1|       pointer|
|v_strm_58_1_empty_n         |   in|    1|     ap_fifo|   v_strm_58_1|       pointer|
|v_strm_58_1_read            |  out|    1|     ap_fifo|   v_strm_58_1|       pointer|
|v_strm_58_1_num_data_valid  |   in|    3|     ap_fifo|   v_strm_58_1|       pointer|
|v_strm_58_1_fifo_cap        |   in|    3|     ap_fifo|   v_strm_58_1|       pointer|
|v_strm_59_0_dout            |   in|  256|     ap_fifo|   v_strm_59_0|       pointer|
|v_strm_59_0_empty_n         |   in|    1|     ap_fifo|   v_strm_59_0|       pointer|
|v_strm_59_0_read            |  out|    1|     ap_fifo|   v_strm_59_0|       pointer|
|v_strm_59_0_num_data_valid  |   in|    3|     ap_fifo|   v_strm_59_0|       pointer|
|v_strm_59_0_fifo_cap        |   in|    3|     ap_fifo|   v_strm_59_0|       pointer|
|v_strm_59_1_dout            |   in|  256|     ap_fifo|   v_strm_59_1|       pointer|
|v_strm_59_1_empty_n         |   in|    1|     ap_fifo|   v_strm_59_1|       pointer|
|v_strm_59_1_read            |  out|    1|     ap_fifo|   v_strm_59_1|       pointer|
|v_strm_59_1_num_data_valid  |   in|    3|     ap_fifo|   v_strm_59_1|       pointer|
|v_strm_59_1_fifo_cap        |   in|    3|     ap_fifo|   v_strm_59_1|       pointer|
|v_strm_60_0_dout            |   in|  256|     ap_fifo|   v_strm_60_0|       pointer|
|v_strm_60_0_empty_n         |   in|    1|     ap_fifo|   v_strm_60_0|       pointer|
|v_strm_60_0_read            |  out|    1|     ap_fifo|   v_strm_60_0|       pointer|
|v_strm_60_0_num_data_valid  |   in|    3|     ap_fifo|   v_strm_60_0|       pointer|
|v_strm_60_0_fifo_cap        |   in|    3|     ap_fifo|   v_strm_60_0|       pointer|
|v_strm_60_1_dout            |   in|  256|     ap_fifo|   v_strm_60_1|       pointer|
|v_strm_60_1_empty_n         |   in|    1|     ap_fifo|   v_strm_60_1|       pointer|
|v_strm_60_1_read            |  out|    1|     ap_fifo|   v_strm_60_1|       pointer|
|v_strm_60_1_num_data_valid  |   in|    3|     ap_fifo|   v_strm_60_1|       pointer|
|v_strm_60_1_fifo_cap        |   in|    3|     ap_fifo|   v_strm_60_1|       pointer|
|v_strm_61_0_dout            |   in|  256|     ap_fifo|   v_strm_61_0|       pointer|
|v_strm_61_0_empty_n         |   in|    1|     ap_fifo|   v_strm_61_0|       pointer|
|v_strm_61_0_read            |  out|    1|     ap_fifo|   v_strm_61_0|       pointer|
|v_strm_61_0_num_data_valid  |   in|    3|     ap_fifo|   v_strm_61_0|       pointer|
|v_strm_61_0_fifo_cap        |   in|    3|     ap_fifo|   v_strm_61_0|       pointer|
|v_strm_61_1_dout            |   in|  256|     ap_fifo|   v_strm_61_1|       pointer|
|v_strm_61_1_empty_n         |   in|    1|     ap_fifo|   v_strm_61_1|       pointer|
|v_strm_61_1_read            |  out|    1|     ap_fifo|   v_strm_61_1|       pointer|
|v_strm_61_1_num_data_valid  |   in|    3|     ap_fifo|   v_strm_61_1|       pointer|
|v_strm_61_1_fifo_cap        |   in|    3|     ap_fifo|   v_strm_61_1|       pointer|
|v_strm_62_0_dout            |   in|  256|     ap_fifo|   v_strm_62_0|       pointer|
|v_strm_62_0_empty_n         |   in|    1|     ap_fifo|   v_strm_62_0|       pointer|
|v_strm_62_0_read            |  out|    1|     ap_fifo|   v_strm_62_0|       pointer|
|v_strm_62_0_num_data_valid  |   in|    3|     ap_fifo|   v_strm_62_0|       pointer|
|v_strm_62_0_fifo_cap        |   in|    3|     ap_fifo|   v_strm_62_0|       pointer|
|v_strm_62_1_dout            |   in|  256|     ap_fifo|   v_strm_62_1|       pointer|
|v_strm_62_1_empty_n         |   in|    1|     ap_fifo|   v_strm_62_1|       pointer|
|v_strm_62_1_read            |  out|    1|     ap_fifo|   v_strm_62_1|       pointer|
|v_strm_62_1_num_data_valid  |   in|    3|     ap_fifo|   v_strm_62_1|       pointer|
|v_strm_62_1_fifo_cap        |   in|    3|     ap_fifo|   v_strm_62_1|       pointer|
|v_strm_63_0_dout            |   in|  256|     ap_fifo|   v_strm_63_0|       pointer|
|v_strm_63_0_empty_n         |   in|    1|     ap_fifo|   v_strm_63_0|       pointer|
|v_strm_63_0_read            |  out|    1|     ap_fifo|   v_strm_63_0|       pointer|
|v_strm_63_0_num_data_valid  |   in|    3|     ap_fifo|   v_strm_63_0|       pointer|
|v_strm_63_0_fifo_cap        |   in|    3|     ap_fifo|   v_strm_63_0|       pointer|
|v_strm_63_1_dout            |   in|  256|     ap_fifo|   v_strm_63_1|       pointer|
|v_strm_63_1_empty_n         |   in|    1|     ap_fifo|   v_strm_63_1|       pointer|
|v_strm_63_1_read            |  out|    1|     ap_fifo|   v_strm_63_1|       pointer|
|v_strm_63_1_num_data_valid  |   in|    3|     ap_fifo|   v_strm_63_1|       pointer|
|v_strm_63_1_fifo_cap        |   in|    3|     ap_fifo|   v_strm_63_1|       pointer|
|u_0_address1                |  out|   18|   ap_memory|           u_0|         array|
|u_0_ce1                     |  out|    1|   ap_memory|           u_0|         array|
|u_0_we1                     |  out|    1|   ap_memory|           u_0|         array|
|u_0_d1                      |  out|    1|   ap_memory|           u_0|         array|
|u_1_address1                |  out|   18|   ap_memory|           u_1|         array|
|u_1_ce1                     |  out|    1|   ap_memory|           u_1|         array|
|u_1_we1                     |  out|    1|   ap_memory|           u_1|         array|
|u_1_d1                      |  out|    1|   ap_memory|           u_1|         array|
|V_0_address1                |  out|   18|   ap_memory|           V_0|         array|
|V_0_ce1                     |  out|    1|   ap_memory|           V_0|         array|
|V_0_we1                     |  out|    1|   ap_memory|           V_0|         array|
|V_0_d1                      |  out|  128|   ap_memory|           V_0|         array|
|V_1_address1                |  out|   18|   ap_memory|           V_1|         array|
|V_1_ce1                     |  out|    1|   ap_memory|           V_1|         array|
|V_1_we1                     |  out|    1|   ap_memory|           V_1|         array|
|V_1_d1                      |  out|  128|   ap_memory|           V_1|         array|
+----------------------------+-----+-----+------------+--------------+--------------+

