

================================================================
== Vitis HLS Report for 'shake_extensible_Pipeline_VITIS_LOOP_784_4'
================================================================
* Date:           Mon Nov 17 18:42:25 2025

* Version:        2025.1 (Build 6135595 on May 21 2025)
* Project:        hls_component
* Solution:       hls (Vivado IP Flow Target)
* Product family: virtexuplus
* Target device:  xcu250-figd2104-2L-e


================================================================
== Performance Estimates
================================================================
+ Timing: 
    * Summary: 
    +--------+---------+----------+------------+
    |  Clock |  Target | Estimated| Uncertainty|
    +--------+---------+----------+------------+
    |ap_clk  |  5.00 ns|  3.344 ns|        0 ns|
    +--------+---------+----------+------------+

+ Latency: 
    * Summary: 
    +---------+---------+-----------+-----------+-----+-----+------------------------------------------------+
    |  Latency (cycles) |   Latency (absolute)  |  Interval |                    Pipeline                    |
    |   min   |   max   |    min    |    max    | min | max |                      Type                      |
    +---------+---------+-----------+-----------+-----+-----+------------------------------------------------+
    |       19|       19|  95.000 ns|  95.000 ns|   18|   18|  loop auto-rewind stp (delay=0 clock cycles(s))|
    +---------+---------+-----------+-----------+-----+-----+------------------------------------------------+

    + Detail: 
        * Instance: 
        N/A

        * Loop: 
        +--------------------+---------+---------+----------+-----------+-----------+------+----------+
        |                    |  Latency (cycles) | Iteration|  Initiation Interval  | Trip |          |
        |      Loop Name     |   min   |   max   |  Latency |  achieved |   target  | Count| Pipelined|
        +--------------------+---------+---------+----------+-----------+-----------+------+----------+
        |- VITIS_LOOP_784_4  |       17|       17|         2|          1|          1|    17|       yes|
        +--------------------+---------+---------+----------+-----------+-----------+------+----------+



================================================================
== Utilization Estimates
================================================================
* Summary: 
+---------------------+---------+-------+---------+---------+------+
|         Name        | BRAM_18K|  DSP  |    FF   |   LUT   | URAM |
+---------------------+---------+-------+---------+---------+------+
|DSP                  |        -|      -|        -|        -|     -|
|Expression           |        -|      -|        0|     1048|     -|
|FIFO                 |        -|      -|        -|        -|     -|
|Instance             |        -|      -|        0|      162|     -|
|Memory               |        -|      -|        -|        -|     -|
|Multiplexer          |        -|      -|        0|     1022|     -|
|Register             |        -|      -|     1103|        -|     -|
+---------------------+---------+-------+---------+---------+------+
|Total                |        0|      0|     1103|     2232|     0|
+---------------------+---------+-------+---------+---------+------+
|Available SLR        |     1344|   3072|   864000|   432000|   320|
+---------------------+---------+-------+---------+---------+------+
|Utilization SLR (%)  |        0|      0|       ~0|       ~0|     0|
+---------------------+---------+-------+---------+---------+------+
|Available            |     5376|  12288|  3456000|  1728000|  1280|
+---------------------+---------+-------+---------+---------+------+
|Utilization (%)      |        0|      0|       ~0|       ~0|     0|
+---------------------+---------+-------+---------+---------+------+

+ Detail: 
    * Instance: 
    +-----------------------------+-----------------------+---------+----+---+----+-----+
    |           Instance          |         Module        | BRAM_18K| DSP| FF| LUT| URAM|
    +-----------------------------+-----------------------+---------+----+---+----+-----+
    |sparsemux_35_5_64_1_1_U1817  |sparsemux_35_5_64_1_1  |        0|   0|  0|  81|    0|
    |sparsemux_35_5_64_1_1_U1818  |sparsemux_35_5_64_1_1  |        0|   0|  0|  81|    0|
    +-----------------------------+-----------------------+---------+----+---+----+-----+
    |Total                        |                       |        0|   0|  0| 162|    0|
    +-----------------------------+-----------------------+---------+----+---+----+-----+

    * DSP: 
    N/A

    * Memory: 
    N/A

    * FIFO: 
    N/A

    * Expression: 
    +---------------------------------------+----------+----+---+----+------------+------------+
    |             Variable Name             | Operation| DSP| FF| LUT| Bitwidth P0| Bitwidth P1|
    +---------------------------------------+----------+----+---+----+------------+------------+
    |add_ln784_fu_755_p2                    |         +|   0|  0|  12|           5|           1|
    |ap_block_pp0_stage0_01001_grp1         |       and|   0|  0|   2|           1|           1|
    |ap_condition_1103                      |       and|   0|  0|   2|           1|           1|
    |ap_condition_1123                      |       and|   0|  0|   2|           1|           1|
    |ap_condition_1141                      |       and|   0|  0|   2|           1|           1|
    |ap_condition_1159                      |       and|   0|  0|   2|           1|           1|
    |ap_condition_1177                      |       and|   0|  0|   2|           1|           1|
    |ap_condition_1195                      |       and|   0|  0|   2|           1|           1|
    |ap_condition_1213                      |       and|   0|  0|   2|           1|           1|
    |ap_condition_1231                      |       and|   0|  0|   2|           1|           1|
    |ap_condition_1265                      |       and|   0|  0|   2|           1|           1|
    |ap_condition_168                       |       and|   0|  0|   2|           1|           1|
    |ap_condition_1694                      |       and|   0|  0|   2|           1|           1|
    |ap_condition_1699                      |       and|   0|  0|   2|           1|           1|
    |ap_condition_1704                      |       and|   0|  0|   2|           1|           1|
    |ap_condition_1709                      |       and|   0|  0|   2|           1|           1|
    |ap_condition_1714                      |       and|   0|  0|   2|           1|           1|
    |ap_condition_1719                      |       and|   0|  0|   2|           1|           1|
    |ap_condition_1724                      |       and|   0|  0|   2|           1|           1|
    |ap_condition_1729                      |       and|   0|  0|   2|           1|           1|
    |ap_condition_1733                      |       and|   0|  0|   2|           1|           1|
    |ap_condition_1736                      |       and|   0|  0|   2|           1|           1|
    |ap_condition_1739                      |       and|   0|  0|   2|           1|           1|
    |ap_condition_1742                      |       and|   0|  0|   2|           1|           1|
    |ap_condition_1745                      |       and|   0|  0|   2|           1|           1|
    |ap_condition_1748                      |       and|   0|  0|   2|           1|           1|
    |ap_condition_1751                      |       and|   0|  0|   2|           1|           1|
    |ap_condition_1754                      |       and|   0|  0|   2|           1|           1|
    |ap_condition_1757                      |       and|   0|  0|   2|           1|           1|
    |ap_condition_1760                      |       and|   0|  0|   2|           1|           1|
    |ap_condition_1763                      |       and|   0|  0|   2|           1|           1|
    |ap_condition_1766                      |       and|   0|  0|   2|           1|           1|
    |ap_condition_1769                      |       and|   0|  0|   2|           1|           1|
    |ap_condition_1772                      |       and|   0|  0|   2|           1|           1|
    |ap_condition_1775                      |       and|   0|  0|   2|           1|           1|
    |ap_condition_1778                      |       and|   0|  0|   2|           1|           1|
    |ap_condition_1781                      |       and|   0|  0|   2|           1|           1|
    |ap_condition_1784                      |       and|   0|  0|   2|           1|           1|
    |ap_condition_1787                      |       and|   0|  0|   2|           1|           1|
    |ap_condition_1790                      |       and|   0|  0|   2|           1|           1|
    |ap_condition_1793                      |       and|   0|  0|   2|           1|           1|
    |ap_condition_1796                      |       and|   0|  0|   2|           1|           1|
    |ap_condition_1799                      |       and|   0|  0|   2|           1|           1|
    |ap_condition_1802                      |       and|   0|  0|   2|           1|           1|
    |ap_condition_1805                      |       and|   0|  0|   2|           1|           1|
    |ap_condition_1808                      |       and|   0|  0|   2|           1|           1|
    |ap_condition_1811                      |       and|   0|  0|   2|           1|           1|
    |ap_condition_1814                      |       and|   0|  0|   2|           1|           1|
    |ap_condition_1817                      |       and|   0|  0|   2|           1|           1|
    |ap_condition_1820                      |       and|   0|  0|   2|           1|           1|
    |ap_condition_1823                      |       and|   0|  0|   2|           1|           1|
    |ap_condition_1826                      |       and|   0|  0|   2|           1|           1|
    |ap_condition_1829                      |       and|   0|  0|   2|           1|           1|
    |ap_condition_1832                      |       and|   0|  0|   2|           1|           1|
    |ap_condition_1835                      |       and|   0|  0|   2|           1|           1|
    |ap_condition_1838                      |       and|   0|  0|   2|           1|           1|
    |ap_condition_1841                      |       and|   0|  0|   2|           1|           1|
    |ap_condition_1844                      |       and|   0|  0|   2|           1|           1|
    |ap_condition_1847                      |       and|   0|  0|   2|           1|           1|
    |ap_condition_1850                      |       and|   0|  0|   2|           1|           1|
    |ap_condition_1853                      |       and|   0|  0|   2|           1|           1|
    |ap_condition_1856                      |       and|   0|  0|   2|           1|           1|
    |ap_condition_1859                      |       and|   0|  0|   2|           1|           1|
    |ap_condition_1862                      |       and|   0|  0|   2|           1|           1|
    |ap_condition_1865                      |       and|   0|  0|   2|           1|           1|
    |ap_condition_1868                      |       and|   0|  0|   2|           1|           1|
    |ap_condition_1871                      |       and|   0|  0|   2|           1|           1|
    |ap_condition_1874                      |       and|   0|  0|   2|           1|           1|
    |ap_condition_1877                      |       and|   0|  0|   2|           1|           1|
    |ap_condition_1880                      |       and|   0|  0|   2|           1|           1|
    |ap_condition_1883                      |       and|   0|  0|   2|           1|           1|
    |ap_condition_1886                      |       and|   0|  0|   2|           1|           1|
    |ap_condition_1889                      |       and|   0|  0|   2|           1|           1|
    |ap_condition_1892                      |       and|   0|  0|   2|           1|           1|
    |ap_condition_1895                      |       and|   0|  0|   2|           1|           1|
    |ap_condition_1898                      |       and|   0|  0|   2|           1|           1|
    |ap_condition_1901                      |       and|   0|  0|   2|           1|           1|
    |ap_condition_1904                      |       and|   0|  0|   2|           1|           1|
    |ap_condition_1907                      |       and|   0|  0|   2|           1|           1|
    |ap_condition_1910                      |       and|   0|  0|   2|           1|           1|
    |ap_condition_1913                      |       and|   0|  0|   2|           1|           1|
    |ap_condition_1916                      |       and|   0|  0|   2|           1|           1|
    |ap_condition_1919                      |       and|   0|  0|   2|           1|           1|
    |ap_condition_1922                      |       and|   0|  0|   2|           1|           1|
    |ap_condition_1925                      |       and|   0|  0|   2|           1|           1|
    |ap_condition_1928                      |       and|   0|  0|   2|           1|           1|
    |ap_condition_1931                      |       and|   0|  0|   2|           1|           1|
    |ap_condition_1934                      |       and|   0|  0|   2|           1|           1|
    |ap_condition_1937                      |       and|   0|  0|   2|           1|           1|
    |ap_condition_1940                      |       and|   0|  0|   2|           1|           1|
    |ap_condition_1943                      |       and|   0|  0|   2|           1|           1|
    |ap_condition_1946                      |       and|   0|  0|   2|           1|           1|
    |ap_condition_1949                      |       and|   0|  0|   2|           1|           1|
    |ap_condition_1952                      |       and|   0|  0|   2|           1|           1|
    |ap_condition_1955                      |       and|   0|  0|   2|           1|           1|
    |ap_condition_1958                      |       and|   0|  0|   2|           1|           1|
    |ap_condition_1961                      |       and|   0|  0|   2|           1|           1|
    |ap_condition_1964                      |       and|   0|  0|   2|           1|           1|
    |ap_condition_1967                      |       and|   0|  0|   2|           1|           1|
    |ap_condition_1970                      |       and|   0|  0|   2|           1|           1|
    |ap_condition_1973                      |       and|   0|  0|   2|           1|           1|
    |ap_condition_1976                      |       and|   0|  0|   2|           1|           1|
    |ap_condition_1979                      |       and|   0|  0|   2|           1|           1|
    |ap_condition_1982                      |       and|   0|  0|   2|           1|           1|
    |ap_condition_1985                      |       and|   0|  0|   2|           1|           1|
    |ap_condition_1988                      |       and|   0|  0|   2|           1|           1|
    |ap_condition_1991                      |       and|   0|  0|   2|           1|           1|
    |ap_condition_1994                      |       and|   0|  0|   2|           1|           1|
    |ap_condition_1997                      |       and|   0|  0|   2|           1|           1|
    |ap_condition_2000                      |       and|   0|  0|   2|           1|           1|
    |ap_condition_2003                      |       and|   0|  0|   2|           1|           1|
    |ap_condition_2006                      |       and|   0|  0|   2|           1|           1|
    |ap_condition_2009                      |       and|   0|  0|   2|           1|           1|
    |ap_condition_2012                      |       and|   0|  0|   2|           1|           1|
    |ap_condition_2015                      |       and|   0|  0|   2|           1|           1|
    |ap_condition_2018                      |       and|   0|  0|   2|           1|           1|
    |ap_condition_2021                      |       and|   0|  0|   2|           1|           1|
    |ap_condition_2024                      |       and|   0|  0|   2|           1|           1|
    |ap_condition_2027                      |       and|   0|  0|   2|           1|           1|
    |ap_condition_2030                      |       and|   0|  0|   2|           1|           1|
    |ap_condition_2033                      |       and|   0|  0|   2|           1|           1|
    |ap_condition_2036                      |       and|   0|  0|   2|           1|           1|
    |ap_condition_2039                      |       and|   0|  0|   2|           1|           1|
    |ap_condition_2042                      |       and|   0|  0|   2|           1|           1|
    |ap_condition_2045                      |       and|   0|  0|   2|           1|           1|
    |ap_condition_2048                      |       and|   0|  0|   2|           1|           1|
    |ap_condition_2051                      |       and|   0|  0|   2|           1|           1|
    |ap_condition_2054                      |       and|   0|  0|   2|           1|           1|
    |ap_condition_2057                      |       and|   0|  0|   2|           1|           1|
    |ap_condition_2060                      |       and|   0|  0|   2|           1|           1|
    |ap_condition_2063                      |       and|   0|  0|   2|           1|           1|
    |ap_condition_2066                      |       and|   0|  0|   2|           1|           1|
    |ap_condition_2069                      |       and|   0|  0|   2|           1|           1|
    |ap_condition_2072                      |       and|   0|  0|   2|           1|           1|
    |ap_condition_2075                      |       and|   0|  0|   2|           1|           1|
    |ap_condition_2078                      |       and|   0|  0|   2|           1|           1|
    |ap_condition_2081                      |       and|   0|  0|   2|           1|           1|
    |ap_condition_2084                      |       and|   0|  0|   2|           1|           1|
    |ap_condition_2087                      |       and|   0|  0|   2|           1|           1|
    |ap_condition_2090                      |       and|   0|  0|   2|           1|           1|
    |ap_condition_2093                      |       and|   0|  0|   2|           1|           1|
    |ap_condition_2096                      |       and|   0|  0|   2|           1|           1|
    |ap_condition_2099                      |       and|   0|  0|   2|           1|           1|
    |ap_condition_2102                      |       and|   0|  0|   2|           1|           1|
    |ap_condition_2105                      |       and|   0|  0|   2|           1|           1|
    |ap_condition_2108                      |       and|   0|  0|   2|           1|           1|
    |ap_condition_2111                      |       and|   0|  0|   2|           1|           1|
    |ap_condition_2114                      |       and|   0|  0|   2|           1|           1|
    |ap_condition_2117                      |       and|   0|  0|   2|           1|           1|
    |ap_condition_2120                      |       and|   0|  0|   2|           1|           1|
    |ap_condition_2123                      |       and|   0|  0|   2|           1|           1|
    |ap_condition_2126                      |       and|   0|  0|   2|           1|           1|
    |ap_condition_2129                      |       and|   0|  0|   2|           1|           1|
    |ap_condition_2132                      |       and|   0|  0|   2|           1|           1|
    |ap_condition_2135                      |       and|   0|  0|   2|           1|           1|
    |ap_condition_2138                      |       and|   0|  0|   2|           1|           1|
    |ap_condition_2141                      |       and|   0|  0|   2|           1|           1|
    |ap_condition_2144                      |       and|   0|  0|   2|           1|           1|
    |ap_condition_2147                      |       and|   0|  0|   2|           1|           1|
    |ap_condition_2150                      |       and|   0|  0|   2|           1|           1|
    |ap_condition_2153                      |       and|   0|  0|   2|           1|           1|
    |ap_condition_2156                      |       and|   0|  0|   2|           1|           1|
    |ap_condition_2159                      |       and|   0|  0|   2|           1|           1|
    |ap_condition_2162                      |       and|   0|  0|   2|           1|           1|
    |ap_condition_2165                      |       and|   0|  0|   2|           1|           1|
    |ap_predicate_op212_read_state2         |       and|   0|  0|   2|           1|           1|
    |ap_predicate_op254_read_state2         |       and|   0|  0|   2|           1|           1|
    |ap_predicate_op296_read_state2         |       and|   0|  0|   2|           1|           1|
    |ap_predicate_op338_read_state2         |       and|   0|  0|   2|           1|           1|
    |ap_predicate_op380_read_state2         |       and|   0|  0|   2|           1|           1|
    |ap_predicate_op422_read_state2         |       and|   0|  0|   2|           1|           1|
    |ap_predicate_op518_read_state2         |       and|   0|  0|   2|           1|           1|
    |icmp_ln784_fu_749_p2                   |      icmp|   0|  0|  12|           5|           5|
    |icmp_ln786_fu_761_p2                   |      icmp|   0|  0|  12|           5|           5|
    |icmp_ln788_fu_796_p2                   |      icmp|   0|  0|  13|           5|           6|
    |icmp_ln789_fu_767_p2                   |      icmp|   0|  0|  12|           5|           5|
    |ap_block_state2_pp0_stage0_iter1_grp1  |        or|   0|  0|   2|           1|           1|
    |stateArray_10_fu_1899_p3               |    select|   0|  0|  63|           1|          64|
    |ap_enable_pp0                          |       xor|   0|  0|   2|           1|           2|
    |stateArray_1_fu_1578_p2                |       xor|   0|  0|  64|          64|          64|
    |stateArray_2_fu_1467_p2                |       xor|   0|  0|  64|          64|           5|
    |stateArray_3_fu_1376_p2                |       xor|   0|  0|  64|          64|          64|
    |stateArray_4_fu_1265_p2                |       xor|   0|  0|  64|          64|          64|
    |stateArray_5_fu_1154_p2                |       xor|   0|  0|  64|          64|          64|
    |stateArray_6_fu_1043_p2                |       xor|   0|  0|  64|          64|          64|
    |stateArray_7_fu_932_p2                 |       xor|   0|  0|  64|          64|          64|
    |stateArray_8_fu_821_p2                 |       xor|   0|  0|  64|          64|          64|
    |stateArray_fu_1744_p2                  |       xor|   0|  0|  64|          64|          64|
    |xor_ln801_fu_1881_p2                   |       xor|   0|  0|   2|           1|           2|
    +---------------------------------------+----------+----+---+----+------------+------------+
    |Total                                  |          |   0|  0|1048|         776|         779|
    +---------------------------------------+----------+----+---+----+------------+------------+

    * Multiplexer: 
    +-----------------------------------------+----+-----------+-----+-----------+
    |                   Name                  | LUT| Input Size| Bits| Total Bits|
    +-----------------------------------------+----+-----------+-----+-----------+
    |ap_done_int                              |   9|          2|    1|          2|
    |ap_enable_reg_pp0_iter1                  |   9|          2|    1|          2|
    |ap_sig_allocacmp_i_1                     |   9|          2|    5|         10|
    |ap_sig_allocacmp_stateArray_16_3_load_6  |  54|         10|   64|        640|
    |i_fu_184                                 |   9|          2|    5|         10|
    |msgStrm_blk_n                            |   9|          2|    1|          2|
    |stateArray_10_3_fu_228                   |  54|         10|   64|        640|
    |stateArray_11_3_fu_232                   |  54|         10|   64|        640|
    |stateArray_12_3_fu_236                   |  54|         10|   64|        640|
    |stateArray_13_3_fu_240                   |  54|         10|   64|        640|
    |stateArray_14_3_fu_244                   |  54|         10|   64|        640|
    |stateArray_15_3_fu_248                   |  54|         10|   64|        640|
    |stateArray_16_3_fu_252                   |  59|         11|   64|        704|
    |stateArray_1_3_fu_192                    |  54|         10|   64|        640|
    |stateArray_2_3_fu_196                    |  54|         10|   64|        640|
    |stateArray_3215_fu_188                   |  54|         10|   64|        640|
    |stateArray_3_3_fu_200                    |  54|         10|   64|        640|
    |stateArray_4_3_fu_204                    |  54|         10|   64|        640|
    |stateArray_5_3_fu_208                    |  54|         10|   64|        640|
    |stateArray_6_3_fu_212                    |  54|         10|   64|        640|
    |stateArray_7_3_fu_216                    |  54|         10|   64|        640|
    |stateArray_8_3_fu_220                    |  54|         10|   64|        640|
    |stateArray_9_3_fu_224                    |  54|         10|   64|        640|
    +-----------------------------------------+----+-----------+-----+-----------+
    |Total                                    |1022|        191| 1165|      11610|
    +-----------------------------------------+----+-----------+-----+-----------+

    * Register: 
    +-------------------------+----+----+-----+-----------+
    |           Name          | FF | LUT| Bits| Const Bits|
    +-------------------------+----+----+-----+-----------+
    |ap_CS_fsm                |   1|   0|    1|          0|
    |ap_done_reg              |   1|   0|    1|          0|
    |ap_enable_reg_pp0_iter1  |   1|   0|    1|          0|
    |i_1_reg_2271             |   5|   0|    5|          0|
    |i_fu_184                 |   5|   0|    5|          0|
    |icmp_ln786_reg_2281      |   1|   0|    1|          0|
    |icmp_ln789_reg_2285      |   1|   0|    1|          0|
    |stateArray_10_3_fu_228   |  64|   0|   64|          0|
    |stateArray_11_3_fu_232   |  64|   0|   64|          0|
    |stateArray_12_3_fu_236   |  64|   0|   64|          0|
    |stateArray_13_3_fu_240   |  64|   0|   64|          0|
    |stateArray_14_3_fu_244   |  64|   0|   64|          0|
    |stateArray_15_3_fu_248   |  64|   0|   64|          0|
    |stateArray_16_3_fu_252   |  64|   0|   64|          0|
    |stateArray_1_3_fu_192    |  64|   0|   64|          0|
    |stateArray_2_3_fu_196    |  64|   0|   64|          0|
    |stateArray_3215_fu_188   |  64|   0|   64|          0|
    |stateArray_3_3_fu_200    |  64|   0|   64|          0|
    |stateArray_4_3_fu_204    |  64|   0|   64|          0|
    |stateArray_5_3_fu_208    |  64|   0|   64|          0|
    |stateArray_6_3_fu_212    |  64|   0|   64|          0|
    |stateArray_7_3_fu_216    |  64|   0|   64|          0|
    |stateArray_8_3_fu_220    |  64|   0|   64|          0|
    |stateArray_9_3_fu_224    |  64|   0|   64|          0|
    +-------------------------+----+----+-----+-----------+
    |Total                    |1103|   0| 1103|          0|
    +-------------------------+----+----+-----+-----------+



================================================================
== Interface
================================================================
* Summary: 
+----------------------------+-----+-----+------------+--------------------------------------------+--------------+
|          RTL Ports         | Dir | Bits|  Protocol  |                Source Object               |    C Type    |
+----------------------------+-----+-----+------------+--------------------------------------------+--------------+
|ap_clk                      |   in|    1|  ap_ctrl_hs|  shake_extensible_Pipeline_VITIS_LOOP_784_4|  return value|
|ap_rst                      |   in|    1|  ap_ctrl_hs|  shake_extensible_Pipeline_VITIS_LOOP_784_4|  return value|
|ap_start                    |   in|    1|  ap_ctrl_hs|  shake_extensible_Pipeline_VITIS_LOOP_784_4|  return value|
|ap_done                     |  out|    1|  ap_ctrl_hs|  shake_extensible_Pipeline_VITIS_LOOP_784_4|  return value|
|ap_idle                     |  out|    1|  ap_ctrl_hs|  shake_extensible_Pipeline_VITIS_LOOP_784_4|  return value|
|ap_ready                    |  out|    1|  ap_ctrl_hs|  shake_extensible_Pipeline_VITIS_LOOP_784_4|  return value|
|msgStrm_dout                |   in|   64|     ap_fifo|                                     msgStrm|       pointer|
|msgStrm_empty_n             |   in|    1|     ap_fifo|                                     msgStrm|       pointer|
|msgStrm_read                |  out|    1|     ap_fifo|                                     msgStrm|       pointer|
|stateArray_16_0             |   in|   64|     ap_none|                             stateArray_16_0|        scalar|
|stateArray_15_0             |   in|   64|     ap_none|                             stateArray_15_0|        scalar|
|stateArray_14_0             |   in|   64|     ap_none|                             stateArray_14_0|        scalar|
|stateArray_13_0             |   in|   64|     ap_none|                             stateArray_13_0|        scalar|
|stateArray_12_0             |   in|   64|     ap_none|                             stateArray_12_0|        scalar|
|stateArray_11_0             |   in|   64|     ap_none|                             stateArray_11_0|        scalar|
|stateArray_10_0             |   in|   64|     ap_none|                             stateArray_10_0|        scalar|
|stateArray_9_0              |   in|   64|     ap_none|                              stateArray_9_0|        scalar|
|stateArray_8_0              |   in|   64|     ap_none|                              stateArray_8_0|        scalar|
|stateArray_7_0              |   in|   64|     ap_none|                              stateArray_7_0|        scalar|
|stateArray_6_0              |   in|   64|     ap_none|                              stateArray_6_0|        scalar|
|stateArray_5_0              |   in|   64|     ap_none|                              stateArray_5_0|        scalar|
|stateArray_4_0              |   in|   64|     ap_none|                              stateArray_4_0|        scalar|
|stateArray_3_0              |   in|   64|     ap_none|                              stateArray_3_0|        scalar|
|stateArray_2_0              |   in|   64|     ap_none|                              stateArray_2_0|        scalar|
|stateArray_1_0              |   in|   64|     ap_none|                              stateArray_1_0|        scalar|
|stateArray_0                |   in|   64|     ap_none|                                stateArray_0|        scalar|
|trunc_ln2                   |   in|    5|     ap_none|                                   trunc_ln2|        scalar|
|empty                       |   in|    3|     ap_none|                                       empty|        scalar|
|stateArray_16_3_out         |  out|   64|      ap_vld|                         stateArray_16_3_out|       pointer|
|stateArray_16_3_out_ap_vld  |  out|    1|      ap_vld|                         stateArray_16_3_out|       pointer|
|stateArray_15_3_out         |  out|   64|      ap_vld|                         stateArray_15_3_out|       pointer|
|stateArray_15_3_out_ap_vld  |  out|    1|      ap_vld|                         stateArray_15_3_out|       pointer|
|stateArray_14_3_out         |  out|   64|      ap_vld|                         stateArray_14_3_out|       pointer|
|stateArray_14_3_out_ap_vld  |  out|    1|      ap_vld|                         stateArray_14_3_out|       pointer|
|stateArray_13_3_out         |  out|   64|      ap_vld|                         stateArray_13_3_out|       pointer|
|stateArray_13_3_out_ap_vld  |  out|    1|      ap_vld|                         stateArray_13_3_out|       pointer|
|stateArray_12_3_out         |  out|   64|      ap_vld|                         stateArray_12_3_out|       pointer|
|stateArray_12_3_out_ap_vld  |  out|    1|      ap_vld|                         stateArray_12_3_out|       pointer|
|stateArray_11_3_out         |  out|   64|      ap_vld|                         stateArray_11_3_out|       pointer|
|stateArray_11_3_out_ap_vld  |  out|    1|      ap_vld|                         stateArray_11_3_out|       pointer|
|stateArray_10_3_out         |  out|   64|      ap_vld|                         stateArray_10_3_out|       pointer|
|stateArray_10_3_out_ap_vld  |  out|    1|      ap_vld|                         stateArray_10_3_out|       pointer|
|stateArray_9_3_out          |  out|   64|      ap_vld|                          stateArray_9_3_out|       pointer|
|stateArray_9_3_out_ap_vld   |  out|    1|      ap_vld|                          stateArray_9_3_out|       pointer|
|stateArray_8_3_out          |  out|   64|      ap_vld|                          stateArray_8_3_out|       pointer|
|stateArray_8_3_out_ap_vld   |  out|    1|      ap_vld|                          stateArray_8_3_out|       pointer|
|stateArray_7_3_out          |  out|   64|      ap_vld|                          stateArray_7_3_out|       pointer|
|stateArray_7_3_out_ap_vld   |  out|    1|      ap_vld|                          stateArray_7_3_out|       pointer|
|stateArray_6_3_out          |  out|   64|      ap_vld|                          stateArray_6_3_out|       pointer|
|stateArray_6_3_out_ap_vld   |  out|    1|      ap_vld|                          stateArray_6_3_out|       pointer|
|stateArray_5_3_out          |  out|   64|      ap_vld|                          stateArray_5_3_out|       pointer|
|stateArray_5_3_out_ap_vld   |  out|    1|      ap_vld|                          stateArray_5_3_out|       pointer|
|stateArray_4_3_out          |  out|   64|      ap_vld|                          stateArray_4_3_out|       pointer|
|stateArray_4_3_out_ap_vld   |  out|    1|      ap_vld|                          stateArray_4_3_out|       pointer|
|stateArray_3_3_out          |  out|   64|      ap_vld|                          stateArray_3_3_out|       pointer|
|stateArray_3_3_out_ap_vld   |  out|    1|      ap_vld|                          stateArray_3_3_out|       pointer|
|stateArray_2_3_out          |  out|   64|      ap_vld|                          stateArray_2_3_out|       pointer|
|stateArray_2_3_out_ap_vld   |  out|    1|      ap_vld|                          stateArray_2_3_out|       pointer|
|stateArray_1_3_out          |  out|   64|      ap_vld|                          stateArray_1_3_out|       pointer|
|stateArray_1_3_out_ap_vld   |  out|    1|      ap_vld|                          stateArray_1_3_out|       pointer|
|stateArray_3215_out         |  out|   64|      ap_vld|                         stateArray_3215_out|       pointer|
|stateArray_3215_out_ap_vld  |  out|    1|      ap_vld|                         stateArray_3215_out|       pointer|
+----------------------------+-----+-----+------------+--------------------------------------------+--------------+

