

================================================================
== Vitis HLS Report for 'ToField'
================================================================
* Date:           Mon Nov 17 18:42:25 2025

* Version:        2025.1 (Build 6135595 on May 21 2025)
* Project:        hls_component
* Solution:       hls (Vivado IP Flow Target)
* Product family: virtexuplus
* Target device:  xcu250-figd2104-2L-e


================================================================
== Performance Estimates
================================================================
+ Timing: 
    * Summary: 
    +--------+---------+----------+------------+
    |  Clock |  Target | Estimated| Uncertainty|
    +--------+---------+----------+------------+
    |ap_clk  |  5.00 ns|  3.455 ns|        0 ns|
    +--------+---------+----------+------------+

+ Latency: 
    * Summary: 
    +---------+---------+----------+----------+-------+-------+------------------------------------------------+
    |  Latency (cycles) |  Latency (absolute) |    Interval   |                    Pipeline                    |
    |   min   |   max   |    min   |    max   |  min  |  max  |                      Type                      |
    +---------+---------+----------+----------+-------+-------+------------------------------------------------+
    |    38402|    38402|  0.192 ms|  0.192 ms|  38401|  38401|  loop auto-rewind stp (delay=0 clock cycles(s))|
    +---------+---------+----------+----------+-------+-------+------------------------------------------------+

    + Detail: 
        * Instance: 
        N/A

        * Loop: 
        +--------------------+---------+---------+----------+-----------+-----------+-------+----------+
        |                    |  Latency (cycles) | Iteration|  Initiation Interval  |  Trip |          |
        |      Loop Name     |   min   |   max   |  Latency |  achieved |   target  | Count | Pipelined|
        +--------------------+---------+---------+----------+-----------+-----------+-------+----------+
        |- VITIS_LOOP_138_1  |    38400|    38400|         2|          1|          1|  38400|       yes|
        +--------------------+---------+---------+----------+-----------+-----------+-------+----------+



================================================================
== Utilization Estimates
================================================================
* Summary: 
+---------------------+---------+-------+---------+---------+------+
|         Name        | BRAM_18K|  DSP  |    FF   |   LUT   | URAM |
+---------------------+---------+-------+---------+---------+------+
|DSP                  |        -|      -|        -|        -|     -|
|Expression           |        -|      -|        0|      849|     -|
|FIFO                 |        -|      -|        -|        -|     -|
|Instance             |        -|      -|        -|        -|     -|
|Memory               |        -|      -|        -|        -|     -|
|Multiplexer          |        -|      -|        0|       63|     -|
|Register             |        -|      -|       19|        -|     -|
+---------------------+---------+-------+---------+---------+------+
|Total                |        0|      0|       19|      912|     0|
+---------------------+---------+-------+---------+---------+------+
|Available SLR        |     1344|   3072|   864000|   432000|   320|
+---------------------+---------+-------+---------+---------+------+
|Utilization SLR (%)  |        0|      0|       ~0|       ~0|     0|
+---------------------+---------+-------+---------+---------+------+
|Available            |     5376|  12288|  3456000|  1728000|  1280|
+---------------------+---------+-------+---------+---------+------+
|Utilization (%)      |        0|      0|       ~0|       ~0|     0|
+---------------------+---------+-------+---------+---------+------+

+ Detail: 
    * Instance: 
    N/A

    * DSP: 
    N/A

    * Memory: 
    N/A

    * FIFO: 
    N/A

    * Expression: 
    +---------------------------------------+----------+----+---+-----+------------+------------+
    |             Variable Name             | Operation| DSP| FF| LUT | Bitwidth P0| Bitwidth P1|
    +---------------------------------------+----------+----+---+-----+------------+------------+
    |i_17_fu_111_p2                         |         +|   0|  0|   23|          16|           1|
    |ap_condition_98                        |       and|   0|  0|    2|           1|           1|
    |icmp_ln138_fu_105_p2                   |      icmp|   0|  0|   23|          16|          16|
    |ap_block_pp0_stage0_01001_grp1         |        or|   0|  0|    2|           1|           1|
    |ap_block_state2_pp0_stage0_iter1_grp1  |        or|   0|  0|    2|           1|           1|
    |ap_enable_pp0                          |       xor|   0|  0|    2|           1|           2|
    |temp_fu_192_p2                         |       xor|   0|  0|  135|         135|         135|
    |xor_ln29_3_fu_182_p2                   |       xor|   0|  0|  130|         130|         130|
    |xor_ln29_fu_172_p2                     |       xor|   0|  0|  129|         129|         129|
    |xor_ln40_5_fu_258_p2                   |       xor|   0|  0|  128|         128|         128|
    |xor_ln40_6_fu_264_p2                   |       xor|   0|  0|    8|           8|           8|
    |xor_ln40_7_fu_274_p2                   |       xor|   0|  0|    9|           9|           9|
    |xor_ln40_8_fu_284_p2                   |       xor|   0|  0|  128|         128|         128|
    |xor_ln40_fu_252_p2                     |       xor|   0|  0|  128|         128|         128|
    +---------------------------------------+----------+----+---+-----+------------+------------+
    |Total                                  |          |   0|  0|  849|         831|         817|
    +---------------------------------------+----------+----+---+-----+------------+------------+

    * Multiplexer: 
    +-------------------------+----+-----------+-----+-----------+
    |           Name          | LUT| Input Size| Bits| Total Bits|
    +-------------------------+----+-----------+-----+-----------+
    |a0_strm_blk_n            |   9|          2|    1|          2|
    |a1_strm_blk_n            |   9|          2|    1|          2|
    |a_strm_blk_n             |   9|          2|    1|          2|
    |ap_done_int              |   9|          2|    1|          2|
    |ap_enable_reg_pp0_iter1  |   9|          2|    1|          2|
    |ap_sig_allocacmp_i       |   9|          2|   16|         32|
    |i_02_fu_74               |   9|          2|   16|         32|
    +-------------------------+----+-----------+-----+-----------+
    |Total                    |  63|         14|   37|         74|
    +-------------------------+----+-----------+-----+-----------+

    * Register: 
    +-------------------------+----+----+-----+-----------+
    |           Name          | FF | LUT| Bits| Const Bits|
    +-------------------------+----+----+-----+-----------+
    |ap_CS_fsm                |   1|   0|    1|          0|
    |ap_done_reg              |   1|   0|    1|          0|
    |ap_enable_reg_pp0_iter1  |   1|   0|    1|          0|
    |i_02_fu_74               |  16|   0|   16|          0|
    +-------------------------+----+----+-----+-----------+
    |Total                    |  19|   0|   19|          0|
    +-------------------------+----+----+-----+-----------+



================================================================
== Interface
================================================================
* Summary: 
+------------------------+-----+-----+------------+--------------+--------------+
|        RTL Ports       | Dir | Bits|  Protocol  | Source Object|    C Type    |
+------------------------+-----+-----+------------+--------------+--------------+
|ap_clk                  |   in|    1|  ap_ctrl_hs|       ToField|  return value|
|ap_rst                  |   in|    1|  ap_ctrl_hs|       ToField|  return value|
|ap_start                |   in|    1|  ap_ctrl_hs|       ToField|  return value|
|ap_done                 |  out|    1|  ap_ctrl_hs|       ToField|  return value|
|ap_continue             |   in|    1|  ap_ctrl_hs|       ToField|  return value|
|ap_idle                 |  out|    1|  ap_ctrl_hs|       ToField|  return value|
|ap_ready                |  out|    1|  ap_ctrl_hs|       ToField|  return value|
|a1_strm_dout            |   in|  128|     ap_fifo|       a1_strm|       pointer|
|a1_strm_empty_n         |   in|    1|     ap_fifo|       a1_strm|       pointer|
|a1_strm_read            |  out|    1|     ap_fifo|       a1_strm|       pointer|
|a1_strm_num_data_valid  |   in|    3|     ap_fifo|       a1_strm|       pointer|
|a1_strm_fifo_cap        |   in|    3|     ap_fifo|       a1_strm|       pointer|
|a0_strm_dout            |   in|  256|     ap_fifo|       a0_strm|       pointer|
|a0_strm_empty_n         |   in|    1|     ap_fifo|       a0_strm|       pointer|
|a0_strm_read            |  out|    1|     ap_fifo|       a0_strm|       pointer|
|a0_strm_num_data_valid  |   in|    3|     ap_fifo|       a0_strm|       pointer|
|a0_strm_fifo_cap        |   in|    3|     ap_fifo|       a0_strm|       pointer|
|a_strm_din              |  out|  256|     ap_fifo|        a_strm|       pointer|
|a_strm_full_n           |   in|    1|     ap_fifo|        a_strm|       pointer|
|a_strm_write            |  out|    1|     ap_fifo|        a_strm|       pointer|
|a_strm_num_data_valid   |   in|   32|     ap_fifo|        a_strm|       pointer|
|a_strm_fifo_cap         |   in|   32|     ap_fifo|        a_strm|       pointer|
+------------------------+-----+-----+------------+--------------+--------------+

