INFO: [SIM 2] *************** CSIM start ***************
INFO: [SIM 4] CSIM will launch CLANG as the compiler.
   Compiling ../../../../tb_ggm.cpp in release mode
   Compiling ../../../../shake.cpp in release mode
   Compiling ../../../../ggm_tree.cpp in release mode
   Compiling ../../../../PRG.cpp in release mode
   Compiling ../../../../encrypt.cpp in release mode
   Generating csim.exe
==================================
GGM Tree Expansion Testbench (K=2)
==================================
Total nodes: 7
Leaves: 4

INPUT:
------
Root:  0x01234567_89abcdef_fedcba98_76543210
IV:    0x0f0e0d0c_0b0a0908_07060504_03020100

WARNING [HLS SIM]: hls::stream 'hls::stream<bool, 0>1' contains leftover data, which may result in RTL simulation hanging.
WARNING [HLS SIM]: hls::stream 'hls::stream<bool, 0>3' contains leftover data, which may result in RTL simulation hanging.
WARNING [HLS SIM]: hls::stream 'hls::stream<bool, 0>5' contains leftover data, which may result in RTL simulation hanging.
WARNING [HLS SIM]: hls::stream 'hls::stream<bool, 0>7' contains leftover data, which may result in RTL simulation hanging.
KEYS (Tree Structure):
---------------------
Level 0 (1 node):
  [0] 01234567_89abcdef_fedcba98_76543210

Level 1 (2 nodes):
  [1] 409a2e2e_fb1472a0_5e8f6c40_9fb085ef
  [2] 8adb9f1f_531179e0_9ceca7fa_3fff2214

Level 2 (4 nodes):
  [3] ccf1aa33_af796d87_5371df2d_48be1707
  [4] c44a6249_b7e0c4fd_750b07da_4a8ac1b0
  [5] ca57a9bb_62891d40_1f869287_decb7c20
  [6] f7039304_dc176146_181ede3b_4854536c

COMMITMENTS:
------------
  com[0] = aed0c2ab_ae10efa5_45dde42e_a89f57bc
  com[1] = 2447efa5_b33ad8c9_4e26483b_11cbdf0f
  com[2] = 1669b78a_5e6212ca_b734bd17_f786daab
  com[3] = 35be0f86_00079bd4_7f6c0833_abd378e2

SEEDS:
------
  seed[0] = 8bb05e0c_2eaac785_339a6214_dfc3e339
  seed[1] = 201c9448_f736bf3d_900278cf_c09f4a2d
  seed[2] = 83b30d8c_d90ae625_3999bd06_51ad06ea
  seed[3] = df76006b_a2878a2a_3e9b8c38_06f76672

VERIFICATION:
-------------
✓ Root key matches input
✓ Level 0 → Level 1 expansion structure looks correct
✓ Level 1 → Level 2 expansion structure looks correct
✓ All 4 commitments generated
✓ All 4 seeds generated

Test completed!
INFO [HLS SIM]: The maximum depth reached by any hls::stream() instance in the design is 7
INFO: [SIM 1] CSim done with 0 errors.
INFO: [SIM 3] *************** CSIM finish ***************
