INFO: [SIM 2] *************** CSIM start ***************
INFO: [SIM 4] CSIM will launch CLANG as the compiler.
   Compiling ../../../../tb_vole.cpp in release mode
   Compiling ../../../../vole.cpp in release mode
   Compiling ../../../../shake.cpp in release mode
   Compiling ../../../../ggm_tree.cpp in release mode
   Compiling ../../../../PRG.cpp in release mode
   Compiling ../../../../encrypt.cpp in release mode
   Generating csim.exe
INPUT PARAMETERS:
-----------------
Master Root: 0x01234567_89abcdef_fedcba98_76543210
IV:          0xffeeddcc_bbaa9988_77665544_33221100
K = 2 (N = 4 leaves per tree)
TAU = 64 trees
GGM_UNROLL_FAC = 2

=== PROVER PHASE ===
Calling ggm_tree()...
✓ ggm_tree() completed.

=== SEED MAPPING VERIFICATION ===
Calling _SW_BITEXPANSION()...
✓ _SW_BITEXPANSION() completed.

Checking sd[t][i] vs seeds from ggm_keys...

✅ SUCCESS! ALL 256 SEEDS MATCH!
   sd[t][i] correctly maps to seed from tree t, leaf i

Sample verification (tree 0, first 3 leaves):

  Leaf 0:
    ggm_keys[0][3]: 0x0eb4bb5e_28b3bd73_8e60bd1c_86e2b86d
    h0(leaf) → seed:       0x11c0a921_b920e9bb_1b1da460_89c97be9
    sd[0][0]:              0x11c0a921_b920e9bb_1b1da460_89c97be9
    Match: ✓

  Leaf 1:
    ggm_keys[0][4]: 0x611a916c_f8810c0c_bc833d72_565c8a90
    h0(leaf) → seed:       0x1db7bb0f_0ecd7fd3_694c1a51_138976c1
    sd[0][1]:              0x1db7bb0f_0ecd7fd3_694c1a51_138976c1
    Match: ✓

  Leaf 2:
    ggm_keys[0][5]: 0x4a8c0234_9da64684_7a5a2f1d_39404d0d
    h0(leaf) → seed:       0xadafef0e_066ae7e7_6f07b3c9_29f80ce9
    sd[0][2]:              0xadafef0e_066ae7e7_6f07b3c9_29f80ce9
    Match: ✓
WARNING [HLS SIM]: hls::stream 'hls::stream<ap_uint<256>, 0>0' contains leftover data, which may result in RTL simulation hanging.
INFO [HLS SIM]: The maximum depth reached by any hls::stream() instance in the design is 128
INFO: [SIM 1] CSim done with 0 errors.
INFO: [SIM 3] *************** CSIM finish ***************
